++ 3dREMLfit: AFNI version=AFNI_18.3.16 (Dec 11 2018) [64-bit]
++ Authored by: RWCox
++ GOFORIT ==> Matrix de-singularization is engaged!
++ Number of OpenMP threads = 15
++ No mask ==> computing for all 10242 voxels
++ -----  matrix condition (1299x642):  6.69087  ++ VERY GOOD ++
++ Loading input dataset into memory
 + masked off 881 voxels for being all zero; 9361 left in mask
++ starting REML setup calculations; total CPU=0.00 Elapsed=10.68
 + X matrix: 2.503% of elements are nonzero  + starting 15 OpenMP threads for REML setup  + REML setup finished: matrix rows=1299 cols=642; 109*1 cases; total CPU=0.00 Elapsed=638.93
 +  average case bandwidth = 13.15
++ REML voxel loop: [15 threads]0123456789.0123456789.0123456789.0123456789.01234567
 + ARMA voxel parameters estimated: total CPU=0.00 Elapsed=685.30
++ GLSQ loop00123456789.0123456789.0123456789.0123456789.0123456789.
 + GLSQ regression done: total CPU=0.00 Elapsed=1540.27
++ Output dataset /data/nil-external/ccp/freund/ub55/out/glms/130518/RESULTS/Cuedts/baseline_aggressive1_EVENTS_censored_shifted/stats_var_130518_R_REML.func.gii
++ Output dataset /data/nil-external/ccp/freund/ub55/out/glms/130518/RESULTS/Cuedts/baseline_aggressive1_EVENTS_censored_shifted/errts_130518_R_REML.func.gii
++ Output dataset /data/nil-external/ccp/freund/ub55/out/glms/130518/RESULTS/Cuedts/baseline_aggressive1_EVENTS_censored_shifted/wherr_130518_R_REML.func.gii
++ Output dataset /data/nil-external/ccp/freund/ub55/out/glms/130518/RESULTS/Cuedts/baseline_aggressive1_EVENTS_censored_shifted/STATS_130518_R_REML.func.gii
 + unloading input dataset and REML matrices
++ 3dREMLfit is all done! total CPU=0.00 Elapsed=1547.25
