++ 3dREMLfit: AFNI version=AFNI_18.3.16 (Dec 11 2018) [64-bit]
++ Authored by: RWCox
++ GOFORIT ==> Matrix de-singularization is engaged!
++ Number of OpenMP threads = 15
++ No mask ==> computing for all 10242 voxels
++ -----  matrix condition (540x122):  11.4272  ++ VERY GOOD ++
++ Loading input dataset into memory
 + masked off 881 voxels for being all zero; 9361 left in mask
++ starting REML setup calculations; total CPU=0.00 Elapsed=0.59
 + X matrix: 12.810% of elements are nonzero
 + starting 15 OpenMP threads for REML setup
 + REML setup finished: matrix rows=540 cols=122; 109*1 cases; total CPU=0.00 Elapsed=4.40
 +  average case bandwidth = 13.12
++ REML voxel loop: [15 threads]0123456789.0123456789.0123456789.0123456789.01234567
 + ARMA voxel parameters estimated: total CPU=0.00 Elapsed=16.50
++ GLSQ loop:0123456789.0123456789.0123456789.0123456789.0123456789.
 + GLSQ regression done: total CPU=0.00 Elapsed=24.60
[7m** ERROR:[0m output dataset name 'stats_var_DMCC4854984_2_L_REML.func.gii' conflicts with existing file
[7m** ERROR:[0m dataset NOT written to disk!
[7m** E++ Output dataset /data/nil-external/ccp/freund/ub55/out/glms/DMCC4854984/RESULTS/Stroop/baseline_fix-LSA_EVENTS_censored_2/errts_DMCC4854984_2_++ Output dataset /data/nil-external/ccp/freund/ub55/out/glms/DMCC4854984/RESULTS/Stroop/baseline_fix-LSA_EVENTS_censored_2/wherr_DMCC4854984_2_L_REML.func.gii
[7m** E++ Output dataset /data/nil-external/ccp/freund/ub55/out/glms/DMCC4854984/RESULTS/Stroop/baseline_fix-LSA_EVENTS_censored_2/STATS_DMCC4854984_2_ + unloading inp + unloading input dataset an++ 3dREMLfit is ++ 3dREMLfit is all done! total CPU=0.00 Elapsed=26.72
