++ 3dREMLfit: AFNI version=AFNI_18.3.16 (Dec 11 2018) [64-bit]
++ Authored by: RWCox
++ GOFORIT ==> Matrix de-singularization is engaged!
++ Number of OpenMP threads = 15
++ No mask ==> computing for all 10242 voxels
[7m** ERROR:[0m matrix column #258 is all zero!?
[7m** ERROR:[0m matrix column #271 is all zero!?
[7m*+ WARNING:[0m You said to GOFORIT, so here we GO!
 +          Note that a bunch of further WARNINGs will be generated below.
++ Denominator DOF increased from 624 to 626 to allow for all zero columns
++ -----  matrix condition (1266x642):  6.60206  ++ VERY GOOD ++
[7m*+ WARNING:[0m !! in  matrix:
 * Largest singular value=1.97396
 * 3 singular values are less than cutoff=1.97396e-07
 * Implies strong collinearity in the matrix columns! 
++  matrix singular values:
             0             0             0     0.0452875      0.176806
      0.206755      0.235905      0.261021      0.285251      0.306571
      0.318547      0.325227      0.329756      0.332588      0.337316
      0.340073      0.350914      0.353807      0.354876      0.359096
      0.365997      0.367317      0.376519      0.379729      0.383417
      0.384746      0.386172      0.389876      0.394828      0.397189
      0.400336      0.405704      0.410602      0.413568       0.41615
      0.417231      0.422496      0.425032      0.428283      0.430151
      0.432851      0.435788      0.436589      0.438052      0.440147
      0.442065       0.44378      0.445168      0.448313      0.449563
      0.450786      0.455166       0.45882      0.460292      0.463781
      0.465528      0.468732      0.472653      0.474319      0.479668
      0.482441         0.484      0.488169      0.492476       0.49687
      0.500031      0.500508      0.503946      0.506065      0.508296
      0.510419      0.512821      0.514506      0.518987      0.520808
      0.521788      0.524173      0.526647      0.528583       0.52951
      0.531641      0.535098      0.536587      0.539059      0.541053
      0.542019      0.543296       0.54673       0.55173      0.554558
      0.556478      0.558422        0.5615      0.562413      0.564422
      0.567604       0.56868      0.570083      0.574193      0.579161
      0.581149      0.584057      0.586684      0.588534      0.590545
      0.593124      0.595814         0.599      0.600857      0.604722
      0.605457       0.61038        0.6112      0.613218      0.616219
      0.619037      0.620622      0.622181      0.626775      0.627831
      0.629113      0.633235      0.634195      0.636763      0.638646
      0.639589      0.643236      0.645891      0.647079      0.648848
      0.653837      0.655993       0.65754      0.658526      0.659258
       0.66157      0.665334      0.666643      0.669303      0.671659
      0.673132       0.67467       0.67588      0.678367      0.679878
      0.682261      0.684605      0.686238      0.688482      0.689147
      0.690988      0.693783       0.69613      0.696984      0.701095
      0.702072      0.706666      0.707011      0.708318      0.710226
      0.713485      0.714171      0.717466      0.718475      0.720174
      0.723553      0.724189      0.726426      0.728124      0.730033
      0.731632      0.732997      0.734153      0.737881      0.739722
      0.741539      0.742542      0.743459      0.745926      0.746496
      0.748238      0.749269      0.751629      0.755518      0.757653
      0.759143      0.759935      0.761685      0.763172      0.764048
      0.766039      0.769384      0.771507      0.772744      0.773113
      0.774587      0.779007       0.77994        0.7813      0.782949
      0.784416      0.785808      0.787056      0.789014      0.791635
      0.794996      0.796328      0.797518      0.798548      0.800713
      0.804569      0.805347      0.808004      0.810331      0.811173
      0.812828       0.81401      0.816847      0.817448      0.819533
       0.82114      0.822553       0.82391      0.825084      0.829359
      0.831747      0.832237      0.834706      0.835148      0.836823
      0.840229      0.840972      0.842205      0.844891      0.846885
      0.851635      0.854071      0.855168      0.857608      0.858609
      0.859775      0.863166      0.864772       0.86834      0.871827
      0.873503      0.876085      0.877272      0.879525      0.879632
      0.884269      0.885586      0.888114      0.889822      0.889936
      0.891639      0.894426      0.896593       0.89952      0.901214
      0.903396      0.905735       0.90762      0.908489      0.912891
      0.914033      0.915451      0.915729      0.919135       0.92105
      0.922264       0.92533      0.927061      0.928239      0.931701
      0.933595      0.935264      0.938616      0.938855      0.940206
       0.94195      0.943433       0.94554      0.946759       0.94816
      0.950704      0.952034      0.952483      0.954151       0.95551
      0.961013      0.961556       0.96307      0.965306      0.967391
      0.968476      0.972584      0.973805      0.975529      0.976558
      0.977719      0.978386      0.981172      0.984524      0.987083
      0.988378      0.989902      0.992227      0.992734      0.994393
      0.995162      0.995834      0.996413      0.997313      0.998645
      0.999004        0.9993      0.999686       0.99983      0.999988
      0.999988      0.999993      0.999998             1             1
       1.00001       1.00003       1.00017       1.00038       1.00047
       1.00092       1.00229       1.00237       1.00326       1.00367
       1.00416       1.00543       1.00693       1.00822       1.00978
       1.01057       1.01157        1.0122       1.01469       1.01485
       1.01672       1.01704       1.01857       1.02104       1.02264
       1.02341       1.02351       1.02525       1.02619       1.02928
       1.03155         1.034       1.03446        1.0368       1.03825
       1.04129       1.04286        1.0435       1.04495       1.04583
       1.04686       1.04905       1.05002        1.0527        1.0536
       1.05564       1.05703       1.05934       1.06034       1.06194
       1.06223       1.06421       1.06523        1.0677         1.069
       1.06977       1.07132        1.0729       1.07432        1.0779
       1.07914       1.08052       1.08096       1.08237       1.08382
       1.08543       1.08559       1.08732       1.08869       1.09159
       1.09278        1.0931       1.09539       1.09596       1.09871
       1.10014       1.10056       1.10234       1.10405       1.10732
        1.1079       1.10988       1.11274       1.11345       1.11535
       1.11747       1.11925       1.11938       1.12122       1.12207
       1.12591       1.12666       1.12704       1.12926       1.12977
       1.13243       1.13586        1.1369       1.13844        1.1397
       1.14105       1.14241       1.14534       1.14558       1.14672
        1.1486       1.14915       1.15054       1.15156       1.15248
       1.15426        1.1565       1.15715       1.15896       1.15922
       1.16101       1.16227        1.1638       1.16469       1.16652
       1.16704       1.16873       1.16892       1.17065       1.17204
       1.17322       1.17453       1.17638        1.1779       1.17824
       1.17949       1.18056       1.18248         1.183       1.18452
       1.18524       1.18629       1.18695       1.18809        1.1896
       1.19069       1.19152       1.19326       1.19382       1.19638
       1.19757       1.19893       1.20016       1.20085        1.2015
       1.20254       1.20529       1.20634       1.20707       1.20825
       1.20973       1.21006       1.21058       1.21078       1.21139
       1.21401       1.21472       1.21572       1.21757       1.21851
        1.2201       1.22024         1.223       1.22491       1.22657
       1.22678       1.22821       1.22959       1.23135       1.23191
       1.23318       1.23411       1.23694        1.2371       1.23797
       1.23896       1.24025       1.24119       1.24311       1.24344
       1.24463       1.24608       1.24721       1.24953        1.2503
       1.25103       1.25185       1.25306       1.25348       1.25455
        1.2552       1.25765       1.25828       1.25909        1.2612
       1.26236       1.26362       1.26578       1.26638       1.26691
        1.2687       1.26918       1.27023       1.27162       1.27261
       1.27356       1.27483       1.27565       1.27632       1.27717
       1.27797        1.2794       1.28172       1.28391       1.28491
       1.28665       1.28763       1.28925       1.28984       1.29118
       1.29187       1.29328       1.29598        1.2974       1.29816
       1.29895       1.30176       1.30193       1.30243       1.30357
       1.30523        1.3056       1.30643       1.30748       1.30787
        1.3086       1.30919       1.31076        1.3114        1.3125
        1.3129       1.31438       1.31516       1.31629       1.31808
       1.31918       1.32068       1.32091       1.32183       1.32316
       1.32392       1.32447       1.32529       1.32627       1.32797
       1.32944       1.33059       1.33176       1.33424       1.33449
       1.33481       1.33724       1.33812       1.33895       1.33983
       1.34098       1.34133       1.34271       1.34342       1.34381
       1.34459       1.34601        1.3468       1.34763       1.34921
       1.34971       1.35088       1.35238       1.35393       1.35457
       1.35502       1.35707       1.35754       1.35862       1.35934
       1.35987       1.36085       1.36332       1.36384       1.36604
       1.36755       1.36823       1.37078       1.37182       1.37275
       1.37575       1.37813       1.38198       1.38505       1.39274
       1.39905       1.40437       1.41168       1.42473       1.42866
       1.43696        1.4613       1.48222         1.525       1.59855
       1.76038       1.97396
[7m*+ WARNING:[0m -GOFORIT ==> Charging ahead into battle!
 +                   ==> Check results carefully!
++ Editing GLT matrices for all zero X matrix columns
 + Removed 2 all zero rows from GLT matrix 'Full'; numerator DOF changes from 622 to 620
 + Removed 2 all zero rows from GLT matrix 'l_A1'; numerator DOF changes from 19 to 17
++ Loading input dataset into memory
 + masked off 881 voxels for being all zero; 9361 left in mask
++ starting REML setup calculations; total CPU=0.00 Elapsed=10.63
 + X matrix: 2.502% of elements are nonzero[7m*+ WARNING:[0m -----
[7m*+ WARNING:[0m QR decomposition of [R]^(-1/2) [X] had 3 collinearity problems
[7m*+ WARNING:[0m -----
 + starting 15 OpenMP threads for REML setup  + REML setup finished: matrix rows=1266 cols=642; 109*1 cases; total CPU=0.00 Elapsed=810.98
 +  average case bandwidth = 12.86
++ REML voxel loop: [15 threads]0123456789.0123456789.0123456789.0123456789.01234567
 + ARMA voxel parameters estimated: total CPU=0.00 Elapsed=842.82
++ GLSQ loop

[7m*+ WARNING:[0m QR decomposition of GLT setup 642x620 matrix had 3 collinearity problems

[7m*+ WARNING:[0m QR decomposition of GLT setup 642x620 matrix had 9 collinearity problems

[7m*+ WARNING:[0m QR decomposition of GLT setup 642x620 matrix had 43 collinearity problems

[7m*+ WARNING:[0m QR decomposition of GLT setup 642x620 matrix had 88 collinearity problems

[7m*+ WARNING:[0m QR decomposition of GLT setup 642x620 matrix had 95 collinearity problems00123456789.0123456789.0123456789.0123456789.0123456789.
 + GLSQ regression done: total CPU=0.00 Elapsed=1849.86
++ Output dataset /data/nil-external/ccp/freund/ub55/out/glms/DMCC0472647/RESULTS/Cuedts/baseline_aggressive1_EVENTS_censored_shifted/stats_var_DMCC0472647_R_REML.func.gii
++ Output dataset /data/nil-external/ccp/freund/ub55/out/glms/DMCC0472647/RESULTS/Cuedts/baseline_aggressive1_EVENTS_censored_shifted/errts_DMCC0472647_R_REML.func.gii
++ Output dataset /data/nil-external/ccp/freund/ub55/out/glms/DMCC0472647/RESULTS/Cuedts/baseline_aggressive1_EVENTS_censored_shifted/wherr_DMCC0472647_R_REML.func.gii
++ Output dataset /data/nil-external/ccp/freund/ub55/out/glms/DMCC0472647/RESULTS/Cuedts/baseline_aggressive1_EVENTS_censored_shifted/STATS_DMCC0472647_R_REML.func.gii
 + unloading input dataset and REML matrices
++ 3dREMLfit is all done! total CPU=0.00 Elapsed=1857.25
