++ 3dREMLfit: AFNI version=AFNI_18.3.16 (Dec 11 2018) [64-bit]
++ Authored by: RWCox
++ GOFORIT ==> Matrix de-singularization is engaged!
++ Number of OpenMP threads = 15
++ No mask ==> computing for all 10242 voxels
++ -----  matrix condition (595x128):  6.2981  ++ VERY GOOD ++
++ Loading input dataset into memory
 + masked off 888 voxels for being all zero; 9354 left in mask
++ starting REML setup calculations; total CPU=0.00 Elapsed=1.99
 + X matrix: 12.455% of elements are nonzero
 + starting 15 OpenMP threads for REML setup
 + REML setup finished: matrix rows=595 cols=128; 109*1 cases; total CPU=0.00 Elapsed=16.88
 +  average case bandwidth = 12.86
++ REML voxel loop: [15 threads]0123456789.0123456789.0123456789.0123456789.01234567
 + ARMA voxel parameters estimated: total CPU=0.00 Elapsed=36.73
++ GLSQ loop:0123456789.0123456789.0123456789.0123456789.0123456789.
 + GLSQ regression done: total CPU=0.00 Elapsed=46.33
++ Output dataset /data/nil-external/ccp/freund/ub55/out/glms/DMCC1328342/RESULTS/Axcpt/baseline_Cues_EVENTS_censored_shifted_1/stats_var_DMCC1328342_1_L_REML.nii.gz
++ Output dataset /data/nil-external/ccp/freund/ub55/out/glms/DMCC1328342/RESULTS/Axcpt/baseline_Cues_EVENTS_censored_shifted_1/errts_DMCC1328342_1_L_REML.nii.gz
++ Output dataset /data/nil-external/ccp/freund/ub55/out/glms/DMCC1328342/RESULTS/Axcpt/baseline_Cues_EVENTS_censored_shifted_1/wherr_DMCC1328342_1_L_REML.nii.gz
++ Output dataset /data/nil-external/ccp/freund/ub55/out/glms/DMCC1328342/RESULTS/Axcpt/baseline_Cues_EVENTS_censored_shifted_1/STATS_DMCC1328342_1_L_REML.nii.gz
 + unloading input dataset and REML matrices
++ 3dREMLfit is all done! total CPU=0.00 Elapsed=60.23
