*+ WARNING: '-stim_times 6' didn't read any good times from file '/data/nil-external/ccp/freund/ub55/out/glms/150423/INPUT_DATA/Axcpt/baseline/150423_Axcpt_baseline_F_ng_shifted.txt'
*+ WARNING: '-stim_times 7' didn't read any good times from file '/data/nil-external/ccp/freund/ub55/out/glms/150423/INPUT_DATA/Axcpt/baseline/150423_Axcpt_baseline_H_ng_shifted.txt'
*+ WARNING: -stim_times 6 has all times equal to '*' ?!?!
*+ WARNING: !! '-stim_times 6' file '/data/nil-external/ccp/freund/ub55/out/glms/150423/INPUT_DATA/Axcpt/baseline/150423_Axcpt_baseline_F_ng_shifted.txt' has no good stimulus time values
*+ WARNING: -stim_times 7 has all times equal to '*' ?!?!
*+ WARNING: !! '-stim_times 7' file '/data/nil-external/ccp/freund/ub55/out/glms/150423/INPUT_DATA/Axcpt/baseline/150423_Axcpt_baseline_H_ng_shifted.txt' has no good stimulus time values
*+ WARNING: -------------------------------------------------
*+ WARNING: Problems with the X matrix columns, listed below:
*+ WARNING: !! * Columns 49 [C_ng#6] and 315 [P_X#0] are (nearly?) collinear!
*+ WARNING: !! * Columns 50 [C_ng#7] and 316 [P_X#1] are (nearly?) collinear!
*+ WARNING: !! * Columns 51 [C_ng#8] and 317 [P_X#2] are (nearly?) collinear!
*+ WARNING: !! * Columns 52 [C_ng#9] and 318 [P_X#3] are (nearly?) collinear!
*+ WARNING: !! * Columns 53 [C_ng#10] and 319 [P_X#4] are (nearly?) collinear!
*+ WARNING: !! * Columns 54 [C_ng#11] and 320 [P_X#5] are (nearly?) collinear!
*+ WARNING: !! * Columns 55 [C_ng#12] and 321 [P_X#6] are (nearly?) collinear!
*+ WARNING: !! * Columns 56 [C_ng#13] and 322 [P_X#7] are (nearly?) collinear!
*+ WARNING: !! * Columns 57 [C_ng#14] and 323 [P_X#8] are (nearly?) collinear!
*+ WARNING: !! * Columns 58 [C_ng#15] and 324 [P_X#9] are (nearly?) collinear!
*+ WARNING: !! * Columns 59 [C_ng#16] and 325 [P_X#10] are (nearly?) collinear!
*+ WARNING: !! * Column 77 [F_ng#0] is all zeros
*+ WARNING: !! * Column 78 [F_ng#1] is all zeros
*+ WARNING: !! * Column 79 [F_ng#2] is all zeros
*+ WARNING: !! * Column 80 [F_ng#3] is all zeros
*+ WARNING: !! * Column 81 [F_ng#4] is all zeros
*+ WARNING: !! * Column 82 [F_ng#5] is all zeros
*+ WARNING: !! * Column 83 [F_ng#6] is all zeros
*+ WARNING: !! * Column 84 [F_ng#7] is all zeros
*+ WARNING: !! * Column 85 [F_ng#8] is all zeros
*+ WARNING: !! * Column 86 [F_ng#9] is all zeros
*+ WARNING: !! * Column 87 [F_ng#10] is all zeros
*+ WARNING: !! * Column 88 [F_ng#11] is all zeros
*+ WARNING: !! * Column 89 [F_ng#12] is all zeros
*+ WARNING: !! * Column 90 [F_ng#13] is all zeros
*+ WARNING: !! * Column 91 [F_ng#14] is all zeros
*+ WARNING: !! * Column 92 [F_ng#15] is all zeros
*+ WARNING: !! * Column 93 [F_ng#16] is all zeros
*+ WARNING: !! * Column 94 [H_ng#0] is all zeros
*+ WARNING: !! * Column 95 [H_ng#1] is all zeros
*+ WARNING: !! * Column 96 [H_ng#2] is all zeros
*+ WARNING: !! * Column 97 [H_ng#3] is all zeros
*+ WARNING: !! * Column 98 [H_ng#4] is all zeros
*+ WARNING: !! * Column 99 [H_ng#5] is all zeros
*+ WARNING: !! * Column 100 [H_ng#6] is all zeros
*+ WARNING: !! * Column 101 [H_ng#7] is all zeros
*+ WARNING: !! * Column 102 [H_ng#8] is all zeros
*+ WARNING: !! * Column 103 [H_ng#9] is all zeros
*+ WARNING: !! * Column 104 [H_ng#10] is all zeros
*+ WARNING: !! * Column 105 [H_ng#11] is all zeros
*+ WARNING: !! * Column 106 [H_ng#12] is all zeros
*+ WARNING: !! * Column 107 [H_ng#13] is all zeros
*+ WARNING: !! * Column 108 [H_ng#14] is all zeros
*+ WARNING: !! * Column 109 [H_ng#15] is all zeros
*+ WARNING: !! * Column 110 [H_ng#16] is all zeros
*+ WARNING: -------------------------------------------------
*+ WARNING: !! in Signal+Baseline matrix:
 * Largest singular value=2.33747
 * 46 singular values are less than cutoff=2.33747e-07
 * Implies strong collinearity in the matrix columns! 
*+ WARNING: !! in Signal-only matrix:
 * Largest singular value=1.87672
 * 46 singular values are less than cutoff=1.87672e-07
 * Implies strong collinearity in the matrix columns! 
