++ 3dREMLfit: AFNI version=AFNI_18.3.16 (Dec 11 2018) [64-bit]
++ Authored by: RWCox
++ GOFORIT ==> Matrix de-singularization is engaged!
++ Number of OpenMP threads = 15
++ No mask ==> computing for all 10242 voxels
++ -----  matrix condition (536x122):  6.23681  ++ VERY GOOD ++
++ Loading input dataset into memory
 + masked off 881 voxels for being all zero; 9361 left in mask
++ starting REML setup calculations; total CPU=0.00 Elapsed=1.74
 + X matrix: 12.807% of elements are nonzero
 + starting 15 OpenMP threads for REML setup
 + REML setup finished: matrix rows=536 cols=122; 109*1 cases; total CPU=0.00 Elapsed=6.31
 +  average case bandwidth = 13.03
++ REML voxel loop: [15 threads]0123456789.0123456789.0123456789.0123456789.01234567
 + ARMA voxel parameters estimated: total CPU=0.00 Elapsed=22.97
++ GLSQ loop:0123456789.0123456789.0123456789.0123456789.0123456789.
 + GLSQ regression done: total CPU=0.00 Elapsed=68.16
[7m** ERROR:[0m output dataset name 'stats_var_173738_2_R_REML.func.gii' conflicts with existing file
[7m** ERROR:[0m dataset NOT written to disk!
[7++ Output dataset /data/nil-external/ccp/freund/ub55/out/glms/173738/RESULTS/Stroop/baseline_fix-LSA_EVENTS_censored_2/errts_173738_2_L_REML.fun++ Out++ Output dataset /data/nil-external/ccp/freund/ub55/out/glms/173738/RESULTS/Stroop/baseline_fix-LSA_EVENTS_censored_2/wherr_173738_2_L_REML.func.gii
++ Output dataset /data/nil-external/ccp/freund/ub55/out/glms/173738/RESULTS/Stroop/baseline_fix-LSA_EVENTS_censored_2/STATS_173738_2_L_REML.func.gii
 + unloading input dataset and REML matrices
++ 3dREMLfit is all done! total CPU=0.00 Elapsed=78.05
