*+ WARNING: '-stim_times 4' didn't read any good times from file '/data/nil-external/ccp/freund/ub55/out/glms/432332/INPUT_DATA/Axcpt/baseline/432332_Axcpt_baseline_C_ng_shifted.txt'
*+ WARNING: '-stim_times 5' didn't read any good times from file '/data/nil-external/ccp/freund/ub55/out/glms/432332/INPUT_DATA/Axcpt/baseline/432332_Axcpt_baseline_D_ng_shifted.txt'
*+ WARNING: '-stim_times 7' didn't read any good times from file '/data/nil-external/ccp/freund/ub55/out/glms/432332/INPUT_DATA/Axcpt/baseline/432332_Axcpt_baseline_H_ng_shifted.txt'
*+ WARNING: '-stim_times 9' didn't read any good times from file '/data/nil-external/ccp/freund/ub55/out/glms/432332/INPUT_DATA/Axcpt/baseline/432332_Axcpt_baseline_N_ng_shifted.txt'
*+ WARNING: -stim_times 4 has all times equal to '*' ?!?!
*+ WARNING: !! '-stim_times 4' file '/data/nil-external/ccp/freund/ub55/out/glms/432332/INPUT_DATA/Axcpt/baseline/432332_Axcpt_baseline_C_ng_shifted.txt' has no good stimulus time values
*+ WARNING: -stim_times 5 has all times equal to '*' ?!?!
*+ WARNING: !! '-stim_times 5' file '/data/nil-external/ccp/freund/ub55/out/glms/432332/INPUT_DATA/Axcpt/baseline/432332_Axcpt_baseline_D_ng_shifted.txt' has no good stimulus time values
*+ WARNING: -stim_times 7 has all times equal to '*' ?!?!
*+ WARNING: !! '-stim_times 7' file '/data/nil-external/ccp/freund/ub55/out/glms/432332/INPUT_DATA/Axcpt/baseline/432332_Axcpt_baseline_H_ng_shifted.txt' has no good stimulus time values
*+ WARNING: -stim_times 9 has all times equal to '*' ?!?!
*+ WARNING: !! '-stim_times 9' file '/data/nil-external/ccp/freund/ub55/out/glms/432332/INPUT_DATA/Axcpt/baseline/432332_Axcpt_baseline_N_ng_shifted.txt' has no good stimulus time values
*+ WARNING: -------------------------------------------------
*+ WARNING: Problems with the X matrix columns, listed below:
*+ WARNING: !! * Column 43 [C_ng#0] is all zeros
*+ WARNING: !! * Column 44 [C_ng#1] is all zeros
*+ WARNING: !! * Column 45 [C_ng#2] is all zeros
*+ WARNING: !! * Column 46 [C_ng#3] is all zeros
*+ WARNING: !! * Column 47 [C_ng#4] is all zeros
*+ WARNING: !! * Column 48 [C_ng#5] is all zeros
*+ WARNING: !! * Column 49 [C_ng#6] is all zeros
*+ WARNING: !! * Column 50 [C_ng#7] is all zeros
*+ WARNING: !! * Column 51 [C_ng#8] is all zeros
*+ WARNING: !! * Column 52 [C_ng#9] is all zeros
*+ WARNING: !! * Column 53 [C_ng#10] is all zeros
*+ WARNING: !! * Column 54 [C_ng#11] is all zeros
*+ WARNING: !! * Column 55 [C_ng#12] is all zeros
*+ WARNING: !! * Column 56 [C_ng#13] is all zeros
*+ WARNING: !! * Column 57 [C_ng#14] is all zeros
*+ WARNING: !! * Column 58 [C_ng#15] is all zeros
*+ WARNING: !! * Column 59 [C_ng#16] is all zeros
*+ WARNING: !! * Column 60 [D_ng#0] is all zeros
*+ WARNING: !! * Column 61 [D_ng#1] is all zeros
*+ WARNING: !! * Column 62 [D_ng#2] is all zeros
*+ WARNING: !! * Column 63 [D_ng#3] is all zeros
*+ WARNING: !! * Column 64 [D_ng#4] is all zeros
*+ WARNING: !! * Column 65 [D_ng#5] is all zeros
*+ WARNING: !! * Column 66 [D_ng#6] is all zeros
*+ WARNING: !! * Column 67 [D_ng#7] is all zeros
*+ WARNING: !! * Column 68 [D_ng#8] is all zeros
*+ WARNING: !! * Column 69 [D_ng#9] is all zeros
*+ WARNING: !! * Column 70 [D_ng#10] is all zeros
*+ WARNING: !! * Column 71 [D_ng#11] is all zeros
*+ WARNING: !! * Column 72 [D_ng#12] is all zeros
*+ WARNING: !! * Column 73 [D_ng#13] is all zeros
*+ WARNING: !! * Column 74 [D_ng#14] is all zeros
*+ WARNING: !! * Column 75 [D_ng#15] is all zeros
*+ WARNING: !! * Column 76 [D_ng#16] is all zeros
*+ WARNING: !! * Column 94 [H_ng#0] is all zeros
*+ WARNING: !! * Column 95 [H_ng#1] is all zeros
*+ WARNING: !! * Column 96 [H_ng#2] is all zeros
*+ WARNING: !! * Column 97 [H_ng#3] is all zeros
*+ WARNING: !! * Column 98 [H_ng#4] is all zeros
*+ WARNING: !! * Column 99 [H_ng#5] is all zeros
*+ WARNING: !! * Column 100 [H_ng#6] is all zeros
*+ WARNING: !! * Column 101 [H_ng#7] is all zeros
*+ WARNING: !! * Column 102 [H_ng#8] is all zeros
*+ WARNING: !! * Column 103 [H_ng#9] is all zeros
*+ WARNING: !! * Column 104 [H_ng#10] is all zeros
*+ WARNING: !! * Column 105 [H_ng#11] is all zeros
*+ WARNING: !! * Column 106 [H_ng#12] is all zeros
*+ WARNING: !! * Column 107 [H_ng#13] is all zeros
*+ WARNING: !! * Column 108 [H_ng#14] is all zeros
*+ WARNING: !! * Column 109 [H_ng#15] is all zeros
*+ WARNING: !! * Column 110 [H_ng#16] is all zeros
*+ WARNING: !! * Column 128 [N_ng#0] is all zeros
*+ WARNING: !! * Column 129 [N_ng#1] is all zeros
*+ WARNING: !! * Column 130 [N_ng#2] is all zeros
*+ WARNING: !! * Column 131 [N_ng#3] is all zeros
*+ WARNING: !! * Column 132 [N_ng#4] is all zeros
*+ WARNING: !! * Column 133 [N_ng#5] is all zeros
*+ WARNING: !! * Column 134 [N_ng#6] is all zeros
*+ WARNING: !! * Column 135 [N_ng#7] is all zeros
*+ WARNING: !! * Column 136 [N_ng#8] is all zeros
*+ WARNING: !! * Column 137 [N_ng#9] is all zeros
*+ WARNING: !! * Column 138 [N_ng#10] is all zeros
*+ WARNING: !! * Column 139 [N_ng#11] is all zeros
*+ WARNING: !! * Column 140 [N_ng#12] is all zeros
*+ WARNING: !! * Column 141 [N_ng#13] is all zeros
*+ WARNING: !! * Column 142 [N_ng#14] is all zeros
*+ WARNING: !! * Column 143 [N_ng#15] is all zeros
*+ WARNING: !! * Column 144 [N_ng#16] is all zeros
*+ WARNING: !! * Columns 264 [H_X#0] and 347 [T_X#15] are (nearly?) collinear!
*+ WARNING: !! * Columns 265 [H_X#1] and 348 [T_X#16] are (nearly?) collinear!
*+ WARNING: -------------------------------------------------
*+ WARNING: !! in Signal+Baseline matrix:
 * Largest singular value=2.14164
 * 70 singular values are less than cutoff=2.14164e-07
 * Implies strong collinearity in the matrix columns! 
*+ WARNING: !! in Signal-only matrix:
 * Largest singular value=1.87948
 * 70 singular values are less than cutoff=1.87948e-07
 * Implies strong collinearity in the matrix columns! 
