** ERROR: matrix column #43 is all zero!?
** ERROR: matrix column #44 is all zero!?
** ERROR: matrix column #45 is all zero!?
** ERROR: matrix column #46 is all zero!?
** ERROR: matrix column #47 is all zero!?
** ERROR: matrix column #48 is all zero!?
** ERROR: matrix column #49 is all zero!?
** ERROR: matrix column #50 is all zero!?
** ERROR: matrix column #51 is all zero!?
** ERROR: matrix column #52 is all zero!?
** ERROR: matrix column #53 is all zero!?
** ERROR: matrix column #54 is all zero!?
** ERROR: matrix column #55 is all zero!?
** ERROR: matrix column #56 is all zero!?
** ERROR: matrix column #57 is all zero!?
** ERROR: matrix column #58 is all zero!?
** ERROR: matrix column #59 is all zero!?
** ERROR: matrix column #60 is all zero!?
** ERROR: matrix column #61 is all zero!?
** ERROR: matrix column #62 is all zero!?
** ERROR: matrix column #63 is all zero!?
** ERROR: matrix column #64 is all zero!?
** ERROR: matrix column #65 is all zero!?
** ERROR: matrix column #66 is all zero!?
** ERROR: matrix column #67 is all zero!?
** ERROR: matrix column #68 is all zero!?
** ERROR: matrix column #69 is all zero!?
** ERROR: matrix column #70 is all zero!?
** ERROR: matrix column #71 is all zero!?
** ERROR: matrix column #72 is all zero!?
** ERROR: matrix column #73 is all zero!?
** ERROR: matrix column #74 is all zero!?
** ERROR: matrix column #75 is all zero!?
** ERROR: matrix column #76 is all zero!?
** ERROR: matrix column #94 is all zero!?
** ERROR: matrix column #95 is all zero!?
** ERROR: matrix column #96 is all zero!?
** ERROR: matrix column #97 is all zero!?
** ERROR: matrix column #98 is all zero!?
** ERROR: matrix column #99 is all zero!?
** ERROR: matrix column #100 is all zero!?
** ERROR: matrix column #101 is all zero!?
** ERROR: matrix column #102 is all zero!?
** ERROR: matrix column #103 is all zero!?
** ERROR: matrix column #104 is all zero!?
** ERROR: matrix column #105 is all zero!?
** ERROR: matrix column #106 is all zero!?
** ERROR: matrix column #107 is all zero!?
** ERROR: matrix column #108 is all zero!?
** ERROR: matrix column #109 is all zero!?
** ERROR: matrix column #110 is all zero!?
** ERROR: matrix column #128 is all zero!?
** ERROR: matrix column #129 is all zero!?
** ERROR: matrix column #130 is all zero!?
** ERROR: matrix column #131 is all zero!?
** ERROR: matrix column #132 is all zero!?
** ERROR: matrix column #133 is all zero!?
** ERROR: matrix column #134 is all zero!?
** ERROR: matrix column #135 is all zero!?
** ERROR: matrix column #136 is all zero!?
** ERROR: matrix column #137 is all zero!?
** ERROR: matrix column #138 is all zero!?
** ERROR: matrix column #139 is all zero!?
** ERROR: matrix column #140 is all zero!?
** ERROR: matrix column #141 is all zero!?
** ERROR: matrix column #142 is all zero!?
** ERROR: matrix column #143 is all zero!?
** ERROR: matrix column #144 is all zero!?
*+ WARNING: You said to GOFORIT, so here we GO!
*+ WARNING: !! in  matrix:
 * Largest singular value=2.14164
 * 70 singular values are less than cutoff=2.14164e-07
 * Implies strong collinearity in the matrix columns! 
*+ WARNING: -GOFORIT ==> Charging ahead into battle!
*+ WARNING: -----
*+ WARNING: QR decomposition of [R]^(-1/2) [X] had 70 collinearity problems
*+ WARNING: -----
*+ WARNING: QR decomposition of GLT setup 542x456 matrix had 8 collinearity problems
*+ WARNING: QR decomposition of GLT setup 542x456 matrix had 13 collinearity problems
*+ WARNING: QR decomposition of GLT setup 542x456 matrix had 16 collinearity problems
*+ WARNING: QR decomposition of GLT setup 542x17 matrix had 17 collinearity problems
