++ 3dREMLfit: AFNI version=AFNI_18.3.16 (Dec 11 2018) [64-bit]
++ Authored by: RWCox
++ GOFORIT ==> Matrix de-singularization is engaged!
++ Number of OpenMP threads = 15
++ No mask ==> computing for all 10242 voxels
++ -----  matrix condition (538x78):  5.18317  ++ VERY GOOD ++
++ Loading input dataset into memory
 + masked off 888 voxels for being all zero; 9354 left in mask
++ starting REML setup calculations; total CPU=0.00 Elapsed=0.55
 + X matrix: 23.408% of elements are nonzero
 + starting 15 OpenMP threads for REML setup
 + REML setup finished: matrix rows=538 cols=78; 109*1 cases; total CPU=0.00 Elapsed=2.95
 +  average case bandwidth = 13.07
++ REML voxel loop: [15 threads]0123456789.0123456789.0123456789.0123456789.01234567
 + ARMA voxel parameters estimated: total CPU=0.00 Elapsed=26.70
++ GLSQ loop:0123456789.0123456789.0123456789.0123456789.0123456789.
 + GLSQ regression done: total CPU=0.00 Elapsed=42.98
++ Output dataset /data/nil-external/ccp/freund/ub55/out/glms/141422/RESULTS/Stroop/baseline_Congruency_EVENTS_censored_shifted_1/stats_var_141422_1_R_REML.nii.gz
++ Output dataset /data/nil-external/ccp/freund/ub55/out/glms/141422/RESULTS/Stroop/baseline_Congruency_EVENTS_censored_shifted_1/errts_141422_1_R_REML.nii.gz
++ Output dataset /data/nil-external/ccp/freund/ub55/out/glms/141422/RESULTS/Stroop/baseline_Congruency_EVENTS_censored_shifted_1/wherr_141422_1_R_REML.nii.gz
++ Output dataset /data/nil-external/ccp/freund/ub55/out/glms/141422/RESULTS/Stroop/baseline_Congruency_EVENTS_censored_shifted_1/STATS_141422_1_R_REML.nii.gz
 + unloading input dataset and REML matrices
++ 3dREMLfit is all done! total CPU=0.00 Elapsed=53.14
