++ 3dREMLfit: AFNI version=AFNI_18.3.16 (Dec 11 2018) [64-bit]
++ Authored by: RWCox
++ GOFORIT ==> Matrix de-singularization is engaged!
++ Number of OpenMP threads = 15
++ No mask ==> computing for all 10242 voxels
++ -----  matrix condition (530x78):  5.00609  ++ VERY GOOD ++
++ Loading input dataset into memory
 + masked off 881 voxels for being all zero; 9361 left in mask
++ starting REML setup calculations; total CPU=0.00 Elapsed=4.87
 + X matrix: 23.396% of elements are nonzero
 + starting 15 OpenMP threads for REML setup
 + REML setup finished: matrix rows=530 cols=78; 109*1 cases; total CPU=0.00 Elapsed=10.20
 +  average case bandwidth = 12.89
++ REML voxel loop: [15 threads]0123456789.0123456789.0123456789.0123456789.01234567
 + ARMA voxel parameters estimated: total CPU=0.00 Elapsed=44.45
++ GLSQ loop00123456789.012456789.0123456789.0123456789.0123456789.
 + GLSQ regression done: total CPU=0.00 Elapsed=64.13
++ Output dataset /data/nil-external/ccp/freund/ub55/out/glms/DMCC6671683/RESULTS/Stroop/baseline_Congruency_EVENTS_censored_shifted_2/stats_var_DMCC6671683_2_L_REML.func.gii
++ Output dataset /data/nil-external/ccp/freund/ub55/out/glms/DMCC6671683/RESULTS/Stroop/baseline_Congruency_EVENTS_censored_shifted_2/errts_DMCC6671683_2_L_REML.func.gii
++ Output dataset /data/nil-external/ccp/freund/ub55/out/glms/DMCC6671683/RESULTS/Stroop/baseline_Congruency_EVENTS_censored_shifted_2/wherr_DMCC6671683_2_L_REML.func.gii
++ Output dataset /data/nil-external/ccp/freund/ub55/out/glms/DMCC6671683/RESULTS/Stroop/baseline_Congruency_EVENTS_censored_shifted_2/STATS_DMCC6671683_2_L_REML.func.gii
 + unloading input dataset and REML matrices
++ 3dREMLfit is all done! total CPU=0.00 Elapsed=70.51

