++ 3dREMLfit: AFNI version=AFNI_18.3.16 (Dec 11 2018) [64-bit]
++ Authored by: RWCox
++ GOFORIT ==> Matrix de-singularization is engaged!
++ Number of OpenMP threads = 15
++ No mask ==> computing for all 10242 voxels
++ -----  matrix condition (599x152):  6.21516  ++ VERY GOOD ++
++ Loading input dataset into memory
 + masked off 888 voxels for being all zero; 9354 left in mask
++ starting REML setup calculations; total CPU=0.00 Elapsed=1.74
 + X matrix: 10.697% of elements are nonzero
 + starting 15 OpenMP threads for REML setup
 + REML setup finished: matrix rows=599 cols=152; 109*1 cases; total CPU=0.00 Elapsed=35.00
 +  average case bandwidth = 13.12
++ REML voxel loop: [15 threads]0123456789.0123456789.0123456789.0123456789.01234567
 + ARMA voxel parameters estimated: total CPU=0.00 Elapsed=60.61
++ GLSQ loop:0123456789.0123456789.0123456789.0123456789.0123456789.
 + GLSQ regression done: total CPU=0.00 Elapsed=76.36
++ Output dataset /data/nil-external/ccp/freund/ub55/out/glms/DMCC9441378/RESULTS/Stern/baseline_ListLength_EVENTS_censored_shifted_1/stats_var_DMCC9441378_1_L_REML.func.gii
++ Output dataset /data/nil-external/ccp/freund/ub55/out/glms/DMCC9441378/RESULTS/Stern/baseline_ListLength_EVENTS_censored_shifted_1/errts_DMCC9441378_1_L_REML.func.gii
++ Output dataset /data/nil-external/ccp/freund/ub55/out/glms/DMCC9441378/RESULTS/Stern/baseline_ListLength_EVENTS_censored_shifted_1/wherr_DMCC9441378_1_L_REML.func.gii
++ Output dataset /data/nil-external/ccp/freund/ub55/out/glms/DMCC9441378/RESULTS/Stern/baseline_ListLength_EVENTS_censored_shifted_1/STATS_DMCC9441378_1_L_REML.func.gii
 + unloading input dataset and REML matrices
++ 3dREMLfit is all done! total CPU=0.00 Elapsed=91.78
