++ 3dREMLfit: AFNI version=AFNI_18.3.16 (Dec 11 2018) [64-bit]
++ Authored by: RWCox
++ GOFORIT ==> Matrix de-singularization is engaged!
++ Number of OpenMP threads = 15
++ No mask ==> computing for all 10242 voxels
++ -----  matrix condition (538x78):  4.82899  ++ VERY GOOD ++
++ Loading input dataset into memory
 + masked off 881 voxels for being all zero; 9361 left in mask
++ starting REML setup calculations; total CPU=0.00 Elapsed=4.45
 + X matrix: 23.422% of elements are nonzero
 + starting 15 OpenMP threads for REML setup

libgomp: Thread creation failed: Resource temporarily unavailable
 CPU=0.00 Elapsed=1.96
 +  average case bandwidth = 13.09
++ REML voxel loop: [15 threads]0123456789.0123456789.0123456789.0123456789.01234567
 + ARMA voxel parameters estimated: total CPU=0.00 Elapsed=14.56
++ GLSQ loop:0123456789.0123456789.0123456789.0123456789.0123456789.
 + GLSQ regression done: total CPU=0.00 Elapsed=21.32
++ Output dataset /data/nil-external/ccp/freund/ub55/out/glms/115825/RESULTS/Stroop/baseline_Congruency_EVENTS_censored_shifted_noblock_1/stats_var_115825_1_L_REML.func.gii
++ Output dataset /data/nil-external/ccp/freund/ub55/out/glms/115825/RESULTS/Stroop/baseline_Congruency_EVENTS_censored_shifted_noblock_1/errts_115825_1_L_REML.func.gii
++ Output dataset /data/nil-external/ccp/freund/ub55/out/glms/115825/RESULTS/Stroop/baseline_Congruency_EVENTS_censored_shifted_noblock_1/wherr_115825_1_L_REML.func.gii
++ Output dataset /data/nil-external/ccp/freund/ub55/out/glms/115825/RESULTS/Stroop/baseline_Congruency_EVENTS_censored_shifted_noblock_1/STATS_115825_1_L_REML.func.gii
 + unloading input dataset and REML matrices
++ 3dREMLfit is all done! total CPU=0.00 Elapsed=24.41
