++ 3dREMLfit: AFNI version=AFNI_18.3.16 (Dec 11 2018) [64-bit]
++ Authored by: RWCox
++ GOFORIT ==> Matrix de-singularization is engaged!
++ Number of OpenMP threads = 15
++ No mask ==> computing for all 10242 voxels
[7m** ERROR:[0m matrix column #22 is all zero!?
[7m** ERROR:[0m matrix column #23 is all zero!?
[7m** ERROR:[0m matrix column #27 is all zero!?
[7m** ERROR:[0m matrix column #28 is all zero!?
[7m** ERROR:[0m matrix column #33 is all zero!?
[7m** ERROR:[0m matrix column #35 is all zero!?
[7m** ERROR:[0m matrix column #36 is all zero!?
[7m** ERROR:[0m matrix column #40 is all zero!?
[7m** ERROR:[0m matrix column #41 is all zero!?
[7m** ERROR:[0m matrix column #45 is all zero!?
[7m** ERROR:[0m matrix column #46 is all zero!?
[7m** ERROR:[0m matrix column #49 is all zero!?
[7m*+ WARNING:[0m You said to GOFORIT, so here we GO!
 +          Note that a bunch of further WARNINGs will be generated below.
++ Denominator DOF increased from 481 to 493 to allow for all zero columns
++ -----  matrix condition (539x58):  3.8646  ++ VERY GOOD ++
[7m*+ WARNING:[0m !! in  matrix:
 * Largest singular value=1.89267
 * 12 singular values are less than cutoff=1.89267e-07
 * Implies strong collinearity in the matrix columns! 
++  matrix singular values:
             0             0             0             0             0
    5.5414e-09   7.51777e-09   1.21606e-08     1.381e-08   1.74684e-08
   2.08471e-08     2.347e-08      0.126726      0.177157      0.235213
      0.270866      0.327894       0.44567      0.567053      0.741228
      0.795187      0.815771      0.829043      0.845751      0.885098
      0.894548      0.903142      0.915426      0.930364      0.948451
      0.959692      0.961951      0.981834      0.993685       0.99857
      0.999236             1       1.00001       1.00019       1.00056
       1.00235       1.00404       1.00978       1.01654       1.01971
       1.03204       1.03732       1.05987       1.07274       1.11376
       1.12166       1.13651       1.15693       1.18285       1.42587
       1.49984       1.79874       1.89267
[7m*+ WARNING:[0m -GOFORIT ==> Charging ahead into battle!
 +                   ==> Check results carefully!
++ Editing GLT matrices for all zero X matrix columns
 + Removed 12 all zero rows from GLT matrix 'Full'; numerator DOF changes from 46 to 34
 + GLT matrix 'blackPINK' is all zero!
 + GLT matrix 'blackYELLOW' is all zero!
 + GLT matrix 'blueWHITE' is all zero!
 + GLT matrix 'greenBLACK' is all zero!
 + GLT matrix 'pinkGREEN' is all zero!
 + GLT matrix 'pinkYELLOW' is all zero!
 + GLT matrix 'purpleBLUE' is all zero!
 + GLT matrix 'redBLUE' is all zero!
 + GLT matrix 'redPURPLE' is all zero!
 + GLT matrix 'whitePURPLE' is all zero!
 + GLT matrix 'whiteRED' is all zero!
 + GLT matrix 'yellowGREEN' is all zero!
++ Loading input dataset into memory
 + masked off 881 voxels for being all zero; 9361 left in mask
++ starting REML setup calculations; total CPU=0.00 Elapsed=2.93
 + X matrix: 26.959% of elements are nonzero
[7m*+ WARNING:[0m -----
[7m*+ WARNING:[0m QR decomposition of [R]^(-1/2) [X] had 12 collinearity problems
[7m*+ WARNING:[0m -----
 + starting 15 OpenMP threads for REML setup
 + REML setup finished: matrix rows=539 cols=58; 109*1 cases; total CPU=0.00 Elapsed=6.37
 +  average case bandwidth = 13.10
++ REML voxel loop: [15 threads]0123456789.0123456789.0123456789.0123456789.01234567
 + ARMA voxel parameters estimated: total CPU=0.00 Elapsed=27.71
++ GLSQ loop:[7m*+ WARNING:[0m GLT setup 58x1 matrix is all zero?
0123456789.0123456789.0123456789.0123456789.0123456789.
 + GLSQ regression done: total CPU=0.00 Elapsed=71.32
++ Output dataset /data/nil-external/ccp/freund/ub55/out/glms/672756/RESULTS/Stroop/baseline_fix-item_EVENTS_censored_2/stats_var_672756_2_R_REML.func.gii
++ Output dataset /data/nil-external/ccp/freund/ub55/out/glms/672756/RESULTS/Stroop/baseline_fix-item_EVENTS_censored_2/errts_672756_2_R_REML.func.gii
++ Output dataset /data/nil-external/ccp/freund/ub55/out/glms/672756/RESULTS/Stroop/baseline_fix-item_EVENTS_censored_2/wherr_672756_2_R_REML.func.gii
[7m*+ WARNING:[0m Zero-ed 112332 float errors in dataset /data/nil-external/ccp/freund/ub55/out/glms/672756/RESULTS/Stroop/baseline_fix-item_EVENTS_censored_2/STATS_672756_2_R_REML.func.gii
 +    Float errors include NaN and Infinity values
 +    ==> Check matrix setup! Check inputs! Check results!
++ Output dataset /data/nil-external/ccp/freund/ub55/out/glms/672756/RESULTS/Stroop/baseline_fix-item_EVENTS_censored_2/STATS_672756_2_R_REML.func.gii
 + unloading input dataset and REML matrices
++ 3dREMLfit is all done! total CPU=0.00 Elapsed=80.33
