++ 3dREMLfit: AFNI version=AFNI_18.3.16 (Dec 11 2018) [64-bit]
++ Authored by: RWCox
++ GOFORIT ==> Matrix de-singularization is engaged!
++ Number of OpenMP threads = 15
++ No mask ==> computing for all 10242 voxels
++ -----  matrix condition (566x151):  3.34379  ++ VERY GOOD ++
++ Loading input dataset into memory
 + masked off 888 voxels for being all zero; 9354 left in mask
++ starting REML setup calculations; total CPU=0.00 Elapsed=0.80
 + X matrix: 10.176% of elements are nonzero
 + starting 15 OpenMP threads for REML setup
 + REML setup finished: matrix rows=566 cols=151; 109*1 cases; total CPU=0.00 Elapsed=4.82
 +  average case bandwidth = 12.55
++ REML voxel loop: [15 threads]012345678
Fatal Signal 2 (SIGINT) received
 Bottom of Debug Stack
** Command line was:
3dREMLfit -matrix /data/nil-external/ccp/freund/ub55/out/glms/130518/RESULTS/Stern/baseline_ListLength_EVENTS_censored_shifted_noblock_1/X_1.xmat.1D -input /data/nil-bluearc/ccp-hcp/DMCC_ALL_BACKUPS/HCP_SUBJECTS_BACKUPS/fMRIPrep_AFNI_ANALYSIS/130518/INPUT_DATA/Stern/baseline/lpi_scale_tfMRI_SternBas1_AP_R.func.gii -Rvar /data/nil-external/ccp/freund/ub55/out/glms/130518/RESULTS/Stern/baseline_ListLength_EVENTS_censored_shifted_noblock_1/stats_var_130518_1_R_REML.func.gii -Rbuck /data/nil-external/ccp/freund/ub55/out/glms/130518/RESULTS/Stern/baseline_ListLength_EVENTS_censored_shifted_noblock_1/STATS_130518_1_R_REML.func.gii -rwherr /data/nil-external/ccp/freund/ub55/out/glms/130518/RESULTS/Stern/baseline_ListLength_EVENTS_censored_shifted_noblock_1/wherr_130518_1_R_REML.func.gii -rerrts /data/nil-external/ccp/freund/ub55/out/glms/130518/RESULTS/Stern/baseline_ListLength_EVENTS_censored_shifted_noblock_1/errts_130518_1_R_REML.func.gii -GOFORIT -fout -tout -nobout -noFDR -verb
** AFNI version = AFNI_18.3.16  Compile date = Dec 11 2018
** [[Precompiled binary linux_openmp_64: Dec 11 2018]]
** Program Death **
