++ 3dREMLfit: AFNI version=AFNI_18.3.16 (Dec 11 2018) [64-bit]
++ Authored by: RWCox
++ GOFORIT ==> Matrix de-singularization is engaged!
++ Number of OpenMP threads = 15
++ No mask ==> computing for all 10242 voxels
++ -----  matrix condition (539x78):  4.86465  ++ VERY GOOD ++
++ Loading input dataset into memory
 + masked off 888 voxels for being all zero; 9354 left in mask
++ starting REML setup calculations; total CPU=0.00 Elapsed=1.11
 + X matrix: 23.417% of elements are nonzero
 + starting 15 OpenMP threads for REML setup
 + REML setup finished: matrix rows=539 cols=78; 109*1 cases; total CPU=0.00 Elapsed=5.09
 +  average case bandwidth = 13.10
++ REML voxel loop: [15 threads]0123456789.0123456789.0123456789.0123456789.01234567
 + ARMA voxel parameters estimated: total CPU=0.00 Elapsed=28.84
++ GLSQ loop:0123456789.0123456789.0123456789.0123456789.0123456789.
 + GLSQ regression done: total CPU=0.00 Elapsed=42.98
++ Output dataset /data/nil-external/ccp/freund/ub55/out/glms/203418/RESULTS/Stroop/baseline_Congruency_EVENTS_censored_shifted_1/stats_var_203418_1_R_REML.nii.gz
++ Output dataset /data/nil-external/ccp/freund/ub55/out/glms/203418/RESULTS/Stroop/baseline_Congruency_EVENTS_censored_shifted_1/errts_203418_1_R_REML.nii.gz
++ Output dataset /data/nil-external/ccp/freund/ub55/out/glms/203418/RESULTS/Stroop/baseline_Congruency_EVENTS_censored_shifted_1/wherr_203418_1_R_REML.nii.gz
++ Output dataset /data/nil-external/ccp/freund/ub55/out/glms/203418/RESULTS/Stroop/baseline_Congruency_EVENTS_censored_shifted_1/STATS_203418_1_R_REML.nii.gz
 + unloading input dataset and REML matrices
++ 3dREMLfit is all done! total CPU=0.00 Elapsed=61.90
