++ 3dREMLfit: AFNI version=AFNI_18.3.16 (Dec 11 2018) [64-bit]
++ Authored by: RWCox
++ GOFORIT ==> Matrix de-singularization is engaged!
++ Number of OpenMP threads = 15
++ No mask ==> computing for all 10242 voxels
++ -----  matrix condition (642x102):  4.281  ++ VERY GOOD ++
++ Loading input dataset into memory
 + masked off 881 voxels for being all zero; 9361 left in mask
++ starting REML setup calculations; total CPU=0.00 Elapsed=3.22
 + X matrix: 14.915% of elements are nonzero
 + starting 15 OpenMP threads for REML setup
 + REML setup finished: matrix rows=642 cols=102; 109*1 cases; total CPU=0.00 Elapsed=6.83
 +  average case bandwidth = 13.02
++ REML voxel loop: [15 threads]0123456789.0123456789.0123456789.0123456789.01234567
 + ARMA voxel parameters estimated: total CPU=0.00 Elapsed=17.61
++ GLSQ loop:0123456789.0123456789.0123456789.0123456789.0123456789.
 + GLSQ regression done: total CPU=0.00 Elapsed=25.96
[7m** ERROR:[0m output dataset name 'stats_var_DMCC5195268_2_R_REML.func.gii' conflicts with existing file
[7m** ERROR:[0m dataset NOT written to disk!
[7m** ERROR:[0m output dataset name 'errts_DMCC5195268_2_R_REML.func.gii' conflicts with existing file
[7m** ERROR:[0m dataset NOT written to disk!
[7m** ERROR:[0m output dataset name 'wherr_DMCC5195268_2_R_REML.func.gii' conflicts with existing file
[7m** ERROR:[0m dataset NOT written to disk!
[7m** ERROR:[0m output dataset name 'STATS_DMCC5195268_2_R_REML.func.gii' conflicts with existing file
[7m** ERROR:[0m dataset NOT written to disk!
 + unloading input dataset and REML matrices
++ 3dREMLfit is all done! total CPU=0.00 Elapsed=26.07
