++ 3dREMLfit: AFNI version=AFNI_18.3.16 (Dec 11 2018) [64-bit]
++ Authored by: RWCox
++ GOFORIT ==> Matrix de-singularization is engaged!
++ Number of OpenMP threads = 15
++ No mask ==> computing for all 10242 voxels
[7m** ERROR:[0m matrix column #22 is all zero!?
[7m** ERROR:[0m matrix column #23 is all zero!?
[7m** ERROR:[0m matrix column #27 is all zero!?
[7m** ERROR:[0m matrix column #28 is all zero!?
[7m** ERROR:[0m matrix column #33 is all zero!?
[7m** ERROR:[0m matrix column #35 is all zero!?
[7m** ERROR:[0m matrix column #36 is all zero!?
[7m** ERROR:[0m matrix column #40 is all zero!?
[7m** ERROR:[0m matrix column #41 is all zero!?
[7m** ERROR:[0m matrix column #45 is all zero!?
[7m** ERROR:[0m matrix column #46 is all zero!?
[7m** ERROR:[0m matrix column #49 is all zero!?
[7m*+ WARNING:[0m You said to GOFORIT, so here we GO!
 +          Note that a bunch of further WARNINGs will be generated below.
++ Denominator DOF increased from 480 to 492 to allow for all zero columns
++ -----  matrix condition (538x58):  4.4922  ++ VERY GOOD ++
[7m*+ WARNING:[0m !! in  matrix:
 * Largest singular value=2.13484
 * 12 singular values are less than cutoff=2.13484e-07
 * Implies strong collinearity in the matrix columns! 
++  matrix singular values:
             0             0             0             0             0
             0             0             0    7.3988e-09    1.3089e-08
   1.66869e-08   1.87476e-08      0.105791      0.170479      0.197563
      0.215271      0.315906      0.375087       0.41656      0.528724
      0.742035       0.81188      0.825874      0.849201      0.864361
      0.880558      0.891048      0.904838      0.926724      0.935167
      0.959475       0.97065      0.982457      0.994176      0.997034
      0.998941      0.999998             1       1.00002       1.00005
       1.00029       1.00249       1.00534       1.01526       1.02392
       1.03005        1.0507       1.06123       1.07235       1.08352
       1.10894       1.11759         1.151       1.19197       1.31986
       1.42957       1.90068       2.13484
[7m*+ WARNING:[0m -GOFORIT ==> Charging ahead into battle!
 +                   ==> Check results carefully!
++ Editing GLT matrices for all zero X matrix columns
 + Removed 12 all zero rows from GLT matrix 'Full'; numerator DOF changes from 46 to 34
 + GLT matrix 'blackPINK' is all zero!
 + GLT matrix 'blackYELLOW' is all zero!
 + GLT matrix 'blueWHITE' is all zero!
 + GLT matrix 'greenBLACK' is all zero!
 + GLT matrix 'pinkGREEN' is all zero!
 + GLT matrix 'pinkYELLOW' is all zero!
 + GLT matrix 'purpleBLUE' is all zero!
 + GLT matrix 'redBLUE' is all zero!
 + GLT matrix 'redPURPLE' is all zero!
 + GLT matrix 'whitePURPLE' is all zero!
 + GLT matrix 'whiteRED' is all zero!
 + GLT matrix 'yellowGREEN' is all zero!
++ Loading input dataset into memory
 + masked off 881 voxels for being all zero; 9361 left in mask
++ starting REML setup calculations; total CPU=0.00 Elapsed=3.83
 + X matrix: 27.048% of elements are nonzero
[7m*+ WARNING:[0m -----
[7m*+ WARNING:[0m QR decomposition of [R]^(-1/2) [X] had 12 collinearity problems
[7m*+ WARNING:[0m -----
 + starting 15 OpenMP threads for REML setup
 + REML setup finished: matrix rows=538 cols=58; 109*1 cases; total CPU=0.00 Elapsed=7.52
 +  average case bandwidth = 13.07
++ REML voxel loop: [15 threads]0123456789.0123456789.0123456789.0123456789.01234567
 + ARMA voxel parameters estimated: total CPU=0.00 Elapsed=33.13
++ GLSQ loop:[7m*+ WARNING:[0m GLT setup 58x1 matrix is all zero?
0123456789.0123456789.0123456789.0123456789.0123456789.
 + GLSQ regression done: total CPU=0.00 Elapsed=62.20
++ Output dataset /data/nil-external/ccp/freund/ub55/out/glms/DMCC1624043/RESULTS/Stroop/baseline_fix-item_EVENTS_censored_2/stats_var_DMCC1624043_2_L_REML.func.gii
++ Output dataset /data/nil-external/ccp/freund/ub55/out/glms/DMCC1624043/RESULTS/Stroop/baseline_fix-item_EVENTS_censored_2/errts_DMCC1624043_2_L_REML.func.gii
++ Output dataset /data/nil-external/ccp/freund/ub55/out/glms/DMCC1624043/RESULTS/Stroop/baseline_fix-item_EVENTS_censored_2/wherr_DMCC1624043_2_L_REML.func.gii
[7m*+ WARNING:[0m Zero-ed 112248 float errors in dataset /data/nil-external/ccp/freund/ub55/out/glms/DMCC1624043/RESULTS/Stroop/baseline_fix-item_EVENTS_censored_2/STATS_DMCC1624043_2_L_REML.func.gii
 +    Float errors include NaN and Infinity values
 +    ==> Check matrix setup! Check inputs! Check results!
++ Output dataset /data/nil-external/ccp/freund/ub55/out/glms/DMCC1624043/RESULTS/Stroop/baseline_fix-item_EVENTS_censored_2/STATS_DMCC1624043_2_L_REML.func.gii
 + unloading input dataset and REML matrices
++ 3dREMLfit is all done! total CPU=0.00 Elapsed=70.76
