++ 3dREMLfit: AFNI version=AFNI_18.3.16 (Dec 11 2018) [64-bit]
++ Authored by: RWCox
++ GOFORIT ==> Matrix de-singularization is engaged!
++ Number of OpenMP threads = 15
++ No mask ==> computing for all 10242 voxels
++ -----  matrix condition (1300x642):  7.44691  ++ VERY GOOD ++
++ Loading input dataset into memory
 + masked off 881 voxels for being all zero; 9361 left in mask
++ starting REML setup calculations; total CPU=0.00 Elapsed=11.30
 + X matrix: 2.503% of elements are nonzero  + starting 15 OpenMP threads for REML setup  + REML setup finished: matrix rows=1300 cols=642; 109*1 cases; total CPU=0.00 Elapsed=615.33
 +  average case bandwidth = 13.16
++ REML voxel loop: [15 threads]0123456789.013456789.0123456789.0123456789.01234567
 + ARMA voxel parameters estimated: total CPU=0.00 Elapsed=684.76
++ GLSQ loop:0123456789.0123456789.0123456789.0123456789.0123456789.
 + GLSQ regression done: total CPU=0.00 Elapsed=1547.49
++ Output dataset /data/nil-external/ccp/freund/ub55/out/glms/178950/RESULTS/Cuedts/baseline_aggressive1_EVENTS_censored_shifted/stats_var_178950_L_REML.func.gii
++ Output dataset /data/nil-external/ccp/freund/ub55/out/glms/178950/RESULTS/Cuedts/baseline_aggressive1_EVENTS_censored_shifted/errts_178950_L_REML.func.gii
++ Output dataset /data/nil-external/ccp/freund/ub55/out/glms/178950/RESULTS/Cuedts/baseline_aggressive1_EVENTS_censored_shifted/wherr_178950_L_REML.func.gii
++ Output dataset /data/nil-external/ccp/freund/ub55/out/glms/178950/RESULTS/Cuedts/baseline_aggressive1_EVENTS_censored_shifted/STATS_178950_L_REML.func.gii
 + unloading input dataset and REML matrices
++ 3dREMLfit is all done! total CPU=0.00 Elapsed=1554.85

