++ 3dREMLfit: AFNI version=AFNI_18.3.16 (Dec 11 2018) [64-bit]
++ Authored by: RWCox
++ GOFORIT ==> Matrix de-singularization is engaged!
++ Number of OpenMP threads = 15
++ No mask ==> computing for all 10242 voxels
++ -----  matrix condition (540x78):  6.18928  ++ VERY GOOD ++
++ Loading input dataset into memory
 + masked off 881 voxels for being all zero; 9361 left in mask
++ starting REML setup calculations; total CPU=0.00 Elapsed=1.22
 + X matrix: 23.407% of elements are nonzero
 + starting 15 OpenMP threads for REML setup
 + REML setup finished: matrix rows=540 cols=78; 109*1 cases; total CPU=0.00 Elapsed=6.17
 +  average case bandwidth = 13.12
++ REML voxel loop: [15 threads]0123456789.0123456789.0123456789.0123456789.01234567
 + ARMA voxel parameters estimated: total CPU=0.00 Elapsed=30.58
++ GLSQ loop:0123456789.0123456789.0123456789.0123456789.0123456789.
 + GLSQ regression done: total CPU=0.00 Elapsed=43.74
++ Output dataset /data/nil-external/ccp/freund/ub55/out/glms/DMCC8078683/RESULTS/Stroop/baseline_Congruency_EVENTS_censored_shifted_1/stats_var_DMCC8078683_1_R_REML.nii.gz
++ Output dataset /data/nil-external/ccp/freund/ub55/out/glms/DMCC8078683/RESULTS/Stroop/baseline_Congruency_EVENTS_censored_shifted_1/errts_DMCC8078683_1_R_REML.nii.gz
++ Output dataset /data/nil-external/ccp/freund/ub55/out/glms/DMCC8078683/RESULTS/Stroop/baseline_Congruency_EVENTS_censored_shifted_1/wherr_DMCC8078683_1_R_REML.nii.gz
++ Output dataset /data/nil-external/ccp/freund/ub55/out/glms/DMCC8078683/RESULTS/Stroop/baseline_Congruency_EVENTS_censored_shifted_1/STATS_DMCC8078683_1_L_REML.nii.gz
 + unloading input dataset and REML matrices
++ 3dREMLfit is all done! total CPU=0.00 Elapsed=55.61
