++ 3dREMLfit: AFNI version=AFNI_18.3.16 (Dec 11 2018) [64-bit]
++ Authored by: RWCox
++ GOFORIT ==> Matrix de-singularization is engaged!
++ Number of OpenMP threads = 15
++ No mask ==> computing for all 10242 voxels
++ -----  matrix condition (1220x542):  6.40607  ++ VERY GOOD ++
[7m*+ WARNING:[0m !! in  matrix:
 * Largest singular value=2.28175
 * 14 singular values are less than cutoff=2.28175e-07
 * Implies strong collinearity in the matrix columns! 
++  matrix singular values:
             0             0             0             0   2.42163e-09
   1.08741e-08   2.38113e-08    2.5169e-08   3.17182e-08   3.63779e-08
   3.82517e-08   3.93745e-08   4.40689e-08   5.10865e-08     0.0556012
     0.0827793      0.170899       0.19636      0.206248       0.21623
      0.236602      0.281838      0.298384       0.30295      0.309063
      0.322604      0.341806      0.366194      0.377643      0.384845
      0.392431      0.394005      0.396095      0.401966      0.409103
      0.417033      0.419015      0.421611      0.423772      0.429755
      0.430939      0.432516      0.437286      0.439915      0.443223
      0.450002      0.453217      0.456805      0.459905      0.464241
      0.469333      0.474963      0.477896      0.482649      0.488643
      0.492789      0.495707      0.499034       0.50049      0.505678
      0.509187      0.511941      0.515871      0.519981      0.521209
      0.523687       0.53039      0.532464      0.536421      0.539553
      0.542813      0.543836      0.545498      0.550194      0.553303
      0.553786      0.560496      0.561511      0.563453       0.56802
      0.570745      0.576813      0.577166      0.578751      0.584764
      0.585883      0.589497      0.590586      0.591145      0.593138
      0.595314        0.5994      0.601567      0.608138       0.61133
      0.612822      0.614234      0.619941      0.623967      0.625191
       0.63015      0.630803      0.633763      0.634874      0.638116
      0.638985      0.640925      0.642868      0.645753      0.646148
      0.649345      0.650825      0.650981      0.655806      0.660602
      0.661407      0.666423      0.667617      0.670574      0.672045
      0.673241      0.675393      0.677883      0.678793      0.682764
      0.686138      0.689207      0.692464      0.694309      0.694862
      0.701563      0.703573      0.704609       0.70861      0.709601
      0.714565      0.718408      0.719025      0.721568      0.724559
      0.727082      0.730136       0.73211      0.734173      0.738318
       0.74057      0.742517      0.745699      0.749059       0.75316
      0.753393      0.756174      0.759513      0.762278      0.764081
      0.765228       0.76861      0.769645      0.771297      0.773577
      0.776395      0.780055      0.782907      0.783393       0.78564
      0.786415      0.789463      0.792117      0.793952      0.795531
      0.797335      0.799855       0.80085      0.802898      0.805615
      0.807839      0.808979      0.810527      0.814841      0.815497
      0.817366      0.819732      0.822834      0.823913       0.82674
      0.829288      0.833468      0.833737      0.834756      0.836496
      0.839956      0.840577      0.843168      0.844805      0.847772
      0.849195      0.850037      0.851904      0.859525      0.860855
      0.862232      0.865636      0.867242      0.869814      0.872057
      0.876072      0.880189      0.884248      0.885687      0.889915
      0.890865      0.897831      0.900362       0.90371       0.90656
      0.908867      0.912984      0.915454      0.917797      0.921342
      0.922299      0.924863      0.927011      0.931488      0.935546
      0.936878      0.942049      0.948054      0.950646      0.953569
      0.958094      0.959079      0.962647      0.965854      0.970646
      0.971949      0.973881      0.976377      0.977638      0.979809
      0.982915      0.986424      0.992653       0.99637      0.997583
      0.999984      0.999986      0.999987       0.99999      0.999991
      0.999993      0.999995      0.999995      0.999996      0.999997
      0.999998      0.999998      0.999999      0.999999      0.999999
      0.999999             1             1             1             1
             1             1             1             1             1
             1             1             1             1             1
             1             1             1             1             1
             1             1             1             1             1
             1             1             1             1             1
             1             1             1             1             1
       1.00001       1.00001       1.00001       1.00001       1.00018
       1.00029       1.00043       1.00097       1.00106       1.00184
       1.00261       1.00513       1.00527        1.0062       1.00756
       1.00888       1.01034        1.0131       1.01453       1.01765
       1.01873       1.01982       1.02087       1.02285       1.02571
       1.02718       1.02973       1.03365       1.03482       1.03744
       1.03805       1.03986       1.04082       1.04119       1.04221
       1.04409       1.04852       1.04998       1.05217       1.05428
       1.05607       1.05924       1.05983       1.06483       1.06765
        1.0689       1.07094       1.07217       1.07712       1.07899
       1.08034       1.08315       1.08386       1.08491       1.08922
       1.09086       1.09155       1.09489        1.0955       1.09835
       1.10068       1.10158       1.10559       1.10842       1.10946
       1.11112       1.11308       1.11438       1.11588       1.11696
       1.11953        1.1217       1.12655       1.12816       1.12877
        1.1324       1.13502       1.13576       1.13742       1.14089
       1.14202       1.14506       1.14624       1.14758       1.14925
       1.15136       1.15278       1.15477       1.15738       1.15844
       1.15996       1.16111        1.1646       1.16617       1.16782
       1.16881       1.16955       1.17058       1.17149       1.17274
       1.17519       1.17604       1.17693       1.18044       1.18243
        1.1839       1.18442       1.18519       1.18732       1.18772
       1.18869       1.18971       1.19361        1.1947       1.19655
       1.19708       1.19953       1.20152       1.20302       1.20463
       1.20509       1.20724       1.20951       1.21028       1.21374
       1.21612       1.21641       1.21778        1.2201       1.22155
       1.22425       1.22661       1.22726       1.22867       1.23142
       1.23212       1.23435       1.23572       1.23738       1.23953
       1.24101        1.2447       1.24594       1.24671       1.24952
       1.25081       1.25317       1.25479       1.25599       1.25701
       1.25812       1.25952       1.26183       1.26541       1.26557
       1.26703       1.26786       1.26997       1.27167       1.27258
       1.27315       1.27503       1.27771       1.27832        1.2787
       1.28036       1.28289       1.28341       1.28804       1.29008
       1.29202       1.29395        1.2973       1.29779       1.29941
       1.30092       1.30395       1.30534       1.30706       1.30841
       1.31029       1.31213       1.31586       1.31687       1.31782
       1.31898       1.32224       1.32282        1.3259       1.32827
       1.33035       1.33238       1.33482       1.33736       1.33873
       1.34177       1.34316       1.34585       1.34593       1.34731
       1.35144       1.35478       1.35618       1.35799       1.35928
       1.36293       1.36591       1.36878       1.36981       1.37316
       1.37545       1.37772       1.38111        1.3819       1.38886
       1.39335       1.39573       1.40116       1.40368       1.40562
       1.41248       1.41344       1.41423       1.41429       1.41473
       1.41992       1.42336       1.42822       1.43155       1.43373
       1.43851       1.44821       1.44895       1.45423       1.46993
        1.4751       1.48016       1.48475       1.49635       1.49834
       1.52383       1.52723       1.53359       1.54158       1.54578
       2.10203       2.28175
[7m*+ WARNING:[0m -GOFORIT ==> Charging ahead into battle!
 +                   ==> Check results carefully!
++ Loading input dataset into memory
 + masked off 881 voxels for being all zero; 9361 left in mask
++ starting REML setup calculations; total CPU=0.00 Elapsed=10.07
 + X matrix: 2.864% of elements are nonzero[7m*+ WARNING:[0m -----
[7m*+ WARNING:[0m QR decomposition of [R]^(-1/2) [X] had 14 collinearity problems
[7m*+ WARNING:[0m -----
 + starting 15 OpenMP threads for REML setup
 + REML setup finished: matrix rows=1220 cols=542; 109*1 cases; total CPU=0.00 Elapsed=717.75
 +  average case bandwidth = 13.15
++ REML voxel loop: [15 threads]0123456789.0123456789.0123456789.0123456789.01234567
 + ARMA voxel parameters estimated: total CPU=0.00 Elapsed=770.09
++ GLSQ loop:
[7m*+ WARNING:[0m QR decomposition of GLT setup 542x524 matrix had 8 collinearity problems

[7m*+ WARNING:[0m QR decomposition of GLT setup 542x524 matrix had 13 collinearity problems

[7m*+ WARNING:[0m QR decomposition of GLT setup 542x524 matrix had 17 collinearity problems
0123456789.0123456789.0123456789.0123456789.0123456789.
 + GLSQ regression done: total CPU=0.00 Elapsed=1544.06
++ Output dataset /data/nil-external/ccp/freund/ub55/out/glms/DMCC9953810/RESULTS/Axcpt/baseline_aggressive1_EVENTS_censored_shifted/stats_var_DMCC9953810_L_REML.func.gii
++ Output dataset /data/nil-external/ccp/freund/ub55/out/glms/DMCC9953810/RESULTS/Axcpt/baseline_aggressive1_EVENTS_censored_shifted/errts_DMCC9953810_L_REML.func.gii
++ Output dataset /data/nil-external/ccp/freund/ub55/out/glms/DMCC9953810/RESULTS/Axcpt/baseline_aggressive1_EVENTS_censored_shifted/wherr_DMCC9953810_L_REML.func.gii
++ Output dataset /data/nil-external/ccp/freund/ub55/out/glms/DMCC9953810/RESULTS/Axcpt/baseline_aggressive1_EVENTS_censored_shifted/STATS_DMCC9953810_L_REML.func.gii
 + unloading input dataset and REML matrices
++ 3dREMLfit is all done! total CPU=0.00 Elapsed=1551.66

