++ 3dREMLfit: AFNI version=AFNI_18.3.16 (Dec 11 2018) [64-bit]
++ Authored by: RWCox
++ GOFORIT ==> Matrix de-singularization is engaged!
++ Number of OpenMP threads = 15
++ No mask ==> computing for all 10242 voxels
++ -----  matrix condition (646x103):  4.23434  ++ VERY GOOD ++
++ Loading input dataset into memory
 + masked off 881 voxels for being all zero; 9361 left in mask
++ starting REML setup calculations; total CPU=0.00 Elapsed=1.04
 + X matrix: 15.743% of elements are nonzero
 + starting 15 OpenMP threads for REML setup
 + REML setup finished: matrix rows=646 cols=103; 109*1 cases; total CPU=0.00 Elapsed=10.20
 +  average case bandwidth = 13.11
++ REML voxel loop: [15 threads]0123456789.0123456789.0123456789.123456789901234566

 + ARMA voxel parameters estimated: total CPU=0.00 Elapsed=33.78
++ GLSQ loop0123456789.0123456789.0123456789.01234567789.0123456789.
 + GLSQ regression done: total CPU=0.00 Elapsed=43.91
++ Output dataset /data/nil-external/ccp/freund/ub55/out/glms/594156/RESULTS/Cuedts/baseline_CongruencySwitch_EVENTS_censored_shifted_1/stats_var_594156_1_R_REML.nii.gz+++ Output dataset /data/nil-external/ccp/freund/ub55/out/glms/594156/RESULTS/Cuedts/baseline_CongruencySwitch_EVENTS_censored_shifted_1/errts_594156_1_R_REML.nii.gz+++ Output dataset /data/nil-external/ccp/freund/ub55/out/glms/594156/RESULTS/Cuedts/baseline_CongruencySwitch_EVENTS_censored_shifted_1/wherr_594156_1_R_REML.nii.gz
++ Output dataset /data/nil-external/ccp/freund/ub55/out/glms/594156/RESULTS/Cuedts/baseline_CongruencySwitch_EVENTS_censored_shifted_1/STATS_594156_1_R_REML.nii.gz
 + unloading input dataset and REML matrices
++ 3dREMLfit is all done! total CPU=0.00 Elapsed=60.39
