++ 3dREMLfit: AFNI version=AFNI_18.3.16 (Dec 11 2018) [64-bit]
++ Authored by: RWCox
++ GOFORIT ==> Matrix de-singularization is engaged!
++ Number of OpenMP threads = 15
++ No mask ==> computing for all 10242 voxels
++ -----  matrix condition (1297x642):  6.68562  ++ VERY GOOD ++
++ Loading input dataset into memory
 + masked off 881 voxels for being all zero; 9361 left in mask
++ starting REML setup calculations; total CPU=0.00 Elapsed=8.84
 + X matrix: 2.523% of elements are nonzero
 + starting 15 OpenMP threads for REML setup
 + REML setup finished: matrix rows=1297 cols=642; 109*1 cases; total CPU=0.00 Elapsed=632.78
 +  average case bandwidth = 13.16
++ REML voxel loop: [15 threads]0123456789.0123456789.0123456789.0123456789.01234567
 + ARMA voxel parameters estimated: total CPU=0.00 Elapsed=712.73
++ GLSQ loop:0123456789.0123456789.0123456789.0123456789.0123456789.
 + GLSQ regression done: total CPU=0.00 Elapsed=1567.06
++ Output dataset /data/nil-external/ccp/freund/ub55/out/glms/233326/RESULTS/Cuedts/baseline_aggressive1_EVENTS_censored_shifted/stats_var_233326_L_REML.func.gii
++ Output dataset /data/nil-external/ccp/freund/ub55/out/glms/233326/RESULTS/Cuedts/baseline_aggressive1_EVENTS_censored_shifted/errts_233326_L_REML.func.gii
++ Output dataset /data/nil-external/ccp/freund/ub55/out/glms/233326/RESULTS/Cuedts/baseline_aggressive1_EVENTS_censored_shifted/wherr_233326_L_REML.func.gii
++ Output dataset /data/nil-external/ccp/freund/ub55/out/glms/233326/RESULTS/Cuedts/baseline_aggressive1_EVENTS_censored_shifted/STATS_233326_L_REML.func.gii
 + unloading input dataset and REML matrices
++ 3dREMLfit is all done! total CPU=0.00 Elapsed=1574.57
