++ 3dREMLfit: AFNI version=AFNI_18.3.16 (Dec 11 2018) [64-bit]
++ Authored by: RWCox
++ GOFORIT ==> Matrix de-singularization is engaged!
++ Number of OpenMP threads = 15
++ No mask ==> computing for all 10242 voxels
[7m** ERROR:[0m matrix column #21 is all zero!?
[7m** ERROR:[0m matrix column #25 is all zero!?
[7m** ERROR:[0m matrix column #26 is all zero!?
[7m** ERROR:[0m matrix column #30 is all zero!?
[7m** ERROR:[0m matrix column #31 is all zero!?
[7m** ERROR:[0m matrix column #32 is all zero!?
[7m** ERROR:[0m matrix column #38 is all zero!?
[7m** ERROR:[0m matrix column #39 is all zero!?
[7m** ERROR:[0m matrix column #43 is all zero!?
[7m** ERROR:[0m matrix column #44 is all zero!?
[7m** ERROR:[0m matrix column #48 is all zero!?
[7m** ERROR:[0m matrix column #50 is all zero!?
[7m*+ WARNING:[0m You said to GOFORIT, so here we GO!
 +          Note that a bunch of further WARNINGs will be generated below.
++ Denominator DOF increased from 474 to 486 to allow for all zero columns
++ -----  matrix condition (532x58):  3.84433  ++ VERY GOOD ++
[7m*+ WARNING:[0m !! in  matrix:
 * Largest singular value=1.87259
 * 12 singular values are less than cutoff=1.87259e-07
 * Implies strong collinearity in the matrix columns! 
++  matrix singular values:
             0             0             0             0   6.93675e-09
   7.22819e-09   1.05164e-08   1.37616e-08   1.37883e-08   1.88688e-08
   2.33401e-08   2.36717e-08      0.126707      0.156988      0.245948
      0.353722      0.435008      0.487603      0.582572      0.706464
      0.794977      0.806789      0.843872      0.855375       0.86464
      0.875433      0.882156      0.914161      0.936285      0.943928
      0.951241      0.981567      0.991096      0.998435      0.999866
      0.999963             1       1.00002       1.00008       1.00043
       1.00077       1.00311       1.00374       1.01544       1.02823
       1.03843       1.05045       1.05636       1.08228       1.10648
       1.11552       1.12593       1.16171       1.21652       1.27783
       1.57188       1.81359       1.87259
[7m*+ WARNING:[0m -GOFORIT ==> Charging ahead into battle!
 +                   ==> Check results carefully!
++ Editing GLT matrices for all zero X matrix columns
 + Removed 12 all zero rows from GLT matrix 'Full'; numerator DOF changes from 46 to 34
 + GLT matrix 'blackGREEN' is all zero!
 + GLT matrix 'bluePURPLE' is all zero!
 + GLT matrix 'blueRED' is all zero!
 + GLT matrix 'greenPINK' is all zero!
 + GLT matrix 'greenYELLOW' is all zero!
 + GLT matrix 'pinkBLACK' is all zero!
 + GLT matrix 'purpleRED' is all zero!
 + GLT matrix 'purpleWHITE' is all zero!
 + GLT matrix 'redWHITE' is all zero!
 + GLT matrix 'whiteBLUE' is all zero!
 + GLT matrix 'yellowBLACK' is all zero!
 + GLT matrix 'yellowPINK' is all zero!
++ Loading input dataset into memory
 + masked off 888 voxels for being all zero; 9354 left in mask
++ starting REML setup calculations; total CPU=0.00 Elapsed=0.91
 + X matrix: 26.902% of elements are nonzero
[7m*+ WARNING:[0m -----
[7m*+ WARNING:[0m QR decomposition of [R]^(-1/2) [X] had 12 collinearity problems
[7m*+ WARNING:[0m -----
 + starting 15 OpenMP threads for REML setup
 + REML setup finished: matrix rows=532 cols=58; 109*1 cases; total CPU=0.00 Elapsed=3.31
 +  average case bandwidth = 12.94
++ REML voxel loop: [15 threads]0123456789.0123456789.0123456789.0123456789.01234567
 + ARMA voxel parameters estimated: total CPU=0.00 Elapsed=23.32
++ GLSQ loop:[7m*+ WARNING:[0m GLT setup 58x1 matrix is all zero?
0123456789.0123456789.0123456789.0123456789.0123456789.
 + GLSQ regression done: total CPU=0.00 Elapsed=49.45
++ Output dataset /data/nil-external/ccp/freund/ub55/out/glms/161832/RESULTS/Stroop/baseline_fix-item_EVENTS_censored_1/stats_var_161832_1_L_REML.func.gii
++ Output dataset /data/nil-external/ccp/freund/ub55/out/glms/161832/RESULTS/Stroop/baseline_fix-item_EVENTS_censored_1/errts_161832_1_L_REML.func.gii
++ Output dataset /data/nil-external/ccp/freund/ub55/out/glms/161832/RESULTS/Stroop/baseline_fix-item_EVENTS_censored_1/wherr_161832_1_L_REML.func.gii
[7m*+ WARNING:[0m Zero-ed 112248 float errors in dataset /data/nil-external/ccp/freund/ub55/out/glms/161832/RESULTS/Stroop/baseline_fix-item_EVENTS_censored_1/STATS_161832_1_L_REML.func.gii
 +    Float errors include NaN and Infinity values
 +    ==> Check matrix setup! Check inputs! Check results!
++ Output dataset /data/nil-external/ccp/freund/ub55/out/glms/161832/RESULTS/Stroop/baseline_fix-item_EVENTS_censored_1/STATS_161832_1_L_REML.func.gii
 + unloading input dataset and REML matrices
++ 3dREMLfit is all done! total CPU=0.00 Elapsed=55.40
