*+ WARNING: '-stim_times 9' didn't read any good times from file '/data/nil-external/ccp/freund/ub55/out/glms/DMCC7297690/INPUT_DATA/Axcpt/baseline/DMCC7297690_Axcpt_baseline_N_ng_shifted.txt'
*+ WARNING: -stim_times 9 has all times equal to '*' ?!?!
*+ WARNING: !! '-stim_times 9' file '/data/nil-external/ccp/freund/ub55/out/glms/DMCC7297690/INPUT_DATA/Axcpt/baseline/DMCC7297690_Axcpt_baseline_N_ng_shifted.txt' has no good stimulus time values
*+ WARNING: -------------------------------------------------
*+ WARNING: Problems with the X matrix columns, listed below:
*+ WARNING: !! * Column 128 [N_ng#0] is all zeros
*+ WARNING: !! * Column 129 [N_ng#1] is all zeros
*+ WARNING: !! * Column 130 [N_ng#2] is all zeros
*+ WARNING: !! * Column 131 [N_ng#3] is all zeros
*+ WARNING: !! * Column 132 [N_ng#4] is all zeros
*+ WARNING: !! * Column 133 [N_ng#5] is all zeros
*+ WARNING: !! * Column 134 [N_ng#6] is all zeros
*+ WARNING: !! * Column 135 [N_ng#7] is all zeros
*+ WARNING: !! * Column 136 [N_ng#8] is all zeros
*+ WARNING: !! * Column 137 [N_ng#9] is all zeros
*+ WARNING: !! * Column 138 [N_ng#10] is all zeros
*+ WARNING: !! * Column 139 [N_ng#11] is all zeros
*+ WARNING: !! * Column 140 [N_ng#12] is all zeros
*+ WARNING: !! * Column 141 [N_ng#13] is all zeros
*+ WARNING: !! * Column 142 [N_ng#14] is all zeros
*+ WARNING: !! * Column 143 [N_ng#15] is all zeros
*+ WARNING: !! * Column 144 [N_ng#16] is all zeros
*+ WARNING: !! * Columns 179 [U_ng#0] and 356 [U_X#7] are (nearly?) collinear!
*+ WARNING: !! * Columns 180 [U_ng#1] and 357 [U_X#8] are (nearly?) collinear!
*+ WARNING: !! * Columns 181 [U_ng#2] and 358 [U_X#9] are (nearly?) collinear!
*+ WARNING: !! * Columns 182 [U_ng#3] and 359 [U_X#10] are (nearly?) collinear!
*+ WARNING: !! * Columns 183 [U_ng#4] and 360 [U_X#11] are (nearly?) collinear!
*+ WARNING: !! * Columns 184 [U_ng#5] and 361 [U_X#12] are (nearly?) collinear!
*+ WARNING: !! * Columns 185 [U_ng#6] and 362 [U_X#13] are (nearly?) collinear!
*+ WARNING: !! * Columns 186 [U_ng#7] and 363 [U_X#14] are (nearly?) collinear!
*+ WARNING: !! * Columns 187 [U_ng#8] and 364 [U_X#15] are (nearly?) collinear!
*+ WARNING: !! * Columns 188 [U_ng#9] and 365 [U_X#16] are (nearly?) collinear!
*+ WARNING: -------------------------------------------------
*+ WARNING: !! in Signal+Baseline matrix:
 * Largest singular value=2.13978
 * 27 singular values are less than cutoff=2.13978e-07
 * Implies strong collinearity in the matrix columns! 
*+ WARNING: !! in Signal-only matrix:
 * Largest singular value=1.88023
 * 27 singular values are less than cutoff=1.88023e-07
 * Implies strong collinearity in the matrix columns! 
