++ 3dREMLfit: AFNI version=AFNI_18.3.16 (Dec 11 2018) [64-bit]
++ Authored by: RWCox
++ GOFORIT ==> Matrix de-singularization is engaged!
++ Number of OpenMP threads = 15
++ No mask ==> computing for all 10242 voxels
++ -----  matrix condition (535x78):  5.4856  ++ VERY GOOD ++
++ Loading input dataset into memory
 + masked off 888 voxels for being all zero; 9354 left in mask
++ starting REML setup calculations; total CPU=0.00 Elapsed=0.67
 + X matrix: 23.460% of elements are nonzero
 + starting 15 OpenMP threads for REML setup
 + REML setup finished: matrix rows=535 cols=78; 109*1 cases; total CPU=0.00 Elapsed=4.42
 +  average case bandwidth = 13.05
++ REML voxel loop: [15 threads]0123456789.0123456789.0123456789.0123456789.01234567
 + ARMA voxel parameters estimated: total CPU=0.00 Elapsed=28.90
++ GLSQ loop:0123456789.0123456789.0123456789.0123456789.0123456789.
 + GLSQ regression done: total CPU=0.00 Elapsed=43.32
++ Output dataset /data/nil-external/ccp/freund/ub55/out/glms/165032/RESULTS/Stroop/baseline_Congruency_EVENTS_censored_shifted_1/stats_var_165032_1_R_REML.nii.gz
++ Output dataset /data/nil-external/ccp/freund/ub55/out/glms/165032/RESULTS/Stroop/baseline_Congruency_EVENTS_censored_shifted_1/errts_165032_1_R_REML.nii.gz
++ Output dataset /data/nil-external/ccp/freund/ub55/out/glms/165032/RESULTS/Stroop/baseline_Congruency_EVENTS_censored_shifted_1/wherr_165032_1_R_REML.nii.gz
++ Output dataset /data/nil-external/ccp/freund/ub55/out/glms/165032/RESULTS/Stroop/baseline_Congruency_EVENTS_censored_shifted_1/STATS_165032_1_R_REML.nii.gz
 + unloading input dataset and REML matrices
++ 3dREMLfit is all done! total CPU=0.00 Elapsed=49.39
