++ 3dREMLfit: AFNI version=AFNI_18.3.16 (Dec 11 2018) [64-bit]
++ Authored by: RWCox
++ GOFORIT ==> Matrix de-singularization is engaged!
++ Number of OpenMP threads = 15
++ No mask ==> computing for all 10242 voxels
++ -----  matrix condition (503x128):  5.51818  ++ VERY GOOD ++
++ Loading input dataset into memory
 + masked off 881 voxels for being all zero; 9361 left in mask
++ starting REML setup calculations; total CPU=0.00 Elapsed=3.00
 + X matrix: 12.576% of elements are nonzero
 + starting 15 OpenMP threads for REML setup
 + REML setup finished: matrix rows=503 cols=128; 109*1 cases; total CPU=0.00 Elapsed=15.19
 +  average case bandwidth = 11.06
++ REML voxel loop: [15 threads]0123456789.0123456789.0123456789.0123456789.01234567
 + ARMA voxel parameters estimated: total CPU=0.00 Elapsed=36.33
++ GLSQ loop:0123456789.0123456789.0123456789.0123456789.0123456789.
 + GLSQ regression done: total CPU=0.00 Elapsed=48.37
++ Output dataset /data/nil-external/ccp/freund/ub55/out/glms/580650/RESULTS/Axcpt/baseline_Cues_EVENTS_censored_shifted_2/stats_var_580650_2_R_REML.nii.gz
++ Output dataset /data/nil-external/ccp/freund/ub55/out/glms/580650/RESULTS/Axcpt/baseline_Cues_EVENTS_censored_shifted_2/errts_580650_2_R_REML.nii.gz
++ Output dataset /data/nil-external/ccp/freund/ub55/out/glms/580650/RESULTS/Axcpt/baseline_Cues_EVENTS_censored_shifted_2/wherr_580650_2_R_REML.nii.gz
++ Output dataset /data/nil-external/ccp/freund/ub55/out/glms/580650/RESULTS/Axcpt/baseline_Cues_EVENTS_censored_shifted_2/STATS_580650_2_R_REML.nii.gz
 + unloading input dataset and REML matrices
++ 3dREMLfit is all done! total CPU=0.00 Elapsed=61.82
