++ 3dREMLfit: AFNI version=AFNI_18.3.16 (Dec 11 2018) [64-bit]
++ Authored by: RWCox
++ GOFORIT ==> Matrix de-singularization is engaged!
++ Number of OpenMP threads = 15
++ No mask ==> computing for all 10242 voxels
[7m** ERROR:[0m matrix column #21 is all zero!?
[7m** ERROR:[0m matrix column #25 is all zero!?
[7m** ERROR:[0m matrix column #26 is all zero!?
[7m** ERROR:[0m matrix column #30 is all zero!?
[7m** ERROR:[0m matrix column #31 is all zero!?
[7m** ERROR:[0m matrix column #32 is all zero!?
[7m** ERROR:[0m matrix column #38 is all zero!?
[7m** ERROR:[0m matrix column #39 is all zero!?
[7m** ERROR:[0m matrix column #43 is all zero!?
[7m** ERROR:[0m matrix column #44 is all zero!?
[7m** ERROR:[0m matrix column #48 is all zero!?
[7m** ERROR:[0m matrix column #50 is all zero!?
[7m*+ WARNING:[0m You said to GOFORIT, so here we GO!
 +          Note that a bunch of further WARNINGs will be generated below.
++ Denominator DOF increased from 471 to 483 to allow for all zero columns
++ -----  matrix condition (529x58):  3.96166  ++ VERY GOOD ++
[7m*+ WARNING:[0m !! in  matrix:
 * Largest singular value=1.92998
 * 12 singular values are less than cutoff=1.92998e-07
 * Implies strong collinearity in the matrix columns! 
++  matrix singular values:
             0             0             0             0             0
             0             0   7.86138e-09   9.32186e-09   1.17585e-08
   1.64784e-08   1.92685e-08       0.12297      0.183176       0.22638
      0.296615      0.411026      0.494399      0.566857       0.65395
      0.728726      0.768165      0.780604      0.806655      0.853851
      0.863772      0.885954      0.909852      0.917391      0.921212
      0.941993      0.943651      0.967719      0.988046      0.997699
             1       1.00004       1.00019       1.00044       1.00113
        1.0019        1.0039       1.01045       1.01271       1.03241
       1.05241        1.0603       1.06524       1.08034       1.10749
       1.12447       1.13576       1.16625       1.27821       1.38027
       1.50504       1.86365       1.92998
[7m*+ WARNING:[0m -GOFORIT ==> Charging ahead into battle!
 +                   ==> Check results carefully!
++ Editing GLT matrices for all zero X matrix columns
 + Removed 12 all zero rows from GLT matrix 'Full'; numerator DOF changes from 46 to 34
 + GLT matrix 'blackGREEN' is all zero!
 + GLT matrix 'bluePURPLE' is all zero!
 + GLT matrix 'blueRED' is all zero!
 + GLT matrix 'greenPINK' is all zero!
 + GLT matrix 'greenYELLOW' is all zero!
 + GLT matrix 'pinkBLACK' is all zero!
 + GLT matrix 'purpleRED' is all zero!
 + GLT matrix 'purpleWHITE' is all zero!
 + GLT matrix 'redWHITE' is all zero!
 + GLT matrix 'whiteBLUE' is all zero!
 + GLT matrix 'yellowBLACK' is all zero!
 + GLT matrix 'yellowPINK' is all zero!
++ Loading input dataset into memory
 + masked off 881 voxels for being all zero; 9361 left in mask
++ starting REML setup calculations; total CPU=0.00 Elapsed=1.46
 + X matrix: 26.879% of elements are nonzero
[7m*+ WARNING:[0m -----
[7m*+ WARNING:[0m QR decomposition of [R]^(-1/2) [X] had 12 collinearity problems
[7m*+ WARNING:[0m -----
 + starting 15 OpenMP threads for REML setup
 + REML setup finished: matrix rows=529 cols=58; 109*1 cases; total CPU=0.00 Elapsed=4.04
 +  average case bandwidth = 12.91
++ REML voxel loop: [15 threads]0123456789.0123456789.0123456789.0123456789.01234567
 + ARMA voxel parameters estimated: total CPU=0.00 Elapsed=23.80
++ GLSQ loop:[7m*+ WARNING:[0m GLT setup 58x1 matrix is all zero?
0123456789.0123456789.0123456789.0123456789.0123456789.
 + GLSQ regression done: total CPU=0.00 Elapsed=49.84
++ Output dataset /data/nil-external/ccp/freund/ub55/out/glms/DMCC7921988/RESULTS/Stroop/baseline_fix-item_EVENTS_censored_1/stats_var_DMCC7921988_1_R_REML.nii.gz
++ Output dataset /data/nil-external/ccp/freund/ub55/out/glms/DMCC7921988/RESULTS/Stroop/baseline_fix-item_EVENTS_censored_1/errts_DMCC7921988_1_L_REML.nii.gz
++ Output dataset /data/nil-external/ccp/freund/ub55/out/glms/DMCC7921988/RESULTS/Stroop/baseline_fix-item_EVENTS_censored_1/wherr_DMCC7921988_1_L_REML.nii.gz
[7m*+ WARNING:[0m Zero-ed 112248 float errors in dataset /data/nil-external/ccp/freund/ub55/out/glms/DMCC7921988/RESULTS/Stroop/baseline_fix-item_EVENTS_censored_1/STATS_DMCC7921988_1_L_REML.nii.gz
 +    Float errors include NaN and Infinity values
 +    ==> Check matrix setup! Check inputs! Check results!
++ Output dataset /data/nil-external/ccp/freund/ub55/out/glms/DMCC7921988/RESULTS/Stroop/baseline_fix-item_EVENTS_censored_1/STATS_DMCC7921988_1_L_REML.nii.gz
 + unloading input dataset and REML matrices
++ 3dREMLfit is all done! total CPU=0.00 Elapsed=63.01
