*+ WARNING: '-stim_times 4' didn't read any good times from file '/data/nil-external/ccp/freund/ub55/out/glms/233326/INPUT_DATA/Axcpt/baseline/233326_Axcpt_baseline_C_ng_shifted.txt'
*+ WARNING: '-stim_times 6' didn't read any good times from file '/data/nil-external/ccp/freund/ub55/out/glms/233326/INPUT_DATA/Axcpt/baseline/233326_Axcpt_baseline_F_ng_shifted.txt'
*+ WARNING: -stim_times 4 has all times equal to '*' ?!?!
*+ WARNING: !! '-stim_times 4' file '/data/nil-external/ccp/freund/ub55/out/glms/233326/INPUT_DATA/Axcpt/baseline/233326_Axcpt_baseline_C_ng_shifted.txt' has no good stimulus time values
*+ WARNING: -stim_times 6 has all times equal to '*' ?!?!
*+ WARNING: !! '-stim_times 6' file '/data/nil-external/ccp/freund/ub55/out/glms/233326/INPUT_DATA/Axcpt/baseline/233326_Axcpt_baseline_F_ng_shifted.txt' has no good stimulus time values
*+ WARNING: -------------------------------------------------
*+ WARNING: Problems with the X matrix columns, listed below:
*+ WARNING: !! * Column 43 [C_ng#0] is all zeros
*+ WARNING: !! * Column 44 [C_ng#1] is all zeros
*+ WARNING: !! * Column 45 [C_ng#2] is all zeros
*+ WARNING: !! * Column 46 [C_ng#3] is all zeros
*+ WARNING: !! * Column 47 [C_ng#4] is all zeros
*+ WARNING: !! * Column 48 [C_ng#5] is all zeros
*+ WARNING: !! * Column 49 [C_ng#6] is all zeros
*+ WARNING: !! * Column 50 [C_ng#7] is all zeros
*+ WARNING: !! * Column 51 [C_ng#8] is all zeros
*+ WARNING: !! * Column 52 [C_ng#9] is all zeros
*+ WARNING: !! * Column 53 [C_ng#10] is all zeros
*+ WARNING: !! * Column 54 [C_ng#11] is all zeros
*+ WARNING: !! * Column 55 [C_ng#12] is all zeros
*+ WARNING: !! * Column 56 [C_ng#13] is all zeros
*+ WARNING: !! * Column 57 [C_ng#14] is all zeros
*+ WARNING: !! * Column 58 [C_ng#15] is all zeros
*+ WARNING: !! * Column 59 [C_ng#16] is all zeros
*+ WARNING: !! * Column 77 [F_ng#0] is all zeros
*+ WARNING: !! * Column 78 [F_ng#1] is all zeros
*+ WARNING: !! * Column 79 [F_ng#2] is all zeros
*+ WARNING: !! * Column 80 [F_ng#3] is all zeros
*+ WARNING: !! * Column 81 [F_ng#4] is all zeros
*+ WARNING: !! * Column 82 [F_ng#5] is all zeros
*+ WARNING: !! * Column 83 [F_ng#6] is all zeros
*+ WARNING: !! * Column 84 [F_ng#7] is all zeros
*+ WARNING: !! * Column 85 [F_ng#8] is all zeros
*+ WARNING: !! * Column 86 [F_ng#9] is all zeros
*+ WARNING: !! * Column 87 [F_ng#10] is all zeros
*+ WARNING: !! * Column 88 [F_ng#11] is all zeros
*+ WARNING: !! * Column 89 [F_ng#12] is all zeros
*+ WARNING: !! * Column 90 [F_ng#13] is all zeros
*+ WARNING: !! * Column 91 [F_ng#14] is all zeros
*+ WARNING: !! * Column 92 [F_ng#15] is all zeros
*+ WARNING: !! * Column 93 [F_ng#16] is all zeros
*+ WARNING: -------------------------------------------------
*+ WARNING: !! in Signal+Baseline matrix:
 * Largest singular value=2.10346
 * 34 singular values are less than cutoff=2.10346e-07
 * Implies strong collinearity in the matrix columns! 
*+ WARNING: !! in Signal-only matrix:
 * Largest singular value=1.87764
 * 34 singular values are less than cutoff=1.87764e-07
 * Implies strong collinearity in the matrix columns! 
