++ 3dREMLfit: AFNI version=AFNI_18.3.16 (Dec 11 2018) [64-bit]
++ Authored by: RWCox
++ GOFORIT ==> Matrix de-singularization is engaged!
++ Number of OpenMP threads = 15
++ No mask ==> computing for all 10242 voxels
++ -----  matrix condition (1197x263):  6.4041  ++ VERY GOOD ++
++ Loading input dataset into memory
 + masked off 881 voxels for being all zero; 9361 left in mask
++ starting REML setup calculations; total CPU=0.00 Elapsed=5.70
 + X matrix: 6.179% of elements are nonzero
 + starting 15 OpenMP threads for REML setup
 + REML setup finished: matrix rows=1197 cols=263; 109*1 cases; total CPU=0.00 Elapsed=77.97
 +  average case bandwidth = 13.12
++ REML voxel loop: [15 threads]0123456789.0123456789.0123456789.0123456789.01234567
 + ARMA voxel parameters estimated: total CPU=0.00 Elapsed=111.95
++ GLSQ loop00123456789.0123456789.0123456789.0123456789.0123456789.
 + GLSQ regression done: total CPU=0.00 Elapsed=267.18
++ Output dataset /data/nil-external/ccp/freund/ub55/out/glms/107321/RESULTS/Stern/baseline_aggressive1_EVENTS_censored_shifted/stats_var_107321_R_REML.func.gii
++ Output dataset /data/nil-external/ccp/freund/ub55/out/glms/107321/RESULTS/Stern/baseline_aggressive1_EVENTS_censored_shifted/errts_107321_R_REML.func.gii
++ Output dataset /data/nil-external/ccp/freund/ub55/out/glms/107321/RESULTS/Stern/baseline_aggressive1_EVENTS_censored_shifted/wherr_107321_R_REML.func.gii
++ Output dataset /data/nil-external/ccp/freund/ub55/out/glms/107321/RESULTS/Stern/baseline_aggressive1_EVENTS_censored_shifted/STATS_107321_R_REML.func.gii
 + unloading input dataset and REML matrices
++ 3dREMLfit is all done! total CPU=0.00 Elapsed=282.55
