++ 3dREMLfit: AFNI version=AFNI_18.3.16 (Dec 11 2018) [64-bit]
++ Authored by: RWCox
++ GOFORIT ==> Matrix de-singularization is engaged!
++ Number of OpenMP threads = 15
++ No mask ==> computing for all 10242 voxels
++ -----  matrix condition (1297x642):  6.59749  ++ VERY GOOD ++
[7m*+ WARNING:[0m !! in  matrix:
 * Largest singular value=1.975
 * 10 singular values are less than cutoff=1.975e-07
 * Implies strong collinearity in the matrix columns! 
++  matrix singular values:
             0             0             0    3.1354e-08   3.38913e-08
   4.20059e-08   4.37415e-08   4.77388e-08   5.53552e-08   5.79846e-08
     0.0453743      0.178393      0.184786      0.198157      0.232262
      0.266782      0.287025      0.300481      0.313924      0.336317
      0.340724      0.348128      0.351198      0.361592      0.363506
      0.369955      0.374842      0.377406      0.381605      0.382417
      0.389531      0.391748      0.396231      0.396596      0.400782
      0.402352      0.406662      0.407049      0.409157      0.412166
      0.414934       0.41923      0.419963      0.421165      0.422223
      0.426759      0.429688      0.436106      0.441084      0.442581
      0.444667        0.4498      0.455344      0.461996       0.46878
      0.472611      0.475561      0.483711       0.48636      0.490356
      0.495732      0.498376      0.500694      0.503692      0.506025
      0.508909      0.512891      0.514119       0.51753      0.520957
      0.523227      0.523622      0.525981      0.529714      0.531326
      0.535769       0.53718      0.538666      0.540219      0.540891
      0.542666      0.547708      0.548462      0.552114       0.55324
      0.557594      0.558721      0.561519      0.562961      0.564952
      0.566728      0.568728      0.569375      0.572091      0.574573
      0.575727      0.577201      0.577763      0.581027      0.584812
      0.587859       0.58812      0.591217      0.593104      0.594426
      0.596109       0.59719      0.599191      0.600491      0.603604
      0.607854      0.609933      0.610879      0.612244      0.613956
       0.62036      0.621788      0.622537      0.625953      0.629227
      0.630165      0.632975      0.635632      0.636808      0.637262
      0.640045      0.642842      0.643762      0.644479      0.647284
      0.650349      0.651108      0.653731      0.656217      0.657168
      0.661338      0.662473      0.665561      0.666915      0.669911
      0.671217       0.67301      0.674504      0.677096      0.679202
      0.681395      0.684577      0.687038      0.688333      0.691443
      0.693056      0.693851      0.696281      0.697122      0.701038
      0.703165      0.705086      0.705931      0.711499      0.712346
      0.713489      0.716382      0.718763      0.720872      0.724138
      0.725484      0.726939        0.7297      0.731642      0.733439
      0.733894      0.734805      0.738289      0.739589      0.740081
      0.742553      0.743098      0.744764      0.746372      0.747387
      0.749955      0.752256      0.753129      0.753602      0.755839
      0.757057      0.760277      0.761295      0.763225      0.764506
       0.76585      0.766765      0.769523      0.770548      0.774937
      0.777087      0.778049      0.778749      0.780883      0.782427
       0.78536      0.785979      0.787697      0.789333      0.792048
       0.79387      0.795786      0.797472      0.799206      0.800466
      0.803508      0.805463      0.806948       0.81171      0.812949
      0.814471      0.815544       0.81556      0.818454      0.819717
      0.821186      0.822716      0.824238       0.82571      0.826047
      0.829693      0.831488      0.834361      0.835355      0.838892
      0.839351      0.840517      0.842676       0.84491      0.846203
      0.846993      0.849207      0.851675      0.854493      0.854815
      0.859715      0.860019      0.862229      0.862386       0.86452
       0.86612      0.867376      0.869355       0.87387      0.875842
      0.877663       0.87947      0.880925      0.884292      0.886731
      0.888967      0.892868      0.894145      0.895736       0.89881
      0.901116      0.904198      0.908019      0.909268      0.910981
      0.912182       0.91458      0.916515      0.919506      0.919745
      0.920908      0.923462      0.925623       0.92703      0.928731
      0.931621      0.934601      0.937534      0.938196      0.939794
      0.939821      0.941708      0.943864      0.947277      0.947981
       0.94842      0.951697      0.952814      0.953952      0.955432
      0.958543      0.961333      0.962475      0.963214      0.964492
      0.965257      0.968976      0.970608      0.971753      0.971936
      0.974862         0.976      0.976823       0.97893       0.98041
      0.983756      0.984794      0.985677      0.988672      0.989545
      0.989901      0.992217      0.992863       0.99513      0.995677
      0.997357      0.998352      0.998596      0.999973      0.999992
             1             1       1.00001       1.00008       1.00013
       1.00021       1.00073       1.00101       1.00121        1.0014
       1.00248       1.00327        1.0044       1.00465       1.00509
       1.00641       1.00732       1.00796       1.01027       1.01178
       1.01419       1.01597       1.01732       1.01911       1.02057
       1.02176       1.02296       1.02373       1.02487       1.02685
       1.02773       1.02934       1.02982       1.03074       1.03294
       1.03502       1.03717       1.03753       1.03892       1.04014
       1.04224       1.04462       1.04567       1.04579       1.04755
        1.0501       1.05097        1.0519       1.05286       1.05405
       1.05741       1.05842       1.06122       1.06254       1.06389
        1.0651       1.06751       1.06978       1.07009       1.07145
       1.07344       1.07567       1.07606       1.07771       1.07965
       1.08399        1.0847        1.0858       1.08654       1.08785
       1.08952       1.09107       1.09189       1.09321       1.09564
       1.09643       1.09822       1.10241       1.10385       1.10568
       1.10676        1.1092       1.11049       1.11214       1.11286
       1.11434       1.11694       1.11887       1.12139       1.12206
       1.12349        1.1245       1.12785        1.1286       1.13043
       1.13161       1.13197       1.13332       1.13427       1.13659
       1.13683       1.13936       1.13976       1.14257       1.14332
       1.14464       1.14639       1.14803       1.14876       1.14968
       1.15134       1.15294       1.15505       1.15765       1.15798
          1.16       1.16168       1.16201       1.16351       1.16492
        1.1661       1.16714       1.16907        1.1696       1.17008
       1.17161       1.17365       1.17456         1.176       1.17654
       1.17878       1.18036       1.18088        1.1819       1.18271
       1.18415       1.18605       1.18737       1.18848       1.18863
       1.19009       1.19069        1.1918       1.19223       1.19361
       1.19498        1.1958       1.19665       1.19934       1.20018
       1.20091       1.20231       1.20309       1.20396       1.20461
       1.20588       1.20732       1.20824       1.20893       1.20999
       1.21193       1.21252       1.21375       1.21456       1.21624
       1.21701       1.21826        1.2186       1.22103       1.22261
       1.22327       1.22472       1.22579       1.22724       1.22755
       1.22811       1.23074       1.23329       1.23418       1.23449
       1.23589       1.23703        1.2383       1.23889       1.23991
       1.24171       1.24282       1.24338       1.24526       1.24669
       1.24788       1.24847       1.24989       1.25053       1.25277
        1.2537        1.2548       1.25515        1.2564       1.25756
       1.25875       1.25981       1.26081       1.26203       1.26285
       1.26375       1.26519       1.26528       1.26749       1.26867
       1.26977       1.27089       1.27114       1.27337       1.27524
       1.27653       1.27765       1.27891       1.27999       1.28065
       1.28154       1.28257       1.28321       1.28353       1.28496
       1.28627       1.28683       1.28857       1.28885       1.29041
       1.29142       1.29189       1.29313       1.29406       1.29479
        1.2951       1.29606       1.29738       1.29823       1.29845
       1.29971       1.30217        1.3027       1.30517       1.30564
       1.30676       1.30726       1.30782        1.3084       1.30939
       1.31003       1.31125       1.31259       1.31333       1.31416
       1.31461       1.31646       1.31707        1.3181       1.31912
       1.31961       1.32033        1.3224       1.32282       1.32463
       1.32756       1.32757       1.32976       1.33309       1.33475
       1.33632       1.33928       1.34049       1.34151       1.34327
       1.34493       1.34593       1.34717       1.34844       1.34928
       1.35052       1.35218       1.35247       1.35253        1.3539
       1.35465       1.35532       1.35597       1.35672       1.35746
       1.35843       1.36011       1.36055       1.36111       1.36314
       1.36337       1.36438       1.36544         1.367        1.3682
       1.37096       1.37259       1.37365        1.3819        1.3934
       1.39962       1.40545         1.414       1.41421       1.41421
       1.41421       1.41422       1.41423       1.41426       1.41453
       1.42238       1.45699       1.48469       1.56459       1.65998
       1.93548         1.975
[7m*+ WARNING:[0m -GOFORIT ==> Charging ahead into battle!
 +                   ==> Check results carefully!
++ Loading input dataset into memory
 + masked off 881 voxels for being all zero; 9361 left in mask
++ starting REML setup calculations; total CPU=0.00 Elapsed=9.12
 + X matrix: 2.488% of elements are nonzero
[7m*+ WARNING:[0m -----
[7m*+ WARNING:[0m QR decomposition of [R]^(-1/2) [X] had 10 collinearity problems
[7m*+ WARNING:[0m -----
 + starting 15 OpenMP threads for REML setup
 + REML setup finished: matrix rows=1297 cols=642; 109*1 cases; total CPU=0.00 Elapsed=810.62
 +  average case bandwidth = 13.14
++ REML voxel loop: [15 threads]0123456789.0123456789.0123456789.0123456789.01234567
 + ARMA voxel parameters estimated: total CPU=0.00 Elapsed=848.81
++ GLSQ loop:
[7m*+ WARNING:[0m QR decomposition of GLT setup 642x622 matrix had 4 collinearity problems

[7m*+ WARNING:[0m QR decomposition of GLT setup 642x622 matrix had 13 collinearity problems

[7m*+ WARNING:[0m QR decomposition of GLT setup 642x622 matrix had 48 collinearity problems

[7m*+ WARNING:[0m QR decomposition of GLT setup 642x622 matrix had 90 collinearity problems
0123456789.0123456789.0123456789.0123456789.0123456789.
 + GLSQ regression done: total CPU=0.00 Elapsed=1866.79
++ Output dataset /data/nil-external/ccp/freund/ub55/out/glms/877168/RESULTS/Cuedts/baseline_aggressive1_EVENTS_censored_shifted/stats_var_877168_R_REML.func.gii
++ Output dataset /data/nil-external/ccp/freund/ub55/out/glms/877168/RESULTS/Cuedts/baseline_aggressive1_EVENTS_censored_shifted/errts_877168_R_REML.func.gii
++ Output dataset /data/nil-external/ccp/freund/ub55/out/glms/877168/RESULTS/Cuedts/baseline_aggressive1_EVENTS_censored_shifted/wherr_877168_R_REML.func.gii
++ Output dataset /data/nil-external/ccp/freund/ub55/out/glms/877168/RESULTS/Cuedts/baseline_aggressive1_EVENTS_censored_shifted/STATS_877168_R_REML.func.gii
 + unloading input dataset and REML matrices
++ 3dREMLfit is all done! total CPU=0.00 Elapsed=1875.07
