++ 3dREMLfit: AFNI version=AFNI_18.3.16 (Dec 11 2018) [64-bit]
++ Authored by: RWCox
++ GOFORIT ==> Matrix de-singularization is engaged!
++ Number of OpenMP threads = 15
++ No mask ==> computing for all 10242 voxels
++ -----  matrix condition (1036x448):  5.59208  ++ VERY GOOD ++
++ Loading input dataset into memory
 + masked off 881 voxels for being all zero; 9361 left in mask
++ starting REML setup calculations; total CPU=0.00 Elapsed=6.31
 + X matrix: 4.059% of elements are nonzero
 + starting 15 OpenMP threads for REML setup
 + REML setup finished: matrix rows=1036 cols=448; 109*1 cases; total CPU=0.00 Elapsed=299.89
 +  average case bandwidth = 12.68
++ REML voxel loop: [15 threads]0123456789.0123456789.0123456789.0123456789.01234567
 + ARMA voxel parameters estimated: total CPU=0.00 Elapsed=345.38
++ GLSQ loop:0123456789.0123456789.0123456789.0123456789.0123456789.
 + GLSQ regression done: total CPU=0.00 Elapsed=798.10
++ Output dataset /data/nil-external/ccp/freund/ub55/out/glms/123117/RESULTS/Stroop/baseline_aggressive1_EVENTS_censored_shifted/stats_var_123117_R_REML.func.gii
++ Output dataset /data/nil-external/ccp/freund/ub55/out/glms/123117/RESULTS/Stroop/baseline_aggressive1_EVENTS_censored_shifted/errts_123117_R_REML.func.gii
++ Output dataset /data/nil-external/ccp/freund/ub55/out/glms/123117/RESULTS/Stroop/baseline_aggressive1_EVENTS_censored_shifted/wherr_123117_R_REML.func.gii
++ Output dataset /data/nil-external/ccp/freund/ub55/out/glms/123117/RESULTS/Stroop/baseline_aggressive1_EVENTS_censored_shifted/STATS_123117_R_REML.func.gii
 + unloading input dataset and REML matrices
++ 3dREMLfit is all done! total CPU=0.00 Elapsed=804.07
