*+ WARNING: '-stim_times 4' didn't read any good times from file '/data/nil-external/ccp/freund/ub55/out/glms/182436/INPUT_DATA/Axcpt/baseline/182436_Axcpt_baseline_C_ng_shifted.txt'
*+ WARNING: '-stim_times 5' didn't read any good times from file '/data/nil-external/ccp/freund/ub55/out/glms/182436/INPUT_DATA/Axcpt/baseline/182436_Axcpt_baseline_D_ng_shifted.txt'
*+ WARNING: -stim_times 4 has all times equal to '*' ?!?!
*+ WARNING: !! '-stim_times 4' file '/data/nil-external/ccp/freund/ub55/out/glms/182436/INPUT_DATA/Axcpt/baseline/182436_Axcpt_baseline_C_ng_shifted.txt' has no good stimulus time values
*+ WARNING: -stim_times 5 has all times equal to '*' ?!?!
*+ WARNING: !! '-stim_times 5' file '/data/nil-external/ccp/freund/ub55/out/glms/182436/INPUT_DATA/Axcpt/baseline/182436_Axcpt_baseline_D_ng_shifted.txt' has no good stimulus time values
*+ WARNING: -------------------------------------------------
*+ WARNING: Problems with the X matrix columns, listed below:
*+ WARNING: !! * Column 43 [C_ng#0] is all zeros
*+ WARNING: !! * Column 44 [C_ng#1] is all zeros
*+ WARNING: !! * Column 45 [C_ng#2] is all zeros
*+ WARNING: !! * Column 46 [C_ng#3] is all zeros
*+ WARNING: !! * Column 47 [C_ng#4] is all zeros
*+ WARNING: !! * Column 48 [C_ng#5] is all zeros
*+ WARNING: !! * Column 49 [C_ng#6] is all zeros
*+ WARNING: !! * Column 50 [C_ng#7] is all zeros
*+ WARNING: !! * Column 51 [C_ng#8] is all zeros
*+ WARNING: !! * Column 52 [C_ng#9] is all zeros
*+ WARNING: !! * Column 53 [C_ng#10] is all zeros
*+ WARNING: !! * Column 54 [C_ng#11] is all zeros
*+ WARNING: !! * Column 55 [C_ng#12] is all zeros
*+ WARNING: !! * Column 56 [C_ng#13] is all zeros
*+ WARNING: !! * Column 57 [C_ng#14] is all zeros
*+ WARNING: !! * Column 58 [C_ng#15] is all zeros
*+ WARNING: !! * Column 59 [C_ng#16] is all zeros
*+ WARNING: !! * Column 60 [D_ng#0] is all zeros
*+ WARNING: !! * Column 61 [D_ng#1] is all zeros
*+ WARNING: !! * Column 62 [D_ng#2] is all zeros
*+ WARNING: !! * Column 63 [D_ng#3] is all zeros
*+ WARNING: !! * Column 64 [D_ng#4] is all zeros
*+ WARNING: !! * Column 65 [D_ng#5] is all zeros
*+ WARNING: !! * Column 66 [D_ng#6] is all zeros
*+ WARNING: !! * Column 67 [D_ng#7] is all zeros
*+ WARNING: !! * Column 68 [D_ng#8] is all zeros
*+ WARNING: !! * Column 69 [D_ng#9] is all zeros
*+ WARNING: !! * Column 70 [D_ng#10] is all zeros
*+ WARNING: !! * Column 71 [D_ng#11] is all zeros
*+ WARNING: !! * Column 72 [D_ng#12] is all zeros
*+ WARNING: !! * Column 73 [D_ng#13] is all zeros
*+ WARNING: !! * Column 74 [D_ng#14] is all zeros
*+ WARNING: !! * Column 75 [D_ng#15] is all zeros
*+ WARNING: !! * Column 76 [D_ng#16] is all zeros
*+ WARNING: !! * Columns 118 [M_ng#7] and 281 [M_X#0] are (nearly?) collinear!
*+ WARNING: !! * Columns 119 [M_ng#8] and 282 [M_X#1] are (nearly?) collinear!
*+ WARNING: !! * Columns 120 [M_ng#9] and 283 [M_X#2] are (nearly?) collinear!
*+ WARNING: !! * Columns 121 [M_ng#10] and 284 [M_X#3] are (nearly?) collinear!
*+ WARNING: !! * Columns 122 [M_ng#11] and 285 [M_X#4] are (nearly?) collinear!
*+ WARNING: !! * Columns 123 [M_ng#12] and 286 [M_X#5] are (nearly?) collinear!
*+ WARNING: !! * Columns 124 [M_ng#13] and 287 [M_X#6] are (nearly?) collinear!
*+ WARNING: !! * Columns 125 [M_ng#14] and 288 [M_X#7] are (nearly?) collinear!
*+ WARNING: !! * Columns 126 [M_ng#15] and 289 [M_X#8] are (nearly?) collinear!
*+ WARNING: !! * Columns 127 [M_ng#16] and 290 [M_X#9] are (nearly?) collinear!
*+ WARNING: -------------------------------------------------
*+ WARNING: !! in Signal+Baseline matrix:
 * Largest singular value=2.11668
 * 44 singular values are less than cutoff=2.11668e-07
 * Implies strong collinearity in the matrix columns! 
*+ WARNING: !! in Signal-only matrix:
 * Largest singular value=1.87985
 * 44 singular values are less than cutoff=1.87985e-07
 * Implies strong collinearity in the matrix columns! 
