++ 3dREMLfit: AFNI version=AFNI_18.3.16 (Dec 11 2018) [64-bit]
++ Authored by: RWCox
++ GOFORIT ==> Matrix de-singularization is engaged!
++ Number of OpenMP threads = 15
++ No mask ==> computing for all 10242 voxels
++ -----  matrix condition (650x102):  4.32686  ++ VERY GOOD ++
++ Loading input dataset into memory
 + masked off 881 voxels for being all zero; 9361 left in mask
++ starting REML setup calculations; total CPU=0.00 Elapsed=1.96
 + X matrix: 15.097% of elements are nonzero
 + starting 15 OpenMP threads for REML setup
 + REML setup finished: matrix rows=650 cols=102; 109*1 cases; total CPU=0.00 Elapsed=7.89
 +  average case bandwidth = 13.16
++ REML voxel loop: [15 threads]0123456789.0123456789.0123456789.0123456789.01234567
 + ARMA voxel parameters estimated: total CPU=0.00 Elapsed=30.25
++ GLSQ loop:0123456789.0123456789.0123456789.0123456789.0123456789.
 + GLSQ regression done: total CPU=0.00 Elapsed=40.92
++ Output dataset /data/nil-external/ccp/freund/ub55/out/glms/DMCC8214059/RESULTS/Cuedts/baseline_CongruencySwitch_EVENTS_censored_shifted_noblock_1/stats_var_DMCC8214059_1_R_REML.func.gii
++ Output dataset /data/nil-external/ccp/freund/ub55/out/glms/DMCC8214059/RESULTS/Cuedts/baseline_CongruencySwitch_EVENTS_censored_shifted_noblock_1/errts_DMCC8214059_1_R_REML.func.gii
++ Output dataset /data/nil-external/ccp/freund/ub55/out/glms/DMCC8214059/RESULTS/Cuedts/baseline_CongruencySwitch_EVENTS_censored_shifted_noblock_1/wherr_DMCC8214059_1_R_REML.func.gii
++ Output dataset /data/nil-external/ccp/freund/ub55/out/glms/DMCC8214059/RESULTS/Cuedts/baseline_CongruencySwitch_EVENTS_censored_shifted_noblock_1/STATS_DMCC8214059_1_R_REML.func.gii
 + unloading input dataset and REML matrices
++ 3dREMLfit is all done! total CPU=0.00 Elapsed=44.90
