++ 3dREMLfit: AFNI version=AFNI_18.3.16 (Dec 11 2018) [64-bit]
++ Authored by: RWCox
++ GOFORIT ==> Matrix de-singularization is engaged!
++ Number of OpenMP threads = 15
++ No mask ==> computing for all 10242 voxels
[7m** ERROR:[0m matrix column #94 is all zero!?
[7m** ERROR:[0m matrix column #95 is all zero!?
[7m** ERROR:[0m matrix column #96 is all zero!?
[7m** ERROR:[0m matrix column #97 is all zero!?
[7m** ERROR:[0m matrix column #98 is all zero!?
[7m** ERROR:[0m matrix column #99 is all zero!?
[7m** ERROR:[0m matrix column #100 is all zero!?
[7m** ERROR:[0m matrix column #101 is all zero!?
[7m** ERROR:[0m matrix column #102 is all zero!?
[7m** ERROR:[0m matrix column #103 is all zero!?
[7m** ERROR:[0m matrix column #104 is all zero!?
[7m** ERROR:[0m matrix column #105 is all zero!?
[7m** ERROR:[0m matrix column #106 is all zero!?
[7m** ERROR:[0m matrix column #107 is all zero!?
[7m** ERROR:[0m matrix column #108 is all zero!?
[7m** ERROR:[0m matrix column #109 is all zero!?
[7m** ERROR:[0m matrix column #110 is all zero!?
[7m*+ WARNING:[0m You said to GOFORIT, so here we GO!
 +          Note that a bunch of further WARNINGs will be generated below.
++ Denominator DOF increased from 673 to 690 to allow for all zero columns
++ -----  matrix condition (1215x542):  6.16624  ++ VERY GOOD ++
[7m*+ WARNING:[0m !! in  matrix:
 * Largest singular value=2.10968
 * 17 singular values are less than cutoff=2.10968e-07
 * Implies strong collinearity in the matrix columns! 
++  matrix singular values:
             0             0             0             0             0
             0             0             0             0             0
             0   3.74337e-09   1.07865e-08   1.19842e-08   1.55105e-08
   1.67095e-08   3.65002e-08     0.0554851     0.0863506      0.108973
      0.134571      0.203293      0.213932      0.227838      0.232139
      0.247878      0.327701       0.33502      0.336743      0.351238
      0.354697      0.364848      0.380042      0.386545       0.39395
      0.398533      0.399878      0.409168      0.413389      0.415062
      0.427481      0.433973      0.437477      0.447579      0.453656
      0.455377      0.459742      0.462589       0.46503      0.471308
       0.47588      0.478388      0.480401      0.487363       0.49332
      0.498562      0.502509      0.504298      0.504852       0.50757
      0.509291      0.512881      0.517424      0.521251       0.52434
      0.529966      0.532502      0.533005      0.537397      0.539629
      0.542389      0.543999      0.545665      0.549197      0.551184
      0.557202      0.562689      0.564996       0.56713      0.569045
      0.572014        0.5765      0.578865       0.58223        0.5852
      0.587406      0.593788      0.596168       0.60011      0.604918
      0.607589      0.608571      0.613213      0.615953       0.61847
      0.619108      0.623759      0.626286       0.62775      0.633706
      0.637283        0.6387      0.642158      0.644383      0.650124
      0.652156      0.659741      0.659822      0.661928      0.663775
      0.666215      0.667797      0.673831      0.676484      0.678194
      0.682577      0.688813      0.690298      0.691709      0.694766
        0.6969        0.6978      0.700058      0.705016      0.708302
      0.710253       0.71333      0.715137      0.718766      0.721786
      0.723637      0.726089      0.729053      0.730468      0.733586
      0.736364      0.740181      0.741426      0.743491      0.743965
      0.747819      0.748217      0.749965      0.753179      0.756231
      0.757667      0.759392      0.760455      0.764304      0.767072
       0.76825      0.771196      0.774968      0.777726      0.779276
      0.783735       0.78456      0.789298      0.790102      0.791795
      0.792687       0.79478       0.79627      0.799004      0.799746
      0.802141      0.804245      0.806139      0.810916      0.813462
      0.815673      0.816899      0.818377      0.819054      0.821858
      0.827798      0.831352      0.831662       0.83575      0.838382
      0.838801      0.840661      0.843946      0.846909      0.848368
      0.850936      0.852134      0.856195      0.859056      0.860758
      0.861473      0.866175      0.867156      0.868935      0.870039
      0.871084      0.873392      0.874403      0.876734       0.87897
      0.880702      0.881251      0.882508      0.884857      0.887253
      0.889607      0.891448      0.894993        0.8986      0.900053
      0.902544      0.903475       0.90643      0.909579      0.911072
      0.913631      0.913898      0.919892      0.921188      0.923868
      0.928992      0.929242      0.931441       0.93452      0.936048
       0.93927      0.943532      0.945749      0.947753      0.948282
      0.953415      0.954073      0.955662      0.957279      0.961277
      0.962687      0.968509      0.970736      0.971971      0.973251
      0.975393      0.980566      0.982444      0.994059      0.996158
      0.997567      0.999977      0.999984      0.999986      0.999988
       0.99999      0.999991      0.999993      0.999994      0.999995
      0.999996      0.999996      0.999997      0.999997      0.999998
      0.999998      0.999999      0.999999      0.999999             1
             1             1             1             1             1
             1             1             1             1             1
             1             1             1             1             1
             1             1             1             1             1
             1             1             1             1             1
             1             1             1             1             1
             1             1             1             1             1
             1             1             1             1             1
             1             1             1             1       1.00001
       1.00001       1.00001       1.00001       1.00001       1.00002
       1.00003       1.00018       1.00032       1.00063       1.00112
       1.00165       1.00333       1.00406       1.00546       1.00632
       1.00852       1.00944       1.01027       1.01253       1.01355
       1.01566       1.01711       1.01825       1.02116       1.02208
       1.02544       1.02767       1.02956       1.03157       1.03415
       1.03517        1.0366       1.03858       1.03962       1.04085
       1.04786       1.04885       1.05125        1.0542       1.05509
       1.05696       1.05746       1.05894        1.0643       1.06564
       1.06698       1.06905       1.07122       1.07293       1.07414
       1.07628       1.07859       1.08112       1.08316       1.08482
       1.08564       1.08711        1.0879       1.09058       1.09195
       1.09246       1.09472       1.09567       1.09733       1.10092
       1.10119       1.10307       1.10533       1.10993       1.11065
       1.11139       1.11306       1.11429       1.11724       1.11808
       1.11962       1.12082       1.12203       1.12452        1.1254
       1.12923       1.13023       1.13204       1.13364       1.13478
       1.13555       1.13911       1.14171       1.14251       1.14509
        1.1456       1.14755       1.14783       1.15033       1.15244
       1.15419       1.15555       1.15813       1.15848       1.16122
        1.1639       1.16531       1.16726       1.16793       1.17017
       1.17081       1.17288       1.17392       1.17588       1.17698
       1.17876       1.18004       1.18205       1.18241       1.18463
       1.18644       1.18705       1.18899        1.1914       1.19196
       1.19437       1.19631       1.19744       1.19812       1.20084
       1.20313       1.20493       1.20581       1.20722       1.20929
       1.21032       1.21165       1.21357       1.21494       1.21776
       1.21925       1.22077       1.22262       1.22355        1.2244
       1.22617       1.22746       1.22969        1.2311       1.23362
       1.23494       1.23665       1.23817       1.23884       1.23943
       1.24211       1.24278       1.24869       1.25011       1.25125
       1.25317       1.25359       1.25579       1.25906       1.26113
       1.26358       1.26431       1.26699       1.26954       1.27183
       1.27426       1.27686       1.27777       1.27901       1.28126
       1.28334       1.28489        1.2878       1.29119       1.29198
       1.29428       1.29514       1.29892       1.30192       1.30513
       1.30573       1.31014       1.31327       1.31362       1.31716
       1.31773       1.31994       1.32316        1.3241       1.32766
        1.3295       1.32994       1.33099       1.33563       1.33624
        1.3414       1.34406        1.3455       1.35104       1.35273
       1.35564       1.35707       1.36276       1.36704       1.36863
       1.37278       1.37399       1.37987       1.38433       1.38494
       1.38621       1.39183       1.39486       1.40217       1.40592
       1.41046       1.41445       1.41692       1.41812        1.4232
       1.44023        1.4472       1.45221       1.45784       1.47286
        1.4794       1.48175        1.4983       1.52544       1.89318
       1.98272       2.10968
[7m*+ WARNING:[0m -GOFORIT ==> Charging ahead into battle!
 +                   ==> Check results carefully!
++ Editing GLT matrices for all zero X matrix columns
 + Removed 17 all zero rows from GLT matrix 'Full'; numerator DOF changes from 524 to 507
 + GLT matrix 'H_ng' is all zero!
++ Loading input dataset into memory
 + masked off 881 voxels for being all zero; 9361 left in mask
++ starting REML setup calculations; total CPU=0.00 Elapsed=12.39
 + X matrix: 2.893% of elements are nonzero
[7m*+ WARNING:[0m -----
[7m*+ WARNING:[0m QR decomposition of [R]^(-1/2) [X] had 17 collinearity problems
[7m*+ WARNING:[0m -----
 + starting 15 OpenMP threads for REML setup
 + REML setup finished: matrix rows=1215 cols=542; 109*1 cases; total CPU=0.00 Elapsed=692.59
 +  average case bandwidth = 13.10
++ REML voxel loop: [15 threads]0123456789.0123456789.0123456789.0123456789.01234567
 + ARMA voxel parameters estimated: total CPU=0.00 Elapsed=754.16
++ GLSQ loop:
[7m*+ WARNING:[0m QR decomposition of GLT setup 542x17 matrix had 17 collinearity problems
0123456789.0123456789.0123456789.0123456789.0123456789.
 + GLSQ regression done: total CPU=0.00 Elapsed=1213.97
++ Output dataset /data/nil-external/ccp/freund/ub55/out/glms/DMCC9478705/RESULTS/Axcpt/baseline_aggressive1_EVENTS_censored_shifted/stats_var_DMCC9478705_L_REML.func.gii
++ Output dataset /data/nil-external/ccp/freund/ub55/out/glms/DMCC9478705/RESULTS/Axcpt/baseline_aggressive1_EVENTS_censored_shifted/errts_DMCC9478705_L_REML.func.gii
++ Output dataset /data/nil-external/ccp/freund/ub55/out/glms/DMCC9478705/RESULTS/Axcpt/baseline_aggressive1_EVENTS_censored_shifted/wherr_DMCC9478705_L_REML.func.gii
++ Output dataset /data/nil-external/ccp/freund/ub55/out/glms/DMCC9478705/RESULTS/Axcpt/baseline_aggressive1_EVENTS_censored_shifted/STATS_DMCC9478705_L_REML.func.gii
 + unloading input dataset and REML matrices
++ 3dREMLfit is all done! total CPU=0.00 Elapsed=1221.07
