++ 3dREMLfit: AFNI version=AFNI_18.3.16 (Dec 11 2018) [64-bit]
++ Authored by: RWCox
++ GOFORIT ==> Matrix de-singularization is engaged!
++ Number of OpenMP threads = 15
++ No mask ==> computing for all 10242 voxels
++ -----  matrix condition (645x103):  4.41385  ++ VERY GOOD ++
++ Loading input dataset into memory
 + masked off 881 voxels for being all zero; 9361 left in mask
++ starting REML setup calculations; total CPU=0.00 Elapsed=1.80
 + X matrix: 15.924% of elements are nonzero
 + starting 15 OpenMP threads for REML setup
 + REML setup finished: matrix rows=645 cols=103; 109*1 cases; total CPU=0.00 Elapsed=12.93
 +  average case bandwidth = 13.12
++ REML voxel loop: [15 threads]0123456789.0123456789.0123456789.0123456789.01234567
 + ARMA voxel parameters estimated: total CPU=0.00 Elapsed=36.67
++ GLSQ loop:0123456789.0123456789.0123456789.0123456789.0123456789.
 + GLSQ regression done: total CPU=0.00 Elapsed=47.75
++ Output dataset /data/nil-external/ccp/freund/ub55/out/glms/448347/RESULTS/Cuedts/baseline_CongruencySwitch_EVENTS_censored_shifted_2/stats_var_448347_2_R_REML.nii.gz
++ Output dataset /data/nil-external/ccp/freund/ub55/out/glms/448347/RESULTS/Cuedts/baseline_CongruencySwitch_EVENTS_censored_shifted_2/errts_448347_2_R_REML.nii.gz
++ Output dataset /data/nil-external/ccp/freund/ub55/out/glms/448347/RESULTS/Cuedts/baseline_CongruencySwitch_EVENTS_censored_shifted_2/wherr_448347_2_R_REML.nii.gz
++ Output dataset /data/nil-external/ccp/freund/ub55/out/glms/448347/RESULTS/Cuedts/baseline_CongruencySwitch_EVENTS_censored_shifted_2/STATS_448347_2_R_REML.nii.gz
 + unloading input dataset and REML matrices
++ 3dREMLfit is all done! total CPU=0.00 Elapsed=66.11
