++ 3dREMLfit: AFNI version=AFNI_18.3.16 (Dec 11 2018) [64-bit]
++ Authored by: RWCox
++ GOFORIT ==> Matrix de-singularization is engaged!
++ Number of OpenMP threads = 15
++ No mask ==> computing for all 10242 voxels
[7m** ERROR:[0m matrix column #22 is all zero!?
[7m** ERROR:[0m matrix column #23 is all zero!?
[7m** ERROR:[0m matrix column #27 is all zero!?
[7m** ERROR:[0m matrix column #28 is all zero!?
[7m** ERROR:[0m matrix column #33 is all zero!?
[7m** ERROR:[0m matrix column #35 is all zero!?
[7m** ERROR:[0m matrix column #36 is all zero!?
[7m** ERROR:[0m matrix column #40 is all zero!?
[7m** ERROR:[0m matrix column #41 is all zero!?
[7m** ERROR:[0m matrix column #45 is all zero!?
[7m** ERROR:[0m matrix column #46 is all zero!?
[7m** ERROR:[0m matrix column #49 is all zero!?
[7m*+ WARNING:[0m You said to GOFORIT, so here we GO!
 +          Note that a bunch of further WARNINGs will be generated below.
++ Denominator DOF increased from 480 to 492 to allow for all zero columns
++ -----  matrix condition (538x58):  4.24521  ++ VERY GOOD ++
[7m*+ WARNING:[0m !! in  matrix:
 * Largest singular value=2.05713
 * 12 singular values are less than cutoff=2.05713e-07
 * Implies strong collinearity in the matrix columns! 
++  matrix singular values:
             0             0             0             0   3.02954e-09
   5.49913e-09   8.66452e-09   1.16915e-08   1.47655e-08   1.62705e-08
   1.81322e-08   1.97125e-08      0.114147      0.149932      0.260651
      0.268186      0.276309      0.361815      0.385868      0.677449
       0.75556      0.770159      0.802035      0.839427      0.850152
      0.878819      0.888671      0.895806      0.898961      0.939295
      0.949638      0.966054      0.979571      0.991082      0.998631
       0.99956      0.999853      0.999997             1       1.00003
       1.00067       1.00229       1.00694       1.01839       1.01935
       1.02543       1.03654       1.07317       1.08279       1.10037
       1.11057       1.12812       1.14044       1.19876       1.26345
       1.63732       1.85405       2.05713
[7m*+ WARNING:[0m -GOFORIT ==> Charging ahead into battle!
 +                   ==> Check results carefully!
++ Editing GLT matrices for all zero X matrix columns
 + Removed 12 all zero rows from GLT matrix 'Full'; numerator DOF changes from 46 to 34
 + GLT matrix 'blackPINK' is all zero!
 + GLT matrix 'blackYELLOW' is all zero!
 + GLT matrix 'blueWHITE' is all zero!
 + GLT matrix 'greenBLACK' is all zero!
 + GLT matrix 'pinkGREEN' is all zero!
 + GLT matrix 'pinkYELLOW' is all zero!
 + GLT matrix 'purpleBLUE' is all zero!
 + GLT matrix 'redBLUE' is all zero!
 + GLT matrix 'redPURPLE' is all zero!
 + GLT matrix 'whitePURPLE' is all zero!
 + GLT matrix 'whiteRED' is all zero!
 + GLT matrix 'yellowGREEN' is all zero!
++ Loading input dataset into memory
 + masked off 881 voxels for being all zero; 9361 left in mask
++ starting REML setup calculations; total CPU=0.00 Elapsed=5.06
 + X matrix: 26.939% of elements are nonzero
[7m*+ WARNING:[0m -----
[7m*+ WARNING:[0m QR decomposition of [R]^(-1/2) [X] had 12 collinearity problems
[7m*+ WARNING:[0m -----
 + starting 15 OpenMP threads for REML setup
 + REML setup finished: matrix rows=538 cols=58; 109*1 cases; total CPU=0.00 Elapsed=8.82
 +  average case bandwidth = 13.08
++ REML voxel loop: [15 threads]0123456789.0123456789.0123456789.0123456789.01234567
 + ARMA voxel parameters estimated: total CPU=0.00 Elapsed=32.05
++ GLSQ loop:[7m*+ WARNING:[0m GLT setup 58x1 matrix is all zero?
0123456789.0123456789.0123456789.0123456789.0123456789.
 + GLSQ regression done: total CPU=0.00 Elapsed=66.32
++ Output dataset /data/nil-external/ccp/freund/ub55/out/glms/DMCC5820265/RESULTS/Stroop/baseline_fix-item_EVENTS_censored_2/stats_var_DMCC5820265_2_L_REML.func.gii
++ Output dataset /data/nil-external/ccp/freund/ub55/out/glms/DMCC5820265/RESULTS/Stroop/baseline_fix-item_EVENTS_censored_2/errts_DMCC5820265_2_L_REML.func.gii
++ Output dataset /data/nil-external/ccp/freund/ub55/out/glms/DMCC5820265/RESULTS/Stroop/baseline_fix-item_EVENTS_censored_2/wherr_DMCC5820265_2_L_REML.func.gii
[7m*+ WARNING:[0m Zero-ed 112248 float errors in dataset /data/nil-external/ccp/freund/ub55/out/glms/DMCC5820265/RESULTS/Stroop/baseline_fix-item_EVENTS_censored_2/STATS_DMCC5820265_2_L_REML.func.gii
 +    Float errors include NaN and Infinity values
 +    ==> Check matrix setup! Check inputs! Check results!
++ Output dataset /data/nil-external/ccp/freund/ub55/out/glms/DMCC5820265/RESULTS/Stroop/baseline_fix-item_EVENTS_censored_2/STATS_DMCC5820265_2_L_REML.func.gii
 + unloading input dataset and REML matrices
++ 3dREMLfit is all done! total CPU=0.00 Elapsed=76.38
