++ 3dREMLfit: AFNI version=AFNI_18.3.16 (Dec 11 2018) [64-bit]
++ Authored by: RWCox
++ GOFORIT ==> Matrix de-singularization is engaged!
++ Number of OpenMP threads = 15
++ No mask ==> computing for all 10242 voxels
++ -----  matrix condition (650x103):  6.18336  ++ VERY GOOD ++
++ Loading input dataset into memory
 + masked off 881 voxels for being all zero; 9361 left in mask
++ starting REML setup calculations; total CPU=0.00 Elapsed=1.09
 + X matrix: 15.791% of elements are nonzero
 + starting 15 OpenMP threads for REML setup
 + REML setup finished: matrix rows=650 cols=103; 109*1 cases; total CPU=0.00 Elapsed=10.66
 +  average case bandwidth = 13.16
++ REML voxel loop: [15 threads]0123456789.0123456789.0123456789.0123456789.0123456

 + ARMA voxel parameters estimated: total CPU=0.00 Elapsed=36.90
++ GLSQ loop012345678990123456789901234567889.0123456789.0123456789.
 + GLSQ regression done: total CPU=0.00 Elapsed=46.20
++ Output dataset /data/nil-external/ccp/freund/ub55/out/glms/765864/RESULTS/Cuedts/baseline_CongruencySwitch_EVENTS_censored_shifted_2/stats_var_765864_2_R_REML.nii.gz++ Output dataset /data/nil-external/ccp/freund/ub55/out/glms/765864/RESULTS/Cuedts/baseline_CongruencySwitch_EVENTS_censored_shifted_2/errts_765864_2_L_REML.nii.gz
+++ Output dataset /data/nil-external/ccp/freund/ub55/out/glms/765864/RESULTS/Cuedts/baseline_CongruencySwitch_EVENTS_censored_shifted_2/wherr_765864_2_R_REML.nii.gz+++ Output dataset /data/nil-external/ccp/freund/ub55/out/glms/765864/RESULTS/Cuedts/baseline_CongruencySwitch_EVENTS_censored_shifted_2/STATS_765864_2_R_REML.nii.gz
 + unloading input dataset and REML matrices
++ 3dREMLfit is all done! total CPU=0.00 Elapsed=61.48
