++ 3dREMLfit: AFNI version=AFNI_18.3.16 (Dec 11 2018) [64-bit]
++ Authored by: RWCox
++ GOFORIT ==> Matrix de-singularization is engaged!
++ Number of OpenMP threads = 15
++ No mask ==> computing for all 10242 voxels
++ -----  matrix condition (1076x448):  5.50676  ++ VERY GOOD ++
++ Loading input dataset into memory
 + masked off 881 voxels for being all zero; 9361 left in mask
++ starting REML setup calculations; total CPU=0.00 Elapsed=6.27
 + X matrix: 4.063% of elements are nonzero
 + starting 15 OpenMP threads for REML setup
 + REML setup finished: matrix rows=1076 cols=448; 109*1 cases; total CPU=0.00 Elapsed=316.90
 +  average case bandwidth = 13.07
++ REML voxel loop: [15 threads]0123456789.0123456789.0123456789.0123456789.01234567
 + ARMA voxel parameters estimated: total CPU=0.00 Elapsed=356.51
++ GLSQ loop:0123456789.0123456789.0123456789.0123456789.0123456789.
 + GLSQ regression done: total CPU=0.00 Elapsed=825.55
++ Output dataset /data/nil-external/ccp/freund/ub55/out/glms/203418/RESULTS/Stroop/baseline_aggressive1_EVENTS_censored_shifted/stats_var_203418_R_REML.func.gii
++ Output dataset /data/nil-external/ccp/freund/ub55/out/glms/203418/RESULTS/Stroop/baseline_aggressive1_EVENTS_censored_shifted/errts_203418_R_REML.func.gii
++ Output dataset /data/nil-external/ccp/freund/ub55/out/glms/203418/RESULTS/Stroop/baseline_aggressive1_EVENTS_censored_shifted/wherr_203418_R_REML.func.gii
++ Output dataset /data/nil-external/ccp/freund/ub55/out/glms/203418/RESULTS/Stroop/baseline_aggressive1_EVENTS_censored_shifted/STATS_203418_R_REML.func.gii
 + unloading input dataset and REML matrices
++ 3dREMLfit is all done! total CPU=0.00 Elapsed=831.42
