++ 3dREMLfit: AFNI version=AFNI_18.3.16 (Dec 11 2018) [64-bit]
++ Authored by: RWCox
++ GOFORIT ==> Matrix de-singularization is engaged!
++ Number of OpenMP threads = 15
++ No mask ==> computing for all 10242 voxels
++ -----  matrix condition (610x127):  5.26286  ++ VERY GOOD ++
++ Loading input dataset into memory
 + masked off 881 voxels for being all zero; 9361 left in mask
++ starting REML setup calculations; total CPU=0.00 Elapsed=4.07
 + X matrix: 11.949% of elements are nonzero
 + starting 15 OpenMP threads for REML setup
 + REML setup finished: matrix rows=610 cols=127; 109*1 cases; total CPU=0.00 Elapsed=15.39
 +  average case bandwidth = 13.15
++ REML voxel loop: [15 threads]0123456789.0123456789.0123456789.0123456789.01234567
 + ARMA voxel parameters estimated: total CPU=0.00 Elapsed=37.00
++ GLSQ loop00123456789.0123456789.0123456789.0123456789.0123456789.
 + GLSQ regression done: total CPU=0.00 Elapsed=46.78
++ Output dataset /data/nil-external/ccp/freund/ub55/out/glms/765864/RESULTS/Axcpt/baseline_Cues_EVENTS_censored_shifted_noblock_1/stats_var_765864_1_R_REML.func.gii
++ Output dataset /data/nil-external/ccp/freund/ub55/out/glms/765864/RESULTS/Axcpt/baseline_Cues_EVENTS_censored_shifted_noblock_1/errts_765864_1_R_REML.func.gii
++ Output dataset /data/nil-external/ccp/freund/ub55/out/glms/765864/RESULTS/Axcpt/baseline_Cues_EVENTS_censored_shifted_noblock_1/wherr_765864_1_R_REML.func.gii
++ Output dataset /data/nil-external/ccp/freund/ub55/out/glms/765864/RESULTS/Axcpt/baseline_Cues_EVENTS_censored_shifted_noblock_1/STATS_765864_1_R_REML.func.gii
 + unloading input dataset and REML matrices
++ 3dREMLfit is all done! total CPU=0.00 Elapsed=52.81
