++ 3dREMLfit: AFNI version=AFNI_18.3.16 (Dec 11 2018) [64-bit]
++ Authored by: RWCox
++ GOFORIT ==> Matrix de-singularization is engaged!
++ Number of OpenMP threads = 15
++ No mask ==> computing for all 10242 voxels
++ -----  matrix condition (1300x642):  7.73641  ++ VERY GOOD ++
++ Loading input dataset into memory
 + masked off 881 voxels for being all zero; 9361 left in mask
++ starting REML setup calculations; total CPU=0.00 Elapsed=11.68
 + X matrix: 2.503% of elements are nonzero  + starting 15 OpenMP threads for REML setup  + REML setup finished: matrix rows=1300 cols=642; 109*1 cases; total CPU=0.00 Elapsed=633.99
 +  average case bandwidth = 13.16
++ REML voxel loop: [15 threads]0123456789.0123456789.0123456789.0123456789.01234567
 + ARMA voxel parameters estimated: total CPU=0.00 Elapsed=693.55
++ GLSQ loop0123456789.0123456789.0123456789.0123456789.0123456789.
 + GLSQ regression done: total CPU=0.00 Elapsed=1555.29
++ Output dataset /data/nil-external/ccp/freund/ub55/out/glms/150423/RESULTS/Cuedts/baseline_aggressive1_EVENTS_censored_shifted/stats_var_150423_L_REML.func.gii
++ Output dataset /data/nil-external/ccp/freund/ub55/out/glms/150423/RESULTS/Cuedts/baseline_aggressive1_EVENTS_censored_shifted/errts_150423_L_REML.func.gii
++ Output dataset /data/nil-external/ccp/freund/ub55/out/glms/150423/RESULTS/Cuedts/baseline_aggressive1_EVENTS_censored_shifted/wherr_150423_L_REML.func.gii
++ Output dataset /data/nil-external/ccp/freund/ub55/out/glms/150423/RESULTS/Cuedts/baseline_aggressive1_EVENTS_censored_shifted/STATS_150423_L_REML.func.gii
 + unloading input dataset and REML matrices
++ 3dREMLfit is all done! total CPU=0.00 Elapsed=1562.63

