++ 3dREMLfit: AFNI version=AFNI_18.3.16 (Dec 11 2018) [64-bit]
++ Authored by: RWCox
++ GOFORIT ==> Matrix de-singularization is engaged!
++ Number of OpenMP threads = 15
++ No mask ==> computing for all 10242 voxels
++ -----  matrix condition (608x12):  5.67964  ++ VERY GOOD ++
[7m*+ WARNING:[0m -matrix file is missing Stim attributes:
 + can only use symbolic name 'Col' in GLTs (cf. '-help')
[7m*+ WARNING:[0m  ==> bucket dataset output is disabled
[7m*+ WARNING:[0m  ==> -nobout is disabled
++ Loading input dataset into memory
 + masked off 888 voxels for being all zero; 9354 left in mask
++ starting REML setup calculations; total CPU=0.00 Elapsed=0.82
 + X matrix: 100.000% of elements are nonzero
 + starting 15 OpenMP threads for REML setup
 + REML setup finished: matrix rows=608 cols=12; 109*1 cases; total CPU=0.00 Elapsed=1.16
 +  average case bandwidth = 13.11
++ REML voxel loop: [15 threads]0123456789.0123456789.0123456789.0123456789.01234567
 + ARMA voxel parameters estimated: total CPU=0.00 Elapsed=18.27
++ GLSQ loop:0123456789.0123456789.0123456789.0123456789.0123456789.
 + GLSQ regression done: total CPU=0.00 Elapsed=20.05
++ Output dataset /data/nil-external/ccp/freund/ub55/out/glms/141422/RESULTS/Axcpt/baseline_null_1/stats_var_141422_1_L_REML.func.gii
++ Output dataset /data/nil-external/ccp/freund/ub55/out/glms/141422/RESULTS/Axcpt/baseline_null_1/errts_141422_1_L_REML.func.gii
++ Output dataset /data/nil-external/ccp/freund/ub55/out/glms/141422/RESULTS/Axcpt/baseline_null_1/wherr_141422_1_L_REML.func.gii
 + unloading input dataset and REML matrices
++ 3dREMLfit is all done! total CPU=0.00 Elapsed=29.29
