++ 3dREMLfit: AFNI version=AFNI_18.3.16 (Dec 11 2018) [64-bit]
++ Authored by: RWCox
++ GOFORIT ==> Matrix de-singularization is engaged!
++ Number of OpenMP threads = 15
++ No mask ==> computing for all 10242 voxels
++ -----  matrix condition (1299x642):  7.44083  ++ VERY GOOD ++
++ Loading input dataset into memory
 + masked off 881 voxels for being all zero; 9361 left in mask
++ starting REML setup calculations; total CPU=0.00 Elapsed=10.97
 + X matrix: 2.499% of elements are nonzero  + starting 15 OpenMP threads for REML setup  + REML setup finished: matrix rows=1299 cols=642; 109*1 cases; total CPU=0.00 Elapsed=622.70
 +  average case bandwidth = 13.15
++ REML voxel loop: [15 threads]0123456789.0123456789.0123567889.012345789901234567

 + ARMA voxel parameters estimated: total CPU=0.00 Elapsed=710.17
++ GLSQ loop00123456789.0123456789.0123456789.0123456789.0123456789.
 + GLSQ regression done: total CPU=0.00 Elapsed=1592.86
++ Output dataset /data/nil-external/ccp/freund/ub55/out/glms/102008/RESULTS/Cuedts/baseline_aggressive1_EVENTS_censored_shifted/stats_var_102008_R_REML.func.gii
++ Output dataset /data/nil-external/ccp/freund/ub55/out/glms/102008/RESULTS/Cuedts/baseline_aggressive1_EVENTS_censored_shifted/errts_102008_R_REML.func.gii
++ Output dataset /data/nil-external/ccp/freund/ub55/out/glms/102008/RESULTS/Cuedts/baseline_aggressive1_EVENTS_censored_shifted/wherr_102008_R_REML.func.gii
++ Output dataset /data/nil-external/ccp/freund/ub55/out/glms/102008/RESULTS/Cuedts/baseline_aggressive1_EVENTS_censored_shifted/STATS_102008_R_REML.func.gii
 + unloading input dataset and REML matrices
++ 3dREMLfit is all done! total CPU=0.00 Elapsed=1600.45
