++ 3dREMLfit: AFNI version=AFNI_18.3.16 (Dec 11 2018) [64-bit]
++ Authored by: RWCox
++ GOFORIT ==> Matrix de-singularization is engaged!
++ Number of OpenMP threads = 15
++ No mask ==> computing for all 10242 voxels
++ -----  matrix condition (602x128):  6.22811  ++ VERY GOOD ++
++ Loading input dataset into memory
 + masked off 881 voxels for being all zero; 9361 left in mask
++ starting REML setup calculations; total CPU=0.00 Elapsed=4.21
 + X matrix: 12.553% of elements are nonzero
 + starting 15 OpenMP threads for REML setup
 + REML setup finished: matrix rows=602 cols=128; 109*1 cases; total CPU=0.00 Elapsed=18.88
 +  average case bandwidth = 13.08
++ REML voxel loop: [15 threads]0123456789.0123456789.0123456789.0123456789.01234567
 + ARMA voxel parameters estimated: total CPU=0.00 Elapsed=38.49
++ GLSQ loop00123456789.0123456789.0123456789.0123456789.0123456789.
 + GLSQ regression done: total CPU=0.00 Elapsed=49.62
++ Output dataset /data/nil-external/ccp/freund/ub55/out/glms/580650/RESULTS/Axcpt/baseline_Cues_EVENTS_censored_shifted_1/stats_var_580650_1_R_REML.func.gii
++ Output dataset /data/nil-external/ccp/freund/ub55/out/glms/580650/RESULTS/Axcpt/baseline_Cues_EVENTS_censored_shifted_1/errts_580650_1_R_REML.func.gii
++ Output dataset /data/nil-external/ccp/freund/ub55/out/glms/580650/RESULTS/Axcpt/baseline_Cues_EVENTS_censored_shifted_1/wherr_580650_1_R_REML.func.gii
++ Output dataset /data/nil-external/ccp/freund/ub55/out/glms/580650/RESULTS/Axcpt/baseline_Cues_EVENTS_censored_shifted_1/STATS_580650_1_R_REML.func.gii
 + unloading input dataset and REML matrices
++ 3dREMLfit is all done! total CPU=0.00 Elapsed=57.08
