++ 3dREMLfit: AFNI version=AFNI_18.3.16 (Dec 11 2018) [64-bit]
++ Authored by: RWCox
++ GOFORIT ==> Matrix de-singularization is engaged!
++ Number of OpenMP threads = 15
++ No mask ==> computing for all 10242 voxels
++ -----  matrix condition (1288x642):  6.71229  ++ VERY GOOD ++
++ Loading input dataset into memory
 + masked off 881 voxels for being all zero; 9361 left in mask
++ starting REML setup calculations; total CPU=0.00 Elapsed=8.64
 + X matrix: 2.494% of elements are nonzero
 + starting 15 OpenMP threads for REML setup
 + REML setup finished: matrix rows=1288 cols=642; 109*1 cases; total CPU=0.00 Elapsed=631.90
 +  average case bandwidth = 13.05
++ REML voxel loop: [15 threads]0123456789.0123456789.0123456789.0123456789.01234567
 + ARMA voxel parameters estimated: total CPU=0.00 Elapsed=706.11
++ GLSQ loop:0123456789.0123456789.0123456789.0123456789.0123456789.
 + GLSQ regression done: total CPU=0.00 Elapsed=1552.57
++ Output dataset /data/nil-external/ccp/freund/ub55/out/glms/204319/RESULTS/Cuedts/baseline_aggressive1_EVENTS_censored_shifted/stats_var_204319_L_REML.func.gii
++ Output dataset /data/nil-external/ccp/freund/ub55/out/glms/204319/RESULTS/Cuedts/baseline_aggressive1_EVENTS_censored_shifted/errts_204319_L_REML.func.gii
++ Output dataset /data/nil-external/ccp/freund/ub55/out/glms/204319/RESULTS/Cuedts/baseline_aggressive1_EVENTS_censored_shifted/wherr_204319_L_REML.func.gii
++ Output dataset /data/nil-external/ccp/freund/ub55/out/glms/204319/RESULTS/Cuedts/baseline_aggressive1_EVENTS_censored_shifted/STATS_204319_L_REML.func.gii
 + unloading input dataset and REML matrices
++ 3dREMLfit is all done! total CPU=0.00 Elapsed=1560.25
