*+ WARNING: !! in  matrix:
 * Largest singular value=2.05482
 * 1 singular value is less than cutoff=2.05482e-07
 * Implies strong collinearity in the matrix columns! 
*+ WARNING: -GOFORIT ==> Charging ahead into battle!
*+ WARNING: -----
*+ WARNING: QR decomposition of [R]^(-1/2) [X] had 1 collinearity problem
*+ WARNING: -----
*+ WARNING: QR decomposition of GLT setup 151x139 matrix had 1 collinearity problem
*+ WARNING: QR decomposition of GLT setup 151x139 matrix had 19 collinearity problems
*+ WARNING: QR decomposition of GLT setup 151x139 matrix had 41 collinearity problems
*+ WARNING: QR decomposition of GLT setup 151x139 matrix had 52 collinearity problems
** ERROR: output dataset name 'stats_var_DMCC7297690_1_R_REML.func.gii' conflicts with existing file
** ERROR: dataset NOT written to disk!
** ERROR: output dataset name 'errts_DMCC7297690_1_R_REML.func.gii' conflicts with existing file
** ERROR: dataset NOT written to disk!
** ERROR: output dataset name 'wherr_DMCC7297690_1_R_REML.func.gii' conflicts with existing file
** ERROR: dataset NOT written to disk!
** ERROR: output dataset name 'STATS_DMCC7297690_1_R_REML.func.gii' conflicts with existing file
** ERROR: dataset NOT written to disk!
