++ 3dREMLfit: AFNI version=AFNI_18.3.16 (Dec 11 2018) [64-bit]
++ Authored by: RWCox
++ GOFORIT ==> Matrix de-singularization is engaged!
++ Number of OpenMP threads = 15
++ No mask ==> computing for all 10242 voxels
++ -----  matrix condition (1200x263):  6.17856  ++ VERY GOOD ++
++ Loading input dataset into memory
 + masked off 881 voxels for being all zero; 9361 left in mask
++ starting REML setup calculations; total CPU=0.00 Elapsed=3.68
 + X matrix: 6.174% of elements are nonzero
 + starting 15 OpenMP threads for REML setup
 + REML setup finished: matrix rows=1200 cols=263; 109*1 cases; total CPU=0.00 Elapsed=41.31
 +  average case bandwidth = 13.14
++ REML voxel loop: [15 threads]0123456789.0123456789.0123456789.0123456789.01234567
 + ARMA voxel parameters estimated: total CPU=0.00 Elapsed=68.76
++ GLSQ loop:0123456789.0123456789.0123456789.0123456789.0123456789.
 + GLSQ regression done: total CPU=0.00 Elapsed=203.68
++ Output dataset /data/nil-external/ccp/freund/ub55/out/glms/102008/RESULTS/Stern/baseline_aggressive1_EVENTS_censored_shifted/stats_var_102008_R_REML.func.gii
++ Output dataset /data/nil-external/ccp/freund/ub55/out/glms/102008/RESULTS/Stern/baseline_aggressive1_EVENTS_censored_shifted/errts_102008_R_REML.func.gii
++ Output dataset /data/nil-external/ccp/freund/ub55/out/glms/102008/RESULTS/Stern/baseline_aggressive1_EVENTS_censored_shifted/wherr_102008_R_REML.func.gii
++ Output dataset /data/nil-external/ccp/freund/ub55/out/glms/102008/RESULTS/Stern/baseline_aggressive1_EVENTS_censored_shifted/STATS_102008_R_REML.func.gii
 + unloading input dataset and REML matrices
++ 3dREMLfit is all done! total CPU=0.00 Elapsed=217.92
