++ 3dREMLfit: AFNI version=AFNI_18.3.16 (Dec 11 2018) [64-bit]
++ Authored by: RWCox
++ GOFORIT ==> Matrix de-singularization is engaged!
++ Number of OpenMP threads = 15
++ No mask ==> computing for all 10242 voxels
[7m** ERROR:[0m matrix column #21 is all zero!?
[7m** ERROR:[0m matrix column #25 is all zero!?
[7m** ERROR:[0m matrix column #26 is all zero!?
[7m** ERROR:[0m matrix column #30 is all zero!?
[7m** ERROR:[0m matrix column #31 is all zero!?
[7m** ERROR:[0m matrix column #32 is all zero!?
[7m** ERROR:[0m matrix column #38 is all zero!?
[7m** ERROR:[0m matrix column #39 is all zero!?
[7m** ERROR:[0m matrix column #43 is all zero!?
[7m** ERROR:[0m matrix column #44 is all zero!?
[7m** ERROR:[0m matrix column #48 is all zero!?
[7m** ERROR:[0m matrix column #50 is all zero!?
[7m*+ WARNING:[0m You said to GOFORIT, so here we GO!
 +          Note that a bunch of further WARNINGs will be generated below.
++ Denominator DOF increased from 481 to 493 to allow for all zero columns
++ -----  matrix condition (539x58):  5.50863  ++ VERY GOOD ++
[7m*+ WARNING:[0m !! in  matrix:
 * Largest singular value=2.06932
 * 12 singular values are less than cutoff=2.06932e-07
 * Implies strong collinearity in the matrix columns! 
++  matrix singular values:
             0             0             0             0             0
             0             0             0    3.4843e-09   1.17008e-08
   1.52585e-08   1.94297e-08     0.0681931      0.127207      0.139345
      0.212494      0.275349       0.47109      0.562316      0.700534
      0.722645       0.82629      0.833529      0.859193      0.868049
      0.898957      0.907197      0.921193      0.948326      0.952088
      0.972189      0.982283      0.987439      0.994236      0.999616
      0.999963      0.999993             1             1       1.00026
       1.00072       1.00439       1.00626       1.01133       1.01522
       1.03879       1.05765        1.0597       1.07867       1.08297
       1.10895       1.12928       1.14447       1.16657        1.2359
       1.42465       1.87391       2.06932
[7m*+ WARNING:[0m -GOFORIT ==> Charging ahead into battle!
 +                   ==> Check results carefully!
++ Editing GLT matrices for all zero X matrix columns
 + Removed 12 all zero rows from GLT matrix 'Full'; numerator DOF changes from 46 to 34
 + GLT matrix 'blackGREEN' is all zero!
 + GLT matrix 'bluePURPLE' is all zero!
 + GLT matrix 'blueRED' is all zero!
 + GLT matrix 'greenPINK' is all zero!
 + GLT matrix 'greenYELLOW' is all zero!
 + GLT matrix 'pinkBLACK' is all zero!
 + GLT matrix 'purpleRED' is all zero!
 + GLT matrix 'purpleWHITE' is all zero!
 + GLT matrix 'redWHITE' is all zero!
 + GLT matrix 'whiteBLUE' is all zero!
 + GLT matrix 'yellowBLACK' is all zero!
 + GLT matrix 'yellowPINK' is all zero!
++ Loading input dataset into memory
 + masked off 881 voxels for being all zero; 9361 left in mask
++ starting REML setup calculations; total CPU=0.00 Elapsed=4.55
 + X matrix: 26.908% of elements are nonzero
[7m*+ WARNING:[0m -----
[7m*+ WARNING:[0m QR decomposition of [R]^(-1/2) [X] had 12 collinearity problems
[7m*+ WARNING:[0m -----
 + starting 15 OpenMP threads for REML setup
 + REML setup finished: matrix rows=539 cols=58; 109*1 cases; total CPU=0.00 Elapsed=7.58
 +  average case bandwidth = 13.10
++ REML voxel loop: [15 threads]0123456789.0123456789.0123456789.0123456789.01234567
 + ARMA voxel parameters estimated: total CPU=0.00 Elapsed=37.75
++ GLSQ loop:[7m*+ WARNING:[0m GLT setup 58x1 matrix is all zero?
0123456789.0123456789.0123456789.0123456789.0123456789.
 + GLSQ regression done: total CPU=0.00 Elapsed=71.30
++ Output dataset /data/nil-external/ccp/freund/ub55/out/glms/765864/RESULTS/Stroop/baseline_fix-item_EVENTS_censored_1/stats_var_765864_1_R_REML.func.gii
++ Output dataset /data/nil-external/ccp/freund/ub55/out/glms/765864/RESULTS/Stroop/baseline_fix-item_EVENTS_censored_1/errts_765864_1_R_REML.func.gii
++ Output dataset /data/nil-external/ccp/freund/ub55/out/glms/765864/RESULTS/Stroop/baseline_fix-item_EVENTS_censored_1/wherr_765864_1_R_REML.func.gii
[7m*+ WARNING:[0m Zero-ed 112332 float errors in dataset /data/nil-external/ccp/freund/ub55/out/glms/765864/RESULTS/Stroop/baseline_fix-item_EVENTS_censored_1/STATS_765864_1_R_REML.func.gii
 +    Float errors include NaN and Infinity values
 +    ==> Check matrix setup! Check inputs! Check results!
++ Output dataset /data/nil-external/ccp/freund/ub55/out/glms/765864/RESULTS/Stroop/baseline_fix-item_EVENTS_censored_1/STATS_765864_1_R_REML.func.gii
 + unloading input dataset and REML matrices
++ 3dREMLfit is all done! total CPU=0.00 Elapsed=80.23
