*+ WARNING: '-stim_times 8' didn't read any good times from file '/data/nil-external/ccp/freund/ub55/out/glms/849971/INPUT_DATA/Axcpt/baseline/849971_Axcpt_baseline_M_ng_shifted.txt'
*+ WARNING: '-stim_times 10' didn't read any good times from file '/data/nil-external/ccp/freund/ub55/out/glms/849971/INPUT_DATA/Axcpt/baseline/849971_Axcpt_baseline_P_ng_shifted.txt'
*+ WARNING: -stim_times 8 has all times equal to '*' ?!?!
*+ WARNING: !! '-stim_times 8' file '/data/nil-external/ccp/freund/ub55/out/glms/849971/INPUT_DATA/Axcpt/baseline/849971_Axcpt_baseline_M_ng_shifted.txt' has no good stimulus time values
*+ WARNING: -stim_times 10 has all times equal to '*' ?!?!
*+ WARNING: !! '-stim_times 10' file '/data/nil-external/ccp/freund/ub55/out/glms/849971/INPUT_DATA/Axcpt/baseline/849971_Axcpt_baseline_P_ng_shifted.txt' has no good stimulus time values
*+ WARNING: -------------------------------------------------
*+ WARNING: Problems with the X matrix columns, listed below:
*+ WARNING: !! * Columns 43 [C_ng#0] and 228 [C_X#15] are (nearly?) collinear!
*+ WARNING: !! * Columns 44 [C_ng#1] and 229 [C_X#16] are (nearly?) collinear!
*+ WARNING: !! * Column 111 [M_ng#0] is all zeros
*+ WARNING: !! * Column 112 [M_ng#1] is all zeros
*+ WARNING: !! * Column 113 [M_ng#2] is all zeros
*+ WARNING: !! * Column 114 [M_ng#3] is all zeros
*+ WARNING: !! * Column 115 [M_ng#4] is all zeros
*+ WARNING: !! * Column 116 [M_ng#5] is all zeros
*+ WARNING: !! * Column 117 [M_ng#6] is all zeros
*+ WARNING: !! * Column 118 [M_ng#7] is all zeros
*+ WARNING: !! * Column 119 [M_ng#8] is all zeros
*+ WARNING: !! * Column 120 [M_ng#9] is all zeros
*+ WARNING: !! * Column 121 [M_ng#10] is all zeros
*+ WARNING: !! * Column 122 [M_ng#11] is all zeros
*+ WARNING: !! * Column 123 [M_ng#12] is all zeros
*+ WARNING: !! * Column 124 [M_ng#13] is all zeros
*+ WARNING: !! * Column 125 [M_ng#14] is all zeros
*+ WARNING: !! * Column 126 [M_ng#15] is all zeros
*+ WARNING: !! * Column 127 [M_ng#16] is all zeros
*+ WARNING: !! * Column 145 [P_ng#0] is all zeros
*+ WARNING: !! * Column 146 [P_ng#1] is all zeros
*+ WARNING: !! * Column 147 [P_ng#2] is all zeros
*+ WARNING: !! * Column 148 [P_ng#3] is all zeros
*+ WARNING: !! * Column 149 [P_ng#4] is all zeros
*+ WARNING: !! * Column 150 [P_ng#5] is all zeros
*+ WARNING: !! * Column 151 [P_ng#6] is all zeros
*+ WARNING: !! * Column 152 [P_ng#7] is all zeros
*+ WARNING: !! * Column 153 [P_ng#8] is all zeros
*+ WARNING: !! * Column 154 [P_ng#9] is all zeros
*+ WARNING: !! * Column 155 [P_ng#10] is all zeros
*+ WARNING: !! * Column 156 [P_ng#11] is all zeros
*+ WARNING: !! * Column 157 [P_ng#12] is all zeros
*+ WARNING: !! * Column 158 [P_ng#13] is all zeros
*+ WARNING: !! * Column 159 [P_ng#14] is all zeros
*+ WARNING: !! * Column 160 [P_ng#15] is all zeros
*+ WARNING: !! * Column 161 [P_ng#16] is all zeros
*+ WARNING: -------------------------------------------------
*+ WARNING: !! in Signal+Baseline matrix:
 * Largest singular value=2.18685
 * 36 singular values are less than cutoff=2.18685e-07
 * Implies strong collinearity in the matrix columns! 
*+ WARNING: !! in Signal-only matrix:
 * Largest singular value=1.87827
 * 36 singular values are less than cutoff=1.87827e-07
 * Implies strong collinearity in the matrix columns! 
