++ 3dREMLfit: AFNI version=AFNI_18.3.16 (Dec 11 2018) [64-bit]
++ Authored by: RWCox
++ GOFORIT ==> Matrix de-singularization is engaged!
++ Number of OpenMP threads = 15
++ No mask ==> computing for all 10242 voxels
++ -----  matrix condition (648x103):  4.60384  ++ VERY GOOD ++
++ Loading input dataset into memory
 + masked off 881 voxels for being all zero; 9361 left in mask
++ starting REML setup calculations; total CPU=0.00 Elapsed=5.92
 + X matrix: 15.789% of elements are nonzero
 + starting 15 OpenMP threads for REML setup
 + REML setup finished: matrix rows=648 cols=103; 109*1 cases; total CPU=0.00 Elapsed=18.65
 +  average case bandwidth = 13.12
++ REML voxel loop: [15 threads]0123456789.0123456789.0123456789.0123456789.01234567
 + ARMA voxel parameters estimated: total CPU=0.00 Elapsed=55.48
++ GLSQ loop:0123456789.0123456789.0123456789.0123456789.0123456789.
 + GLSQ regression done: total CPU=0.00 Elapsed=67.30
++ Output dataset /data/nil-external/ccp/freund/ub55/out/glms/765864/RESULTS/Cuedts/baseline_CongruencySwitch_EVENTS_censored_shifted_1/stats_var_765864_1_R_REML.func.gii
++ Output dataset /data/nil-external/ccp/freund/ub55/out/glms/765864/RESULTS/Cuedts/baseline_CongruencySwitch_EVENTS_censored_shifted_1/errts_765864_1_L_REML.func.gii
++ Output dataset /data/nil-external/ccp/freund/ub55/out/glms/765864/RESULTS/Cuedts/baseline_CongruencySwitch_EVENTS_censored_shifted_1/wherr_765864_1_L_REML.func.gii
++ Output dataset /data/nil-external/ccp/freund/ub55/out/glms/765864/RESULTS/Cuedts/baseline_CongruencySwitch_EVENTS_censored_shifted_1/STATS_765864_1_L_REML.func.gii
 + unloading input dataset and REML matrices
++ 3dREMLfit is all done! total CPU=0.00 Elapsed=77.77
