++ 3dREMLfit: AFNI version=AFNI_18.3.16 (Dec 11 2018) [64-bit]
++ Authored by: RWCox
++ GOFORIT ==> Matrix de-singularization is engaged!
++ Number of OpenMP threads = 15
++ No mask ==> computing for all 10242 voxels
++ -----  matrix condition (647x179):  6.03453  ++ VERY GOOD ++
++ Loading input dataset into memory
 + masked off 881 voxels for being all zero; 9361 left in mask
++ starting REML setup calculations; total CPU=0.00 Elapsed=1.72
 + X matrix: 9.136% of elements are nonzero
 + starting 15 OpenMP threads for REML setup
 + REML setup finished: matrix rows=647 cols=179; 109*1 cases; total CPU=0.00 Elapsed=7.44
 +  average case bandwidth = 13.10
++ REML voxel loop: [15 threads]0123456789.0123456789.0123456789.0123456789.01234567
 + ARMA voxel parameters estimated: total CPU=0.00 Elapsed=14.86
++ GLSQ loop:0123456789.0123456789.0123456789.0123456789.0123456789.
 + GLSQ regression done: total CPU=0.00 Elapsed=27.56
++ Output dataset /data/nil-external/ccp/freund/ub55/out/glms/DMCC5195268/RESULTS/Cuedts/baseline_cueletnum_EVENTS_censored_shifted_1/stats_var_DMCC5195268_1_R_REML.func.gii
++ Output dataset /data/nil-external/ccp/freund/ub55/out/glms/DMCC5195268/RESULTS/Cuedts/baseline_cueletnum_EVENTS_censored_shifted_1/errts_DMCC5195268_1_R_REML.func.gii
++ Output dataset /data/nil-external/ccp/freund/ub55/out/glms/DMCC5195268/RESULTS/Cuedts/baseline_cueletnum_EVENTS_censored_shifted_1/wherr_DMCC5195268_1_R_REML.func.gii
++ Output dataset /data/nil-external/ccp/freund/ub55/out/glms/DMCC5195268/RESULTS/Cuedts/baseline_cueletnum_EVENTS_censored_shifted_1/STATS_DMCC5195268_1_R_REML.func.gii
 + unloading input dataset and REML matrices
++ 3dREMLfit is all done! total CPU=0.00 Elapsed=30.78
