++ 3dREMLfit: AFNI version=AFNI_18.3.16 (Dec 11 2018) [64-bit]
++ Authored by: RWCox
++ GOFORIT ==> Matrix de-singularization is engaged!
++ Number of OpenMP threads = 15
++ No mask ==> computing for all 10242 voxels
++ -----  matrix condition (579x128):  5.43269  ++ VERY GOOD ++
++ Loading input dataset into memory
 + masked off 881 voxels for being all zero; 9361 left in mask
++ starting REML setup calculations; total CPU=0.00 Elapsed=1.11
 + X matrix: 12.659% of elements are nonzero
 + starting 15 OpenMP threads for REML setup
 + REML setup finished: matrix rows=579 cols=128; 109*1 cases; total CPU=0.00 Elapsed=14.09
 +  average case bandwidth = 12.68
++ REML voxel loop: [15 threads]0123456789.0123456789.0123456789.0123456789.01234567
 + ARMA voxel parameters estimated: total CPU=0.00 Elapsed=38.43
++ GLSQ loop:0123456789.0123456789.0123456789.0123456789.0123456789.
 + GLSQ regression done: total CPU=0.00 Elapsed=49.87
++ Output dataset /data/nil-external/ccp/freund/ub55/out/glms/165032/RESULTS/Axcpt/baseline_Cues_EVENTS_censored_shifted_1/stats_var_165032_1_L_REML.nii.gz
++ Output dataset /data/nil-external/ccp/freund/ub55/out/glms/165032/RESULTS/Axcpt/baseline_Cues_EVENTS_censored_shifted_1/errts_165032_1_L_REML.nii.gz
++ Output dataset /data/nil-external/ccp/freund/ub55/out/glms/165032/RESULTS/Axcpt/baseline_Cues_EVENTS_censored_shifted_1/wherr_165032_1_L_REML.nii.gz
++ Output dataset /data/nil-external/ccp/freund/ub55/out/glms/165032/RESULTS/Axcpt/baseline_Cues_EVENTS_censored_shifted_1/STATS_165032_1_L_REML.nii.gz
 + unloading input dataset and REML matrices
++ 3dREMLfit is all done! total CPU=0.00 Elapsed=63.15
