++ 3dREMLfit: AFNI version=AFNI_18.3.16 (Dec 11 2018) [64-bit]
++ Authored by: RWCox
++ GOFORIT ==> Matrix de-singularization is engaged!
++ Number of OpenMP threads = 15
++ No mask ==> computing for all 10242 voxels
++ -----  matrix condition (530x122):  5.20332  ++ VERY GOOD ++
++ Loading input dataset into memory
 + masked off 888 voxels for being all zero; 9354 left in mask
++ starting REML setup calculations; total CPU=0.00 Elapsed=0.98
 + X matrix: 12.804% of elements are nonzero
 + starting 15 OpenMP threads for REML setup
 + REML setup finished: matrix rows=530 cols=122; 109*1 cases; total CPU=0.00 Elapsed=6.69
 +  average case bandwidth = 12.89
++ REML voxel loop: [15 threads]0123456789.0123456789.0123456789.0123456789.01234567
 + ARMA voxel parameters estimated: total CPU=0.00 Elapsed=42.01
++ GLSQ loop:0123456789.0123456789.0123456789.0123456789.0123456789.
 + GLSQ regression done: total CPU=0.00 Elapsed=66.87
++ Output dataset /data/nil-external/ccp/freund/ub55/out/glms/123117/RESULTS/Stroop/baseline_fix-LSA_EVENTS_censored_1/stats_var_123117_1_R_REML.func.gii
++ Output dataset /data/nil-external/ccp/freund/ub55/out/glms/123117/RESULTS/Stroop/baseline_fix-LSA_EVENTS_censored_1/errts_123117_1_R_REML.fun++ ++ [7m** ERROR:[0m output dataset name 'wherr_123117_1_R_REML.func.gii' conflicts with existing file
[7m** ERROR:[0m dataset NOT written to dis++ ++ Output dataset /data/nil-external/ccp/freund/ub55/out/glms/123117/RESULTS/Stroop/baseline_fix-LSA_EVENTS_censored_1/STATS_123117_1_R_REML.func.gii
 + unloading input dataset and REML matrices
++ 3dREMLfit is all done! total CPU=0.00 Elapsed=72.67
