++ 3dREMLfit: AFNI version=AFNI_18.3.16 (Dec 11 2018) [64-bit]
++ Authored by: RWCox
++ GOFORIT ==> Matrix de-singularization is engaged!
++ Number of OpenMP threads = 15
++ No mask ==> computing for all 10242 voxels
++ -----  matrix condition (537x78):  4.92944  ++ VERY GOOD ++
++ Loading input dataset into memory
 + masked off 881 voxels for being all zero; 9361 left in mask
++ starting REML setup calculations; total CPU=0.00 Elapsed=4.05
 + X matrix: 23.371% of elements are nonzero
 + starting 15 OpenMP threads for REML setup

libgomp: Thread creation failed: Resource temporarily unavailable
 CPU=0.00 Elapsed=3.29
 +  average case bandwidth = 13.05
++ REML voxel loop: [15 threads]0123456789.0123456789.0123456789.0123456789.01234567
 + ARMA voxel parameters estimated: total CPU=0.00 Elapsed=17.76
++ GLSQ loop:0123456789.0123456789.0123456789.0123456789.0123456789.
 + GLSQ regression done: total CPU=0.00 Elapsed=28.22
++ Output dataset /data/nil-external/ccp/freund/ub55/out/glms/203418/RESULTS/Stroop/baseline_Congruency_EVENTS_censored_shifted_noblock_2/stats_var_203418_2_L_REML.func.gii
++ Output dataset /data/nil-external/ccp/freund/ub55/out/glms/203418/RESULTS/Stroop/baseline_Congruency_EVENTS_censored_shifted_noblock_2/errts_203418_2_L_REML.func.gii
++ Output dataset /data/nil-external/ccp/freund/ub55/out/glms/203418/RESULTS/Stroop/baseline_Congruency_EVENTS_censored_shifted_noblock_2/wherr_203418_2_L_REML.func.gii
++ Output dataset /data/nil-external/ccp/freund/ub55/out/glms/203418/RESULTS/Stroop/baseline_Congruency_EVENTS_censored_shifted_noblock_2/STATS_203418_2_L_REML.func.gii
 + unloading input dataset and REML matrices
++ 3dREMLfit is all done! total CPU=0.00 Elapsed=30.74
