*+ WARNING: '-stim_times 6' didn't read any good times from file '/data/nil-external/ccp/freund/ub55/out/glms/877168/INPUT_DATA/Axcpt/baseline/877168_Axcpt_baseline_F_ng_shifted.txt'
*+ WARNING: '-stim_times 11' didn't read any good times from file '/data/nil-external/ccp/freund/ub55/out/glms/877168/INPUT_DATA/Axcpt/baseline/877168_Axcpt_baseline_T_ng_shifted.txt'
*+ WARNING: '-stim_times 12' didn't read any good times from file '/data/nil-external/ccp/freund/ub55/out/glms/877168/INPUT_DATA/Axcpt/baseline/877168_Axcpt_baseline_U_ng_shifted.txt'
*+ WARNING: -stim_times 6 has all times equal to '*' ?!?!
*+ WARNING: !! '-stim_times 6' file '/data/nil-external/ccp/freund/ub55/out/glms/877168/INPUT_DATA/Axcpt/baseline/877168_Axcpt_baseline_F_ng_shifted.txt' has no good stimulus time values
*+ WARNING: -stim_times 11 has all times equal to '*' ?!?!
*+ WARNING: !! '-stim_times 11' file '/data/nil-external/ccp/freund/ub55/out/glms/877168/INPUT_DATA/Axcpt/baseline/877168_Axcpt_baseline_T_ng_shifted.txt' has no good stimulus time values
*+ WARNING: -stim_times 12 has all times equal to '*' ?!?!
*+ WARNING: !! '-stim_times 12' file '/data/nil-external/ccp/freund/ub55/out/glms/877168/INPUT_DATA/Axcpt/baseline/877168_Axcpt_baseline_U_ng_shifted.txt' has no good stimulus time values
*+ WARNING: -------------------------------------------------
*+ WARNING: Problems with the X matrix columns, listed below:
*+ WARNING: !! * Column 77 [F_ng#0] is all zeros
*+ WARNING: !! * Column 78 [F_ng#1] is all zeros
*+ WARNING: !! * Column 79 [F_ng#2] is all zeros
*+ WARNING: !! * Column 80 [F_ng#3] is all zeros
*+ WARNING: !! * Column 81 [F_ng#4] is all zeros
*+ WARNING: !! * Column 82 [F_ng#5] is all zeros
*+ WARNING: !! * Column 83 [F_ng#6] is all zeros
*+ WARNING: !! * Column 84 [F_ng#7] is all zeros
*+ WARNING: !! * Column 85 [F_ng#8] is all zeros
*+ WARNING: !! * Column 86 [F_ng#9] is all zeros
*+ WARNING: !! * Column 87 [F_ng#10] is all zeros
*+ WARNING: !! * Column 88 [F_ng#11] is all zeros
*+ WARNING: !! * Column 89 [F_ng#12] is all zeros
*+ WARNING: !! * Column 90 [F_ng#13] is all zeros
*+ WARNING: !! * Column 91 [F_ng#14] is all zeros
*+ WARNING: !! * Column 92 [F_ng#15] is all zeros
*+ WARNING: !! * Column 93 [F_ng#16] is all zeros
*+ WARNING: !! * Column 162 [T_ng#0] is all zeros
*+ WARNING: !! * Column 163 [T_ng#1] is all zeros
*+ WARNING: !! * Column 164 [T_ng#2] is all zeros
*+ WARNING: !! * Column 165 [T_ng#3] is all zeros
*+ WARNING: !! * Column 166 [T_ng#4] is all zeros
*+ WARNING: !! * Column 167 [T_ng#5] is all zeros
*+ WARNING: !! * Column 168 [T_ng#6] is all zeros
*+ WARNING: !! * Column 169 [T_ng#7] is all zeros
*+ WARNING: !! * Column 170 [T_ng#8] is all zeros
*+ WARNING: !! * Column 171 [T_ng#9] is all zeros
*+ WARNING: !! * Column 172 [T_ng#10] is all zeros
*+ WARNING: !! * Column 173 [T_ng#11] is all zeros
*+ WARNING: !! * Column 174 [T_ng#12] is all zeros
*+ WARNING: !! * Column 175 [T_ng#13] is all zeros
*+ WARNING: !! * Column 176 [T_ng#14] is all zeros
*+ WARNING: !! * Column 177 [T_ng#15] is all zeros
*+ WARNING: !! * Column 178 [T_ng#16] is all zeros
*+ WARNING: !! * Column 179 [U_ng#0] is all zeros
*+ WARNING: !! * Column 180 [U_ng#1] is all zeros
*+ WARNING: !! * Column 181 [U_ng#2] is all zeros
*+ WARNING: !! * Column 182 [U_ng#3] is all zeros
*+ WARNING: !! * Column 183 [U_ng#4] is all zeros
*+ WARNING: !! * Column 184 [U_ng#5] is all zeros
*+ WARNING: !! * Column 185 [U_ng#6] is all zeros
*+ WARNING: !! * Column 186 [U_ng#7] is all zeros
*+ WARNING: !! * Column 187 [U_ng#8] is all zeros
*+ WARNING: !! * Column 188 [U_ng#9] is all zeros
*+ WARNING: !! * Column 189 [U_ng#10] is all zeros
*+ WARNING: !! * Column 190 [U_ng#11] is all zeros
*+ WARNING: !! * Column 191 [U_ng#12] is all zeros
*+ WARNING: !! * Column 192 [U_ng#13] is all zeros
*+ WARNING: !! * Column 193 [U_ng#14] is all zeros
*+ WARNING: !! * Column 194 [U_ng#15] is all zeros
*+ WARNING: !! * Column 195 [U_ng#16] is all zeros
*+ WARNING: !! * Columns 288 [M_X#7] and 349 [U_X#0] are (nearly?) collinear!
*+ WARNING: !! * Columns 289 [M_X#8] and 350 [U_X#1] are (nearly?) collinear!
*+ WARNING: !! * Columns 290 [M_X#9] and 351 [U_X#2] are (nearly?) collinear!
*+ WARNING: !! * Columns 291 [M_X#10] and 352 [U_X#3] are (nearly?) collinear!
*+ WARNING: !! * Columns 292 [M_X#11] and 353 [U_X#4] are (nearly?) collinear!
*+ WARNING: !! * Columns 293 [M_X#12] and 354 [U_X#5] are (nearly?) collinear!
*+ WARNING: !! * Columns 294 [M_X#13] and 355 [U_X#6] are (nearly?) collinear!
*+ WARNING: !! * Columns 295 [M_X#14] and 356 [U_X#7] are (nearly?) collinear!
*+ WARNING: !! * Columns 296 [M_X#15] and 357 [U_X#8] are (nearly?) collinear!
*+ WARNING: !! * Columns 297 [M_X#16] and 358 [U_X#9] are (nearly?) collinear!
*+ WARNING: -------------------------------------------------
*+ WARNING: !! in Signal+Baseline matrix:
 * Largest singular value=2.10414
 * 61 singular values are less than cutoff=2.10414e-07
 * Implies strong collinearity in the matrix columns! 
*+ WARNING: !! in Signal-only matrix:
 * Largest singular value=1.8777
 * 61 singular values are less than cutoff=1.8777e-07
 * Implies strong collinearity in the matrix columns! 
