++ 3dREMLfit: AFNI version=AFNI_18.3.16 (Dec 11 2018) [64-bit]
++ Authored by: RWCox
++ GOFORIT ==> Matrix de-singularization is engaged!
++ Number of OpenMP threads = 15
++ No mask ==> computing for all 10242 voxels
++ -----  matrix condition (1071x448):  5.3989  ++ VERY GOOD ++
++ Loading input dataset into memory
 + masked off 881 voxels for being all zero; 9361 left in mask
++ starting REML setup calculations; total CPU=0.00 Elapsed=6.54
 + X matrix: 4.064% of elements are nonzero
 + starting 15 OpenMP threads for REML setup
 + REML setup finished: matrix rows=1071 cols=448; 109*1 cases; total CPU=0.00 Elapsed=286.69
 +  average case bandwidth = 13.04
++ REML voxel loop: [15 threads]0123456789.0123456789.0123456789.0123456789.01234567
 + ARMA voxel parameters estimated: total CPU=0.00 Elapsed=324.67
++ GLSQ loop:0123456789.0123456789.0123456789.0123456789.0123456789.
 + GLSQ regression done: total CPU=0.00 Elapsed=870.90
++ Output dataset /data/nil-external/ccp/freund/ub55/out/glms/182436/RESULTS/Stroop/baseline_aggressive1_EVENTS_censored_shifted/stats_var_182436_R_REML.func.gii
++ Output dataset /data/nil-external/ccp/freund/ub55/out/glms/182436/RESULTS/Stroop/baseline_aggressive1_EVENTS_censored_shifted/errts_182436_R_REML.func.gii
++ Output dataset /data/nil-external/ccp/freund/ub55/out/glms/182436/RESULTS/Stroop/baseline_aggressive1_EVENTS_censored_shifted/wherr_182436_R_REML.func.gii
++ Output dataset /data/nil-external/ccp/freund/ub55/out/glms/182436/RESULTS/Stroop/baseline_aggressive1_EVENTS_censored_shifted/STATS_182436_R_REML.func.gii
 + unloading input dataset and REML matrices
++ 3dREMLfit is all done! total CPU=0.00 Elapsed=879.24
