++ 3dREMLfit: AFNI version=AFNI_18.3.16 (Dec 11 2018) [64-bit]
++ Authored by: RWCox
++ GOFORIT ==> Matrix de-singularization is engaged!
++ Number of OpenMP threads = 15
++ No mask ==> computing for all 10242 voxels
++ -----  matrix condition (1188x263):  5.8575  ++ VERY GOOD ++
[7m*+ WARNING:[0m !! in  matrix:
 * Largest singular value=1.98496
 * 1 singular value is less than cutoff=1.98496e-07
 * Implies strong collinearity in the matrix columns! 
++  matrix singular values:
             0     0.0578533      0.134516      0.186803      0.219304
      0.255902      0.264875      0.299209      0.337556      0.377613
      0.427335      0.490164      0.507753      0.578161      0.581179
       0.59507      0.600032       0.60215      0.607775      0.615557
      0.623983       0.62609      0.637764       0.64343      0.652251
      0.656141      0.657593      0.664169      0.674177      0.680959
      0.684004      0.690066      0.693438      0.698193       0.69899
       0.70604      0.707018      0.709395      0.709484      0.716164
        0.7169      0.722563      0.723569      0.729089      0.734539
      0.736929      0.740536      0.745224      0.746755      0.749954
      0.754037      0.757002      0.759786      0.762486      0.765579
      0.768425       0.77326      0.774117      0.777867      0.782797
      0.784601      0.788876      0.790745      0.796166      0.800812
      0.803824      0.811515      0.812602      0.816369      0.820076
       0.82349      0.827604      0.832679      0.834428      0.837789
      0.840936      0.844404      0.847088      0.848569      0.851264
      0.852745      0.854159      0.858226      0.859837      0.861746
      0.867148       0.86935      0.872862      0.874189      0.878319
      0.882333      0.884615      0.887108      0.890451      0.891218
      0.894819      0.896942      0.899764      0.903235      0.908049
      0.910889      0.916992      0.918343      0.923688      0.927912
      0.929175      0.933382      0.935571      0.936671      0.939167
      0.942139      0.944293      0.946641      0.952338      0.956188
      0.956979      0.959889      0.962255      0.963517      0.967261
      0.968424      0.971691      0.973491      0.974855      0.981425
       0.98318      0.984939      0.989604      0.991391      0.992972
      0.995383      0.998899      0.999238        1.0001       1.00058
        1.0016       1.00336       1.00658       1.00753       1.00993
       1.01101       1.01756       1.01941       1.01993       1.02258
       1.02556       1.02991       1.03292       1.03446       1.03743
       1.03829       1.04212       1.04284       1.04667       1.04737
       1.04906       1.05194       1.05386       1.05462       1.05882
       1.05936       1.05995       1.06288       1.06719       1.06842
       1.07169       1.07309       1.07659       1.08006       1.08208
       1.08628       1.08772          1.09       1.09222       1.09456
       1.09628       1.09914       1.10308       1.10386       1.10539
       1.10876       1.11182       1.11493       1.11764       1.12129
        1.1216       1.12394       1.12491       1.12738       1.13005
        1.1315       1.13324       1.13468       1.13801       1.14284
       1.14559       1.14674       1.14782       1.15015        1.1532
       1.15478        1.1568       1.16119       1.16374       1.16733
       1.16985       1.17219       1.17408       1.17593        1.1786
        1.1802        1.1815         1.184       1.18468       1.18806
       1.18898       1.19202       1.19502       1.19658       1.20174
        1.2046       1.20722       1.20797       1.20988       1.21113
       1.21147       1.21395       1.21503       1.21841       1.22143
       1.22328       1.22598       1.22748       1.22852       1.23088
       1.23636       1.24034       1.24221       1.24319       1.24517
       1.24827       1.24947       1.25199       1.25649       1.25935
       1.26307       1.26314       1.26859       1.27304       1.27591
       1.28226       1.28803       1.29402       1.30764       1.31132
       1.31433       1.36636       1.37839       1.38031       1.48546
       1.59159       1.94316       1.98496
[7m*+ WARNING:[0m -GOFORIT ==> Charging ahead into battle!
 +                   ==> Check results carefully!
++ Loading input dataset into memory
 + masked off 881 voxels for being all zero; 9361 left in mask
++ starting REML setup calculations; total CPU=0.00 Elapsed=4.60
 + X matrix: 6.174% of elements are nonzero
[7m*+ WARNING:[0m -----
[7m*+ WARNING:[0m QR decomposition of [R]^(-1/2) [X] had 1 collinearity problem
[7m*+ WARNING:[0m -----
 + starting 15 OpenMP threads for REML setup
 + REML setup finished: matrix rows=1188 cols=263; 109*1 cases; total CPU=0.00 Elapsed=92.28
 +  average case bandwidth = 13.02
++ REML voxel loop: [15 threads]0123456789.0123456789.0123456789.0123456789.01234567
 + ARMA voxel parameters estimated: total CPU=0.00 Elapsed=127.57
++ GLSQ loop:
[7m*+ WARNING:[0m QR decomposition of GLT setup 263x245 matrix had 11 collinearity problems

[7m*+ WARNING:[0m QR decomposition of GLT setup 263x245 matrix had 33 collinearity problems

[7m*+ WARNING:[0m QR decomposition of GLT setup 263x245 matrix had 57 collinearity problems

[7m*+ WARNING:[0m QR decomposition of GLT setup 263x245 matrix had 74 collinearity problems
0123456789.0123456789.0123456789.0123456789.0123456789.
 + GLSQ regression done: total CPU=0.00 Elapsed=261.85
++ Output dataset /data/nil-external/ccp/freund/ub55/out/glms/204319/RESULTS/Stern/baseline_aggressive1_EVENTS_censored_shifted/stats_var_204319_R_REML.func.gii
++ Output dataset /data/nil-external/ccp/freund/ub55/out/glms/204319/RESULTS/Stern/baseline_aggressive1_EVENTS_censored_shifted/errts_204319_R_REML.func.gii
++ Output dataset /data/nil-external/ccp/freund/ub55/out/glms/204319/RESULTS/Stern/baseline_aggressive1_EVENTS_censored_shifted/wherr_204319_R_REML.func.gii
++ Output dataset /data/nil-external/ccp/freund/ub55/out/glms/204319/RESULTS/Stern/baseline_aggressive1_EVENTS_censored_shifted/STATS_204319_R_REML.func.gii
 + unloading input dataset and REML matrices
++ 3dREMLfit is all done! total CPU=0.00 Elapsed=281.88
