++ 3dREMLfit: AFNI version=AFNI_18.3.16 (Dec 11 2018) [64-bit]
++ Authored by: RWCox
++ GOFORIT ==> Matrix de-singularization is engaged!
++ Number of OpenMP threads = 15
++ No mask ==> computing for all 10242 voxels
[7m** ERROR:[0m matrix column #22 is all zero!?
[7m** ERROR:[0m matrix column #23 is all zero!?
[7m** ERROR:[0m matrix column #27 is all zero!?
[7m** ERROR:[0m matrix column #28 is all zero!?
[7m** ERROR:[0m matrix column #33 is all zero!?
[7m** ERROR:[0m matrix column #35 is all zero!?
[7m** ERROR:[0m matrix column #36 is all zero!?
[7m** ERROR:[0m matrix column #40 is all zero!?
[7m** ERROR:[0m matrix column #41 is all zero!?
[7m** ERROR:[0m matrix column #45 is all zero!?
[7m** ERROR:[0m matrix column #46 is all zero!?
[7m** ERROR:[0m matrix column #49 is all zero!?
[7m*+ WARNING:[0m You said to GOFORIT, so here we GO!
 +          Note that a bunch of further WARNINGs will be generated below.
++ Denominator DOF increased from 482 to 494 to allow for all zero columns
++ -----  matrix condition (540x58):  4.61485  ++ VERY GOOD ++
[7m*+ WARNING:[0m !! in  matrix:
 * Largest singular value=2.05199
 * 12 singular values are less than cutoff=2.05199e-07
 * Implies strong collinearity in the matrix columns! 
++  matrix singular values:
             0             0             0             0             0
   6.81103e-09    8.5586e-09   1.25861e-08   1.40276e-08   1.48366e-08
   1.77066e-08   1.99532e-08     0.0963519      0.123908      0.168445
      0.206368      0.280046       0.47249      0.531628      0.672898
      0.729597      0.787438      0.799872       0.80825      0.848624
      0.885522      0.891642      0.899957       0.91928      0.928329
      0.949719      0.966086      0.984606      0.992051      0.999827
      0.999987             1       1.00002       1.00013       1.00103
       1.00256       1.00667       1.00757        1.0183       1.02898
       1.03443       1.04882       1.05921       1.07238       1.10793
       1.11858       1.12357       1.19822       1.22095        1.2636
       1.49024       1.88353       2.05199
[7m*+ WARNING:[0m -GOFORIT ==> Charging ahead into battle!
 +                   ==> Check results carefully!
++ Editing GLT matrices for all zero X matrix columns
 + Removed 12 all zero rows from GLT matrix 'Full'; numerator DOF changes from 46 to 34
 + GLT matrix 'blackPINK' is all zero!
 + GLT matrix 'blackYELLOW' is all zero!
 + GLT matrix 'blueWHITE' is all zero!
 + GLT matrix 'greenBLACK' is all zero!
 + GLT matrix 'pinkGREEN' is all zero!
 + GLT matrix 'pinkYELLOW' is all zero!
 + GLT matrix 'purpleBLUE' is all zero!
 + GLT matrix 'redBLUE' is all zero!
 + GLT matrix 'redPURPLE' is all zero!
 + GLT matrix 'whitePURPLE' is all zero!
 + GLT matrix 'whiteRED' is all zero!
 + GLT matrix 'yellowGREEN' is all zero!
++ Loading input dataset into memory
 + masked off 888 voxels for being all zero; 9354 left in mask
++ starting REML setup calculations; total CPU=0.00 Elapsed=0.91
 + X matrix: 26.996% of elements are nonzero
[7m*+ WARNING:[0m -----
[7m*+ WARNING:[0m QR decomposition of [R]^(-1/2) [X] had 12 collinearity problems
[7m*+ WARNING:[0m -----
 + starting 15 OpenMP threads for REML setup
 + REML setup finished: matrix rows=540 cols=58; 109*1 cases; total CPU=0.00 Elapsed=4.05
 +  average case bandwidth = 13.12
++ REML voxel loop: [15 threads]0123456789.0123456789.0123456789.0123456789.01234567
 + ARMA voxel parameters estimated: total CPU=0.00 Elapsed=33.17
++ GLSQ loop:[7m*+ WARNING:[0m GLT setup 58x1 matrix is all zero?
0123456789.0123456789.0123456789.0123456789.0123456789.
 + GLSQ regression done: total CPU=0.00 Elapsed=76.15
++ Output dataset /data/nil-external/ccp/freund/ub55/out/glms/DMCC8214059/RESULTS/Stroop/baseline_fix-item_EVENTS_censored_2/stats_var_DMCC8214059_2_R_REML.func.gii
++ Output dataset /data/nil-external/ccp/freund/ub55/out/glms/DMCC8214059/RESULTS/Stroop/baseline_fix-item_EVENTS_censored_2/errts_DMCC8214059_2_R_REML.func.gii
++ Output dataset /data/nil-external/ccp/freund/ub55/out/glms/DMCC8214059/RESULTS/Stroop/baseline_fix-item_EVENTS_censored_2/wherr_DMCC8214059_2_R_REML.func.gii
[7m*+ WARNING:[0m Zero-ed 112332 float errors in dataset /data/nil-external/ccp/freund/ub55/out/glms/DMCC8214059/RESULTS/Stroop/baseline_fix-item_EVENTS_censored_2/STATS_DMCC8214059_2_R_REML.func.gii
 +    Float errors include NaN and Infinity values
 +    ==> Check matrix setup! Check inputs! Check results!
++ Output dataset /data/nil-external/ccp/freund/ub55/out/glms/DMCC8214059/RESULTS/Stroop/baseline_fix-item_EVENTS_censored_2/STATS_DMCC8214059_2_R_REML.func.gii
 + unloading input dataset and REML matrices
++ 3dREMLfit is all done! total CPU=0.00 Elapsed=88.05
