++ 3dREMLfit: AFNI version=AFNI_18.3.16 (Dec 11 2018) [64-bit]
++ Authored by: RWCox
++ GOFORIT ==> Matrix de-singularization is engaged!
++ Number of OpenMP threads = 15
++ No mask ==> computing for all 10242 voxels
[7m** ERROR:[0m matrix column #247 is all zero!?
[7m** ERROR:[0m matrix column #248 is all zero!?
[7m** ERROR:[0m matrix column #251 is all zero!?
[7m*+ WARNING:[0m You said to GOFORIT, so here we GO!
 +          Note that a bunch of further WARNINGs will be generated below.
++ Denominator DOF increased from 632 to 635 to allow for all zero columns
++ -----  matrix condition (1274x642):  6.28107  ++ VERY GOOD ++
[7m*+ WARNING:[0m !! in  matrix:
 * Largest singular value=2.0095
 * 3 singular values are less than cutoff=2.0095e-07
 * Implies strong collinearity in the matrix columns! 
++  matrix singular values:
             0             0   4.76739e-09     0.0509356      0.108472
       0.14796      0.161124      0.176051      0.194791      0.224247
      0.270045      0.274917      0.297499      0.315399      0.322947
      0.324517      0.328829      0.333323      0.339586      0.345433
      0.350589       0.35257       0.36149      0.365251      0.373908
       0.37531      0.377631       0.38174      0.386074      0.388322
      0.393111       0.39503      0.396582      0.399287      0.400431
      0.402271      0.405859      0.407091      0.412642       0.41846
      0.423043      0.425793      0.430568      0.434766      0.438324
      0.442957      0.444295      0.446115      0.448387      0.449926
      0.452131      0.453976      0.458459      0.461461      0.463633
      0.472772      0.476387       0.47916      0.482428      0.485896
      0.487393      0.490193      0.493326      0.496737      0.500597
      0.503416      0.506134      0.510377      0.511056      0.511879
      0.514428      0.515868      0.520564      0.524031      0.529091
      0.531431      0.531896      0.538203      0.538885      0.540507
      0.542258      0.544069      0.546628      0.547763      0.549955
      0.550924      0.553553       0.55555      0.558958      0.560469
      0.563647      0.565026      0.566195      0.571093      0.575735
      0.577236      0.579255      0.582303       0.58358      0.584559
      0.587906      0.590556      0.592264      0.593055      0.595788
      0.598772      0.600569      0.601581      0.601844      0.607098
      0.608034      0.609538      0.613341       0.61408      0.616631
       0.61793      0.618978      0.620177      0.622154      0.622823
        0.6257      0.626409      0.627443      0.627818      0.630617
      0.633121      0.637747      0.641104      0.642578      0.643267
      0.647671      0.648524      0.652633      0.655697      0.658106
      0.660601      0.660913      0.664013      0.665473       0.66722
       0.66981      0.671069      0.672226        0.6746      0.677965
      0.679721      0.684023      0.685901      0.687995      0.690777
      0.693349      0.695806      0.697293      0.698386      0.698956
      0.700914      0.702412      0.705712      0.707157      0.708903
      0.710837      0.711798      0.714483      0.716549      0.721776
      0.722778      0.725771      0.726685      0.727382      0.731078
      0.732643       0.73357       0.73641      0.737907      0.739027
      0.741484      0.744054      0.745462      0.746858      0.749457
      0.750257      0.751706      0.755367        0.7567      0.758157
      0.759271      0.762817      0.764656      0.764846      0.766439
      0.767725      0.768833      0.772885      0.773306      0.774994
      0.776319      0.778415       0.78005      0.782683      0.785517
      0.786965      0.788318      0.789273      0.789774      0.794431
       0.79632      0.799171      0.799395      0.802457      0.804326
      0.806146      0.807737      0.808655      0.810948      0.812448
      0.816154      0.818343      0.819082      0.821479       0.82267
      0.824215      0.826747      0.829042      0.831554      0.832668
      0.836334      0.839499       0.84107      0.843463      0.844303
      0.846912      0.847984      0.849952      0.851581      0.852601
      0.854591      0.855047      0.856604      0.857965      0.859642
      0.862907      0.862966      0.863491      0.867292      0.869157
      0.870769      0.872299      0.874923       0.87678      0.878408
      0.883109      0.885099      0.886426      0.887768      0.890731
      0.891507      0.894352      0.895201      0.897147      0.900386
       0.90124      0.905691      0.907953      0.910662      0.912774
      0.913925      0.915682       0.91798      0.919122         0.921
      0.922126      0.922982      0.924595      0.926151      0.929263
      0.930918      0.933136      0.935442      0.937852      0.938268
      0.939055      0.941822      0.942849      0.944768      0.945492
      0.948077      0.951566      0.953403      0.955275      0.955798
      0.958118      0.960507      0.963464      0.964106      0.967666
      0.969963      0.970336      0.972394      0.975045      0.978014
        0.9802      0.982898      0.985504      0.986192      0.987636
      0.989363       0.99034      0.992208      0.993793      0.996057
      0.997233      0.997877      0.998381      0.999672      0.999999
      0.999999      0.999999             1             1             1
             1             1             1             1             1
             1             1             1             1             1
             1             1       1.00002       1.00008       1.00019
       1.00031       1.00059       1.00085       1.00168       1.00225
       1.00335       1.00371       1.00563       1.00729       1.00822
       1.01055       1.01163        1.0123       1.01462       1.01731
       1.01928       1.02009       1.02232         1.023       1.02545
       1.02734       1.03147       1.03293       1.03338       1.03687
        1.0387       1.04017       1.04181        1.0432        1.0441
       1.04712        1.0495       1.05086       1.05158       1.05345
       1.05432       1.05627       1.05722       1.05833        1.0618
       1.06227        1.0628        1.0651       1.06556         1.067
       1.07002       1.07095       1.07116       1.07278       1.07469
        1.0761       1.07927       1.08033       1.08376       1.08467
       1.08572        1.0872        1.0876        1.0904       1.09283
       1.09349       1.09574       1.09784       1.09966        1.1001
       1.10415       1.10463       1.10583       1.10848       1.10979
        1.1112       1.11287       1.11398       1.11427        1.1161
       1.11629       1.11957       1.12122       1.12185       1.12261
       1.12358       1.12487       1.12581       1.12687       1.12818
       1.12951       1.13105       1.13212       1.13391       1.13498
       1.13722       1.13879          1.14       1.14174       1.14337
       1.14537       1.14584        1.1482       1.14958       1.14981
       1.15203       1.15355       1.15451        1.1555       1.15708
       1.15748       1.16076       1.16135       1.16264       1.16409
       1.16568       1.16572       1.16601       1.16732       1.16832
       1.16949       1.17149       1.17232       1.17278       1.17446
       1.17506       1.17878       1.17936       1.18069       1.18197
        1.1822       1.18434        1.1848        1.1862       1.18795
       1.18869       1.19145       1.19196       1.19295       1.19366
       1.19414       1.19632       1.19649       1.19801       1.19907
       1.20027       1.20117       1.20222        1.2048       1.20567
        1.2072       1.20937        1.2099       1.21035        1.2132
       1.21422       1.21516        1.2166       1.21724       1.21806
       1.22064       1.22181       1.22244         1.223       1.22546
       1.22596       1.22753        1.2288       1.22992       1.23147
       1.23246       1.23296       1.23332       1.23544       1.23703
       1.23844       1.23878       1.23989       1.24037       1.24191
       1.24337       1.24508       1.24613       1.24712       1.24969
        1.2516       1.25236       1.25408       1.25441       1.25626
       1.25719       1.25766       1.25999       1.26077       1.26138
       1.26339       1.26377       1.26471       1.26597       1.26645
       1.26752       1.26888       1.26968       1.27095        1.2725
       1.27293       1.27428       1.27506       1.27677       1.27698
       1.27837       1.27938       1.28031       1.28192        1.2825
       1.28348       1.28528       1.28575       1.28662       1.28809
       1.28845       1.28896       1.28951       1.29089       1.29108
       1.29233       1.29361       1.29446       1.29555       1.29614
       1.29717       1.29843       1.29971       1.30048       1.30304
       1.30476       1.30514       1.30656       1.30713       1.30777
       1.30906       1.31016       1.31091       1.31133       1.31227
       1.31422       1.31506       1.31631       1.31749       1.31787
       1.31934       1.31986       1.32249       1.32388       1.32476
       1.32706       1.32802        1.3293       1.33076       1.33183
       1.33256       1.33435       1.33498       1.33598       1.33741
       1.33871       1.33926       1.34024       1.34074       1.34204
        1.3427       1.34298        1.3439       1.34501       1.34686
       1.34753        1.3484       1.35005       1.35146       1.35353
       1.35459       1.35508       1.35601       1.35681       1.35714
       1.35798        1.3583       1.35917        1.3608       1.36252
       1.36409       1.36509       1.36645       1.36887        1.3692
       1.37126       1.37323       1.37462       1.37637        1.3779
       1.37987       1.38191       1.38644       1.38863       1.39989
       1.40931       1.41698       1.44902       1.53278       1.82408
       1.89581        2.0095
[7m*+ WARNING:[0m -GOFORIT ==> Charging ahead into battle!
 +                   ==> Check results carefully!
++ Editing GLT matrices for all zero X matrix columns
 + Removed 3 all zero rows from GLT matrix 'Full'; numerator DOF changes from 622 to 619
 + Removed 3 all zero rows from GLT matrix 'l_1A'; numerator DOF changes from 19 to 16
++ Loading input dataset into memory
 + masked off 881 voxels for being all zero; 9361 left in mask
++ starting REML setup calculations; total CPU=0.00 Elapsed=10.38
 + X matrix: 2.491% of elements are nonzero[7m*+ WARNING:[0m -----
[7m*+ WARNING:[0m QR decomposition of [R]^(-1/2) [X] had 3 collinearity problems
[7m*+ WARNING:[0m -----
 + starting 15 OpenMP threads for REML setup + REML setup finished: matrix rows=1274 cols=642; 109*1 cases; total CPU=0.00 Elapsed=789.94
 +  average case bandwidth = 12.96
++ REML voxel loop: [15 threads]0123456789.0123456789.0123456789.0123456789.01234567
 + ARMA voxel parameters estimated: total CPU=0.00 Elapsed=830.73
++ GLSQ loop:0123456789.0123456789.0123456789.0123456789.0123456789.
 + GLSQ regression done: total CPU=0.00 Elapsed=1688.81
++ Output dataset /data/nil-external/ccp/freund/ub55/out/glms/448347/RESULTS/Cuedts/baseline_aggressive1_EVENTS_censored_shifted/stats_var_448347_L_REML.func.gii
++ Output dataset /data/nil-external/ccp/freund/ub55/out/glms/448347/RESULTS/Cuedts/baseline_aggressive1_EVENTS_censored_shifted/errts_448347_L_REML.func.gii
++ Output dataset /data/nil-external/ccp/freund/ub55/out/glms/448347/RESULTS/Cuedts/baseline_aggressive1_EVENTS_censored_shifted/wherr_448347_L_REML.func.gii
++ Output dataset /data/nil-external/ccp/freund/ub55/out/glms/448347/RESULTS/Cuedts/baseline_aggressive1_EVENTS_censored_shifted/STATS_448347_L_REML.func.gii
 + unloading input dataset and REML matrices
++ 3dREMLfit is all done! total CPU=0.00 Elapsed=1696.59

