++ 3dREMLfit: AFNI version=AFNI_18.3.16 (Dec 11 2018) [64-bit]
++ Authored by: RWCox
++ GOFORIT ==> Matrix de-singularization is engaged!
++ Number of OpenMP threads = 15
++ No mask ==> computing for all 10242 voxels
++ -----  matrix condition (609x128):  5.37841  ++ VERY GOOD ++
++ Loading input dataset into memory
 + masked off 881 voxels for being all zero; 9361 left in mask
++ starting REML setup calculations; total CPU=0.00 Elapsed=0.99
 + X matrix: 12.621% of elements are nonzero
 + starting 15 OpenMP threads for REML setup
 + REML setup finished: matrix rows=609 cols=128; 109*1 cases; total CPU=0.00 Elapsed=15.70
 +  average case bandwidth = 13.13
++ REML voxel loop: [15 threads]0123456789.0123456789.0123456789.0123456789.01234567
 + ARMA voxel parameters estimated: total CPU=0.00 Elapsed=38.30
++ GLSQ loop:0123456789.0123456789.0123456789.0123456789.0123456789.
 + GLSQ regression done: total CPU=0.00 Elapsed=48.00
++ Output dataset /data/nil-external/ccp/freund/ub55/out/glms/182436/RESULTS/Axcpt/baseline_Cues_EVENTS_censored_shifted_1/stats_var_182436_1_R_REML.nii.gz
++ Output dataset /data/nil-external/ccp/freund/ub55/out/glms/182436/RESULTS/Axcpt/baseline_Cues_EVENTS_censored_shifted_1/errts_182436_1_R_REML.nii.gz
++ Output dataset /data/nil-external/ccp/freund/ub55/out/glms/182436/RESULTS/Axcpt/baseline_Cues_EVENTS_censored_shifted_1/wherr_182436_1_R_REML.nii.gz
++ Output dataset /data/nil-external/ccp/freund/ub55/out/glms/182436/RESULTS/Axcpt/baseline_Cues_EVENTS_censored_shifted_1/STATS_182436_1_R_REML.nii.gz
 + unloading input dataset and REML matrices
++ 3dREMLfit is all done! total CPU=0.00 Elapsed=64.69
