++ 3dREMLfit: AFNI version=AFNI_18.3.16 (Dec 11 2018) [64-bit]
++ Authored by: RWCox
++ GOFORIT ==> Matrix de-singularization is engaged!
++ Number of OpenMP threads = 15
++ No mask ==> computing for all 10242 voxels
[7m** ERROR:[0m matrix column #272 is all zero!?
[7m*+ WARNING:[0m You said to GOFORIT, so here we GO!
 +          Note that a bunch of further WARNINGs will be generated below.
++ Denominator DOF increased from 634 to 635 to allow for all zero columns
++ -----  matrix condition (1276x642):  7.2483  ++ VERY GOOD ++
[7m*+ WARNING:[0m !! in  matrix:
 * Largest singular value=2.32641
 * 1 singular value is less than cutoff=2.32641e-07
 * Implies strong collinearity in the matrix columns! 
++  matrix singular values:
             0     0.0442807     0.0859899      0.134798      0.142595
      0.187982      0.206955      0.212511      0.252873      0.276771
      0.281499      0.309841      0.313119      0.326652       0.33086
      0.332595      0.336425      0.346036      0.348672      0.360083
      0.363467      0.374333      0.377068      0.379069      0.384923
       0.39152      0.392949      0.395555      0.402448      0.404723
      0.408065      0.411277      0.412971      0.416682      0.421784
      0.424011      0.429272      0.432627      0.435162      0.436322
      0.439739      0.440042      0.443544      0.446267      0.448798
       0.45063      0.454622      0.456715      0.458909      0.462469
      0.465173      0.467007      0.472193      0.473078      0.474848
      0.478172      0.479453      0.480463      0.485229      0.486059
      0.486346      0.490033      0.491941      0.493836       0.49472
      0.499005      0.501496      0.505015      0.505693      0.508108
      0.511111      0.513373      0.515647      0.517477       0.51907
      0.520261      0.523173      0.525278      0.527453      0.528902
      0.531117      0.536656      0.538844      0.541654      0.543281
      0.548646      0.552252      0.553926      0.555897      0.560996
      0.564228      0.564608      0.568266       0.57108      0.573658
      0.574903       0.57876      0.579184       0.58247      0.585194
      0.585992      0.587232      0.589507       0.59453      0.597932
      0.601021      0.605887      0.607638      0.609859      0.613692
       0.61533      0.616785      0.618233      0.622165      0.625126
      0.627221      0.631117      0.633248      0.635119      0.636395
      0.640571      0.641311       0.64636      0.648357      0.649006
      0.650351      0.652012      0.655519      0.656936      0.660281
       0.66114      0.662507      0.664999      0.666915      0.667796
      0.672414      0.673758      0.675091      0.677412       0.67926
      0.683006      0.685496      0.686966      0.691452      0.692178
      0.694017      0.695443      0.697306      0.697632      0.702363
      0.703671      0.705739      0.706595      0.707165       0.70891
      0.711689      0.714033      0.715859        0.7167      0.718629
      0.718938      0.720306      0.722008      0.723549      0.725744
      0.728101      0.729037      0.732085      0.734707      0.734848
      0.738433      0.739305      0.741873      0.744052      0.744092
       0.74719      0.748448      0.749851      0.751229       0.75188
      0.753125      0.755696      0.758646      0.760643      0.763202
      0.765376      0.765972      0.769046      0.769838      0.770792
      0.771988      0.773801      0.775371      0.777276      0.778679
      0.781622      0.783115      0.784707      0.785175      0.786246
      0.788338      0.792502      0.793304      0.795624      0.798327
      0.800412      0.801458      0.804202      0.805242      0.805603
      0.807898      0.809469      0.811054      0.813277      0.815794
      0.817125      0.818048      0.822702      0.826875       0.82757
      0.829658      0.830929      0.832075      0.834228      0.836324
      0.840054      0.841173      0.843848      0.847534      0.848816
      0.849751      0.851397      0.855354      0.857442      0.859571
      0.860312      0.864387      0.864614      0.866363      0.868896
      0.870378      0.872966      0.873149      0.875604      0.877414
      0.878638      0.880324      0.882364      0.882855      0.883798
      0.885771      0.887956      0.889734      0.890607      0.893684
      0.895964      0.900414      0.900781      0.902214      0.903862
      0.907519      0.909258      0.910775      0.913167      0.916444
      0.917638      0.920292      0.921844      0.922888      0.924525
      0.924901      0.926786      0.927115      0.931519      0.934232
      0.936599      0.941301      0.945761      0.946974      0.948215
      0.949374      0.950827      0.953027      0.955762      0.957742
      0.958612      0.959392      0.960562       0.96321      0.965757
      0.967886      0.968828      0.969645      0.972378      0.974019
       0.97634      0.979194      0.980812      0.982053      0.983343
      0.984219      0.988615       0.98977      0.992804      0.995057
      0.995968      0.997875      0.998892      0.999996      0.999998
      0.999998      0.999999      0.999999      0.999999      0.999999
             1             1             1             1             1
             1             1             1             1             1
             1             1             1             1             1
             1             1             1             1             1
             1       1.00004       1.00006       1.00009       1.00021
       1.00047       1.00126       1.00171       1.00273       1.00377
       1.00522       1.00559       1.00707       1.01078       1.01322
       1.01427       1.01502       1.01701        1.0181       1.01949
       1.02097       1.02118       1.02398       1.02598        1.0289
       1.02947       1.03059       1.03257        1.0334       1.03517
         1.037       1.03938       1.04208       1.04307       1.04401
       1.04648       1.04685       1.04875       1.05121       1.05271
       1.05357       1.05457       1.05849       1.05979        1.0613
       1.06292       1.06606       1.06868       1.06957       1.07027
       1.07228        1.0749       1.07535       1.07792        1.0782
        1.0796       1.08227        1.0841       1.08677       1.08842
       1.08896       1.08955       1.09148       1.09244       1.09417
       1.09715       1.09787       1.09998       1.10106       1.10234
       1.10385        1.1072       1.10821       1.10886       1.11084
       1.11222       1.11382       1.11704       1.11848       1.12034
       1.12206       1.12284        1.1244       1.12599        1.1283
       1.12892       1.12971       1.13256       1.13474       1.13562
       1.13607       1.13845       1.13959       1.13976       1.14174
       1.14259       1.14575       1.14607        1.1468       1.14812
       1.14913       1.15176       1.15333       1.15544        1.1579
       1.15821       1.15872       1.15961       1.16069       1.16156
       1.16216       1.16331       1.16473        1.1672       1.16797
       1.16921       1.17031        1.1717       1.17281       1.17503
        1.1756       1.17797       1.17843       1.17942       1.18054
       1.18212       1.18277       1.18421       1.18478       1.18639
       1.18648       1.18812       1.18912       1.18971       1.19233
       1.19349       1.19567       1.19593       1.19652       1.19835
       1.19985       1.20039       1.20136       1.20208        1.2033
       1.20438       1.20814       1.20856       1.20938       1.21022
        1.2126        1.2129       1.21387       1.21482       1.21551
       1.21649       1.21756       1.21855        1.2213       1.22245
       1.22285       1.22306       1.22531       1.22655       1.22713
       1.22846       1.22905       1.23221       1.23371       1.23545
       1.23564        1.2369       1.23799       1.23886       1.24036
       1.24102       1.24305       1.24363       1.24496       1.24566
       1.24748       1.24818       1.25029       1.25108       1.25258
       1.25333        1.2542       1.25484       1.25575       1.25633
       1.25783       1.25915       1.26044       1.26109       1.26323
       1.26507       1.26613       1.26645        1.2679       1.26853
       1.26959       1.27037       1.27213       1.27311       1.27428
       1.27527       1.27632       1.27761       1.27956        1.2817
        1.2836       1.28495        1.2855       1.28705       1.28733
       1.28825       1.29086       1.29151       1.29214       1.29317
       1.29363       1.29507        1.2966       1.29706       1.29833
       1.29937       1.30078        1.3026       1.30296       1.30411
       1.30506       1.30603       1.30662       1.30796       1.31005
       1.31138       1.31182       1.31269       1.31321       1.31483
       1.31608       1.31688       1.31722       1.31795       1.31859
       1.31978       1.32087       1.32185       1.32234       1.32376
       1.32404       1.32514       1.32606       1.32685       1.32767
       1.32856        1.3294       1.33059       1.33202       1.33375
       1.33419        1.3362        1.3372       1.33807       1.33888
       1.33995       1.34087       1.34118       1.34264       1.34414
       1.34464       1.34504       1.34714       1.34761       1.34845
       1.34985        1.3517       1.35275       1.35462       1.35656
       1.35665       1.35827       1.35854       1.36068       1.36237
       1.36537       1.36645       1.36754       1.37065       1.37108
       1.37264       1.37338       1.37369       1.37647       1.37982
       1.38947        1.3942       1.39491       1.40454       1.42025
       1.43568       1.45385       1.47627       1.50726       1.54687
       1.96212       2.32641
[7m*+ WARNING:[0m -GOFORIT ==> Charging ahead into battle!
 +                   ==> Check results carefully!
++ Editing GLT matrices for all zero X matrix column
 + Removed 1 all zero row from GLT matrix 'Full'; numerator DOF changes from 622 to 621
 + Removed 1 all zero row from GLT matrix 'l_A1'; numerator DOF changes from 19 to 18
++ Loading input dataset into memory
 + masked off 881 voxels for being all zero; 9361 left in mask
++ starting REML setup calculations; total CPU=0.00 Elapsed=7.91
 + X matrix: 2.498% of elements are nonzero
[7m*+ WARNING:[0m -----
[7m*+ WARNING:[0m QR decomposition of [R]^(-1/2) [X] had 1 collinearity problem
[7m*+ WARNING:[0m -----
 + starting 15 OpenMP threads for REML setup
 + REML setup finished: matrix rows=1276 cols=642; 109*1 cases; total CPU=0.00 Elapsed=813.92
 +  average case bandwidth = 13.00
++ REML voxel loop: [15 threads]0123456789.0123456789.0123456789.0123456789.01234567
 + ARMA voxel parameters estimated: total CPU=0.00 Elapsed=857.29
++ GLSQ loop:0123456789.0123456789.0123456789.0123456789.0123456789.
 + GLSQ regression done: total CPU=0.00 Elapsed=1714.25
++ Output dataset /data/nil-external/ccp/freund/ub55/out/glms/165032/RESULTS/Cuedts/baseline_aggressive1_EVENTS_censored_shifted/stats_var_165032_R_REML.func.gii
++ Output dataset /data/nil-external/ccp/freund/ub55/out/glms/165032/RESULTS/Cuedts/baseline_aggressive1_EVENTS_censored_shifted/errts_165032_R_REML.func.gii
++ Output dataset /data/nil-external/ccp/freund/ub55/out/glms/165032/RESULTS/Cuedts/baseline_aggressive1_EVENTS_censored_shifted/wherr_165032_R_REML.func.gii
++ Output dataset /data/nil-external/ccp/freund/ub55/out/glms/165032/RESULTS/Cuedts/baseline_aggressive1_EVENTS_censored_shifted/STATS_165032_R_REML.func.gii
 + unloading input dataset and REML matrices
++ 3dREMLfit is all done! total CPU=0.00 Elapsed=1721.70
