++ 3dREMLfit: AFNI version=AFNI_18.3.16 (Dec 11 2018) [64-bit]
++ Authored by: RWCox
++ GOFORIT ==> Matrix de-singularization is engaged!
++ Number of OpenMP threads = 15
++ No mask ==> computing for all 10242 voxels
++ -----  matrix condition (599x152):  6.5188  ++ VERY GOOD ++
++ Loading input dataset into memory
 + masked off 888 voxels for being all zero; 9354 left in mask
++ starting REML setup calculations; total CPU=0.00 Elapsed=1.32
 + X matrix: 10.695% of elements are nonzero
 + starting 15 OpenMP threads for REML setup
 + REML setup finished: matrix rows=599 cols=152; 109*1 cases; total CPU=0.00 Elapsed=25.11
 +  average case bandwidth = 13.12
++ REML voxel loop: [15 threads]0123456789.0123456789.0123456789.0123456789.01234567
 + ARMA voxel parameters estimated: total CPU=0.00 Elapsed=41.53
++ GLSQ loop:0123456789.0123456789.0123456789.0123456789.0123456789.
 + GLSQ regression done: total CPU=0.00 Elapsed=53.29
++ Output dataset /data/nil-external/ccp/freund/ub55/out/glms/672756/RESULTS/Stern/baseline_ListLength_EVENTS_censored_shifted_2/stats_var_672756_2_L_REML.nii.gz
++ Output dataset /data/nil-external/ccp/freund/ub55/out/glms/672756/RESULTS/Stern/baseline_ListLength_EVENTS_censored_shifted_2/errts_672756_2_L_REML.nii.gz
++ Output dataset /data/nil-external/ccp/freund/ub55/out/glms/672756/RESULTS/Stern/baseline_ListLength_EVENTS_censored_shifted_2/wherr_672756_2_L_REML.nii.gz
++ Output dataset /data/nil-external/ccp/freund/ub55/out/glms/672756/RESULTS/Stern/baseline_ListLength_EVENTS_censored_shifted_2/STATS_672756_2_L_REML.nii.gz
 + unloading input dataset and REML matrices
++ 3dREMLfit is all done! total CPU=0.00 Elapsed=67.91
