*+ WARNING: '-stim_times 7' didn't read any good times from file '/data/nil-external/ccp/freund/ub55/out/glms/DMCC9441378/INPUT_DATA/Axcpt/baseline/DMCC9441378_Axcpt_baseline_H_ng_shifted.txt'
*+ WARNING: '-stim_times 11' didn't read any good times from file '/data/nil-external/ccp/freund/ub55/out/glms/DMCC9441378/INPUT_DATA/Axcpt/baseline/DMCC9441378_Axcpt_baseline_T_ng_shifted.txt'
*+ WARNING: -stim_times 7 has all times equal to '*' ?!?!
*+ WARNING: !! '-stim_times 7' file '/data/nil-external/ccp/freund/ub55/out/glms/DMCC9441378/INPUT_DATA/Axcpt/baseline/DMCC9441378_Axcpt_baseline_H_ng_shifted.txt' has no good stimulus time values
*+ WARNING: -stim_times 11 has all times equal to '*' ?!?!
*+ WARNING: !! '-stim_times 11' file '/data/nil-external/ccp/freund/ub55/out/glms/DMCC9441378/INPUT_DATA/Axcpt/baseline/DMCC9441378_Axcpt_baseline_T_ng_shifted.txt' has no good stimulus time values
*+ WARNING: -------------------------------------------------
*+ WARNING: Problems with the X matrix columns, listed below:
*+ WARNING: !! * Column 94 [H_ng#0] is all zeros
*+ WARNING: !! * Column 95 [H_ng#1] is all zeros
*+ WARNING: !! * Column 96 [H_ng#2] is all zeros
*+ WARNING: !! * Column 97 [H_ng#3] is all zeros
*+ WARNING: !! * Column 98 [H_ng#4] is all zeros
*+ WARNING: !! * Column 99 [H_ng#5] is all zeros
*+ WARNING: !! * Column 100 [H_ng#6] is all zeros
*+ WARNING: !! * Column 101 [H_ng#7] is all zeros
*+ WARNING: !! * Column 102 [H_ng#8] is all zeros
*+ WARNING: !! * Column 103 [H_ng#9] is all zeros
*+ WARNING: !! * Column 104 [H_ng#10] is all zeros
*+ WARNING: !! * Column 105 [H_ng#11] is all zeros
*+ WARNING: !! * Column 106 [H_ng#12] is all zeros
*+ WARNING: !! * Column 107 [H_ng#13] is all zeros
*+ WARNING: !! * Column 108 [H_ng#14] is all zeros
*+ WARNING: !! * Column 109 [H_ng#15] is all zeros
*+ WARNING: !! * Column 110 [H_ng#16] is all zeros
*+ WARNING: !! * Column 162 [T_ng#0] is all zeros
*+ WARNING: !! * Column 163 [T_ng#1] is all zeros
*+ WARNING: !! * Column 164 [T_ng#2] is all zeros
*+ WARNING: !! * Column 165 [T_ng#3] is all zeros
*+ WARNING: !! * Column 166 [T_ng#4] is all zeros
*+ WARNING: !! * Column 167 [T_ng#5] is all zeros
*+ WARNING: !! * Column 168 [T_ng#6] is all zeros
*+ WARNING: !! * Column 169 [T_ng#7] is all zeros
*+ WARNING: !! * Column 170 [T_ng#8] is all zeros
*+ WARNING: !! * Column 171 [T_ng#9] is all zeros
*+ WARNING: !! * Column 172 [T_ng#10] is all zeros
*+ WARNING: !! * Column 173 [T_ng#11] is all zeros
*+ WARNING: !! * Column 174 [T_ng#12] is all zeros
*+ WARNING: !! * Column 175 [T_ng#13] is all zeros
*+ WARNING: !! * Column 176 [T_ng#14] is all zeros
*+ WARNING: !! * Column 177 [T_ng#15] is all zeros
*+ WARNING: !! * Column 178 [T_ng#16] is all zeros
*+ WARNING: -------------------------------------------------
*+ WARNING: !! in Signal+Baseline matrix:
 * Largest singular value=2.27245
 * 34 singular values are less than cutoff=2.27245e-07
 * Implies strong collinearity in the matrix columns! 
*+ WARNING: !! in Signal-only matrix:
 * Largest singular value=1.87835
 * 34 singular values are less than cutoff=1.87835e-07
 * Implies strong collinearity in the matrix columns! 
