++ 3dREMLfit: AFNI version=AFNI_18.3.16 (Dec 11 2018) [64-bit]
++ Authored by: RWCox
++ GOFORIT ==> Matrix de-singularization is engaged!
++ Number of OpenMP threads = 15
++ No mask ==> computing for all 10242 voxels
[7m** ERROR:[0m matrix column #94 is all zero!?
[7m** ERROR:[0m matrix column #95 is all zero!?
[7m** ERROR:[0m matrix column #96 is all zero!?
[7m** ERROR:[0m matrix column #97 is all zero!?
[7m** ERROR:[0m matrix column #98 is all zero!?
[7m** ERROR:[0m matrix column #99 is all zero!?
[7m** ERROR:[0m matrix column #100 is all zero!?
[7m** ERROR:[0m matrix column #101 is all zero!?
[7m** ERROR:[0m matrix column #102 is all zero!?
[7m** ERROR:[0m matrix column #103 is all zero!?
[7m** ERROR:[0m matrix column #104 is all zero!?
[7m** ERROR:[0m matrix column #105 is all zero!?
[7m** ERROR:[0m matrix column #106 is all zero!?
[7m** ERROR:[0m matrix column #107 is all zero!?
[7m** ERROR:[0m matrix column #108 is all zero!?
[7m** ERROR:[0m matrix column #109 is all zero!?
[7m** ERROR:[0m matrix column #110 is all zero!?
[7m** ERROR:[0m matrix column #162 is all zero!?
[7m** ERROR:[0m matrix column #163 is all zero!?
[7m** ERROR:[0m matrix column #164 is all zero!?
[7m** ERROR:[0m matrix column #165 is all zero!?
[7m** ERROR:[0m matrix column #166 is all zero!?
[7m** ERROR:[0m matrix column #167 is all zero!?
[7m** ERROR:[0m matrix column #168 is all zero!?
[7m** ERROR:[0m matrix column #169 is all zero!?
[7m** ERROR:[0m matrix column #170 is all zero!?
[7m** ERROR:[0m matrix column #171 is all zero!?
[7m** ERROR:[0m matrix column #172 is all zero!?
[7m** ERROR:[0m matrix column #173 is all zero!?
[7m** ERROR:[0m matrix column #174 is all zero!?
[7m** ERROR:[0m matrix column #175 is all zero!?
[7m** ERROR:[0m matrix column #176 is all zero!?
[7m** ERROR:[0m matrix column #177 is all zero!?
[7m** ERROR:[0m matrix column #178 is all zero!?
[7m*+ WARNING:[0m You said to GOFORIT, so here we GO!
 +          Note that a bunch of further WARNINGs will be generated below.
++ Denominator DOF increased from 676 to 710 to allow for all zero columns
++ -----  matrix condition (1218x542):  6.18141  ++ VERY GOOD ++
[7m*+ WARNING:[0m !! in  matrix:
 * Largest singular value=2.27245
 * 34 singular values are less than cutoff=2.27245e-07
 * Implies strong collinearity in the matrix columns! 
++  matrix singular values:
             0             0             0             0             0
             0             0             0             0             0
             0             0             0             0             0
             0             0             0             0             0
             0             0             0             0     4.486e-09
   5.24535e-09   1.29277e-08   1.36252e-08   1.43391e-08   1.46133e-08
   1.61511e-08   1.81795e-08   1.97165e-08   2.38723e-08     0.0594727
     0.0841243      0.127841      0.159821      0.201481      0.213201
      0.219912      0.233689      0.291776      0.322041      0.326801
       0.33149       0.35311      0.363952      0.383797      0.388011
      0.400601      0.418277      0.425685      0.427194      0.429322
      0.432478      0.439104      0.447095      0.450634      0.458376
      0.459675      0.463361      0.471184      0.473914      0.477231
      0.479932      0.485795      0.493176      0.497791      0.502165
      0.507858      0.512241      0.515974      0.519758      0.524479
      0.526725      0.529677      0.530342      0.538108      0.538848
      0.540024      0.548931      0.553475       0.55603        0.5595
      0.561572      0.564997      0.567804      0.570245      0.572985
      0.576247      0.580286      0.585732       0.58899      0.591306
      0.594636      0.596903       0.59951      0.600938      0.604547
      0.609031      0.611974      0.615071       0.61678      0.620349
      0.625281      0.627584       0.63336       0.63552      0.637708
      0.638684      0.639966      0.644547      0.647873      0.649177
      0.651587      0.656054      0.658097      0.659718      0.664453
      0.665909       0.66972      0.673215      0.674024      0.676119
      0.678436      0.680706      0.684624      0.686027      0.689513
      0.693769      0.695761      0.697757      0.699795      0.700392
      0.703808      0.706641      0.711918      0.714666      0.717078
      0.718747      0.721255      0.724025      0.726243       0.72784
      0.731634      0.734569      0.737666      0.742465      0.744899
      0.746014      0.747705      0.749883      0.751061      0.754129
      0.759165      0.760605      0.763305       0.76594       0.76887
      0.771374      0.774785      0.775682      0.776631      0.781865
      0.782218      0.785086      0.788152      0.792354      0.794645
      0.796494      0.797113      0.798936       0.80443      0.805259
      0.806741      0.808378      0.811358        0.8136       0.81857
      0.822773      0.826296      0.827622      0.830165      0.832863
      0.833943      0.836258      0.837328      0.840534      0.843547
      0.845251       0.84924      0.850559      0.853264      0.854811
      0.856117      0.860406      0.860555      0.865155       0.86956
      0.870463      0.871042      0.876041      0.878588      0.882002
      0.885468      0.887354       0.89038      0.890894      0.894768
      0.898645      0.901124      0.903947       0.90713      0.908749
      0.912258      0.915266      0.919775      0.922013      0.924822
      0.928132      0.928474      0.928935      0.933189      0.933881
      0.937258      0.941656      0.943467      0.945848      0.949468
      0.950524      0.953303      0.958546       0.96013      0.961525
       0.96459      0.967745      0.970413      0.972047       0.97358
      0.976787      0.977083      0.980026      0.980722      0.983878
      0.989297      0.991861      0.992802      0.993804      0.995224
      0.997895      0.998887      0.999981      0.999987      0.999989
       0.99999      0.999991      0.999992      0.999993      0.999994
      0.999995      0.999995      0.999997      0.999997      0.999998
      0.999998      0.999998      0.999999      0.999999      0.999999
             1             1             1             1             1
             1             1             1             1             1
             1             1             1             1             1
             1             1             1             1             1
             1             1             1             1             1
             1             1             1             1             1
             1             1             1             1             1
             1             1             1             1             1
             1             1             1             1             1
             1             1             1             1             1
             1             1       1.00001       1.00001       1.00001
       1.00001       1.00001       1.00002       1.00013       1.00025
       1.00067       1.00105       1.00161       1.00276       1.00489
       1.00576       1.00703       1.01049       1.01127       1.01241
        1.0155       1.01603       1.01752        1.0188       1.02237
       1.02297       1.02427       1.02609       1.02637       1.02776
       1.03171       1.03344        1.0374       1.03844       1.03925
        1.0409       1.04264       1.04542       1.04653       1.04672
       1.05035       1.05266       1.05473       1.05643       1.05803
       1.05993       1.06019       1.06253       1.06564       1.06871
       1.07005       1.07094       1.07342       1.07569       1.07653
        1.0783       1.07996       1.08172       1.08368       1.08699
        1.0886       1.08958       1.09159       1.09407       1.09609
        1.0974        1.0998        1.1001       1.10246       1.10507
       1.10751       1.10801       1.11013       1.11122       1.11344
       1.11598       1.11636        1.1192       1.12025        1.1233
       1.12341        1.1266        1.1282       1.12974       1.13025
       1.13264       1.13622       1.13774       1.13922       1.14236
       1.14325         1.145       1.14648        1.1488        1.1512
       1.15369       1.15609        1.1568       1.15917       1.16126
       1.16468       1.16744       1.16863       1.16943       1.17018
       1.17154       1.17439       1.17594       1.17788       1.17998
       1.18105       1.18381       1.18431       1.18841        1.1908
       1.19219       1.19328       1.19532       1.19748       1.19851
       1.19938       1.20236       1.20338       1.20618       1.20807
       1.20834        1.2113       1.21218       1.21346       1.21483
       1.21771       1.21827        1.2221       1.22301        1.2252
       1.22664       1.22941       1.23044       1.23208        1.2336
       1.23566       1.23635       1.23851       1.24012       1.24204
       1.24302       1.24517       1.24939       1.25027       1.25168
       1.25337       1.25542       1.25747        1.2583        1.2594
       1.26058       1.26162       1.26573        1.2669       1.27017
       1.27187       1.27342       1.27519       1.27822       1.28014
       1.28245       1.28369       1.28715       1.28758       1.29167
       1.29334       1.29596       1.29674       1.29908       1.30002
       1.30182       1.30362        1.3079        1.3096       1.31027
       1.31386       1.31622        1.3173       1.32246       1.32603
       1.32849       1.33207       1.33343       1.33526       1.33773
       1.33844       1.33888       1.34391        1.3469       1.35225
       1.35633       1.36178       1.36225       1.36919       1.37198
       1.37244       1.37924       1.38671       1.38933       1.40449
        1.4069       1.40995       1.41906       1.42487       1.43217
       1.44026       1.44386       1.44881       1.45315       1.45432
       1.46828       1.47617       1.48891       1.49942       1.50043
       2.09653       2.27245
[7m*+ WARNING:[0m -GOFORIT ==> Charging ahead into battle!
 +                   ==> Check results carefully!
++ Editing GLT matrices for all zero X matrix columns
 + Removed 34 all zero rows from GLT matrix 'Full'; numerator DOF changes from 524 to 490
 + GLT matrix 'H_ng' is all zero!
 + GLT matrix 'T_ng' is all zero!
++ Loading input dataset into memory
 + masked off 888 voxels for being all zero; 9354 left in mask
++ starting REML setup calculations; total CPU=0.00 Elapsed=9.67
 + X matrix: 2.875% of elements are nonzero
[7m*+ WARNING:[0m -----
[7m*+ WARNING:[0m QR decomposition of [R]^(-1/2) [X] had 34 collinearity problems
[7m*+ WARNING:[0m -----
 + starting 15 OpenMP threads for REML setup

libgomp: Thread creation failed: Resource temporarily unavailable
