*+ WARNING: '-stim_times 4' didn't read any good times from file '/data/nil-external/ccp/freund/ub55/out/glms/132017/INPUT_DATA/Axcpt/baseline/132017_Axcpt_baseline_C_ng_shifted.txt'
*+ WARNING: -stim_times 4 has all times equal to '*' ?!?!
*+ WARNING: !! '-stim_times 4' file '/data/nil-external/ccp/freund/ub55/out/glms/132017/INPUT_DATA/Axcpt/baseline/132017_Axcpt_baseline_C_ng_shifted.txt' has no good stimulus time values
*+ WARNING: -------------------------------------------------
*+ WARNING: Problems with the X matrix columns, listed below:
*+ WARNING: !! * Column 43 [C_ng#0] is all zeros
*+ WARNING: !! * Column 44 [C_ng#1] is all zeros
*+ WARNING: !! * Column 45 [C_ng#2] is all zeros
*+ WARNING: !! * Column 46 [C_ng#3] is all zeros
*+ WARNING: !! * Column 47 [C_ng#4] is all zeros
*+ WARNING: !! * Column 48 [C_ng#5] is all zeros
*+ WARNING: !! * Column 49 [C_ng#6] is all zeros
*+ WARNING: !! * Column 50 [C_ng#7] is all zeros
*+ WARNING: !! * Column 51 [C_ng#8] is all zeros
*+ WARNING: !! * Column 52 [C_ng#9] is all zeros
*+ WARNING: !! * Column 53 [C_ng#10] is all zeros
*+ WARNING: !! * Column 54 [C_ng#11] is all zeros
*+ WARNING: !! * Column 55 [C_ng#12] is all zeros
*+ WARNING: !! * Column 56 [C_ng#13] is all zeros
*+ WARNING: !! * Column 57 [C_ng#14] is all zeros
*+ WARNING: !! * Column 58 [C_ng#15] is all zeros
*+ WARNING: !! * Column 59 [C_ng#16] is all zeros
*+ WARNING: !! * Column 230 [D_X#0] is all zeros
*+ WARNING: !! * Columns 290 [M_X#9] and 291 [M_X#10] are (nearly?) collinear!
*+ WARNING: -------------------------------------------------
*+ WARNING: !! in Signal+Baseline matrix:
 * Largest singular value=2.10826
 * 19 singular values are less than cutoff=2.10826e-07
 * Implies strong collinearity in the matrix columns! 
*+ WARNING: !! in Signal-only matrix:
 * Largest singular value=1.87624
 * 19 singular values are less than cutoff=1.87624e-07
 * Implies strong collinearity in the matrix columns! 
