** ERROR: matrix column #43 is all zero!?
** ERROR: matrix column #44 is all zero!?
** ERROR: matrix column #45 is all zero!?
** ERROR: matrix column #46 is all zero!?
** ERROR: matrix column #47 is all zero!?
** ERROR: matrix column #48 is all zero!?
** ERROR: matrix column #49 is all zero!?
** ERROR: matrix column #50 is all zero!?
** ERROR: matrix column #51 is all zero!?
** ERROR: matrix column #52 is all zero!?
** ERROR: matrix column #53 is all zero!?
** ERROR: matrix column #54 is all zero!?
** ERROR: matrix column #55 is all zero!?
** ERROR: matrix column #56 is all zero!?
** ERROR: matrix column #57 is all zero!?
** ERROR: matrix column #58 is all zero!?
** ERROR: matrix column #59 is all zero!?
** ERROR: matrix column #230 is all zero!?
*+ WARNING: You said to GOFORIT, so here we GO!
*+ WARNING: !! in  matrix:
 * Largest singular value=2.10826
 * 19 singular values are less than cutoff=2.10826e-07
 * Implies strong collinearity in the matrix columns! 
*+ WARNING: -GOFORIT ==> Charging ahead into battle!
*+ WARNING: -----
*+ WARNING: QR decomposition of [R]^(-1/2) [X] had 19 collinearity problems
*+ WARNING: -----
*+ WARNING: QR decomposition of GLT setup 542x506 matrix had 8 collinearity problems
*+ WARNING: QR decomposition of GLT setup 542x506 matrix had 13 collinearity problems
*+ WARNING: QR decomposition of GLT setup 542x506 matrix had 15 collinearity problems
*+ WARNING: QR decomposition of GLT setup 542x17 matrix had 17 collinearity problems
