++ 3dREMLfit: AFNI version=AFNI_18.3.16 (Dec 11 2018) [64-bit]
++ Authored by: RWCox
++ GOFORIT ==> Matrix de-singularization is engaged!
++ Number of OpenMP threads = 15
++ No mask ==> computing for all 10242 voxels
++ -----  matrix condition (1299x642):  7.04637  ++ VERY GOOD ++
++ Loading input dataset into memory
 + masked off 881 voxels for being all zero; 9361 left in mask
++ starting REML setup calculations; total CPU=0.00 Elapsed=10.21
 + X matrix: 2.497% of elements are nonzero  + starting 15 OpenMP threads for REML setup  + REML setup finished: matrix rows=1299 cols=642; 109*1 cases; total CPU=0.00 Elapsed=764.47
 +  average case bandwidth = 13.16
++ REML voxel loop: [15 threads]0123456789.0123456789.0123456789.0123456789.01234567
 + ARMA voxel parameters estimated: total CPU=0.00 Elapsed=867.06
++ GLSQ loop01234567789.0123456789.0123456789.0123456789.0123456789.
 + GLSQ regression done: total CPU=0.00 Elapsed=1779.64
++ Output dataset /data/nil-external/ccp/freund/ub55/out/glms/DMCC8050964/RESULTS/Cuedts/baseline_aggressive1_EVENTS_censored_shifted/stats_var_DMCC8050964_R_REML.func.gii
++ Output dataset /data/nil-external/ccp/freund/ub55/out/glms/DMCC8050964/RESULTS/Cuedts/baseline_aggressive1_EVENTS_censored_shifted/errts_DMCC8050964_R_REML.func.gii
++ Output dataset /data/nil-external/ccp/freund/ub55/out/glms/DMCC8050964/RESULTS/Cuedts/baseline_aggressive1_EVENTS_censored_shifted/wherr_DMCC8050964_R_REML.func.gii
++ Output dataset /data/nil-external/ccp/freund/ub55/out/glms/DMCC8050964/RESULTS/Cuedts/baseline_aggressive1_EVENTS_censored_shifted/STATS_DMCC8050964_R_REML.func.gii
 + unloading input dataset and REML matrices
++ 3dREMLfit is all done! total CPU=0.00 Elapsed=1787.34
