*+ WARNING: '-stim_times 5' didn't read any good times from file '/data/nil-external/ccp/freund/ub55/out/glms/300618/INPUT_DATA/Axcpt/baseline/300618_Axcpt_baseline_D_ng_shifted.txt'
*+ WARNING: '-stim_times 12' didn't read any good times from file '/data/nil-external/ccp/freund/ub55/out/glms/300618/INPUT_DATA/Axcpt/baseline/300618_Axcpt_baseline_U_ng_shifted.txt'
*+ WARNING: -stim_times 5 has all times equal to '*' ?!?!
*+ WARNING: !! '-stim_times 5' file '/data/nil-external/ccp/freund/ub55/out/glms/300618/INPUT_DATA/Axcpt/baseline/300618_Axcpt_baseline_D_ng_shifted.txt' has no good stimulus time values
*+ WARNING: -stim_times 12 has all times equal to '*' ?!?!
*+ WARNING: !! '-stim_times 12' file '/data/nil-external/ccp/freund/ub55/out/glms/300618/INPUT_DATA/Axcpt/baseline/300618_Axcpt_baseline_U_ng_shifted.txt' has no good stimulus time values
*+ WARNING: -------------------------------------------------
*+ WARNING: Problems with the X matrix columns, listed below:
*+ WARNING: !! * Column 60 [D_ng#0] is all zeros
*+ WARNING: !! * Column 61 [D_ng#1] is all zeros
*+ WARNING: !! * Column 62 [D_ng#2] is all zeros
*+ WARNING: !! * Column 63 [D_ng#3] is all zeros
*+ WARNING: !! * Column 64 [D_ng#4] is all zeros
*+ WARNING: !! * Column 65 [D_ng#5] is all zeros
*+ WARNING: !! * Column 66 [D_ng#6] is all zeros
*+ WARNING: !! * Column 67 [D_ng#7] is all zeros
*+ WARNING: !! * Column 68 [D_ng#8] is all zeros
*+ WARNING: !! * Column 69 [D_ng#9] is all zeros
*+ WARNING: !! * Column 70 [D_ng#10] is all zeros
*+ WARNING: !! * Column 71 [D_ng#11] is all zeros
*+ WARNING: !! * Column 72 [D_ng#12] is all zeros
*+ WARNING: !! * Column 73 [D_ng#13] is all zeros
*+ WARNING: !! * Column 74 [D_ng#14] is all zeros
*+ WARNING: !! * Column 75 [D_ng#15] is all zeros
*+ WARNING: !! * Column 76 [D_ng#16] is all zeros
*+ WARNING: !! * Column 179 [U_ng#0] is all zeros
*+ WARNING: !! * Column 180 [U_ng#1] is all zeros
*+ WARNING: !! * Column 181 [U_ng#2] is all zeros
*+ WARNING: !! * Column 182 [U_ng#3] is all zeros
*+ WARNING: !! * Column 183 [U_ng#4] is all zeros
*+ WARNING: !! * Column 184 [U_ng#5] is all zeros
*+ WARNING: !! * Column 185 [U_ng#6] is all zeros
*+ WARNING: !! * Column 186 [U_ng#7] is all zeros
*+ WARNING: !! * Column 187 [U_ng#8] is all zeros
*+ WARNING: !! * Column 188 [U_ng#9] is all zeros
*+ WARNING: !! * Column 189 [U_ng#10] is all zeros
*+ WARNING: !! * Column 190 [U_ng#11] is all zeros
*+ WARNING: !! * Column 191 [U_ng#12] is all zeros
*+ WARNING: !! * Column 192 [U_ng#13] is all zeros
*+ WARNING: !! * Column 193 [U_ng#14] is all zeros
*+ WARNING: !! * Column 194 [U_ng#15] is all zeros
*+ WARNING: !! * Column 195 [U_ng#16] is all zeros
*+ WARNING: !! * Column 294 [M_X#13] is all zeros
*+ WARNING: !! * Column 296 [M_X#15] is all zeros
*+ WARNING: !! * Column 298 [N_X#0] is all zeros
*+ WARNING: -------------------------------------------------
*+ WARNING: !! in Signal+Baseline matrix:
 * Largest singular value=2.10609
 * 37 singular values are less than cutoff=2.10609e-07
 * Implies strong collinearity in the matrix columns! 
*+ WARNING: !! in Signal-only matrix:
 * Largest singular value=1.87791
 * 37 singular values are less than cutoff=1.87791e-07
 * Implies strong collinearity in the matrix columns! 
