** ERROR: matrix column #60 is all zero!?
** ERROR: matrix column #61 is all zero!?
** ERROR: matrix column #62 is all zero!?
** ERROR: matrix column #63 is all zero!?
** ERROR: matrix column #64 is all zero!?
** ERROR: matrix column #65 is all zero!?
** ERROR: matrix column #66 is all zero!?
** ERROR: matrix column #67 is all zero!?
** ERROR: matrix column #68 is all zero!?
** ERROR: matrix column #69 is all zero!?
** ERROR: matrix column #70 is all zero!?
** ERROR: matrix column #71 is all zero!?
** ERROR: matrix column #72 is all zero!?
** ERROR: matrix column #73 is all zero!?
** ERROR: matrix column #74 is all zero!?
** ERROR: matrix column #75 is all zero!?
** ERROR: matrix column #76 is all zero!?
** ERROR: matrix column #179 is all zero!?
** ERROR: matrix column #180 is all zero!?
** ERROR: matrix column #181 is all zero!?
** ERROR: matrix column #182 is all zero!?
** ERROR: matrix column #183 is all zero!?
** ERROR: matrix column #184 is all zero!?
** ERROR: matrix column #185 is all zero!?
** ERROR: matrix column #186 is all zero!?
** ERROR: matrix column #187 is all zero!?
** ERROR: matrix column #188 is all zero!?
** ERROR: matrix column #189 is all zero!?
** ERROR: matrix column #190 is all zero!?
** ERROR: matrix column #191 is all zero!?
** ERROR: matrix column #192 is all zero!?
** ERROR: matrix column #193 is all zero!?
** ERROR: matrix column #194 is all zero!?
** ERROR: matrix column #195 is all zero!?
** ERROR: matrix column #294 is all zero!?
** ERROR: matrix column #296 is all zero!?
** ERROR: matrix column #298 is all zero!?
*+ WARNING: You said to GOFORIT, so here we GO!
*+ WARNING: !! in  matrix:
 * Largest singular value=2.10609
 * 37 singular values are less than cutoff=2.10609e-07
 * Implies strong collinearity in the matrix columns! 
*+ WARNING: -GOFORIT ==> Charging ahead into battle!
*+ WARNING: -----
*+ WARNING: QR decomposition of [R]^(-1/2) [X] had 37 collinearity problems
*+ WARNING: -----
*+ WARNING: QR decomposition of GLT setup 542x17 matrix had 17 collinearity problems
