++ 3dREMLfit: AFNI version=AFNI_18.3.16 (Dec 11 2018) [64-bit]
++ Authored by: RWCox
++ GOFORIT ==> Matrix de-singularization is engaged!
++ Number of OpenMP threads = 15
++ No mask ==> computing for all 10242 voxels
++ -----  matrix condition (650x103):  6.31876  ++ VERY GOOD ++
++ Loading input dataset into memory
 + masked off 881 voxels for being all zero; 9361 left in mask
++ starting REML setup calculations; total CPU=0.00 Elapsed=8.12
 + X matrix: 15.791% of elements are nonzero
 + starting 15 OpenMP threads for REML setup
 + REML setup finished: matrix rows=650 cols=103; 109*1 cases; total CPU=0.00 Elapsed=24.14
 +  average case bandwidth = 13.16
++ REML voxel loop: [15 threads]0123456789.0123456789.0123456789.0123456789.01234567
 + ARMA voxel parameters estimated: total CPU=0.00 Elapsed=70.23
++ GLSQ loop00123456789.013456789.0123456789.0123456789.0123456789.
 + GLSQ regression done: total CPU=0.00 Elapsed=85.88
++ Output dataset /data/nil-external/ccp/freund/ub55/out/glms/432332/RESULTS/Cuedts/baseline_CongruencySwitch_EVENTS_censored_shifted_2/stats_var_432332_2_L_REML.func.gii
++ Output dataset /data/nil-external/ccp/freund/ub55/out/glms/432332/RESULTS/Cuedts/baseline_CongruencySwitch_EVENTS_censored_shifted_2/errts_432332_2_L_REML.func.gii
++ Output dataset /data/nil-external/ccp/freund/ub55/out/glms/432332/RESULTS/Cuedts/baseline_CongruencySwitch_EVENTS_censored_shifted_2/wherr_432332_2_L_REML.func.gii
++ Output dataset /data/nil-external/ccp/freund/ub55/out/glms/432332/RESULTS/Cuedts/baseline_CongruencySwitch_EVENTS_censored_shifted_2/STATS_432332_2_L_REML.func.gii
 + unloading input dataset and REML matrices
++ 3dREMLfit is all done! total CPU=0.00 Elapsed=95.85

