++ 3dREMLfit: AFNI version=AFNI_18.3.16 (Dec 11 2018) [64-bit]
++ Authored by: RWCox
++ GOFORIT ==> Matrix de-singularization is engaged!
++ Number of OpenMP threads = 15
++ No mask ==> computing for all 10242 voxels
++ -----  matrix condition (540x78):  5.4649  ++ VERY GOOD ++
++ Loading input dataset into memory
 + masked off 881 voxels for being all zero; 9361 left in mask
++ starting REML setup calculations; total CPU=0.00 Elapsed=1.61
 + X matrix: 23.393% of elements are nonzero
 + starting 15 OpenMP threads for REML setup
 + REML setup finished: matrix rows=540 cols=78; 109*1 cases; total CPU=0.00 Elapsed=5.37
 +  average case bandwidth = 13.12
++ REML voxel loop: [15 threads]0123456789.0123456789.0123456789.0123456789.01234567
 + ARMA voxel parameters estimated: total CPU=0.00 Elapsed=27.41
++ GLSQ loop:0123456789.0123456789.0123456789.0123456789.0123456789.
 + GLSQ regression done: total CPU=0.00 Elapsed=43.97
++ Output dataset /data/nil-external/ccp/freund/ub55/out/glms/DMCC5195268/RESULTS/Stroop/baseline_Congruency_EVENTS_censored_shifted_1/stats_var_DMCC5195268_1_R_REML.nii.gz
++ Output dataset /data/nil-external/ccp/freund/ub55/out/glms/DMCC5195268/RESULTS/Stroop/baseline_Congruency_EVENTS_censored_shifted_1/errts_DMCC5195268_1_L_REML.nii.gz
++ Output dataset /data/nil-external/ccp/freund/ub55/out/glms/DMCC5195268/RESULTS/Stroop/baseline_Congruency_EVENTS_censored_shifted_1/wherr_DMCC5195268_1_L_REML.nii.gz
++ Output dataset /data/nil-external/ccp/freund/ub55/out/glms/DMCC5195268/RESULTS/Stroop/baseline_Congruency_EVENTS_censored_shifted_1/STATS_DMCC5195268_1_L_REML.nii.gz
 + unloading input dataset and REML matrices
++ 3dREMLfit is all done! total CPU=0.00 Elapsed=62.85
