** ERROR: matrix column #145 is all zero!?
** ERROR: matrix column #146 is all zero!?
** ERROR: matrix column #147 is all zero!?
** ERROR: matrix column #148 is all zero!?
** ERROR: matrix column #149 is all zero!?
** ERROR: matrix column #150 is all zero!?
** ERROR: matrix column #151 is all zero!?
** ERROR: matrix column #152 is all zero!?
** ERROR: matrix column #153 is all zero!?
** ERROR: matrix column #154 is all zero!?
** ERROR: matrix column #155 is all zero!?
** ERROR: matrix column #156 is all zero!?
** ERROR: matrix column #157 is all zero!?
** ERROR: matrix column #158 is all zero!?
** ERROR: matrix column #159 is all zero!?
** ERROR: matrix column #160 is all zero!?
** ERROR: matrix column #161 is all zero!?
*+ WARNING: You said to GOFORIT, so here we GO!
*+ WARNING: !! in  matrix:
 * Largest singular value=2.10713
 * 31 singular values are less than cutoff=2.10713e-07
 * Implies strong collinearity in the matrix columns! 
*+ WARNING: -GOFORIT ==> Charging ahead into battle!
*+ WARNING: -----
*+ WARNING: QR decomposition of [R]^(-1/2) [X] had 31 collinearity problems
*+ WARNING: -----
*+ WARNING: QR decomposition of GLT setup 542x507 matrix had 8 collinearity problems
*+ WARNING: QR decomposition of GLT setup 542x507 matrix had 13 collinearity problems
*+ WARNING: QR decomposition of GLT setup 542x507 matrix had 19 collinearity problems
