*+ WARNING: '-stim_times 6' didn't read any good times from file '/data/nil-external/ccp/freund/ub55/out/glms/DMCC8260571/INPUT_DATA/Axcpt/baseline/DMCC8260571_Axcpt_baseline_F_ng_shifted.txt'
*+ WARNING: '-stim_times 7' didn't read any good times from file '/data/nil-external/ccp/freund/ub55/out/glms/DMCC8260571/INPUT_DATA/Axcpt/baseline/DMCC8260571_Axcpt_baseline_H_ng_shifted.txt'
*+ WARNING: -stim_times 6 has all times equal to '*' ?!?!
*+ WARNING: !! '-stim_times 6' file '/data/nil-external/ccp/freund/ub55/out/glms/DMCC8260571/INPUT_DATA/Axcpt/baseline/DMCC8260571_Axcpt_baseline_F_ng_shifted.txt' has no good stimulus time values
*+ WARNING: -stim_times 7 has all times equal to '*' ?!?!
*+ WARNING: !! '-stim_times 7' file '/data/nil-external/ccp/freund/ub55/out/glms/DMCC8260571/INPUT_DATA/Axcpt/baseline/DMCC8260571_Axcpt_baseline_H_ng_shifted.txt' has no good stimulus time values
*+ WARNING: -------------------------------------------------
*+ WARNING: Problems with the X matrix columns, listed below:
*+ WARNING: !! * Column 77 [F_ng#0] is all zeros
*+ WARNING: !! * Column 78 [F_ng#1] is all zeros
*+ WARNING: !! * Column 79 [F_ng#2] is all zeros
*+ WARNING: !! * Column 80 [F_ng#3] is all zeros
*+ WARNING: !! * Column 81 [F_ng#4] is all zeros
*+ WARNING: !! * Column 82 [F_ng#5] is all zeros
*+ WARNING: !! * Column 83 [F_ng#6] is all zeros
*+ WARNING: !! * Column 84 [F_ng#7] is all zeros
*+ WARNING: !! * Column 85 [F_ng#8] is all zeros
*+ WARNING: !! * Column 86 [F_ng#9] is all zeros
*+ WARNING: !! * Column 87 [F_ng#10] is all zeros
*+ WARNING: !! * Column 88 [F_ng#11] is all zeros
*+ WARNING: !! * Column 89 [F_ng#12] is all zeros
*+ WARNING: !! * Column 90 [F_ng#13] is all zeros
*+ WARNING: !! * Column 91 [F_ng#14] is all zeros
*+ WARNING: !! * Column 92 [F_ng#15] is all zeros
*+ WARNING: !! * Column 93 [F_ng#16] is all zeros
*+ WARNING: !! * Column 94 [H_ng#0] is all zeros
*+ WARNING: !! * Column 95 [H_ng#1] is all zeros
*+ WARNING: !! * Column 96 [H_ng#2] is all zeros
*+ WARNING: !! * Column 97 [H_ng#3] is all zeros
*+ WARNING: !! * Column 98 [H_ng#4] is all zeros
*+ WARNING: !! * Column 99 [H_ng#5] is all zeros
*+ WARNING: !! * Column 100 [H_ng#6] is all zeros
*+ WARNING: !! * Column 101 [H_ng#7] is all zeros
*+ WARNING: !! * Column 102 [H_ng#8] is all zeros
*+ WARNING: !! * Column 103 [H_ng#9] is all zeros
*+ WARNING: !! * Column 104 [H_ng#10] is all zeros
*+ WARNING: !! * Column 105 [H_ng#11] is all zeros
*+ WARNING: !! * Column 106 [H_ng#12] is all zeros
*+ WARNING: !! * Column 107 [H_ng#13] is all zeros
*+ WARNING: !! * Column 108 [H_ng#14] is all zeros
*+ WARNING: !! * Column 109 [H_ng#15] is all zeros
*+ WARNING: !! * Column 110 [H_ng#16] is all zeros
*+ WARNING: !! * Columns 247 [F_X#0] and 362 [U_X#13] are (nearly?) collinear!
*+ WARNING: !! * Columns 248 [F_X#1] and 363 [U_X#14] are (nearly?) collinear!
*+ WARNING: !! * Columns 249 [F_X#2] and 364 [U_X#15] are (nearly?) collinear!
*+ WARNING: !! * Columns 250 [F_X#3] and 365 [U_X#16] are (nearly?) collinear!
*+ WARNING: -------------------------------------------------
*+ WARNING: !! in Signal+Baseline matrix:
 * Largest singular value=2.11068
 * 38 singular values are less than cutoff=2.11068e-07
 * Implies strong collinearity in the matrix columns! 
*+ WARNING: !! in Signal-only matrix:
 * Largest singular value=1.87776
 * 38 singular values are less than cutoff=1.87776e-07
 * Implies strong collinearity in the matrix columns! 
