** ERROR: matrix column #77 is all zero!?
** ERROR: matrix column #78 is all zero!?
** ERROR: matrix column #79 is all zero!?
** ERROR: matrix column #80 is all zero!?
** ERROR: matrix column #81 is all zero!?
** ERROR: matrix column #82 is all zero!?
** ERROR: matrix column #83 is all zero!?
** ERROR: matrix column #84 is all zero!?
** ERROR: matrix column #85 is all zero!?
** ERROR: matrix column #86 is all zero!?
** ERROR: matrix column #87 is all zero!?
** ERROR: matrix column #88 is all zero!?
** ERROR: matrix column #89 is all zero!?
** ERROR: matrix column #90 is all zero!?
** ERROR: matrix column #91 is all zero!?
** ERROR: matrix column #92 is all zero!?
** ERROR: matrix column #93 is all zero!?
** ERROR: matrix column #94 is all zero!?
** ERROR: matrix column #95 is all zero!?
** ERROR: matrix column #96 is all zero!?
** ERROR: matrix column #97 is all zero!?
** ERROR: matrix column #98 is all zero!?
** ERROR: matrix column #99 is all zero!?
** ERROR: matrix column #100 is all zero!?
** ERROR: matrix column #101 is all zero!?
** ERROR: matrix column #102 is all zero!?
** ERROR: matrix column #103 is all zero!?
** ERROR: matrix column #104 is all zero!?
** ERROR: matrix column #105 is all zero!?
** ERROR: matrix column #106 is all zero!?
** ERROR: matrix column #107 is all zero!?
** ERROR: matrix column #108 is all zero!?
** ERROR: matrix column #109 is all zero!?
** ERROR: matrix column #110 is all zero!?
*+ WARNING: You said to GOFORIT, so here we GO!
*+ WARNING: !! in  matrix:
 * Largest singular value=2.11068
 * 38 singular values are less than cutoff=2.11068e-07
 * Implies strong collinearity in the matrix columns! 
*+ WARNING: -GOFORIT ==> Charging ahead into battle!
*+ WARNING: -----
*+ WARNING: QR decomposition of [R]^(-1/2) [X] had 38 collinearity problems
*+ WARNING: -----
*+ WARNING: QR decomposition of GLT setup 542x490 matrix had 6 collinearity problems
*+ WARNING: QR decomposition of GLT setup 542x490 matrix had 13 collinearity problems
*+ WARNING: QR decomposition of GLT setup 542x490 matrix had 22 collinearity problems
