*+ WARNING: '-stim_times 7' didn't read any good times from file '/data/nil-external/ccp/freund/ub55/out/glms/DMCC8050964/INPUT_DATA/Axcpt/baseline/DMCC8050964_Axcpt_baseline_H_ng_shifted.txt'
*+ WARNING: -stim_times 7 has all times equal to '*' ?!?!
*+ WARNING: !! '-stim_times 7' file '/data/nil-external/ccp/freund/ub55/out/glms/DMCC8050964/INPUT_DATA/Axcpt/baseline/DMCC8050964_Axcpt_baseline_H_ng_shifted.txt' has no good stimulus time values
*+ WARNING: -------------------------------------------------
*+ WARNING: Problems with the X matrix columns, listed below:
*+ WARNING: !! * Column 94 [H_ng#0] is all zeros
*+ WARNING: !! * Column 95 [H_ng#1] is all zeros
*+ WARNING: !! * Column 96 [H_ng#2] is all zeros
*+ WARNING: !! * Column 97 [H_ng#3] is all zeros
*+ WARNING: !! * Column 98 [H_ng#4] is all zeros
*+ WARNING: !! * Column 99 [H_ng#5] is all zeros
*+ WARNING: !! * Column 100 [H_ng#6] is all zeros
*+ WARNING: !! * Column 101 [H_ng#7] is all zeros
*+ WARNING: !! * Column 102 [H_ng#8] is all zeros
*+ WARNING: !! * Column 103 [H_ng#9] is all zeros
*+ WARNING: !! * Column 104 [H_ng#10] is all zeros
*+ WARNING: !! * Column 105 [H_ng#11] is all zeros
*+ WARNING: !! * Column 106 [H_ng#12] is all zeros
*+ WARNING: !! * Column 107 [H_ng#13] is all zeros
*+ WARNING: !! * Column 108 [H_ng#14] is all zeros
*+ WARNING: !! * Column 109 [H_ng#15] is all zeros
*+ WARNING: !! * Column 110 [H_ng#16] is all zeros
*+ WARNING: !! * Columns 294 [M_X#13] and 349 [U_X#0] are (nearly?) collinear!
*+ WARNING: !! * Columns 295 [M_X#14] and 350 [U_X#1] are (nearly?) collinear!
*+ WARNING: !! * Columns 296 [M_X#15] and 351 [U_X#2] are (nearly?) collinear!
*+ WARNING: !! * Columns 297 [M_X#16] and 352 [U_X#3] are (nearly?) collinear!
*+ WARNING: -------------------------------------------------
*+ WARNING: !! in Signal+Baseline matrix:
 * Largest singular value=2.54275
 * 21 singular values are less than cutoff=2.54275e-07
 * Implies strong collinearity in the matrix columns! 
*+ WARNING: !! in Signal-only matrix:
 * Largest singular value=1.87596
 * 21 singular values are less than cutoff=1.87596e-07
 * Implies strong collinearity in the matrix columns! 
