++ 3dREMLfit: AFNI version=AFNI_18.3.16 (Dec 11 2018) [64-bit]
++ Authored by: RWCox
++ GOFORIT ==> Matrix de-singularization is engaged!
++ Number of OpenMP threads = 15
++ No mask ==> computing for all 10242 voxels
[7m** ERROR:[0m matrix column #253 is all zero!?
[7m** ERROR:[0m matrix column #254 is all zero!?
[7m** ERROR:[0m matrix column #255 is all zero!?
[7m** ERROR:[0m matrix column #490 is all zero!?
[7m** ERROR:[0m matrix column #491 is all zero!?
[7m** ERROR:[0m matrix column #492 is all zero!?
[7m*+ WARNING:[0m You said to GOFORIT, so here we GO!
 +          Note that a bunch of further WARNINGs will be generated below.
++ Denominator DOF increased from 645 to 651 to allow for all zero columns
++ -----  matrix condition (1287x642):  6.86808  ++ VERY GOOD ++
[7m*+ WARNING:[0m !! in  matrix:
 * Largest singular value=2.19744
 * 13 singular values are less than cutoff=2.19744e-07
 * Implies strong collinearity in the matrix columns! 
++  matrix singular values:
             0             0             0             0             0
   1.67633e-08    1.7483e-08   1.95471e-08   2.27027e-08   4.01767e-08
   4.18307e-08   4.90222e-08   6.03914e-08      0.046585      0.103076
      0.154746      0.188023       0.19873      0.215128      0.235369
      0.245895      0.255377      0.293394      0.308499      0.316628
      0.341709      0.352745      0.365498      0.369903      0.371448
      0.375133      0.377409      0.380561       0.38479      0.390834
      0.392481      0.395487      0.399704      0.404032      0.408604
      0.413339       0.41696      0.421152      0.422648      0.425068
       0.42706      0.430342      0.434642      0.436777      0.438392
      0.444253      0.449163      0.453794      0.457287      0.458623
      0.462641      0.467977      0.471632      0.472549      0.474397
      0.476851      0.481584      0.483235      0.485249      0.486405
      0.487046      0.491379      0.493836      0.498419      0.498856
      0.501763      0.503364      0.503874      0.506468       0.51052
       0.51301      0.516098      0.519969      0.522294      0.525198
      0.530274      0.531067      0.532286      0.534002       0.53642
      0.538674      0.540563      0.541477      0.542062      0.547184
      0.550296      0.552775      0.553997      0.555124      0.557295
      0.560511      0.561863      0.566891        0.5695       0.57143
      0.574119       0.57652      0.579645      0.581134      0.583351
      0.583958      0.586389      0.589042      0.591118      0.592733
      0.596423      0.599267      0.601057      0.602446      0.605669
      0.606676      0.608066      0.612715      0.615264      0.617208
      0.617329      0.620046      0.620293      0.621169      0.623974
       0.62738       0.62824      0.630595      0.631797       0.63364
      0.635432      0.638139      0.638658       0.64053      0.644968
      0.647396      0.649299      0.650834      0.653835      0.654796
      0.657438      0.663871      0.664125      0.665641      0.667289
        0.6698      0.670746      0.673186       0.67522      0.678148
      0.678404      0.680091      0.682108      0.686296      0.687352
      0.691818      0.692789      0.696467      0.696981      0.697707
      0.702099      0.704281      0.707388      0.708112       0.70982
      0.710627      0.712737      0.714871      0.715232      0.718697
      0.719525      0.720877      0.723788      0.724415       0.72799
      0.731062      0.732259      0.733763      0.735437      0.736862
      0.738672      0.740648      0.741719        0.7436      0.745867
      0.746724      0.750895      0.753408       0.75537      0.758176
       0.75972      0.762087      0.765595      0.766102       0.76737
      0.771131      0.772118      0.774526      0.777095      0.779002
      0.780878      0.784807      0.785426       0.78868      0.791391
      0.793148      0.795225      0.795384      0.796133       0.79678
      0.799581      0.802274      0.803718      0.806296      0.806738
      0.808353       0.81307      0.813456      0.814362      0.816572
      0.817504      0.821386      0.822181      0.823943      0.825439
      0.827017      0.828328      0.830976      0.833715      0.834329
      0.836939       0.83773      0.840931      0.841851      0.844354
      0.846233      0.849009      0.850884      0.854935      0.856193
      0.857066      0.859897      0.862603      0.863036      0.864905
      0.867314      0.869241        0.8706      0.872411      0.873368
      0.875132      0.875689      0.879031      0.881358      0.884603
      0.885728      0.886428      0.890142      0.891561      0.892835
      0.895669      0.898722      0.899524      0.904145      0.904853
      0.908289      0.911319      0.911795        0.9138      0.914483
      0.915316      0.916709      0.918175      0.918633      0.922856
      0.926145      0.926189      0.927914      0.930219       0.93114
      0.933128      0.935153      0.936998      0.939441      0.940484
      0.941692      0.945407      0.947437      0.948176       0.94929
      0.950765      0.953817      0.956357      0.957542      0.961106
      0.962482      0.962951      0.964923      0.966606      0.968328
      0.969325      0.970008      0.971845       0.97299       0.97357
      0.975834      0.977473      0.978264      0.978758       0.98103
      0.982491      0.983546      0.985191      0.986896      0.988282
      0.990951      0.991598      0.992471      0.995319      0.996221
      0.996668      0.998238      0.998916      0.999598      0.999945
       1.00001       1.00002       1.00011       1.00018       1.00045
       1.00097       1.00194       1.00222       1.00368       1.00399
       1.00509       1.00655       1.00749       1.00974       1.01122
       1.01178       1.01222       1.01455       1.01746       1.01814
       1.01891       1.01946       1.02043       1.02112       1.02303
       1.02409       1.02565       1.02603        1.0272       1.02862
       1.03074       1.03179       1.03289       1.03398        1.0363
       1.03695       1.03767       1.03867       1.04157        1.0435
       1.04487        1.0467       1.04962       1.04975       1.05275
       1.05413       1.05534       1.05671       1.05747       1.05822
       1.06094       1.06299       1.06446       1.06551       1.06642
       1.06805       1.06864       1.07133       1.07405       1.07516
       1.07775       1.07847       1.07861       1.08095        1.0827
       1.08454       1.08535       1.08629       1.08863        1.0893
       1.08986       1.09224        1.0954       1.09579       1.09686
       1.09905       1.10057       1.10217       1.10512       1.10718
       1.10841       1.10939       1.11023       1.11084       1.11252
       1.11385       1.11504       1.11765       1.11885       1.12066
       1.12214       1.12469       1.12492       1.12663       1.12695
       1.12845       1.12957        1.1327       1.13524        1.1363
       1.13804       1.13974       1.14154       1.14296       1.14402
       1.14445       1.14646       1.14813       1.14997        1.1503
       1.15209       1.15261       1.15306       1.15487       1.15766
       1.15823       1.15878       1.16165       1.16282       1.16369
       1.16456       1.16544       1.16665       1.16692       1.16853
       1.17104       1.17285       1.17408       1.17486       1.17524
       1.17598       1.17857       1.17891       1.17984       1.18188
        1.1822         1.183       1.18445       1.18573       1.18709
        1.1877       1.18843        1.1895       1.19207       1.19224
       1.19443       1.19587       1.19724       1.19934       1.20042
       1.20201       1.20291       1.20425       1.20462       1.20782
       1.20956          1.21       1.21136       1.21239       1.21311
       1.21357       1.21561       1.21654       1.21704       1.21813
       1.22067       1.22187       1.22302       1.22461       1.22487
       1.22573       1.22675       1.22754       1.22961       1.23013
       1.23229       1.23263       1.23419        1.2353       1.23666
       1.23859       1.24008       1.24069       1.24174       1.24228
       1.24386        1.2451       1.24588       1.24699       1.24774
       1.24915       1.25044       1.25053       1.25253       1.25368
       1.25591       1.25653       1.25734       1.25824       1.25862
       1.26072       1.26155       1.26351       1.26429       1.26498
       1.26733       1.26805       1.26853        1.2696       1.26995
       1.27122       1.27268       1.27307       1.27365       1.27566
       1.27642       1.27965       1.27977       1.28061       1.28197
       1.28298       1.28704       1.28707       1.28904        1.2907
       1.29105       1.29198       1.29326       1.29423       1.29562
       1.29635       1.29802        1.2982       1.29944       1.30065
        1.3023       1.30251       1.30392       1.30464       1.30637
       1.30726       1.30868       1.30939       1.30982       1.31035
       1.31134       1.31221       1.31316       1.31504         1.317
       1.31876       1.31898       1.32158       1.32177        1.3224
       1.32413       1.32465       1.32569       1.32657       1.32715
       1.32872       1.32921       1.32954       1.33171       1.33286
       1.33362       1.33444       1.33455       1.33519       1.33721
       1.33913       1.34009       1.34127       1.34223       1.34346
       1.34489       1.34519       1.34572       1.34647       1.34817
       1.34939       1.35102       1.35139       1.35231       1.35272
       1.35294       1.35404       1.35637       1.35821       1.35826
       1.35979        1.3607       1.36212       1.36389       1.36602
       1.36806       1.37105       1.37767       1.37919       1.38349
       1.39204       1.39661       1.40312       1.41156       1.41421
       1.41423       1.41433       1.41464       1.41561       1.42506
       1.43672       1.46602       1.48551       1.58704        1.6218
       1.96786       2.19744
[7m*+ WARNING:[0m -GOFORIT ==> Charging ahead into battle!
 +                   ==> Check results carefully!
++ Editing GLT matrices for all zero X matrix columns
 + Removed 6 all zero rows from GLT matrix 'Full'; numerator DOF changes from 622 to 616
 + Removed 3 all zero rows from GLT matrix 'l_1A'; numerator DOF changes from 19 to 16
 + Removed 3 all zero rows from GLT matrix 'n_B2'; numerator DOF changes from 19 to 16
++ Loading input dataset into memory
 + masked off 881 voxels for being all zero; 9361 left in mask
++ starting REML setup calculations; total CPU=0.00 Elapsed=8.89
 + X matrix: 2.491% of elements are nonzero
[7m*+ WARNING:[0m -----
[7m*+ WARNING:[0m QR decomposition of [R]^(-1/2) [X] had 13 collinearity problems
[7m*+ WARNING:[0m -----
 + starting 15 OpenMP threads for REML setup
 + REML setup finished: matrix rows=1287 cols=642; 109*1 cases; total CPU=0.00 Elapsed=857.47
 +  average case bandwidth = 13.04
++ REML voxel loop: [15 threads]0123456789.0123456789.0123456789.0123456789.01234567
 + ARMA voxel parameters estimated: total CPU=0.00 Elapsed=886.74
++ GLSQ loop:
[7m*+ WARNING:[0m QR decomposition of GLT setup 642x616 matrix had 4 collinearity problems

[7m*+ WARNING:[0m QR decomposition of GLT setup 642x616 matrix had 11 collinearity problems

[7m*+ WARNING:[0m QR decomposition of GLT setup 642x616 matrix had 48 collinearity problems

[7m*+ WARNING:[0m QR decomposition of GLT setup 642x616 matrix had 89 collinearity problems
0123456789.0123456789.0123456789.0123456789.0123456789.
 + GLSQ regression done: total CPU=0.00 Elapsed=1914.26
++ Output dataset /data/nil-external/ccp/freund/ub55/out/glms/DMCC7297690/RESULTS/Cuedts/baseline_aggressive1_EVENTS_censored_shifted/stats_var_DMCC7297690_L_REML.func.gii
++ Output dataset /data/nil-external/ccp/freund/ub55/out/glms/DMCC7297690/RESULTS/Cuedts/baseline_aggressive1_EVENTS_censored_shifted/errts_DMCC7297690_L_REML.func.gii
++ Output dataset /data/nil-external/ccp/freund/ub55/out/glms/DMCC7297690/RESULTS/Cuedts/baseline_aggressive1_EVENTS_censored_shifted/wherr_DMCC7297690_L_REML.func.gii
++ Output dataset /data/nil-external/ccp/freund/ub55/out/glms/DMCC7297690/RESULTS/Cuedts/baseline_aggressive1_EVENTS_censored_shifted/STATS_DMCC7297690_L_REML.func.gii
 + unloading input dataset and REML matrices
++ 3dREMLfit is all done! total CPU=0.00 Elapsed=1921.57
