++ 3dREMLfit: AFNI version=AFNI_18.3.16 (Dec 11 2018) [64-bit]
++ Authored by: RWCox
++ GOFORIT ==> Matrix de-singularization is engaged!
++ Number of OpenMP threads = 15
++ No mask ==> computing for all 10242 voxels
++ -----  matrix condition (539x122):  6.00557  ++ VERY GOOD ++
++ Loading input dataset into memory
 + masked off 888 voxels for being all zero; 9354 left in mask
++ starting REML setup calculations; total CPU=0.00 Elapsed=7.08
 + X matrix: 12.809% of elements are nonzero
 + starting 15 OpenMP threads for REML setup
 + REML setup finished: matrix rows=539 cols=122; 109*1 cases; total CPU=0.00 Elapsed=20.53
 +  average case bandwidth = 13.10
++ REML voxel loop: [15 threads]0123456789.0123456789.0123456789.0123456789.01234567
 + ARMA voxel parameters estimated: total CPU=0.00 Elapsed=36.26
++ GLSQ loop:0123456789.0123456789.0123456789.0123456789.0123456789.
 + GLSQ regression done: total CPU=0.00 Elapsed=48.91
[7m** ERROR:[0m output dataset name 'stats_var_203418_1_R_REML.func.gii' conflicts with existing file
[7m** ERROR:[0m dataset NOT written to disk!
[7++ Output dataset /data/nil-external/ccp/freund/ub55/out/glms/203418/RESULTS/Stroop/baseline_fix-LSA_EVENTS_censored_1/errts_203418_1_R_REML.fun++ Output dataset /data/nil-external/ccp/freund/ub55/out/glms/203418/RESULTS/Stroop/baseline_fix-LSA_EVENT[7m** ERROR:[0m dataset NOT written to dis++ Output dataset /data/nil-external/ccp/freund/ub55/out/glms/203418/RESULTS/Stroop/baseline_fix-LSA_EVENTS_censored_1/STATS_203418_1_R_REML.func.gii
 + unloading input dataset and REML matrices
++ 3dREMLfit is all done! total CPU=0.00 Elapsed=54.98
