*+ WARNING: '-stim_times 11' didn't read any good times from file '/data/nil-external/ccp/freund/ub55/out/glms/594156/INPUT_DATA/Axcpt/baseline/594156_Axcpt_baseline_T_ng_shifted.txt'
*+ WARNING: -stim_times 11 has all times equal to '*' ?!?!
*+ WARNING: !! '-stim_times 11' file '/data/nil-external/ccp/freund/ub55/out/glms/594156/INPUT_DATA/Axcpt/baseline/594156_Axcpt_baseline_T_ng_shifted.txt' has no good stimulus time values
*+ WARNING: -------------------------------------------------
*+ WARNING: Problems with the X matrix columns, listed below:
*+ WARNING: !! * Columns 111 [M_ng#0] and 312 [N_X#14] are (nearly?) collinear!
*+ WARNING: !! * Columns 112 [M_ng#1] and 313 [N_X#15] are (nearly?) collinear!
*+ WARNING: !! * Columns 113 [M_ng#2] and 314 [N_X#16] are (nearly?) collinear!
*+ WARNING: !! * Column 162 [T_ng#0] is all zeros
*+ WARNING: !! * Column 163 [T_ng#1] is all zeros
*+ WARNING: !! * Column 164 [T_ng#2] is all zeros
*+ WARNING: !! * Column 165 [T_ng#3] is all zeros
*+ WARNING: !! * Column 166 [T_ng#4] is all zeros
*+ WARNING: !! * Column 167 [T_ng#5] is all zeros
*+ WARNING: !! * Column 168 [T_ng#6] is all zeros
*+ WARNING: !! * Column 169 [T_ng#7] is all zeros
*+ WARNING: !! * Column 170 [T_ng#8] is all zeros
*+ WARNING: !! * Column 171 [T_ng#9] is all zeros
*+ WARNING: !! * Column 172 [T_ng#10] is all zeros
*+ WARNING: !! * Column 173 [T_ng#11] is all zeros
*+ WARNING: !! * Column 174 [T_ng#12] is all zeros
*+ WARNING: !! * Column 175 [T_ng#13] is all zeros
*+ WARNING: !! * Column 176 [T_ng#14] is all zeros
*+ WARNING: !! * Column 177 [T_ng#15] is all zeros
*+ WARNING: !! * Column 178 [T_ng#16] is all zeros
*+ WARNING: -------------------------------------------------
*+ WARNING: !! in Signal+Baseline matrix:
 * Largest singular value=2.20498
 * 20 singular values are less than cutoff=2.20498e-07
 * Implies strong collinearity in the matrix columns! 
*+ WARNING: !! in Signal-only matrix:
 * Largest singular value=1.87788
 * 20 singular values are less than cutoff=1.87788e-07
 * Implies strong collinearity in the matrix columns! 
