*+ WARNING: '-stim_times 4' didn't read any good times from file '/data/nil-external/ccp/freund/ub55/out/glms/DMCC7921988/INPUT_DATA/Axcpt/baseline/DMCC7921988_Axcpt_baseline_C_ng_shifted.txt'
*+ WARNING: '-stim_times 8' didn't read any good times from file '/data/nil-external/ccp/freund/ub55/out/glms/DMCC7921988/INPUT_DATA/Axcpt/baseline/DMCC7921988_Axcpt_baseline_M_ng_shifted.txt'
*+ WARNING: '-stim_times 11' didn't read any good times from file '/data/nil-external/ccp/freund/ub55/out/glms/DMCC7921988/INPUT_DATA/Axcpt/baseline/DMCC7921988_Axcpt_baseline_T_ng_shifted.txt'
*+ WARNING: -stim_times 4 has all times equal to '*' ?!?!
*+ WARNING: !! '-stim_times 4' file '/data/nil-external/ccp/freund/ub55/out/glms/DMCC7921988/INPUT_DATA/Axcpt/baseline/DMCC7921988_Axcpt_baseline_C_ng_shifted.txt' has no good stimulus time values
*+ WARNING: -stim_times 8 has all times equal to '*' ?!?!
*+ WARNING: !! '-stim_times 8' file '/data/nil-external/ccp/freund/ub55/out/glms/DMCC7921988/INPUT_DATA/Axcpt/baseline/DMCC7921988_Axcpt_baseline_M_ng_shifted.txt' has no good stimulus time values
*+ WARNING: -stim_times 11 has all times equal to '*' ?!?!
*+ WARNING: !! '-stim_times 11' file '/data/nil-external/ccp/freund/ub55/out/glms/DMCC7921988/INPUT_DATA/Axcpt/baseline/DMCC7921988_Axcpt_baseline_T_ng_shifted.txt' has no good stimulus time values
*+ WARNING: -------------------------------------------------
*+ WARNING: Problems with the X matrix columns, listed below:
*+ WARNING: !! * Column 43 [C_ng#0] is all zeros
*+ WARNING: !! * Column 44 [C_ng#1] is all zeros
*+ WARNING: !! * Column 45 [C_ng#2] is all zeros
*+ WARNING: !! * Column 46 [C_ng#3] is all zeros
*+ WARNING: !! * Column 47 [C_ng#4] is all zeros
*+ WARNING: !! * Column 48 [C_ng#5] is all zeros
*+ WARNING: !! * Column 49 [C_ng#6] is all zeros
*+ WARNING: !! * Column 50 [C_ng#7] is all zeros
*+ WARNING: !! * Column 51 [C_ng#8] is all zeros
*+ WARNING: !! * Column 52 [C_ng#9] is all zeros
*+ WARNING: !! * Column 53 [C_ng#10] is all zeros
*+ WARNING: !! * Column 54 [C_ng#11] is all zeros
*+ WARNING: !! * Column 55 [C_ng#12] is all zeros
*+ WARNING: !! * Column 56 [C_ng#13] is all zeros
*+ WARNING: !! * Column 57 [C_ng#14] is all zeros
*+ WARNING: !! * Column 58 [C_ng#15] is all zeros
*+ WARNING: !! * Column 59 [C_ng#16] is all zeros
*+ WARNING: !! * Column 111 [M_ng#0] is all zeros
*+ WARNING: !! * Column 112 [M_ng#1] is all zeros
*+ WARNING: !! * Column 113 [M_ng#2] is all zeros
*+ WARNING: !! * Column 114 [M_ng#3] is all zeros
*+ WARNING: !! * Column 115 [M_ng#4] is all zeros
*+ WARNING: !! * Column 116 [M_ng#5] is all zeros
*+ WARNING: !! * Column 117 [M_ng#6] is all zeros
*+ WARNING: !! * Column 118 [M_ng#7] is all zeros
*+ WARNING: !! * Column 119 [M_ng#8] is all zeros
*+ WARNING: !! * Column 120 [M_ng#9] is all zeros
*+ WARNING: !! * Column 121 [M_ng#10] is all zeros
*+ WARNING: !! * Column 122 [M_ng#11] is all zeros
*+ WARNING: !! * Column 123 [M_ng#12] is all zeros
*+ WARNING: !! * Column 124 [M_ng#13] is all zeros
*+ WARNING: !! * Column 125 [M_ng#14] is all zeros
*+ WARNING: !! * Column 126 [M_ng#15] is all zeros
*+ WARNING: !! * Column 127 [M_ng#16] is all zeros
*+ WARNING: !! * Column 162 [T_ng#0] is all zeros
*+ WARNING: !! * Column 163 [T_ng#1] is all zeros
*+ WARNING: !! * Column 164 [T_ng#2] is all zeros
*+ WARNING: !! * Column 165 [T_ng#3] is all zeros
*+ WARNING: !! * Column 166 [T_ng#4] is all zeros
*+ WARNING: !! * Column 167 [T_ng#5] is all zeros
*+ WARNING: !! * Column 168 [T_ng#6] is all zeros
*+ WARNING: !! * Column 169 [T_ng#7] is all zeros
*+ WARNING: !! * Column 170 [T_ng#8] is all zeros
*+ WARNING: !! * Column 171 [T_ng#9] is all zeros
*+ WARNING: !! * Column 172 [T_ng#10] is all zeros
*+ WARNING: !! * Column 173 [T_ng#11] is all zeros
*+ WARNING: !! * Column 174 [T_ng#12] is all zeros
*+ WARNING: !! * Column 175 [T_ng#13] is all zeros
*+ WARNING: !! * Column 176 [T_ng#14] is all zeros
*+ WARNING: !! * Column 177 [T_ng#15] is all zeros
*+ WARNING: !! * Column 178 [T_ng#16] is all zeros
*+ WARNING: -------------------------------------------------
*+ WARNING: !! in Signal+Baseline matrix:
 * Largest singular value=2.2377
 * 51 singular values are less than cutoff=2.2377e-07
 * Implies strong collinearity in the matrix columns! 
*+ WARNING: !! in Signal-only matrix:
 * Largest singular value=1.87863
 * 51 singular values are less than cutoff=1.87863e-07
 * Implies strong collinearity in the matrix columns! 
