++ 3dREMLfit: AFNI version=AFNI_18.3.16 (Dec 11 2018) [64-bit]
++ Authored by: RWCox
++ GOFORIT ==> Matrix de-singularization is engaged!
++ Number of OpenMP threads = 15
++ No mask ==> computing for all 10242 voxels
++ -----  matrix condition (608x127):  3.50974  ++ VERY GOOD ++
++ Loading input dataset into memory
 + masked off 881 voxels for being all zero; 9361 left in mask
++ starting REML setup calculations; total CPU=0.00 Elapsed=3.53
 + X matrix: 11.994% of elements are nonzero
 + starting 15 OpenMP threads for REML setup
 + REML setup finished: matrix rows=608 cols=127; 109*1 cases; total CPU=0.00 Elapsed=8.42
 +  average case bandwidth = 13.11
++ REML voxel loop: [15 threads]0123456789.0123456789.0123456789.0123456789.01234567
 + ARMA voxel parameters estimated: total CPU=0.00 Elapsed=20.15
++ GLSQ loop:0123456789.0123456789.0123456789.0123456789.0123456789.
 + GLSQ regression done: total CPU=0.00 Elapsed=29.55
++ Output dataset /data/nil-external/ccp/freund/ub55/out/glms/115825/RESULTS/Axcpt/baseline_Cues_EVENTS_censored_shifted_noblock_2/stats_var_115825_2_R_REML.func.gii
++ Output dataset /data/nil-external/ccp/freund/ub55/out/glms/115825/RESULTS/Axcpt/baseline_Cues_EVENTS_censored_shifted_noblock_2/errts_115825_2_R_REML.func.gii
++ Output dataset /data/nil-external/ccp/freund/ub55/out/glms/115825/RESULTS/Axcpt/baseline_Cues_EVENTS_censored_shifted_noblock_2/wherr_115825_2_R_REML.func.gii
++ Output dataset /data/nil-external/ccp/freund/ub55/out/glms/115825/RESULTS/Axcpt/baseline_Cues_EVENTS_censored_shifted_noblock_2/STATS_115825_2_R_REML.func.gii
 + unloading input dataset and REML matrices
++ 3dREMLfit is all done! total CPU=0.00 Elapsed=33.61
