++ 3dREMLfit: AFNI version=AFNI_18.3.16 (Dec 11 2018) [64-bit]
++ Authored by: RWCox
++ GOFORIT ==> Matrix de-singularization is engaged!
++ Number of OpenMP threads = 15
++ No mask ==> computing for all 10242 voxels
++ -----  matrix condition (610x128):  5.39809  ++ VERY GOOD ++
++ Loading input dataset into memory
 + masked off 881 voxels for being all zero; 9361 left in mask
++ starting REML setup calculations; total CPU=0.00 Elapsed=6.32
 + X matrix: 12.620% of elements are nonzero
 + starting 15 OpenMP threads for REML setup
 + REML setup finished: matrix rows=610 cols=128; 109*1 cases; total CPU=0.00 Elapsed=28.57
 +  average case bandwidth = 13.15
++ REML voxel loop: [15 threads]0123456789.0123456789.0123456789.0123456789.01234567
 + ARMA voxel parameters estimated: total CPU=0.00 Elapsed=57.80
++ GLSQ loop:0123456789.0123456789.0123456789.0123456789.0123456789.
 + GLSQ regression done: total CPU=0.00 Elapsed=69.91
++ Output dataset /data/nil-external/ccp/freund/ub55/out/glms/393550/RESULTS/Axcpt/baseline_Cues_EVENTS_censored_shifted_1/stats_var_393550_1_R_REML.func.gii
++ Output dataset /data/nil-external/ccp/freund/ub55/out/glms/393550/RESULTS/Axcpt/baseline_Cues_EVENTS_censored_shifted_1/errts_393550_1_R_REML.func.gii
++ Output dataset /data/nil-external/ccp/freund/ub55/out/glms/393550/RESULTS/Axcpt/baseline_Cues_EVENTS_censored_shifted_1/wherr_393550_1_R_REML.func.gii
++ Output dataset /data/nil-external/ccp/freund/ub55/out/glms/393550/RESULTS/Axcpt/baseline_Cues_EVENTS_censored_shifted_1/STATS_393550_1_R_REML.func.gii
 + unloading input dataset and REML matrices
++ 3dREMLfit is all done! total CPU=0.00 Elapsed=79.58
