++ 3dREMLfit: AFNI version=AFNI_18.3.16 (Dec 11 2018) [64-bit]
++ Authored by: RWCox
++ GOFORIT ==> Matrix de-singularization is engaged!
++ Number of OpenMP threads = 15
++ No mask ==> computing for all 10242 voxels
++ -----  matrix condition (645x179):  6.4914  ++ VERY GOOD ++
++ Loading input dataset into memory
 + masked off 881 voxels for being all zero; 9361 left in mask
++ starting REML setup calculations; total CPU=0.00 Elapsed=2.46
 + X matrix: 9.262% of elements are nonzero
 + starting 15 OpenMP threads for REML setup
 + REML setup finished: matrix rows=645 cols=179; 109*1 cases; total CPU=0.00 Elapsed=8.55
 +  average case bandwidth = 13.12
++ REML voxel loop: [15 threads]0123456789.0123456789.0123456789.0123456789.01234567
 + ARMA voxel parameters estimated: total CPU=0.00 Elapsed=14.72
++ GLSQ loop:0123456789.0123456789.0123456789.0123456789.0123456789.
 + GLSQ regression done: total CPU=0.00 Elapsed=28.06
++ Output dataset /data/nil-external/ccp/freund/ub55/out/glms/448347/RESULTS/Cuedts/baseline_cueletnum_EVENTS_censored_shifted_2/stats_var_448347_2_R_REML.func.gii
++ Output dataset /data/nil-external/ccp/freund/ub55/out/glms/448347/RESULTS/Cuedts/baseline_cueletnum_EVENTS_censored_shifted_2/errts_448347_2_R_REML.func.gii
++ Output dataset /data/nil-external/ccp/freund/ub55/out/glms/448347/RESULTS/Cuedts/baseline_cueletnum_EVENTS_censored_shifted_2/wherr_448347_2_R_REML.func.gii
++ Output dataset /data/nil-external/ccp/freund/ub55/out/glms/448347/RESULTS/Cuedts/baseline_cueletnum_EVENTS_censored_shifted_2/STATS_448347_2_R_REML.func.gii
 + unloading input dataset and REML matrices
++ 3dREMLfit is all done! total CPU=0.00 Elapsed=31.94
