++ 3dREMLfit: AFNI version=AFNI_18.3.16 (Dec 11 2018) [64-bit]
++ Authored by: RWCox
++ GOFORIT ==> Matrix de-singularization is engaged!
++ Number of OpenMP threads = 15
++ No mask ==> computing for all 10242 voxels
++ -----  matrix condition (1080x448):  5.31661  ++ VERY GOOD ++
++ Loading input dataset into memory
 + masked off 881 voxels for being all zero; 9361 left in mask
++ starting REML setup calculations; total CPU=0.00 Elapsed=5.43
 + X matrix: 4.065% of elements are nonzero
 + starting 15 OpenMP threads for REML setup
 + REML setup finished: matrix rows=1080 cols=448; 109*1 cases; total CPU=0.00 Elapsed=311.35
 +  average case bandwidth = 13.12
++ REML voxel loop: [15 threads]0123456789.0123456789.0123456789.0123456789.01234567
 + ARMA voxel parameters estimated: total CPU=0.00 Elapsed=352.64
++ GLSQ loop:0123456789.0123456789.0123456789.0123456789.0123456789.
 + GLSQ regression done: total CPU=0.00 Elapsed=808.95
++ Output dataset /data/nil-external/ccp/freund/ub55/out/glms/132017/RESULTS/Stroop/baseline_aggressive1_EVENTS_censored_shifted/stats_var_132017_R_REML.func.gii
++ Output dataset /data/nil-external/ccp/freund/ub55/out/glms/132017/RESULTS/Stroop/baseline_aggressive1_EVENTS_censored_shifted/errts_132017_R_REML.func.gii
++ Output dataset /data/nil-external/ccp/freund/ub55/out/glms/132017/RESULTS/Stroop/baseline_aggressive1_EVENTS_censored_shifted/wherr_132017_R_REML.func.gii
++ Output dataset /data/nil-external/ccp/freund/ub55/out/glms/132017/RESULTS/Stroop/baseline_aggressive1_EVENTS_censored_shifted/STATS_132017_R_REML.func.gii
 + unloading input dataset and REML matrices
++ 3dREMLfit is all done! total CPU=0.00 Elapsed=815.00
