++ 3dREMLfit: AFNI version=AFNI_18.3.16 (Dec 11 2018) [64-bit]
++ Authored by: RWCox
++ GOFORIT ==> Matrix de-singularization is engaged!
++ Number of OpenMP threads = 15
++ No mask ==> computing for all 10242 voxels
++ -----  matrix condition (560x152):  6.33012  ++ VERY GOOD ++
++ Loading input dataset into memory
 + masked off 888 voxels for being all zero; 9354 left in mask
++ starting REML setup calculations; total CPU=0.00 Elapsed=1.13
 + X matrix: 10.728% of elements are nonzero
 + starting 15 OpenMP threads for REML setup
 + REML setup finished: matrix rows=560 cols=152; 109*1 cases; total CPU=0.00 Elapsed=16.44
 +  average case bandwidth = 12.41
++ REML voxel loop: [15 threads]0123456789.0123456789.0123456789.0123456789.01234567
 + ARMA voxel parameters estimated: total CPU=0.00 Elapsed=38.20
++ GLSQ loop:0123456789.0123456789.0123456789.0123456789.0123456789.
 + GLSQ regression done: total CPU=0.00 Elapsed=48.89
++ Output dataset /data/nil-external/ccp/freund/ub55/out/glms/594156/RESULTS/Stern/baseline_ListLength_EVENTS_censored_shifted_1/stats_var_594156_1_R_REML.nii.gz
++ Output dataset /data/nil-external/ccp/freund/ub55/out/glms/594156/RESULTS/Stern/baseline_ListLength_EVENTS_censored_shifted_1/errts_594156_1_L_REML.nii.gz
++ Output dataset /data/nil-external/ccp/freund/ub55/out/glms/594156/RESULTS/Stern/baseline_ListLength_EVENTS_censored_shifted_1/wherr_594156_1_L_REML.nii.gz
++ Output dataset /data/nil-external/ccp/freund/ub55/out/glms/594156/RESULTS/Stern/baseline_ListLength_EVENTS_censored_shifted_1/STATS_594156_1_L_REML.nii.gz
 + unloading input dataset and REML matrices
++ 3dREMLfit is all done! total CPU=0.00 Elapsed=63.90
