++ 3dREMLfit: AFNI version=AFNI_18.3.16 (Dec 11 2018) [64-bit]
++ Authored by: RWCox
++ GOFORIT ==> Matrix de-singularization is engaged!
++ Number of OpenMP threads = 15
++ No mask ==> computing for all 10242 voxels
++ -----  matrix condition (608x128):  6.00676  ++ VERY GOOD ++
++ Loading input dataset into memory
 + masked off 881 voxels for being all zero; 9361 left in mask
++ starting REML setup calculations; total CPU=0.00 Elapsed=6.90
 + X matrix: 12.510% of elements are nonzero
 + starting 15 OpenMP threads for REML setup
 + REML setup finished: matrix rows=608 cols=128; 109*1 cases; total CPU=0.00 Elapsed=30.09
 +  average case bandwidth = 13.11
++ REML voxel loop: [15 threads]0123456789.0123456789.0123456789.0123456789.01234567
 + ARMA voxel parameters estimated: total CPU=0.00 Elapsed=56.02
++ GLSQ loop:0123456789.0123456789.0123456789.0123456789.0123456789.
 + GLSQ regression done: total CPU=0.00 Elapsed=74.16
++ Output dataset /data/nil-external/ccp/freund/ub55/out/glms/DMCC6671683/RESULTS/Axcpt/baseline_Cues_EVENTS_censored_shifted_1/stats_var_DMCC6671683_1_L_REML.func.gii
++ Output dataset /data/nil-external/ccp/freund/ub55/out/glms/DMCC6671683/RESULTS/Axcpt/baseline_Cues_EVENTS_censored_shifted_1/errts_DMCC6671683_1_L_REML.func.gii
++ Output dataset /data/nil-external/ccp/freund/ub55/out/glms/DMCC6671683/RESULTS/Axcpt/baseline_Cues_EVENTS_censored_shifted_1/wherr_DMCC6671683_1_L_REML.func.gii
++ Output dataset /data/nil-external/ccp/freund/ub55/out/glms/DMCC6671683/RESULTS/Axcpt/baseline_Cues_EVENTS_censored_shifted_1/STATS_DMCC6671683_1_L_REML.func.gii
 + unloading input dataset and REML matrices
++ 3dREMLfit is all done! total CPU=0.00 Elapsed=85.39
