++ 3dREMLfit: AFNI version=AFNI_18.3.16 (Dec 11 2018) [64-bit]
++ Authored by: RWCox
++ GOFORIT ==> Matrix de-singularization is engaged!
++ Number of OpenMP threads = 15
++ No mask ==> computing for all 10242 voxels
++ -----  matrix condition (533x78):  4.9305  ++ VERY GOOD ++
++ Loading input dataset into memory
 + masked off 881 voxels for being all zero; 9361 left in mask
++ starting REML setup calculations; total CPU=0.00 Elapsed=2.41
 + X matrix: 23.476% of elements are nonzero
 + starting 15 OpenMP threads for REML setup
 + REML setup finished: matrix rows=533 cols=78; 109*1 cases; total CPU=0.00 Elapsed=2.98
 +  average case bandwidth = 13.04
++ REML voxel loop: [15 threads]0123456789.0123456789.0123456789.0123456789.01234567
 + ARMA voxel parameters estimated: total CPU=0.00 Elapsed=10.98
++ GLSQ loop:0123456789.0123456789.0123456789.0123456789.0123456789.
 + GLSQ regression done: total CPU=0.00 Elapsed=22.03
++ Output dataset /data/nil-external/ccp/freund/ub55/out/glms/580650/RESULTS/Stroop/baseline_Congruency_EVENTS_censored_shifted_noblock_1/stats_var_580650_1_R_REML.func.gii
++ Output dataset /data/nil-external/ccp/freund/ub55/out/glms/580650/RESULTS/Stroop/baseline_Congruency_EVENTS_censored_shifted_noblock_1/errts_580650_1_R_REML.func.gii
++ Output dataset /data/nil-external/ccp/freund/ub55/out/glms/580650/RESULTS/Stroop/baseline_Congruency_EVENTS_censored_shifted_noblock_1/wherr_580650_1_R_REML.func.gii
++ Output dataset /data/nil-external/ccp/freund/ub55/out/glms/580650/RESULTS/Stroop/baseline_Congruency_EVENTS_censored_shifted_noblock_1/STATS_580650_1_R_REML.func.gii
 + unloading input dataset and REML matrices
++ 3dREMLfit is all done! total CPU=0.00 Elapsed=25.14
