++ 3dREMLfit: AFNI version=AFNI_18.3.16 (Dec 11 2018) [64-bit]
++ Authored by: RWCox
++ GOFORIT ==> Matrix de-singularization is engaged!
++ Number of OpenMP threads = 15
++ No mask ==> computing for all 10242 voxels
[7m** ERROR:[0m matrix column #22 is all zero!?
[7m** ERROR:[0m matrix column #23 is all zero!?
[7m** ERROR:[0m matrix column #27 is all zero!?
[7m** ERROR:[0m matrix column #28 is all zero!?
[7m** ERROR:[0m matrix column #33 is all zero!?
[7m** ERROR:[0m matrix column #35 is all zero!?
[7m** ERROR:[0m matrix column #36 is all zero!?
[7m** ERROR:[0m matrix column #40 is all zero!?
[7m** ERROR:[0m matrix column #41 is all zero!?
[7m** ERROR:[0m matrix column #45 is all zero!?
[7m** ERROR:[0m matrix column #46 is all zero!?
[7m** ERROR:[0m matrix column #49 is all zero!?
[7m*+ WARNING:[0m You said to GOFORIT, so here we GO!
 +          Note that a bunch of further WARNINGs will be generated below.
++ Denominator DOF increased from 481 to 493 to allow for all zero columns
++ -----  matrix condition (539x58):  6.66821  ++ VERY GOOD ++
[7m*+ WARNING:[0m !! in  matrix:
 * Largest singular value=2.25906
 * 12 singular values are less than cutoff=2.25906e-07
 * Implies strong collinearity in the matrix columns! 
++  matrix singular values:
             0             0             0             0             0
             0   3.91873e-09   9.79095e-09   1.30599e-08   1.51772e-08
   1.66451e-08   1.70663e-08     0.0508053      0.112629      0.149295
      0.205954      0.267986      0.281394      0.457924      0.609512
      0.669955      0.774543      0.799947      0.830324       0.83323
      0.862253       0.87856      0.888841      0.907927       0.93873
      0.945411      0.960848      0.971113      0.977339       0.99512
      0.999124      0.999998             1       1.00002        1.0001
       1.00029       1.00058       1.00154        1.0074         1.008
       1.03299       1.04697       1.06228       1.07788       1.12257
       1.12964       1.15903       1.18912       1.20717       1.25602
       1.39376       1.88065       2.25906
[7m*+ WARNING:[0m -GOFORIT ==> Charging ahead into battle!
 +                   ==> Check results carefully!
++ Editing GLT matrices for all zero X matrix columns
 + Removed 12 all zero rows from GLT matrix 'Full'; numerator DOF changes from 46 to 34
 + GLT matrix 'blackPINK' is all zero!
 + GLT matrix 'blackYELLOW' is all zero!
 + GLT matrix 'blueWHITE' is all zero!
 + GLT matrix 'greenBLACK' is all zero!
 + GLT matrix 'pinkGREEN' is all zero!
 + GLT matrix 'pinkYELLOW' is all zero!
 + GLT matrix 'purpleBLUE' is all zero!
 + GLT matrix 'redBLUE' is all zero!
 + GLT matrix 'redPURPLE' is all zero!
 + GLT matrix 'whitePURPLE' is all zero!
 + GLT matrix 'whiteRED' is all zero!
 + GLT matrix 'yellowGREEN' is all zero!
++ Loading input dataset into memory
 + masked off 881 voxels for being all zero; 9361 left in mask
++ starting REML setup calculations; total CPU=0.00 Elapsed=4.78
 + X matrix: 26.908% of elements are nonzero
[7m*+ WARNING:[0m -----
[7m*+ WARNING:[0m QR decomposition of [R]^(-1/2) [X] had 12 collinearity problems
[7m*+ WARNING:[0m -----
 + starting 15 OpenMP threads for REML setup
 + REML setup finished: matrix rows=539 cols=58; 109*1 cases; total CPU=0.00 Elapsed=7.92
 +  average case bandwidth = 13.12
++ REML voxel loop: [15 threads]0123456789.0123456789.0123456789.0123456789.01234567
 + ARMA voxel parameters estimated: total CPU=0.00 Elapsed=29.67
++ GLSQ loop:[7m*+ WARNING:[0m GLT setup 58x1 matrix is all zero?
0123456789.0123456789.0123456789.0123456789.0123456789.
 + GLSQ regression done: total CPU=0.00 Elapsed=53.51
++ Output dataset /data/nil-external/ccp/freund/ub55/out/glms/107321/RESULTS/Stroop/baseline_fix-item_EVENTS_censored_2/stats_var_107321_2_R_REML.func.gii
++ Output dataset /data/nil-external/ccp/freund/ub55/out/glms/107321/RESULTS/Stroop/baseline_fix-item_EVENTS_censored_2/errts_107321_2_R_REML.func.gii
++ Output dataset /data/nil-external/ccp/freund/ub55/out/glms/107321/RESULTS/Stroop/baseline_fix-item_EVENTS_censored_2/wherr_107321_2_R_REML.func.gii
[7m*+ WARNING:[0m Zero-ed 112332 float errors in dataset /data/nil-external/ccp/freund/ub55/out/glms/107321/RESULTS/Stroop/baseline_fix-item_EVENTS_censored_2/STATS_107321_2_R_REML.func.gii
 +    Float errors include NaN and Infinity values
 +    ==> Check matrix setup! Check inputs! Check results!
++ Output dataset /data/nil-external/ccp/freund/ub55/out/glms/107321/RESULTS/Stroop/baseline_fix-item_EVENTS_censored_2/STATS_107321_2_R_REML.func.gii
 + unloading input dataset and REML matrices
++ 3dREMLfit is all done! total CPU=0.00 Elapsed=59.73
