++ 3dREMLfit: AFNI version=AFNI_18.3.16 (Dec 11 2018) [64-bit]
++ Authored by: RWCox
++ GOFORIT ==> Matrix de-singularization is engaged!
++ Number of OpenMP threads = 15
++ No mask ==> computing for all 10242 voxels
++ -----  matrix condition (600x152):  6.66725  ++ VERY GOOD ++
++ Loading input dataset into memory
 + masked off 888 voxels for being all zero; 9354 left in mask
++ starting REML setup calculations; total CPU=0.00 Elapsed=1.87
 + X matrix: 10.693% of elements are nonzero
 + starting 15 OpenMP threads for REML setup
 + REML setup finished: matrix rows=600 cols=152; 109*1 cases; total CPU=0.00 Elapsed=21.91
 +  average case bandwidth = 13.14
++ REML voxel loop: [15 threads]0123456789.0123456789.0123456789.0123456789.01234567
 + ARMA voxel parameters estimated: total CPU=0.00 Elapsed=41.53
++ GLSQ loop:0123456789.0123456789.0123456789.0123456789.0123456789.
 + GLSQ regression done: total CPU=0.00 Elapsed=53.99
++ Output dataset /data/nil-external/ccp/freund/ub55/out/glms/393550/RESULTS/Stern/baseline_ListLength_EVENTS_censored_shifted_1/stats_var_393550_1_L_REML.nii.gz
++ Output dataset /data/nil-external/ccp/freund/ub55/out/glms/393550/RESULTS/Stern/baseline_ListLength_EVENTS_censored_shifted_1/errts_393550_1_L_REML.nii.gz
++ Output dataset /data/nil-external/ccp/freund/ub55/out/glms/393550/RESULTS/Stern/baseline_ListLength_EVENTS_censored_shifted_1/wherr_393550_1_L_REML.nii.gz
++ Output dataset /data/nil-external/ccp/freund/ub55/out/glms/393550/RESULTS/Stern/baseline_ListLength_EVENTS_censored_shifted_1/STATS_393550_1_L_REML.nii.gz
 + unloading input dataset and REML matrices
++ 3dREMLfit is all done! total CPU=0.00 Elapsed=68.05
