*+ WARNING: '-stim_times 9' didn't read any good times from file '/data/nil-external/ccp/freund/ub55/out/glms/448347/INPUT_DATA/Axcpt/baseline/448347_Axcpt_baseline_N_ng_shifted.txt'
*+ WARNING: '-stim_times 11' didn't read any good times from file '/data/nil-external/ccp/freund/ub55/out/glms/448347/INPUT_DATA/Axcpt/baseline/448347_Axcpt_baseline_T_ng_shifted.txt'
*+ WARNING: -stim_times 9 has all times equal to '*' ?!?!
*+ WARNING: !! '-stim_times 9' file '/data/nil-external/ccp/freund/ub55/out/glms/448347/INPUT_DATA/Axcpt/baseline/448347_Axcpt_baseline_N_ng_shifted.txt' has no good stimulus time values
*+ WARNING: -stim_times 11 has all times equal to '*' ?!?!
*+ WARNING: !! '-stim_times 11' file '/data/nil-external/ccp/freund/ub55/out/glms/448347/INPUT_DATA/Axcpt/baseline/448347_Axcpt_baseline_T_ng_shifted.txt' has no good stimulus time values
*+ WARNING: -------------------------------------------------
*+ WARNING: Problems with the X matrix columns, listed below:
*+ WARNING: !! * Columns 66 [D_ng#6] and 294 [M_X#13] are (nearly?) collinear!
*+ WARNING: !! * Columns 67 [D_ng#7] and 295 [M_X#14] are (nearly?) collinear!
*+ WARNING: !! * Columns 68 [D_ng#8] and 296 [M_X#15] are (nearly?) collinear!
*+ WARNING: !! * Columns 69 [D_ng#9] and 297 [M_X#16] are (nearly?) collinear!
*+ WARNING: !! * Columns 83 [F_ng#6] and 281 [M_X#0] are (nearly?) collinear!
*+ WARNING: !! * Columns 84 [F_ng#7] and 282 [M_X#1] are (nearly?) collinear!
*+ WARNING: !! * Columns 85 [F_ng#8] and 283 [M_X#2] are (nearly?) collinear!
*+ WARNING: !! * Columns 86 [F_ng#9] and 284 [M_X#3] are (nearly?) collinear!
*+ WARNING: !! * Columns 87 [F_ng#10] and 285 [M_X#4] are (nearly?) collinear!
*+ WARNING: !! * Columns 88 [F_ng#11] and 286 [M_X#5] are (nearly?) collinear!
*+ WARNING: !! * Columns 89 [F_ng#12] and 287 [M_X#6] are (nearly?) collinear!
*+ WARNING: !! * Columns 90 [F_ng#13] and 288 [M_X#7] are (nearly?) collinear!
*+ WARNING: !! * Columns 91 [F_ng#14] and 289 [M_X#8] are (nearly?) collinear!
*+ WARNING: !! * Columns 92 [F_ng#15] and 290 [M_X#9] are (nearly?) collinear!
*+ WARNING: !! * Columns 93 [F_ng#16] and 291 [M_X#10] are (nearly?) collinear!
*+ WARNING: !! * Column 99 [H_ng#5] is all zeros
*+ WARNING: !! * Column 104 [H_ng#10] is all zeros
*+ WARNING: !! * Column 128 [N_ng#0] is all zeros
*+ WARNING: !! * Column 129 [N_ng#1] is all zeros
*+ WARNING: !! * Column 130 [N_ng#2] is all zeros
*+ WARNING: !! * Column 131 [N_ng#3] is all zeros
*+ WARNING: !! * Column 132 [N_ng#4] is all zeros
*+ WARNING: !! * Column 133 [N_ng#5] is all zeros
*+ WARNING: !! * Column 134 [N_ng#6] is all zeros
*+ WARNING: !! * Column 135 [N_ng#7] is all zeros
*+ WARNING: !! * Column 136 [N_ng#8] is all zeros
*+ WARNING: !! * Column 137 [N_ng#9] is all zeros
*+ WARNING: !! * Column 138 [N_ng#10] is all zeros
*+ WARNING: !! * Column 139 [N_ng#11] is all zeros
*+ WARNING: !! * Column 140 [N_ng#12] is all zeros
*+ WARNING: !! * Column 141 [N_ng#13] is all zeros
*+ WARNING: !! * Column 142 [N_ng#14] is all zeros
*+ WARNING: !! * Column 143 [N_ng#15] is all zeros
*+ WARNING: !! * Column 144 [N_ng#16] is all zeros
*+ WARNING: !! * Column 162 [T_ng#0] is all zeros
*+ WARNING: !! * Column 163 [T_ng#1] is all zeros
*+ WARNING: !! * Column 164 [T_ng#2] is all zeros
*+ WARNING: !! * Column 165 [T_ng#3] is all zeros
*+ WARNING: !! * Column 166 [T_ng#4] is all zeros
*+ WARNING: !! * Column 167 [T_ng#5] is all zeros
*+ WARNING: !! * Column 168 [T_ng#6] is all zeros
*+ WARNING: !! * Column 169 [T_ng#7] is all zeros
*+ WARNING: !! * Column 170 [T_ng#8] is all zeros
*+ WARNING: !! * Column 171 [T_ng#9] is all zeros
*+ WARNING: !! * Column 172 [T_ng#10] is all zeros
*+ WARNING: !! * Column 173 [T_ng#11] is all zeros
*+ WARNING: !! * Column 174 [T_ng#12] is all zeros
*+ WARNING: !! * Column 175 [T_ng#13] is all zeros
*+ WARNING: !! * Column 176 [T_ng#14] is all zeros
*+ WARNING: !! * Column 177 [T_ng#15] is all zeros
*+ WARNING: !! * Column 178 [T_ng#16] is all zeros
*+ WARNING: !! * Column 264 [H_X#0] is all zeros
*+ WARNING: !! * Column 276 [H_X#12] is all zeros
*+ WARNING: !! * Column 362 [U_X#13] is all zeros
*+ WARNING: !! * Column 363 [U_X#14] is all zeros
*+ WARNING: !! * Column 364 [U_X#15] is all zeros
*+ WARNING: -------------------------------------------------
*+ WARNING: !! in Signal+Baseline matrix:
 * Largest singular value=2.12829
 * 56 singular values are less than cutoff=2.12829e-07
 * Implies strong collinearity in the matrix columns! 
*+ WARNING: !! in Signal-only matrix:
 * Largest singular value=1.87979
 * 56 singular values are less than cutoff=1.87979e-07
 * Implies strong collinearity in the matrix columns! 
