*+ WARNING: '-stim_times 10' didn't read any good times from file '/data/nil-external/ccp/freund/ub55/out/glms/123117/INPUT_DATA/Axcpt/baseline/123117_Axcpt_baseline_P_ng_shifted.txt'
*+ WARNING: '-stim_times 11' didn't read any good times from file '/data/nil-external/ccp/freund/ub55/out/glms/123117/INPUT_DATA/Axcpt/baseline/123117_Axcpt_baseline_T_ng_shifted.txt'
*+ WARNING: -stim_times 10 has all times equal to '*' ?!?!
*+ WARNING: !! '-stim_times 10' file '/data/nil-external/ccp/freund/ub55/out/glms/123117/INPUT_DATA/Axcpt/baseline/123117_Axcpt_baseline_P_ng_shifted.txt' has no good stimulus time values
*+ WARNING: -stim_times 11 has all times equal to '*' ?!?!
*+ WARNING: !! '-stim_times 11' file '/data/nil-external/ccp/freund/ub55/out/glms/123117/INPUT_DATA/Axcpt/baseline/123117_Axcpt_baseline_T_ng_shifted.txt' has no good stimulus time values
*+ WARNING: -------------------------------------------------
*+ WARNING: Problems with the X matrix columns, listed below:
*+ WARNING: !! * Column 80 [F_ng#3] is all zeros
*+ WARNING: !! * Column 145 [P_ng#0] is all zeros
*+ WARNING: !! * Column 146 [P_ng#1] is all zeros
*+ WARNING: !! * Column 147 [P_ng#2] is all zeros
*+ WARNING: !! * Column 148 [P_ng#3] is all zeros
*+ WARNING: !! * Column 149 [P_ng#4] is all zeros
*+ WARNING: !! * Column 150 [P_ng#5] is all zeros
*+ WARNING: !! * Column 151 [P_ng#6] is all zeros
*+ WARNING: !! * Column 152 [P_ng#7] is all zeros
*+ WARNING: !! * Column 153 [P_ng#8] is all zeros
*+ WARNING: !! * Column 154 [P_ng#9] is all zeros
*+ WARNING: !! * Column 155 [P_ng#10] is all zeros
*+ WARNING: !! * Column 156 [P_ng#11] is all zeros
*+ WARNING: !! * Column 157 [P_ng#12] is all zeros
*+ WARNING: !! * Column 158 [P_ng#13] is all zeros
*+ WARNING: !! * Column 159 [P_ng#14] is all zeros
*+ WARNING: !! * Column 160 [P_ng#15] is all zeros
*+ WARNING: !! * Column 161 [P_ng#16] is all zeros
*+ WARNING: !! * Column 162 [T_ng#0] is all zeros
*+ WARNING: !! * Column 163 [T_ng#1] is all zeros
*+ WARNING: !! * Column 164 [T_ng#2] is all zeros
*+ WARNING: !! * Column 165 [T_ng#3] is all zeros
*+ WARNING: !! * Column 166 [T_ng#4] is all zeros
*+ WARNING: !! * Column 167 [T_ng#5] is all zeros
*+ WARNING: !! * Column 168 [T_ng#6] is all zeros
*+ WARNING: !! * Column 169 [T_ng#7] is all zeros
*+ WARNING: !! * Column 170 [T_ng#8] is all zeros
*+ WARNING: !! * Column 171 [T_ng#9] is all zeros
*+ WARNING: !! * Column 172 [T_ng#10] is all zeros
*+ WARNING: !! * Column 173 [T_ng#11] is all zeros
*+ WARNING: !! * Column 174 [T_ng#12] is all zeros
*+ WARNING: !! * Column 175 [T_ng#13] is all zeros
*+ WARNING: !! * Column 176 [T_ng#14] is all zeros
*+ WARNING: !! * Column 177 [T_ng#15] is all zeros
*+ WARNING: !! * Column 178 [T_ng#16] is all zeros
*+ WARNING: -------------------------------------------------
*+ WARNING: !! in Signal+Baseline matrix:
 * Largest singular value=2.12563
 * 35 singular values are less than cutoff=2.12563e-07
 * Implies strong collinearity in the matrix columns! 
*+ WARNING: !! in Signal-only matrix:
 * Largest singular value=1.87546
 * 35 singular values are less than cutoff=1.87546e-07
 * Implies strong collinearity in the matrix columns! 
