++ 3dREMLfit: AFNI version=AFNI_18.3.16 (Dec 11 2018) [64-bit]
++ Authored by: RWCox
++ GOFORIT ==> Matrix de-singularization is engaged!
++ Number of OpenMP threads = 15
++ No mask ==> computing for all 10242 voxels
++ -----  matrix condition (594x152):  6.08056  ++ VERY GOOD ++
++ Loading input dataset into memory
 + masked off 888 voxels for being all zero; 9354 left in mask
++ starting REML setup calculations; total CPU=0.00 Elapsed=1.27
 + X matrix: 10.702% of elements are nonzero
 + starting 15 OpenMP threads for REML setup
 + REML setup finished: matrix rows=594 cols=152; 109*1 cases; total CPU=0.00 Elapsed=22.05
 +  average case bandwidth = 13.06
++ REML voxel loop: [15 threads]0123456789.0123456789.0123456789.0123456789.01234567
 + ARMA voxel parameters estimated: total CPU=0.00 Elapsed=41.56
++ GLSQ loop:0123456789.0123456789.0123456789.0123456789.0123456789.
 + GLSQ regression done: total CPU=0.00 Elapsed=53.39
++ Output dataset /data/nil-external/ccp/freund/ub55/out/glms/165032/RESULTS/Stern/baseline_ListLength_EVENTS_censored_shifted_2/stats_var_165032_2_L_REML.func.gii
++ Output dataset /data/nil-external/ccp/freund/ub55/out/glms/165032/RESULTS/Stern/baseline_ListLength_EVENTS_censored_shifted_2/errts_165032_2_L_REML.func.gii
++ Output dataset /data/nil-external/ccp/freund/ub55/out/glms/165032/RESULTS/Stern/baseline_ListLength_EVENTS_censored_shifted_2/wherr_165032_2_L_REML.func.gii
++ Output dataset /data/nil-external/ccp/freund/ub55/out/glms/165032/RESULTS/Stern/baseline_ListLength_EVENTS_censored_shifted_2/STATS_165032_2_L_REML.func.gii
 + unloading input dataset and REML matrices
++ 3dREMLfit is all done! total CPU=0.00 Elapsed=59.67
