++ 3dREMLfit: AFNI version=AFNI_18.3.16 (Dec 11 2018) [64-bit]
++ Authored by: RWCox
++ GOFORIT ==> Matrix de-singularization is engaged!
++ Number of OpenMP threads = 15
++ No mask ==> computing for all 10242 voxels
++ -----  matrix condition (606x128):  5.3388  ++ VERY GOOD ++
++ Loading input dataset into memory
 + masked off 881 voxels for being all zero; 9361 left in mask
++ starting REML setup calculations; total CPU=0.00 Elapsed=1.07
 + X matrix: 12.660% of elements are nonzero
 + starting 15 OpenMP threads for REML setup
 + REML setup finished: matrix rows=606 cols=128; 109*1 cases; total CPU=0.00 Elapsed=15.01
 +  average case bandwidth = 13.07
++ REML voxel loop: [15 threads]0123456789.0123456789.0123456789.0123456789.01234567
 + ARMA voxel parameters estimated: total CPU=0.00 Elapsed=40.83
++ GLSQ loop:0123456789.0123456789.0123456789.0123456789.0123456789.
 + GLSQ regression done: total CPU=0.00 Elapsed=51.30
++ Output dataset /data/nil-external/ccp/freund/ub55/out/glms/204319/RESULTS/Axcpt/baseline_Cues_EVENTS_censored_shifted_2/stats_var_204319_2_L_REML.func.gii
++ Output dataset /data/nil-external/ccp/freund/ub55/out/glms/204319/RESULTS/Axcpt/baseline_Cues_EVENTS_censored_shifted_2/errts_204319_2_R_REML.func.gii
++ Output dataset /data/nil-external/ccp/freund/ub55/out/glms/204319/RESULTS/Axcpt/baseline_Cues_EVENTS_censored_shifted_2/wherr_204319_2_R_REML.func.gii
++ Output dataset /data/nil-external/ccp/freund/ub55/out/glms/204319/RESULTS/Axcpt/baseline_Cues_EVENTS_censored_shifted_2/STATS_204319_2_R_REML.func.gii
 + unloading input dataset and REML matrices
++ 3dREMLfit is all done! total CPU=0.00 Elapsed=59.51
