*+ WARNING: !! in  matrix:
 * Largest singular value=2.09737
 * 1 singular value is less than cutoff=2.09737e-07
 * Implies strong collinearity in the matrix columns! 
*+ WARNING: -GOFORIT ==> Charging ahead into battle!
*+ WARNING: -----
*+ WARNING: QR decomposition of [R]^(-1/2) [X] had 1 collinearity problem
*+ WARNING: -----
*+ WARNING: QR decomposition of GLT setup 151x139 matrix had 2 collinearity problems
*+ WARNING: QR decomposition of GLT setup 151x139 matrix had 23 collinearity problems
*+ WARNING: QR decomposition of GLT setup 151x139 matrix had 39 collinearity problems
*+ WARNING: QR decomposition of GLT setup 151x139 matrix had 52 collinearity problems
** ERROR: output dataset name 'stats_var_300618_1_L_REML.func.gii' conflicts with existing file
** ERROR: dataset NOT written to disk!
** ERROR: output dataset name 'errts_300618_1_L_REML.func.gii' conflicts with existing file
** ERROR: dataset NOT written to disk!
** ERROR: output dataset name 'wherr_300618_1_L_REML.func.gii' conflicts with existing file
** ERROR: dataset NOT written to disk!
** ERROR: output dataset name 'STATS_300618_1_L_REML.func.gii' conflicts with existing file
** ERROR: dataset NOT written to disk!
