*+ WARNING: '-stim_times 4' didn't read any good times from file '/data/nil-external/ccp/freund/ub55/out/glms/765864/INPUT_DATA/Axcpt/baseline/765864_Axcpt_baseline_C_ng_shifted.txt'
*+ WARNING: '-stim_times 9' didn't read any good times from file '/data/nil-external/ccp/freund/ub55/out/glms/765864/INPUT_DATA/Axcpt/baseline/765864_Axcpt_baseline_N_ng_shifted.txt'
*+ WARNING: -stim_times 4 has all times equal to '*' ?!?!
*+ WARNING: !! '-stim_times 4' file '/data/nil-external/ccp/freund/ub55/out/glms/765864/INPUT_DATA/Axcpt/baseline/765864_Axcpt_baseline_C_ng_shifted.txt' has no good stimulus time values
*+ WARNING: -stim_times 9 has all times equal to '*' ?!?!
*+ WARNING: !! '-stim_times 9' file '/data/nil-external/ccp/freund/ub55/out/glms/765864/INPUT_DATA/Axcpt/baseline/765864_Axcpt_baseline_N_ng_shifted.txt' has no good stimulus time values
*+ WARNING: -------------------------------------------------
*+ WARNING: Problems with the X matrix columns, listed below:
*+ WARNING: !! * Column 43 [C_ng#0] is all zeros
*+ WARNING: !! * Column 44 [C_ng#1] is all zeros
*+ WARNING: !! * Column 45 [C_ng#2] is all zeros
*+ WARNING: !! * Column 46 [C_ng#3] is all zeros
*+ WARNING: !! * Column 47 [C_ng#4] is all zeros
*+ WARNING: !! * Column 48 [C_ng#5] is all zeros
*+ WARNING: !! * Column 49 [C_ng#6] is all zeros
*+ WARNING: !! * Column 50 [C_ng#7] is all zeros
*+ WARNING: !! * Column 51 [C_ng#8] is all zeros
*+ WARNING: !! * Column 52 [C_ng#9] is all zeros
*+ WARNING: !! * Column 53 [C_ng#10] is all zeros
*+ WARNING: !! * Column 54 [C_ng#11] is all zeros
*+ WARNING: !! * Column 55 [C_ng#12] is all zeros
*+ WARNING: !! * Column 56 [C_ng#13] is all zeros
*+ WARNING: !! * Column 57 [C_ng#14] is all zeros
*+ WARNING: !! * Column 58 [C_ng#15] is all zeros
*+ WARNING: !! * Column 59 [C_ng#16] is all zeros
*+ WARNING: !! * Column 128 [N_ng#0] is all zeros
*+ WARNING: !! * Column 129 [N_ng#1] is all zeros
*+ WARNING: !! * Column 130 [N_ng#2] is all zeros
*+ WARNING: !! * Column 131 [N_ng#3] is all zeros
*+ WARNING: !! * Column 132 [N_ng#4] is all zeros
*+ WARNING: !! * Column 133 [N_ng#5] is all zeros
*+ WARNING: !! * Column 134 [N_ng#6] is all zeros
*+ WARNING: !! * Column 135 [N_ng#7] is all zeros
*+ WARNING: !! * Column 136 [N_ng#8] is all zeros
*+ WARNING: !! * Column 137 [N_ng#9] is all zeros
*+ WARNING: !! * Column 138 [N_ng#10] is all zeros
*+ WARNING: !! * Column 139 [N_ng#11] is all zeros
*+ WARNING: !! * Column 140 [N_ng#12] is all zeros
*+ WARNING: !! * Column 141 [N_ng#13] is all zeros
*+ WARNING: !! * Column 142 [N_ng#14] is all zeros
*+ WARNING: !! * Column 143 [N_ng#15] is all zeros
*+ WARNING: !! * Column 144 [N_ng#16] is all zeros
*+ WARNING: -------------------------------------------------
*+ WARNING: !! in Signal+Baseline matrix:
 * Largest singular value=2.39232
 * 34 singular values are less than cutoff=2.39232e-07
 * Implies strong collinearity in the matrix columns! 
*+ WARNING: !! in Signal-only matrix:
 * Largest singular value=1.87834
 * 34 singular values are less than cutoff=1.87834e-07
 * Implies strong collinearity in the matrix columns! 
