++ 3dREMLfit: AFNI version=AFNI_18.3.16 (Dec 11 2018) [64-bit]
++ Authored by: RWCox
++ GOFORIT ==> Matrix de-singularization is engaged!
++ Number of OpenMP threads = 15
++ No mask ==> computing for all 10242 voxels
++ -----  matrix condition (537x122):  6.97161  ++ VERY GOOD ++
++ Loading input dataset into memory
 + masked off 888 voxels for being all zero; 9354 left in mask
++ starting REML setup calculations; total CPU=0.00 Elapsed=1.84
 + X matrix: 12.813% of elements are nonzero
 + starting 15 OpenMP threads for REML setup
 + REML setup finished: matrix rows=537 cols=122; 109*1 cases; total CPU=0.00 Elapsed=6.45
 +  average case bandwidth = 13.07
++ REML voxel loop: [15 threads]0123456789.0123456789.0123456789.0123456789.01234567
 + ARMA voxel parameters estimated: total CPU=0.00 Elapsed=27.24
++ GLSQ loop:0123456789.0123456789.0123456789.0123456789.0123456789.
 + GLSQ regression done: total CPU=0.00 Elapsed=67.85
[7m** ERROR:[0m output dataset name 'stats_var_173738_1_R_REML.func.gii' conflicts with existing file
[7m** ERROR:[0m dataset NOT written to disk!
[7++ Output dataset /data/nil-external/ccp/freund/ub55/out/glms/173738/RESULTS/Stroop/baseline_fix-LSA_EVENTS_censored_1/errts_173738_1_R_REML.fun++ Output dataset /data/nil-external/ccp/freund/ub55/out/glms/173738/RESULTS/Stroop/baseline_fix-LSA_EVENTS_censored_1/wherr_173738_1_R_REML.func.gii
[7m** ERROR:[0m output dataset name 'STATS_173738_1_R_REML.func.gii' conflicts with existing file
[7m** ERROR:[0m dataset NOT written to disk!
 + unloading input dataset and REML matrices
++ 3dREMLfit is all done! total CPU=0.00 Elapsed=72.36
71.73
