++ 3dREMLfit: AFNI version=AFNI_18.3.16 (Dec 11 2018) [64-bit]
++ Authored by: RWCox
++ GOFORIT ==> Matrix de-singularization is engaged!
++ Number of OpenMP threads = 15
++ No mask ==> computing for all 10242 voxels
++ -----  matrix condition (505x122):  5.23192  ++ VERY GOOD ++
++ Loading input dataset into memory
 + masked off 881 voxels for being all zero; 9361 left in mask
++ starting REML setup calculations; total CPU=0.00 Elapsed=1.24
 + X matrix: 12.801% of elements are nonzero
 + starting 15 OpenMP threads for REML setup
 + REML setup finished: matrix rows=505 cols=122; 109*1 cases; total CPU=0.00 Elapsed=6.76
 +  average case bandwidth = 12.39
++ REML voxel loop: [15 threads]0123456789.0123456789.0123456789.0123456789.01234567
 + ARMA voxel parameters estimated: total CPU=0.00 Elapsed=20.16
++ GLSQ loop:0123456789.0123456789.0123456789.0123456789.0123456789.
 + GLSQ regression done: total CPU=0.00 Elapsed=30.25
[7m** ERROR:[0m output dataset name 'stats_var_594156_1_R_REML.func.gii' conflicts with existing file
[7m** ERROR:[0m dataset NOT written to disk!
[7++ Output dataset /data/nil-external/ccp/freund/ub55/out/glms/594156/RESULTS/Stroop/baseline_fix-LSA_EVENTS_censored_1/errts_594156_1_L_REML.fun++ Output dataset /data/nil-external/ccp/freund/ub55/out/glms/594156/RESULTS/Stroop/baseline_fix-LSA_EVENTS_censored_1/wherr_594156_1_R_REML.func.gii
[7m**++ Output dataset /data/nil-external/ccp/freund/ub55/out/glms/594156/RESULTS/Stroop/baseline_fix-LSA_EVENTS_censored_1/STATS_594156_1_R_REML.func.gii
 + unloading input dataset and REML matrices
++ 3dREMLfit is all done! total CPU=0.00 Elapsed=34.54
