++ 3dREMLfit: AFNI version=AFNI_18.3.16 (Dec 11 2018) [64-bit]
++ Authored by: RWCox
++ GOFORIT ==> Matrix de-singularization is engaged!
++ Number of OpenMP threads = 15
++ No mask ==> computing for all 10242 voxels
[7m** ERROR:[0m matrix column #77 is all zero!?
[7m** ERROR:[0m matrix column #78 is all zero!?
[7m** ERROR:[0m matrix column #79 is all zero!?
[7m** ERROR:[0m matrix column #80 is all zero!?
[7m** ERROR:[0m matrix column #81 is all zero!?
[7m** ERROR:[0m matrix column #82 is all zero!?
[7m** ERROR:[0m matrix column #83 is all zero!?
[7m** ERROR:[0m matrix column #84 is all zero!?
[7m** ERROR:[0m matrix column #85 is all zero!?
[7m** ERROR:[0m matrix column #86 is all zero!?
[7m** ERROR:[0m matrix column #87 is all zero!?
[7m** ERROR:[0m matrix column #88 is all zero!?
[7m** ERROR:[0m matrix column #89 is all zero!?
[7m** ERROR:[0m matrix column #90 is all zero!?
[7m** ERROR:[0m matrix column #91 is all zero!?
[7m** ERROR:[0m matrix column #92 is all zero!?
[7m** ERROR:[0m matrix column #93 is all zero!?
[7m** ERROR:[0m matrix column #128 is all zero!?
[7m** ERROR:[0m matrix column #129 is all zero!?
[7m** ERROR:[0m matrix column #130 is all zero!?
[7m** ERROR:[0m matrix column #131 is all zero!?
[7m** ERROR:[0m matrix column #132 is all zero!?
[7m** ERROR:[0m matrix column #133 is all zero!?
[7m** ERROR:[0m matrix column #134 is all zero!?
[7m** ERROR:[0m matrix column #135 is all zero!?
[7m** ERROR:[0m matrix column #136 is all zero!?
[7m** ERROR:[0m matrix column #137 is all zero!?
[7m** ERROR:[0m matrix column #138 is all zero!?
[7m** ERROR:[0m matrix column #139 is all zero!?
[7m** ERROR:[0m matrix column #140 is all zero!?
[7m** ERROR:[0m matrix column #141 is all zero!?
[7m** ERROR:[0m matrix column #142 is all zero!?
[7m** ERROR:[0m matrix column #143 is all zero!?
[7m** ERROR:[0m matrix column #144 is all zero!?
[7m** ERROR:[0m matrix column #145 is all zero!?
[7m** ERROR:[0m matrix column #146 is all zero!?
[7m** ERROR:[0m matrix column #147 is all zero!?
[7m** ERROR:[0m matrix column #148 is all zero!?
[7m** ERROR:[0m matrix column #149 is all zero!?
[7m** ERROR:[0m matrix column #150 is all zero!?
[7m** ERROR:[0m matrix column #151 is all zero!?
[7m** ERROR:[0m matrix column #152 is all zero!?
[7m** ERROR:[0m matrix column #153 is all zero!?
[7m** ERROR:[0m matrix column #154 is all zero!?
[7m** ERROR:[0m matrix column #155 is all zero!?
[7m** ERROR:[0m matrix column #156 is all zero!?
[7m** ERROR:[0m matrix column #157 is all zero!?
[7m** ERROR:[0m matrix column #158 is all zero!?
[7m** ERROR:[0m matrix column #159 is all zero!?
[7m** ERROR:[0m matrix column #160 is all zero!?
[7m** ERROR:[0m matrix column #161 is all zero!?
[7m*+ WARNING:[0m You said to GOFORIT, so here we GO!
 +          Note that a bunch of further WARNINGs will be generated below.
++ Denominator DOF increased from 676 to 727 to allow for all zero columns
++ -----  matrix condition (1218x542):  5.56921  ++ VERY GOOD ++
[7m*+ WARNING:[0m !! in  matrix:
 * Largest singular value=2.10674
 * 65 singular values are less than cutoff=2.10674e-07
 * Implies strong collinearity in the matrix columns! 
++  matrix singular values:
             0             0             0             0             0
             0             0             0             0             0
             0             0             0             0             0
             0             0             0             0             0
             0             0             0             0             0
             0             0             0             0             0
             0             0   4.02821e-09   4.48356e-09   6.97653e-09
   8.13534e-09   1.02917e-08   1.12211e-08   1.23104e-08   1.32923e-08
   1.36747e-08    1.4431e-08   1.50147e-08   1.62254e-08   1.63973e-08
   1.70503e-08   1.86905e-08   1.89954e-08   2.00722e-08   2.03724e-08
   2.06885e-08   2.13488e-08    2.2913e-08   2.42235e-08   2.47693e-08
   2.58185e-08   2.59669e-08   2.71373e-08   2.85345e-08   2.85724e-08
   2.92228e-08    3.2358e-08   3.75907e-08   3.83008e-08   3.84938e-08
     0.0679242       0.13486      0.191441       0.21121      0.241968
      0.261347      0.320255      0.349152      0.358012      0.364453
      0.366433      0.388225      0.391966      0.396065      0.397697
      0.410712      0.415368      0.422547      0.424911      0.430896
      0.434898      0.442704      0.448176      0.450589      0.456537
      0.459846      0.465804       0.46924      0.469859      0.475405
      0.481074      0.488086      0.500893      0.504866      0.505225
      0.515341      0.517262      0.519153      0.524899      0.528252
      0.528797       0.53674      0.539406      0.542968      0.543591
      0.548439      0.550204      0.558136      0.561561      0.564459
      0.569304      0.572457      0.573206      0.578048       0.57873
       0.58456      0.585093      0.589537       0.59668      0.598733
      0.600641      0.602013      0.604357      0.605722      0.608132
      0.610738      0.612116      0.616215      0.620804      0.622675
      0.627601      0.631593      0.634634      0.636933      0.639851
       0.64095      0.645192      0.647997      0.649043      0.652456
      0.656596      0.661931      0.663508      0.666455      0.670292
      0.671023       0.67461      0.678629      0.681182      0.684987
      0.685945      0.686957      0.693538       0.69471      0.697238
      0.702164      0.704425      0.705797      0.707046      0.708317
      0.713551      0.718414      0.719064       0.72615      0.726706
      0.727404      0.734356      0.736381      0.737615      0.739557
      0.741656      0.744287      0.747676      0.750238      0.751885
      0.752181      0.756525      0.757526          0.76      0.761176
      0.764679      0.767173      0.769277      0.773776      0.776432
      0.777823      0.780205      0.785653      0.787526      0.789329
      0.791282      0.794272      0.796649      0.797525      0.799937
      0.803958      0.805921      0.807802      0.811508      0.812874
      0.815393      0.818445      0.819266      0.824006      0.825119
      0.828563      0.830487      0.831924      0.836281      0.836557
      0.838012      0.840131      0.844191       0.84574      0.846646
      0.849814      0.851907      0.853214      0.856991      0.858555
      0.861236      0.865266      0.866209      0.868982      0.872154
      0.875003      0.879395      0.879816      0.881276       0.88491
      0.886565      0.887733       0.88868      0.891036      0.894939
      0.898901      0.901152      0.904853      0.905674      0.906792
       0.90865      0.911177      0.912719      0.913625      0.915857
      0.919414      0.922522      0.925074      0.928043      0.929593
      0.931916        0.9334      0.935206       0.94038      0.943942
       0.94581      0.948849      0.952166      0.956053      0.958909
      0.960305      0.963076      0.965383      0.970922      0.971588
      0.977536      0.980359       0.98147      0.983946      0.986341
      0.986883      0.989525      0.990336      0.994018      0.994084
      0.996814      0.999118      0.999805      0.999917      0.999978
      0.999979      0.999982      0.999986      0.999989      0.999991
      0.999992      0.999993      0.999995      0.999996      0.999996
      0.999997      0.999998      0.999999      0.999999      0.999999
      0.999999             1             1             1             1
             1             1             1             1             1
             1             1             1             1       1.00001
       1.00001       1.00001       1.00001       1.00002       1.00008
       1.00016       1.00037       1.00064       1.00085       1.00105
       1.00119       1.00157       1.00281       1.00476       1.00661
       1.00833       1.00926       1.00931        1.0103       1.01223
        1.0124       1.01737       1.01823       1.01946       1.02125
       1.02225       1.02295       1.02406        1.0246       1.02756
       1.03163       1.03417       1.03569       1.03646       1.03812
       1.04245       1.04356       1.04784       1.04841       1.05096
       1.05416       1.05481       1.05711       1.05931        1.0608
       1.06261       1.06319       1.06648       1.06752       1.06995
       1.07278       1.07478       1.07697       1.08142       1.08176
       1.08305       1.08525       1.08762       1.09008       1.09201
       1.09329       1.09654       1.09845       1.10026       1.10431
       1.10471       1.10709       1.10778       1.10913       1.11015
       1.11336       1.11526       1.11891       1.11948       1.12217
       1.12329       1.12609       1.12807       1.12953       1.13225
       1.13298        1.1345       1.13751       1.14006       1.14193
       1.14492        1.1461       1.14765       1.14872       1.15332
        1.1554       1.15649       1.15745       1.15891       1.15945
       1.16126       1.16452       1.16733        1.1699       1.17127
       1.17221       1.17446       1.17746       1.17963       1.18049
       1.18201       1.18611       1.18669       1.18907       1.19022
       1.19199       1.19472       1.19568       1.19771       1.19875
       1.20013        1.2026       1.20371       1.20673       1.20764
       1.21107       1.21207       1.21286       1.21489       1.21594
       1.21693       1.21898       1.22264       1.22326        1.2265
       1.22904       1.23159       1.23241       1.23303       1.23439
       1.23638       1.23793        1.2389       1.24092       1.24283
        1.2461       1.24775       1.25037       1.25231        1.2541
       1.25568       1.25655       1.26189       1.26215       1.26452
       1.26781       1.26921       1.27128       1.27373       1.27513
       1.27714       1.27771       1.27922       1.28306       1.28438
       1.28585       1.28795         1.289       1.29123       1.29412
       1.29767       1.30094       1.30227       1.30469       1.30703
       1.30927       1.31309       1.31671       1.31975       1.32221
       1.32424       1.32494       1.33097       1.33237       1.33482
       1.33673       1.34036       1.34372       1.34639       1.34872
       1.34976       1.35352       1.35659        1.3632       1.36737
        1.3702       1.37442       1.37676       1.37971        1.3827
       1.38972       1.39593       1.40322        1.4037       1.40946
       1.41421       1.41423       1.41458        1.4205       1.42343
       1.42751       1.42944        1.4353       1.43679       1.43836
       1.45215       1.45409       1.46135       1.46743       1.47022
       1.47753       1.48008       1.48472       1.49128       1.49765
       1.51648       1.54248        1.5515       1.57574       1.60869
        1.9428       2.10674
[7m*+ WARNING:[0m -GOFORIT ==> Charging ahead into battle!
 +                   ==> Check results carefully!
++ Editing GLT matrices for all zero X matrix columns
 + Removed 51 all zero rows from GLT matrix 'Full'; numerator DOF changes from 524 to 473
 + GLT matrix 'F_ng' is all zero!
 + GLT matrix 'N_ng' is all zero!
 + GLT matrix 'P_ng' is all zero!
++ Loading input dataset into memory
 + masked off 881 voxels for being all zero; 9361 left in mask
++ starting REML setup calculations; total CPU=0.00 Elapsed=8.04
 + X matrix: 2.888% of elements are nonzero
[7m*+ WARNING:[0m -----
[7m*+ WARNING:[0m QR decomposition of [R]^(-1/2) [X] had 65 collinearity problems
[7m*+ WARNING:[0m -----
 + starting 15 OpenMP threads for REML setup
 + REML setup finished: matrix rows=1218 cols=542; 109*1 cases; total CPU=0.00 Elapsed=641.09
 +  average case bandwidth = 13.13
++ REML voxel loop: [15 threads]0123456789.0123456789.0123456789.0123456789.01234567
 + ARMA voxel parameters estimated: total CPU=0.00 Elapsed=698.29
++ GLSQ loop:
[7m*+ WARNING:[0m QR decomposition of GLT setup 542x473 matrix had 7 collinearity problems

[7m*+ WARNING:[0m QR decomposition of GLT setup 542x473 matrix had 13 collinearity problems

[7m*+ WARNING:[0m QR decomposition of GLT setup 542x17 matrix had 17 collinearity problems
0123456789.0123456789.0123456789.0123456789.0123456789.
 + GLSQ regression done: total CPU=0.00 Elapsed=1232.41
++ Output dataset /data/nil-external/ccp/freund/ub55/out/glms/161832/RESULTS/Axcpt/baseline_aggressive1_EVENTS_censored_shifted/stats_var_161832_R_REML.func.gii
++ Output dataset /data/nil-external/ccp/freund/ub55/out/glms/161832/RESULTS/Axcpt/baseline_aggressive1_EVENTS_censored_shifted/errts_161832_R_REML.func.gii
++ Output dataset /data/nil-external/ccp/freund/ub55/out/glms/161832/RESULTS/Axcpt/baseline_aggressive1_EVENTS_censored_shifted/wherr_161832_R_REML.func.gii
++ Output dataset /data/nil-external/ccp/freund/ub55/out/glms/161832/RESULTS/Axcpt/baseline_aggressive1_EVENTS_censored_shifted/STATS_161832_R_REML.func.gii
 + unloading input dataset and REML matrices
++ 3dREMLfit is all done! total CPU=0.00 Elapsed=1239.07
