++ 3dREMLfit: AFNI version=AFNI_18.3.16 (Dec 11 2018) [64-bit]
++ Authored by: RWCox
++ GOFORIT ==> Matrix de-singularization is engaged!
++ Number of OpenMP threads = 15
++ No mask ==> computing for all 10242 voxels
[7m** ERROR:[0m matrix column #21 is all zero!?
[7m** ERROR:[0m matrix column #25 is all zero!?
[7m** ERROR:[0m matrix column #26 is all zero!?
[7m** ERROR:[0m matrix column #30 is all zero!?
[7m** ERROR:[0m matrix column #31 is all zero!?
[7m** ERROR:[0m matrix column #32 is all zero!?
[7m** ERROR:[0m matrix column #38 is all zero!?
[7m** ERROR:[0m matrix column #39 is all zero!?
[7m** ERROR:[0m matrix column #43 is all zero!?
[7m** ERROR:[0m matrix column #44 is all zero!?
[7m** ERROR:[0m matrix column #48 is all zero!?
[7m** ERROR:[0m matrix column #50 is all zero!?
[7m*+ WARNING:[0m You said to GOFORIT, so here we GO!
 +          Note that a bunch of further WARNINGs will be generated below.
++ Denominator DOF increased from 467 to 479 to allow for all zero columns
++ -----  matrix condition (525x58):  4.66772  ++ VERY GOOD ++
[7m*+ WARNING:[0m !! in  matrix:
 * Largest singular value=2.34175
 * 12 singular values are less than cutoff=2.34175e-07
 * Implies strong collinearity in the matrix columns! 
++  matrix singular values:
             0             0             0             0             0
             0   2.62471e-09   6.85211e-09     1.089e-08   1.28541e-08
   1.54282e-08   2.05861e-08      0.107481      0.127299      0.138163
      0.177343      0.225903       0.26339      0.293915      0.664823
      0.712927      0.810957      0.821998      0.829932       0.85447
      0.864732      0.878238      0.898085      0.910772      0.912451
      0.940869      0.961365      0.969919      0.990124      0.996862
      0.999825      0.999998             1       1.00002       1.00005
       1.00066        1.0024       1.00406       1.00741       1.01971
       1.02286        1.0606       1.07297       1.08363       1.08841
       1.12368       1.14246        1.1531        1.1616       1.25153
       1.31091       1.88015       2.34175
[7m*+ WARNING:[0m -GOFORIT ==> Charging ahead into battle!
 +                   ==> Check results carefully!
++ Editing GLT matrices for all zero X matrix columns
 + Removed 12 all zero rows from GLT matrix 'Full'; numerator DOF changes from 46 to 34
 + GLT matrix 'blackGREEN' is all zero!
 + GLT matrix 'bluePURPLE' is all zero!
 + GLT matrix 'blueRED' is all zero!
 + GLT matrix 'greenPINK' is all zero!
 + GLT matrix 'greenYELLOW' is all zero!
 + GLT matrix 'pinkBLACK' is all zero!
 + GLT matrix 'purpleRED' is all zero!
 + GLT matrix 'purpleWHITE' is all zero!
 + GLT matrix 'redWHITE' is all zero!
 + GLT matrix 'whiteBLUE' is all zero!
 + GLT matrix 'yellowBLACK' is all zero!
 + GLT matrix 'yellowPINK' is all zero!
++ Loading input dataset into memory
 + masked off 888 voxels for being all zero; 9354 left in mask
++ starting REML setup calculations; total CPU=0.00 Elapsed=1.82
 + X matrix: 26.975% of elements are nonzero
[7m*+ WARNING:[0m -----
[7m*+ WARNING:[0m QR decomposition of [R]^(-1/2) [X] had 12 collinearity problems
[7m*+ WARNING:[0m -----
 + starting 15 OpenMP threads for REML setup
 + REML setup finished: matrix rows=525 cols=58; 109*1 cases; total CPU=0.00 Elapsed=4.73
 +  average case bandwidth = 12.80
++ REML voxel loop: [15 threads]0123456789.0123456789.0123456789.0123456789.01234567
 + ARMA voxel parameters estimated: total CPU=0.00 Elapsed=23.58
++ GLSQ loop:[7m*+ WARNING:[0m GLT setup 58x1 matrix is all zero?
0123456789.0123456789.0123456789.0123456789.0123456789.
 + GLSQ regression done: total CPU=0.00 Elapsed=49.91
++ Output dataset /data/nil-external/ccp/freund/ub55/out/glms/DMCC8050964/RESULTS/Stroop/baseline_fix-item_EVENTS_censored_1/stats_var_DMCC8050964_1_L_REML.nii.gz
++ Output dataset /data/nil-external/ccp/freund/ub55/out/glms/DMCC8050964/RESULTS/Stroop/baseline_fix-item_EVENTS_censored_1/errts_DMCC8050964_1_R_REML.nii.gz
++ Output dataset /data/nil-external/ccp/freund/ub55/out/glms/DMCC8050964/RESULTS/Stroop/baseline_fix-item_EVENTS_censored_1/wherr_DMCC8050964_1_R_REML.nii.gz
[7m*+ WARNING:[0m Zero-ed 112332 float errors in dataset /data/nil-external/ccp/freund/ub55/out/glms/DMCC8050964/RESULTS/Stroop/baseline_fix-item_EVENTS_censored_1/STATS_DMCC8050964_1_R_REML.nii.gz
 +    Float errors include NaN and Infinity values
 +    ==> Check matrix setup! Check inputs! Check results!
++ Output dataset /data/nil-external/ccp/freund/ub55/out/glms/DMCC8050964/RESULTS/Stroop/baseline_fix-item_EVENTS_censored_1/STATS_DMCC8050964_1_R_REML.nii.gz
 + unloading input dataset and REML matrices
++ 3dREMLfit is all done! total CPU=0.00 Elapsed=65.13
