++ 3dREMLfit: AFNI version=AFNI_18.3.16 (Dec 11 2018) [64-bit]
++ Authored by: RWCox
++ GOFORIT ==> Matrix de-singularization is engaged!
++ Number of OpenMP threads = 15
++ No mask ==> computing for all 10242 voxels
[7m** ERROR:[0m matrix column #21 is all zero!?
[7m** ERROR:[0m matrix column #25 is all zero!?
[7m** ERROR:[0m matrix column #26 is all zero!?
[7m** ERROR:[0m matrix column #30 is all zero!?
[7m** ERROR:[0m matrix column #31 is all zero!?
[7m** ERROR:[0m matrix column #32 is all zero!?
[7m** ERROR:[0m matrix column #38 is all zero!?
[7m** ERROR:[0m matrix column #39 is all zero!?
[7m** ERROR:[0m matrix column #43 is all zero!?
[7m** ERROR:[0m matrix column #44 is all zero!?
[7m** ERROR:[0m matrix column #48 is all zero!?
[7m** ERROR:[0m matrix column #50 is all zero!?
[7m*+ WARNING:[0m You said to GOFORIT, so here we GO!
 +          Note that a bunch of further WARNINGs will be generated below.
++ Denominator DOF increased from 472 to 484 to allow for all zero columns
++ -----  matrix condition (530x58):  4.13089  ++ VERY GOOD ++
[7m*+ WARNING:[0m !! in  matrix:
 * Largest singular value=1.99484
 * 12 singular values are less than cutoff=1.99484e-07
 * Implies strong collinearity in the matrix columns! 
++  matrix singular values:
             0             0             0             0             0
             0             0   4.98593e-09   6.29742e-09   1.24155e-08
   1.62162e-08    1.9357e-08      0.116902      0.191467      0.239549
      0.256824      0.328559      0.458417      0.504285      0.742369
      0.779607      0.789471      0.810098      0.825938      0.838147
      0.865674      0.902885      0.908825      0.930616      0.937101
       0.94981       0.97166      0.980463      0.985969      0.989061
      0.999748             1        1.0001        1.0002       1.00121
       1.00213       1.00854       1.01127       1.02201       1.02876
       1.04616       1.05498       1.07047       1.08756       1.10966
       1.12614       1.13444       1.16132       1.22917       1.28546
        1.4408       1.87051       1.99484
[7m*+ WARNING:[0m -GOFORIT ==> Charging ahead into battle!
 +                   ==> Check results carefully!
++ Editing GLT matrices for all zero X matrix columns
 + Removed 12 all zero rows from GLT matrix 'Full'; numerator DOF changes from 46 to 34
 + GLT matrix 'blackGREEN' is all zero!
 + GLT matrix 'bluePURPLE' is all zero!
 + GLT matrix 'blueRED' is all zero!
 + GLT matrix 'greenPINK' is all zero!
 + GLT matrix 'greenYELLOW' is all zero!
 + GLT matrix 'pinkBLACK' is all zero!
 + GLT matrix 'purpleRED' is all zero!
 + GLT matrix 'purpleWHITE' is all zero!
 + GLT matrix 'redWHITE' is all zero!
 + GLT matrix 'whiteBLUE' is all zero!
 + GLT matrix 'yellowBLACK' is all zero!
 + GLT matrix 'yellowPINK' is all zero!
++ Loading input dataset into memory
 + masked off 881 voxels for being all zero; 9361 left in mask
++ starting REML setup calculations; total CPU=0.00 Elapsed=3.86
 + X matrix: 26.893% of elements are nonzero
[7m*+ WARNING:[0m -----
[7m*+ WARNING:[0m QR decomposition of [R]^(-1/2) [X] had 12 collinearity problems
[7m*+ WARNING:[0m -----
 + starting 15 OpenMP threads for REML setup
 + REML setup finished: matrix rows=530 cols=58; 109*1 cases; total CPU=0.00 Elapsed=6.04
 +  average case bandwidth = 12.89
++ REML voxel loop: [15 threads]0123456789.0123456789.0123456789.0123456789.01234567
 + ARMA voxel parameters estimated: total CPU=0.00 Elapsed=25.60
++ GLSQ loop:[7m*+ WARNING:[0m GLT setup 58x1 matrix is all zero?
0123456789.0123456789.0123456789.0123456789.0123456789.
 + GLSQ regression done: total CPU=0.00 Elapsed=50.20
++ Output dataset /data/nil-external/ccp/freund/ub55/out/glms/123117/RESULTS/Stroop/baseline_fix-item_EVENTS_censored_1/stats_var_123117_1_R_REML.func.gii
++ Output dataset /data/nil-external/ccp/freund/ub55/out/glms/123117/RESULTS/Stroop/baseline_fix-item_EVENTS_censored_1/errts_123117_1_R_REML.func.gii
++ Output dataset /data/nil-external/ccp/freund/ub55/out/glms/123117/RESULTS/Stroop/baseline_fix-item_EVENTS_censored_1/wherr_123117_1_R_REML.func.gii
[7m*+ WARNING:[0m Zero-ed 112332 float errors in dataset /data/nil-external/ccp/freund/ub55/out/glms/123117/RESULTS/Stroop/baseline_fix-item_EVENTS_censored_1/STATS_123117_1_R_REML.func.gii
 +    Float errors include NaN and Infinity values
 +    ==> Check matrix setup! Check inputs! Check results!
++ Output dataset /data/nil-external/ccp/freund/ub55/out/glms/123117/RESULTS/Stroop/baseline_fix-item_EVENTS_censored_1/STATS_123117_1_R_REML.func.gii
 + unloading input dataset and REML matrices
++ 3dREMLfit is all done! total CPU=0.00 Elapsed=56.43
