++ 3dREMLfit: AFNI version=AFNI_18.3.16 (Dec 11 2018) [64-bit]
++ Authored by: RWCox
++ GOFORIT ==> Matrix de-singularization is engaged!
++ Number of OpenMP threads = 15
++ No mask ==> computing for all 10242 voxels
++ -----  matrix condition (613x103):  5.31793  ++ VERY GOOD ++
++ Loading input dataset into memory
 + masked off 881 voxels for being all zero; 9361 left in mask
++ starting REML setup calculations; total CPU=0.00 Elapsed=4.00
 + X matrix: 15.539% of elements are nonzero
 + starting 15 OpenMP threads for REML setup
 + REML setup finished: matrix rows=613 cols=103; 109*1 cases; total CPU=0.00 Elapsed=18.64
 +  average case bandwidth = 12.50
++ REML voxel loop: [15 threads]0123456789.0123456789.0123456789.0123456789.01234567
 + ARMA voxel parameters estimated: total CPU=0.00 Elapsed=48.11
++ GLSQ loop:0123456789.0123456789.0123456789.0123456789.0123456789.
 + GLSQ regression done: total CPU=0.00 Elapsed=61.32
++ Output dataset /data/nil-external/ccp/freund/ub55/out/glms/DMCC1328342/RESULTS/Cuedts/baseline_CongruencySwitch_EVENTS_censored_shifted_2/stats_var_DMCC1328342_2_R_REML.func.gii
++ Output dataset /data/nil-external/ccp/freund/ub55/out/glms/DMCC1328342/RESULTS/Cuedts/baseline_CongruencySwitch_EVENTS_censored_shifted_2/errts_DMCC1328342_2_R_REML.func.gii
++ Output dataset /data/nil-external/ccp/freund/ub55/out/glms/DMCC1328342/RESULTS/Cuedts/baseline_CongruencySwitch_EVENTS_censored_shifted_2/wherr_DMCC1328342_2_R_REML.func.gii
++ Output dataset /data/nil-external/ccp/freund/ub55/out/glms/DMCC1328342/RESULTS/Cuedts/baseline_CongruencySwitch_EVENTS_censored_shifted_2/STATS_DMCC1328342_2_R_REML.func.gii
 + unloading input dataset and REML matrices
++ 3dREMLfit is all done! total CPU=0.00 Elapsed=71.62
