++ 3dREMLfit: AFNI version=AFNI_18.3.16 (Dec 11 2018) [64-bit]
++ Authored by: RWCox
++ GOFORIT ==> Matrix de-singularization is engaged!
++ Number of OpenMP threads = 15
++ No mask ==> computing for all 10242 voxels
++ -----  matrix condition (1295x642):  6.83143  ++ VERY GOOD ++
++ Loading input dataset into memory
 + masked off 881 voxels for being all zero; 9361 left in mask
++ starting REML setup calculations; total CPU=0.00 Elapsed=8.58
 + X matrix: 2.516% of elements are nonzero
 + starting 15 OpenMP threads for REML setup
 + REML setup finished: matrix rows=1295 cols=642; 109*1 cases; total CPU=0.00 Elapsed=641.18
 +  average case bandwidth = 13.11
++ REML voxel loop: [15 threads]0123456789.0123456789.0123456789.0123456789.01234567
 + ARMA voxel parameters estimated: total CPU=0.00 Elapsed=706.27
++ GLSQ loop:0123456789.0123456789.0123456789.0123456789.0123456789.
 + GLSQ regression done: total CPU=0.00 Elapsed=1565.49
++ Output dataset /data/nil-external/ccp/freund/ub55/out/glms/161832/RESULTS/Cuedts/baseline_aggressive1_EVENTS_censored_shifted/stats_var_161832_L_REML.func.gii
++ Output dataset /data/nil-external/ccp/freund/ub55/out/glms/161832/RESULTS/Cuedts/baseline_aggressive1_EVENTS_censored_shifted/errts_161832_L_REML.func.gii
++ Output dataset /data/nil-external/ccp/freund/ub55/out/glms/161832/RESULTS/Cuedts/baseline_aggressive1_EVENTS_censored_shifted/wherr_161832_L_REML.func.gii
++ Output dataset /data/nil-external/ccp/freund/ub55/out/glms/161832/RESULTS/Cuedts/baseline_aggressive1_EVENTS_censored_shifted/STATS_161832_L_REML.func.gii
 + unloading input dataset and REML matrices
++ 3dREMLfit is all done! total CPU=0.00 Elapsed=1572.99
