++ 3dREMLfit: AFNI version=AFNI_18.3.16 (Dec 11 2018) [64-bit]
++ Authored by: RWCox
++ GOFORIT ==> Matrix de-singularization is engaged!
++ Number of OpenMP threads = 15
++ No mask ==> computing for all 10242 voxels
++ -----  matrix condition (540x122):  5.35835  ++ VERY GOOD ++
++ Loading input dataset into memory
 + masked off 888 voxels for being all zero; 9354 left in mask
++ starting REML setup calculations; total CPU=0.00 Elapsed=2.73
 + X matrix: 12.810% of elements are nonzero
 + starting 15 OpenMP threads for REML setup
 + REML setup finished: matrix rows=540 cols=122; 109*1 cases; total CPU=0.00 Elapsed=6.19
 +  average case bandwidth = 13.12
++ REML voxel loop: [15 threads]0123456789.0123456789.0123456789.0123456789.01234567
 + ARMA voxel parameters estimated: total CPU=0.00 Elapsed=30.31
++ GLSQ loop:0123456789.0123456789.0123456789.0123456789.0123456789.
 + GLSQ regression done: total CPU=0.00 Elapsed=67.68
++ Output dataset /data/nil-external/ccp/freund/ub55/out/glms/132017/RESULTS/Stroop/baseline_fix-LSA_EVENTS_censored_2/stats_var_132017_2_L_REML.func.g[7++ Output dataset /data/nil-external/ccp/freund/ub55/out/glms/132017/RESULTS/Stroop/baseline_fix-LSA_EVENTS_censored_2/errts_132017_2_L_REML.fun++ Out++ Output dataset /data/nil-external/ccp/freund/ub55/out/glms/132017/RESULTS/Stroop/baseline_fix-LSA_EVENTS_censored_2/wherr_132017_2_L_REML.func.gii
++ Output dataset /data/nil-external/ccp/freund/ub55/out/glms/132017/RESULTS/Stroop/baseline_fix-LSA_EVENTS_censored_2/STATS_132017_2_L_REML.func.gii
 + unloading input dataset and REML matrices
++ 3dREMLfit is all done! total CPU=0.00 Elapsed=78.87
