++ 3dREMLfit: AFNI version=AFNI_18.3.16 (Dec 11 2018) [64-bit]
++ Authored by: RWCox
++ GOFORIT ==> Matrix de-singularization is engaged!
++ Number of OpenMP threads = 15
++ No mask ==> computing for all 10242 voxels
++ -----  matrix condition (1200x263):  6.28118  ++ VERY GOOD ++
++ Loading input dataset into memory
 + masked off 888 voxels for being all zero; 9354 left in mask
++ starting REML setup calculations; total CPU=0.00 Elapsed=7.16
 + X matrix: 6.175% of elements are nonzero
 + starting 15 OpenMP threads for REML setup
 + REML setup finished: matrix rows=1200 cols=263; 109*1 cases; total CPU=0.00 Elapsed=38.38
 +  average case bandwidth = 13.14
++ REML voxel loop: [15 threads]0123456789.0123456789.0123456789.0123456789.01234567
 + ARMA voxel parameters estimated: total CPU=0.00 Elapsed=68.09
++ GLSQ loop:0123456789.0123456789.0123456789.0123456789.0123456789.
 + GLSQ regression done: total CPU=0.00 Elapsed=152.52
++ Output dataset /data/nil-external/ccp/freund/ub55/out/glms/DMCC8260571/RESULTS/Stern/baseline_aggressive1_EVENTS_censored_shifted/stats_var_DMCC8260571_L_REML.func.gii
++ Output dataset /data/nil-external/ccp/freund/ub55/out/glms/DMCC8260571/RESULTS/Stern/baseline_aggressive1_EVENTS_censored_shifted/errts_DMCC8260571_L_REML.func.gii
++ Output dataset /data/nil-external/ccp/freund/ub55/out/glms/DMCC8260571/RESULTS/Stern/baseline_aggressive1_EVENTS_censored_shifted/wherr_DMCC8260571_L_REML.func.gii
++ Output dataset /data/nil-external/ccp/freund/ub55/out/glms/DMCC8260571/RESULTS/Stern/baseline_aggressive1_EVENTS_censored_shifted/STATS_DMCC8260571_L_REML.func.gii
 + unloading input dataset and REML matrices
++ 3dREMLfit is all done! total CPU=0.00 Elapsed=164.58
