++ 3dREMLfit: AFNI version=AFNI_18.3.16 (Dec 11 2018) [64-bit]
++ Authored by: RWCox
++ GOFORIT ==> Matrix de-singularization is engaged!
++ Number of OpenMP threads = 15
++ No mask ==> computing for all 10242 voxels
++ -----  matrix condition (540x122):  5.26579  ++ VERY GOOD ++
++ Loading input dataset into memory
 + masked off 881 voxels for being all zero; 9361 left in mask
++ starting REML setup calculations; total CPU=0.00 Elapsed=2.02
 + X matrix: 12.810% of elements are nonzero
 + starting 15 OpenMP threads for REML setup
 + REML setup finished: matrix rows=540 cols=122; 109*1 cases; total CPU=0.00 Elapsed=6.21
 +  average case bandwidth = 13.12
++ REML voxel loop: [15 threads]0123456789.0123456789.0123456789.0123456789.01234567
 + ARMA voxel parameters estimated: total CPU=0.00 Elapsed=28.84
++ GLSQ loop:0123456789.0123456789.0123456789.0123456789.0123456789.
 + GLSQ regression done: total CPU=0.00 Elapsed=67.96
[7m** ERROR:[0m output dataset name 'stats_var_132017_1_R_REML.func.gii' conflicts with existing file
[7m** ERROR:[0m dataset NOT written to disk!
[7++ Output dataset /data/nil-external/ccp/freund/ub55/out/glms/132017/RESULTS/Stroop/baseline_fix-LSA_EVENTS_censored_1/errts_132017_1_R_REML.fun++ Output dataset /data/nil-external/ccp/freund/ub55/out/glms/132017/RESULTS/Stroop/baseline_fix-LSA_EVENT[7m** ERROR:[0m dataset NOT written to dis++ ++ Output dataset /data/nil-external/ccp/freund/ub55/out/glms/132017/RESULTS/Stroop/baseline_fix-LSA_EVENTS_censored_1/STATS_132017_1_R_REML.func.gii
 + unloading input dataset and REML matrices
++ 3dREMLfit is all done! total CPU=0.00 Elapsed=73.36
