++ 3dREMLfit: AFNI version=AFNI_18.3.16 (Dec 11 2018) [64-bit]
++ Authored by: RWCox
++ GOFORIT ==> Matrix de-singularization is engaged!
++ Number of OpenMP threads = 15
++ No mask ==> computing for all 10242 voxels
[7m** ERROR:[0m matrix column #21 is all zero!?
[7m** ERROR:[0m matrix column #25 is all zero!?
[7m** ERROR:[0m matrix column #26 is all zero!?
[7m** ERROR:[0m matrix column #30 is all zero!?
[7m** ERROR:[0m matrix column #31 is all zero!?
[7m** ERROR:[0m matrix column #32 is all zero!?
[7m** ERROR:[0m matrix column #38 is all zero!?
[7m** ERROR:[0m matrix column #39 is all zero!?
[7m** ERROR:[0m matrix column #43 is all zero!?
[7m** ERROR:[0m matrix column #44 is all zero!?
[7m** ERROR:[0m matrix column #48 is all zero!?
[7m** ERROR:[0m matrix column #50 is all zero!?
[7m*+ WARNING:[0m You said to GOFORIT, so here we GO!
 +          Note that a bunch of further WARNINGs will be generated below.
++ Denominator DOF increased from 481 to 493 to allow for all zero columns
++ -----  matrix condition (539x58):  3.94838  ++ VERY GOOD ++
[7m*+ WARNING:[0m !! in  matrix:
 * Largest singular value=1.90151
 * 12 singular values are less than cutoff=1.90151e-07
 * Implies strong collinearity in the matrix columns! 
++  matrix singular values:
             0             0             0             0             0
   6.96872e-09   1.08158e-08   1.38501e-08   1.43358e-08   1.80606e-08
   2.03968e-08   2.15142e-08      0.121972      0.150918      0.250264
      0.306558      0.363555      0.438354      0.517697      0.694352
       0.75726      0.780495      0.817743      0.822069      0.857941
      0.862591      0.879433      0.920146       0.92619      0.940302
      0.947461      0.953586      0.961309      0.994544      0.998295
      0.999458             1       1.00014       1.00018       1.00034
       1.00094       1.00107       1.00815       1.01744       1.03062
       1.03389       1.05393       1.05856       1.08361       1.11013
       1.12346       1.13063        1.1394        1.2226       1.38919
       1.61198       1.82833       1.90151
[7m*+ WARNING:[0m -GOFORIT ==> Charging ahead into battle!
 +                   ==> Check results carefully!
++ Editing GLT matrices for all zero X matrix columns
 + Removed 12 all zero rows from GLT matrix 'Full'; numerator DOF changes from 46 to 34
 + GLT matrix 'blackGREEN' is all zero!
 + GLT matrix 'bluePURPLE' is all zero!
 + GLT matrix 'blueRED' is all zero!
 + GLT matrix 'greenPINK' is all zero!
 + GLT matrix 'greenYELLOW' is all zero!
 + GLT matrix 'pinkBLACK' is all zero!
 + GLT matrix 'purpleRED' is all zero!
 + GLT matrix 'purpleWHITE' is all zero!
 + GLT matrix 'redWHITE' is all zero!
 + GLT matrix 'whiteBLUE' is all zero!
 + GLT matrix 'yellowBLACK' is all zero!
 + GLT matrix 'yellowPINK' is all zero!
++ Loading input dataset into memory
 + masked off 881 voxels for being all zero; 9361 left in mask
++ starting REML setup calculations; total CPU=0.00 Elapsed=3.73
 + X matrix: 26.905% of elements are nonzero
[7m*+ WARNING:[0m -----
[7m*+ WARNING:[0m QR decomposition of [R]^(-1/2) [X] had 12 collinearity problems
[7m*+ WARNING:[0m -----
 + starting 15 OpenMP threads for REML setup
 + REML setup finished: matrix rows=539 cols=58; 109*1 cases; total CPU=0.00 Elapsed=7.80
 +  average case bandwidth = 13.10
++ REML voxel loop: [15 threads]0123456789.0123456789.0123456789.0123456789.01234567
 + ARMA voxel parameters estimated: total CPU=0.00 Elapsed=29.81
++ GLSQ loop:[7m*+ WARNING:[0m GLT setup 58x1 matrix is all zero?
0123456789.0123456789.0123456789.0123456789.0123456789.
 + GLSQ regression done: total CPU=0.00 Elapsed=68.83
++ Output dataset /data/nil-external/ccp/freund/ub55/out/glms/DMCC6705371/RESULTS/Stroop/baseline_fix-item_EVENTS_censored_1/stats_var_DMCC6705371_1_R_REML.func.gii
++ Output dataset /data/nil-external/ccp/freund/ub55/out/glms/DMCC6705371/RESULTS/Stroop/baseline_fix-item_EVENTS_censored_1/errts_DMCC6705371_1_R_REML.func.gii
++ Output dataset /data/nil-external/ccp/freund/ub55/out/glms/DMCC6705371/RESULTS/Stroop/baseline_fix-item_EVENTS_censored_1/wherr_DMCC6705371_1_R_REML.func.gii
[7m*+ WARNING:[0m Zero-ed 112332 float errors in dataset /data/nil-external/ccp/freund/ub55/out/glms/DMCC6705371/RESULTS/Stroop/baseline_fix-item_EVENTS_censored_1/STATS_DMCC6705371_1_R_REML.func.gii
 +    Float errors include NaN and Infinity values
 +    ==> Check matrix setup! Check inputs! Check results!
++ Output dataset /data/nil-external/ccp/freund/ub55/out/glms/DMCC6705371/RESULTS/Stroop/baseline_fix-item_EVENTS_censored_1/STATS_DMCC6705371_1_R_REML.func.gii
 + unloading input dataset and REML matrices
++ 3dREMLfit is all done! total CPU=0.00 Elapsed=81.28
