*+ WARNING: '-stim_times 7' didn't read any good times from file '/data/nil-external/ccp/freund/ub55/out/glms/130518/INPUT_DATA/Axcpt/baseline/130518_Axcpt_baseline_H_ng_shifted.txt'
*+ WARNING: '-stim_times 10' didn't read any good times from file '/data/nil-external/ccp/freund/ub55/out/glms/130518/INPUT_DATA/Axcpt/baseline/130518_Axcpt_baseline_P_ng_shifted.txt'
*+ WARNING: '-stim_times 12' didn't read any good times from file '/data/nil-external/ccp/freund/ub55/out/glms/130518/INPUT_DATA/Axcpt/baseline/130518_Axcpt_baseline_U_ng_shifted.txt'
*+ WARNING: -stim_times 7 has all times equal to '*' ?!?!
*+ WARNING: !! '-stim_times 7' file '/data/nil-external/ccp/freund/ub55/out/glms/130518/INPUT_DATA/Axcpt/baseline/130518_Axcpt_baseline_H_ng_shifted.txt' has no good stimulus time values
*+ WARNING: -stim_times 10 has all times equal to '*' ?!?!
*+ WARNING: !! '-stim_times 10' file '/data/nil-external/ccp/freund/ub55/out/glms/130518/INPUT_DATA/Axcpt/baseline/130518_Axcpt_baseline_P_ng_shifted.txt' has no good stimulus time values
*+ WARNING: -stim_times 12 has all times equal to '*' ?!?!
*+ WARNING: !! '-stim_times 12' file '/data/nil-external/ccp/freund/ub55/out/glms/130518/INPUT_DATA/Axcpt/baseline/130518_Axcpt_baseline_U_ng_shifted.txt' has no good stimulus time values
*+ WARNING: -------------------------------------------------
*+ WARNING: Problems with the X matrix columns, listed below:
*+ WARNING: !! * Column 94 [H_ng#0] is all zeros
*+ WARNING: !! * Column 95 [H_ng#1] is all zeros
*+ WARNING: !! * Column 96 [H_ng#2] is all zeros
*+ WARNING: !! * Column 97 [H_ng#3] is all zeros
*+ WARNING: !! * Column 98 [H_ng#4] is all zeros
*+ WARNING: !! * Column 99 [H_ng#5] is all zeros
*+ WARNING: !! * Column 100 [H_ng#6] is all zeros
*+ WARNING: !! * Column 101 [H_ng#7] is all zeros
*+ WARNING: !! * Column 102 [H_ng#8] is all zeros
*+ WARNING: !! * Column 103 [H_ng#9] is all zeros
*+ WARNING: !! * Column 104 [H_ng#10] is all zeros
*+ WARNING: !! * Column 105 [H_ng#11] is all zeros
*+ WARNING: !! * Column 106 [H_ng#12] is all zeros
*+ WARNING: !! * Column 107 [H_ng#13] is all zeros
*+ WARNING: !! * Column 108 [H_ng#14] is all zeros
*+ WARNING: !! * Column 109 [H_ng#15] is all zeros
*+ WARNING: !! * Column 110 [H_ng#16] is all zeros
*+ WARNING: !! * Column 145 [P_ng#0] is all zeros
*+ WARNING: !! * Column 146 [P_ng#1] is all zeros
*+ WARNING: !! * Column 147 [P_ng#2] is all zeros
*+ WARNING: !! * Column 148 [P_ng#3] is all zeros
*+ WARNING: !! * Column 149 [P_ng#4] is all zeros
*+ WARNING: !! * Column 150 [P_ng#5] is all zeros
*+ WARNING: !! * Column 151 [P_ng#6] is all zeros
*+ WARNING: !! * Column 152 [P_ng#7] is all zeros
*+ WARNING: !! * Column 153 [P_ng#8] is all zeros
*+ WARNING: !! * Column 154 [P_ng#9] is all zeros
*+ WARNING: !! * Column 155 [P_ng#10] is all zeros
*+ WARNING: !! * Column 156 [P_ng#11] is all zeros
*+ WARNING: !! * Column 157 [P_ng#12] is all zeros
*+ WARNING: !! * Column 158 [P_ng#13] is all zeros
*+ WARNING: !! * Column 159 [P_ng#14] is all zeros
*+ WARNING: !! * Column 160 [P_ng#15] is all zeros
*+ WARNING: !! * Column 161 [P_ng#16] is all zeros
*+ WARNING: !! * Column 179 [U_ng#0] is all zeros
*+ WARNING: !! * Column 180 [U_ng#1] is all zeros
*+ WARNING: !! * Column 181 [U_ng#2] is all zeros
*+ WARNING: !! * Column 182 [U_ng#3] is all zeros
*+ WARNING: !! * Column 183 [U_ng#4] is all zeros
*+ WARNING: !! * Column 184 [U_ng#5] is all zeros
*+ WARNING: !! * Column 185 [U_ng#6] is all zeros
*+ WARNING: !! * Column 186 [U_ng#7] is all zeros
*+ WARNING: !! * Column 187 [U_ng#8] is all zeros
*+ WARNING: !! * Column 188 [U_ng#9] is all zeros
*+ WARNING: !! * Column 189 [U_ng#10] is all zeros
*+ WARNING: !! * Column 190 [U_ng#11] is all zeros
*+ WARNING: !! * Column 191 [U_ng#12] is all zeros
*+ WARNING: !! * Column 192 [U_ng#13] is all zeros
*+ WARNING: !! * Column 193 [U_ng#14] is all zeros
*+ WARNING: !! * Column 194 [U_ng#15] is all zeros
*+ WARNING: !! * Column 195 [U_ng#16] is all zeros
*+ WARNING: -------------------------------------------------
*+ WARNING: !! in Signal+Baseline matrix:
 * Largest singular value=2.20552
 * 51 singular values are less than cutoff=2.20552e-07
 * Implies strong collinearity in the matrix columns! 
*+ WARNING: !! in Signal-only matrix:
 * Largest singular value=1.87965
 * 51 singular values are less than cutoff=1.87965e-07
 * Implies strong collinearity in the matrix columns! 
