** ERROR: matrix column #94 is all zero!?
** ERROR: matrix column #95 is all zero!?
** ERROR: matrix column #96 is all zero!?
** ERROR: matrix column #97 is all zero!?
** ERROR: matrix column #98 is all zero!?
** ERROR: matrix column #99 is all zero!?
** ERROR: matrix column #100 is all zero!?
** ERROR: matrix column #101 is all zero!?
** ERROR: matrix column #102 is all zero!?
** ERROR: matrix column #103 is all zero!?
** ERROR: matrix column #104 is all zero!?
** ERROR: matrix column #105 is all zero!?
** ERROR: matrix column #106 is all zero!?
** ERROR: matrix column #107 is all zero!?
** ERROR: matrix column #108 is all zero!?
** ERROR: matrix column #109 is all zero!?
** ERROR: matrix column #110 is all zero!?
** ERROR: matrix column #145 is all zero!?
** ERROR: matrix column #146 is all zero!?
** ERROR: matrix column #147 is all zero!?
** ERROR: matrix column #148 is all zero!?
** ERROR: matrix column #149 is all zero!?
** ERROR: matrix column #150 is all zero!?
** ERROR: matrix column #151 is all zero!?
** ERROR: matrix column #152 is all zero!?
** ERROR: matrix column #153 is all zero!?
** ERROR: matrix column #154 is all zero!?
** ERROR: matrix column #155 is all zero!?
** ERROR: matrix column #156 is all zero!?
** ERROR: matrix column #157 is all zero!?
** ERROR: matrix column #158 is all zero!?
** ERROR: matrix column #159 is all zero!?
** ERROR: matrix column #160 is all zero!?
** ERROR: matrix column #161 is all zero!?
** ERROR: matrix column #179 is all zero!?
** ERROR: matrix column #180 is all zero!?
** ERROR: matrix column #181 is all zero!?
** ERROR: matrix column #182 is all zero!?
** ERROR: matrix column #183 is all zero!?
** ERROR: matrix column #184 is all zero!?
** ERROR: matrix column #185 is all zero!?
** ERROR: matrix column #186 is all zero!?
** ERROR: matrix column #187 is all zero!?
** ERROR: matrix column #188 is all zero!?
** ERROR: matrix column #189 is all zero!?
** ERROR: matrix column #190 is all zero!?
** ERROR: matrix column #191 is all zero!?
** ERROR: matrix column #192 is all zero!?
** ERROR: matrix column #193 is all zero!?
** ERROR: matrix column #194 is all zero!?
** ERROR: matrix column #195 is all zero!?
*+ WARNING: You said to GOFORIT, so here we GO!
*+ WARNING: !! in  matrix:
 * Largest singular value=2.20552
 * 51 singular values are less than cutoff=2.20552e-07
 * Implies strong collinearity in the matrix columns! 
*+ WARNING: -GOFORIT ==> Charging ahead into battle!
*+ WARNING: -----
*+ WARNING: QR decomposition of [R]^(-1/2) [X] had 51 collinearity problems
*+ WARNING: -----
*+ WARNING: QR decomposition of GLT setup 542x17 matrix had 17 collinearity problems
