++ 3dREMLfit: AFNI version=AFNI_18.3.16 (Dec 11 2018) [64-bit]
++ Authored by: RWCox
++ GOFORIT ==> Matrix de-singularization is engaged!
++ Number of OpenMP threads = 15
++ No mask ==> computing for all 10242 voxels
++ -----  matrix condition (537x78):  4.97221  ++ VERY GOOD ++
++ Loading input dataset into memory
 + masked off 888 voxels for being all zero; 9354 left in mask
++ starting REML setup calculations; total CPU=0.00 Elapsed=0.95
 + X matrix: 23.425% of elements are nonzero
 + starting 15 OpenMP threads for REML setup
 + REML setup finished: matrix rows=537 cols=78; 109*1 cases; total CPU=0.00 Elapsed=5.22
 +  average case bandwidth = 13.05
++ REML voxel loop: [15 threads]0123456789.0123456789.0123456789.0123456789.01234567
 + ARMA voxel parameters estimated: total CPU=0.00 Elapsed=29.27
++ GLSQ loop:0123456789.0123456789.0123456789.0123456789.0123456789.
 + GLSQ regression done: total CPU=0.00 Elapsed=44.36
++ Output dataset /data/nil-external/ccp/freund/ub55/out/glms/141422/RESULTS/Stroop/baseline_Congruency_EVENTS_censored_shifted_2/stats_var_141422_2_R_REML.func.gii
++ Output dataset /data/nil-external/ccp/freund/ub55/out/glms/141422/RESULTS/Stroop/baseline_Congruency_EVENTS_censored_shifted_2/errts_141422_2_L_REML.func.gii
++ Output dataset /data/nil-external/ccp/freund/ub55/out/glms/141422/RESULTS/Stroop/baseline_Congruency_EVENTS_censored_shifted_2/wherr_141422_2_L_REML.func.gii
++ Output dataset /data/nil-external/ccp/freund/ub55/out/glms/141422/RESULTS/Stroop/baseline_Congruency_EVENTS_censored_shifted_2/STATS_141422_2_L_REML.func.gii
 + unloading input dataset and REML matrices
++ 3dREMLfit is all done! total CPU=0.00 Elapsed=49.35
