++ 3dREMLfit: AFNI version=AFNI_18.3.16 (Dec 11 2018) [64-bit]
++ Authored by: RWCox
++ GOFORIT ==> Matrix de-singularization is engaged!
++ Number of OpenMP threads = 15
++ No mask ==> computing for all 10242 voxels
++ -----  matrix condition (529x122):  4.91364  ++ VERY GOOD ++
++ Loading input dataset into memory
 + masked off 888 voxels for being all zero; 9354 left in mask
++ starting REML setup calculations; total CPU=0.00 Elapsed=2.03
 + X matrix: 12.802% of elements are nonzero
 + starting 15 OpenMP threads for REML setup
 + REML setup finished: matrix rows=529 cols=122; 109*1 cases; total CPU=0.00 Elapsed=6.87
 +  average case bandwidth = 12.87
++ REML voxel loop: [15 threads]0123456789.0123456789.0123456789.0123456789.01234567
 + ARMA voxel parameters estimated: total CPU=0.00 Elapsed=40.78
++ GLSQ loop:0123456789.0123456789.0123456789.0123456789.0123456789.
 + GLSQ regression done: total CPU=0.00 Elapsed=65.89
[7m** ERROR:[0m output dataset name 'stats_var_130518_2_L_REML.func.gii' conflicts with existing file
[7m** ERROR:[0m dataset NOT written to disk!
[7++ Output dataset /data/nil-external/ccp/freund/ub55/out/glms/130518/RESULTS/Stroop/baseline_fix-LSA_EVENTS_censored_2/errts_130518_2_L_REML.fun++ Output dataset /data/nil-external/ccp/freund/ub55/out/glms/130518/RESULTS/Stroop/baseline_fix-LSA_EVENTS_censored_2/wherr_130518_2_L_REML.func.gii
++ Out++ Output dataset /data/nil-external/ccp/freund/ub55/out/glms/130518/RESULTS/Stroop/baseline_fix-LSA_EVENTS_censored_2/STATS_130518_2_L_REML.func.gii
 + unloading input dataset and REML matrices
++ 3dREMLfit is all done! total CPU=0.00 Elapsed=70.51
