++ 3dREMLfit: AFNI version=AFNI_18.3.16 (Dec 11 2018) [64-bit]
++ Authored by: RWCox
++ GOFORIT ==> Matrix de-singularization is engaged!
++ Number of OpenMP threads = 15
++ No mask ==> computing for all 10242 voxels
++ -----  matrix condition (596x152):  6.01309  ++ VERY GOOD ++
++ Loading input dataset into memory
 + masked off 888 voxels for being all zero; 9354 left in mask
++ starting REML setup calculations; total CPU=0.00 Elapsed=2.55
 + X matrix: 10.694% of elements are nonzero
 + starting 15 OpenMP threads for REML setup
 + REML setup finished: matrix rows=596 cols=152; 109*1 cases; total CPU=0.00 Elapsed=20.37
 +  average case bandwidth = 13.08
++ REML voxel loop: [15 threads]0123456789.0123456789.0123456789.0123456789.01234567
 + ARMA voxel parameters estimated: total CPU=0.00 Elapsed=40.75
++ GLSQ loop:0123456789.0123456789.0123456789.0123456789.0123456789.
 + GLSQ regression done: total CPU=0.00 Elapsed=50.88
++ Output dataset /data/nil-external/ccp/freund/ub55/out/glms/161832/RESULTS/Stern/baseline_ListLength_EVENTS_censored_shifted_1/stats_var_161832_1_L_REML.nii.gz
++ Output dataset /data/nil-external/ccp/freund/ub55/out/glms/161832/RESULTS/Stern/baseline_ListLength_EVENTS_censored_shifted_1/errts_161832_1_L_REML.nii.gz
++ Output dataset /data/nil-external/ccp/freund/ub55/out/glms/161832/RESULTS/Stern/baseline_ListLength_EVENTS_censored_shifted_1/wherr_161832_1_L_REML.nii.gz
++ Output dataset /data/nil-external/ccp/freund/ub55/out/glms/161832/RESULTS/Stern/baseline_ListLength_EVENTS_censored_shifted_1/STATS_161832_1_L_REML.nii.gz
 + unloading input dataset and REML matrices
++ 3dREMLfit is all done! total CPU=0.00 Elapsed=65.03
