++ 3dREMLfit: AFNI version=AFNI_18.3.16 (Dec 11 2018) [64-bit]
++ Authored by: RWCox
++ GOFORIT ==> Matrix de-singularization is engaged!
++ Number of OpenMP threads = 15
++ No mask ==> computing for all 10242 voxels
++ -----  matrix condition (610x127):  4.70473  ++ VERY GOOD ++
++ Loading input dataset into memory
 + masked off 881 voxels for being all zero; 9361 left in mask
++ starting REML setup calculations; total CPU=0.00 Elapsed=3.78
 + X matrix: 12.147% of elements are nonzero
 + starting 15 OpenMP threads for REML setup
 + REML setup finished: matrix rows=610 cols=127; 109*1 cases; total CPU=0.00 Elapsed=9.47
 +  average case bandwidth = 13.15
++ REML voxel loop: [15 threads]0123456789.0123456789.0123456789.0123456789.01234567
 + ARMA voxel parameters estimated: total CPU=0.00 Elapsed=20.02
++ GLSQ loop:0123456789.0123456789.0123456789.0123456789.0123456789.
 + GLSQ regression done: total CPU=0.00 Elapsed=29.39
[7m** ERROR:[0m output dataset name 'stats_var_601127_2_R_REML.func.gii' conflicts with existing file
[7m** ERROR:[0m dataset NOT written to disk!
[7m** ERROR:[0m output dataset name 'errts_601127_2_R_REML.func.gii' conflicts with existing file
[7m** ERROR:[0m dataset NOT written to disk!
[7m** ERROR:[0m output dataset name 'wherr_601127_2_R_REML.func.gii' conflicts with existing file
[7m** ERROR:[0m dataset NOT written to disk!
[7m** ERROR:[0m output dataset name 'STATS_601127_2_R_REML.func.gii' conflicts with existing file
[7m** ERROR:[0m dataset NOT written to disk!
 + unloading input dataset and REML matrices
++ 3dREMLfit is all done! total CPU=0.00 Elapsed=29.52
