++ 3dREMLfit: AFNI version=AFNI_18.3.16 (Dec 11 2018) [64-bit]
++ Authored by: RWCox
++ GOFORIT ==> Matrix de-singularization is engaged!
++ Number of OpenMP threads = 15
++ No mask ==> computing for all 10242 voxels
++ -----  matrix condition (528x78):  4.98084  ++ VERY GOOD ++
++ Loading input dataset into memory
 + masked off 888 voxels for being all zero; 9354 left in mask
++ starting REML setup calculations; total CPU=0.00 Elapsed=3.74
 + X matrix: 23.395% of elements are nonzero
 + starting 15 OpenMP threads for REML setup
 + REML setup finished: matrix rows=528 cols=78; 109*1 cases; total CPU=0.00 Elapsed=10.02
 +  average case bandwidth = 12.87
++ REML voxel loop: [15 threads]0123456789.0123456789.0123456789.0123456789.01234567
 + ARMA voxel parameters estimated: total CPU=0.00 Elapsed=37.89
++ GLSQ loop00123456789.0123456789.0123456789.0123456789.0123456789.
 + GLSQ regression done: total CPU=0.00 Elapsed=54.78
++ Output dataset /data/nil-external/ccp/freund/ub55/out/glms/DMCC6705371/RESULTS/Stroop/baseline_Congruency_EVENTS_censored_shifted_2/stats_var_DMCC6705371_2_L_REML.func.gii+++ Output dataset /data/nil-external/ccp/freund/ub55/out/glms/DMCC6705371/RESULTS/Stroop/baseline_Congruency_EVENTS_censored_shifted_2/errts_DMCC6705371_2_L_REML.func.gii+++ Output dataset /data/nil-external/ccp/freund/ub55/out/glms/DMCC6705371/RESULTS/Stroop/baseline_Congruency_EVENTS_censored_shifted_2/wherr_DMCC6705371_2_L_REML.func.gii+++ Output dataset /data/nil-external/ccp/freund/ub55/out/glms/DMCC6705371/RESULTS/Stroop/baseline_Congruency_EVENTS_censored_shifted_2/STATS_DMCC6705371_2_L_REML.func.gii
 + unloading input dataset and REML matrices
++ 3dREMLfit is all done! total CPU=0.00 Elapsed=60.47
