*+ WARNING: '-stim_times 4' didn't read any good times from file '/data/nil-external/ccp/freund/ub55/out/glms/601127/INPUT_DATA/Axcpt/baseline/601127_Axcpt_baseline_C_ng_shifted.txt'
*+ WARNING: -stim_times 4 has all times equal to '*' ?!?!
*+ WARNING: !! '-stim_times 4' file '/data/nil-external/ccp/freund/ub55/out/glms/601127/INPUT_DATA/Axcpt/baseline/601127_Axcpt_baseline_C_ng_shifted.txt' has no good stimulus time values
*+ WARNING: -------------------------------------------------
*+ WARNING: Problems with the X matrix columns, listed below:
*+ WARNING: !! * Column 43 [C_ng#0] is all zeros
*+ WARNING: !! * Column 44 [C_ng#1] is all zeros
*+ WARNING: !! * Column 45 [C_ng#2] is all zeros
*+ WARNING: !! * Column 46 [C_ng#3] is all zeros
*+ WARNING: !! * Column 47 [C_ng#4] is all zeros
*+ WARNING: !! * Column 48 [C_ng#5] is all zeros
*+ WARNING: !! * Column 49 [C_ng#6] is all zeros
*+ WARNING: !! * Column 50 [C_ng#7] is all zeros
*+ WARNING: !! * Column 51 [C_ng#8] is all zeros
*+ WARNING: !! * Column 52 [C_ng#9] is all zeros
*+ WARNING: !! * Column 53 [C_ng#10] is all zeros
*+ WARNING: !! * Column 54 [C_ng#11] is all zeros
*+ WARNING: !! * Column 55 [C_ng#12] is all zeros
*+ WARNING: !! * Column 56 [C_ng#13] is all zeros
*+ WARNING: !! * Column 57 [C_ng#14] is all zeros
*+ WARNING: !! * Column 58 [C_ng#15] is all zeros
*+ WARNING: !! * Column 59 [C_ng#16] is all zeros
*+ WARNING: !! * Columns 84 [F_ng#7] and 213 [C_X#0] are (nearly?) collinear!
*+ WARNING: !! * Columns 85 [F_ng#8] and 214 [C_X#1] are (nearly?) collinear!
*+ WARNING: !! * Columns 86 [F_ng#9] and 215 [C_X#2] are (nearly?) collinear!
*+ WARNING: !! * Columns 87 [F_ng#10] and 216 [C_X#3] are (nearly?) collinear!
*+ WARNING: !! * Columns 88 [F_ng#11] and 217 [C_X#4] are (nearly?) collinear!
*+ WARNING: !! * Columns 89 [F_ng#12] and 218 [C_X#5] are (nearly?) collinear!
*+ WARNING: !! * Columns 90 [F_ng#13] and 219 [C_X#6] are (nearly?) collinear!
*+ WARNING: !! * Columns 91 [F_ng#14] and 220 [C_X#7] are (nearly?) collinear!
*+ WARNING: !! * Columns 92 [F_ng#15] and 221 [C_X#8] are (nearly?) collinear!
*+ WARNING: !! * Columns 93 [F_ng#16] and 222 [C_X#9] are (nearly?) collinear!
*+ WARNING: -------------------------------------------------
*+ WARNING: !! in Signal+Baseline matrix:
 * Largest singular value=2.10599
 * 27 singular values are less than cutoff=2.10599e-07
 * Implies strong collinearity in the matrix columns! 
*+ WARNING: !! in Signal-only matrix:
 * Largest singular value=1.87862
 * 27 singular values are less than cutoff=1.87862e-07
 * Implies strong collinearity in the matrix columns! 
