++ 3dREMLfit: AFNI version=AFNI_18.3.16 (Dec 11 2018) [64-bit]
++ Authored by: RWCox
++ GOFORIT ==> Matrix de-singularization is engaged!
++ Number of OpenMP threads = 15
++ No mask ==> computing for all 10242 voxels
++ -----  matrix condition (628x103):  4.0852  ++ VERY GOOD ++
++ Loading input dataset into memory
 + masked off 881 voxels for being all zero; 9361 left in mask
++ starting REML setup calculations; total CPU=0.00 Elapsed=5.98
 + X matrix: 15.808% of elements are nonzero
 + starting 15 OpenMP threads for REML setup
 + REML setup finished: matrix rows=628 cols=103; 109*1 cases; total CPU=0.00 Elapsed=15.27
 +  average case bandwidth = 12.75
++ REML voxel loop: [15 threads]0123456789.0123456789.0123456789.0123456789.01234567
 + ARMA voxel parameters estimated: total CPU=0.00 Elapsed=37.76
++ GLSQ loop00123456789.0123456789.0123456789.012346789.0123456789.
 + GLSQ regression done: total CPU=0.00 Elapsed=46.65
++ Output dataset /data/nil-external/ccp/freund/ub55/out/glms/123117/RESULTS/Cuedts/baseline_CongruencySwitch_EVENTS_censored_shifted_2/stats_var_123117_2_L_REML.func.gii
++ Output dataset /data/nil-external/ccp/freund/ub55/out/glms/123117/RESULTS/Cuedts/baseline_CongruencySwitch_EVENTS_censored_shifted_2/errts_123117_2_L_REML.func.gii
++ Output dataset /data/nil-external/ccp/freund/ub55/out/glms/123117/RESULTS/Cuedts/baseline_CongruencySwitch_EVENTS_censored_shifted_2/wherr_123117_2_L_REML.func.gii
++ Output dataset /data/nil-external/ccp/freund/ub55/out/glms/123117/RESULTS/Cuedts/baseline_CongruencySwitch_EVENTS_censored_shifted_2/STATS_123117_2_L_REML.func.gii
 + unloading input dataset and REML matrices
++ 3dREMLfit is all done! total CPU=0.00 Elapsed=51.87

