++ 3dREMLfit: AFNI version=AFNI_18.3.16 (Dec 11 2018) [64-bit]
++ Authored by: RWCox
++ GOFORIT ==> Matrix de-singularization is engaged!
++ Number of OpenMP threads = 15
++ No mask ==> computing for all 10242 voxels
++ -----  matrix condition (594x151):  3.5215  ++ VERY GOOD ++
++ Loading input dataset into memory
 + masked off 881 voxels for being all zero; 9361 left in mask
++ starting REML setup calculations; total CPU=0.00 Elapsed=1.70
 + X matrix: 10.172% of elements are nonzero
 + starting 15 OpenMP threads for REML setup
 + REML setup finished: matrix rows=594 cols=151; 109*1 cases; total CPU=0.00 Elapsed=6.47
 +  average case bandwidth = 13.04
++ REML voxel loop: [15 threads]0123456789.0123456789.0123456789.0123456789.01234567
 + ARMA voxel parameters estimated: total CPU=0.00 Elapsed=17.92
++ GLSQ loop:0123456789.0123456789.0123456789.0123456789.0123456789.
 + GLSQ regression done: total CPU=0.00 Elapsed=30.83
++ Output dataset /data/nil-external/ccp/freund/ub55/out/glms/182436/RESULTS/Stern/baseline_ListLength_EVENTS_censored_shifted_noblock_1/stats_var_182436_1_R_REML.func.gii
++ Output dataset /data/nil-external/ccp/freund/ub55/out/glms/182436/RESULTS/Stern/baseline_ListLength_EVENTS_censored_shifted_noblock_1/errts_182436_1_R_REML.func.gii
++ Output dataset /data/nil-external/ccp/freund/ub55/out/glms/182436/RESULTS/Stern/baseline_ListLength_EVENTS_censored_shifted_noblock_1/wherr_182436_1_R_REML.func.gii
++ Output dataset /data/nil-external/ccp/freund/ub55/out/glms/182436/RESULTS/Stern/baseline_ListLength_EVENTS_censored_shifted_noblock_1/STATS_182436_1_R_REML.func.gii
 + unloading input dataset and REML matrices
++ 3dREMLfit is all done! total CPU=0.00 Elapsed=34.76
