++ 3dREMLfit: AFNI version=AFNI_18.3.16 (Dec 11 2018) [64-bit]
++ Authored by: RWCox
++ GOFORIT ==> Matrix de-singularization is engaged!
++ Number of OpenMP threads = 15
++ No mask ==> computing for all 10242 voxels
++ -----  matrix condition (599x152):  6.50088  ++ VERY GOOD ++
++ Loading input dataset into memory
 + masked off 888 voxels for being all zero; 9354 left in mask
++ starting REML setup calculations; total CPU=0.00 Elapsed=2.61
 + X matrix: 10.708% of elements are nonzero
 + starting 15 OpenMP threads for REML setup
 + REML setup finished: matrix rows=599 cols=152; 109*1 cases; total CPU=0.00 Elapsed=24.73
 +  average case bandwidth = 13.14
++ REML voxel loop: [15 threads]0123456789.0123456789.0123456789.0123456789.01234567
 + ARMA voxel parameters estimated: total CPU=0.00 Elapsed=42.03
++ GLSQ loop:0123456789.0123456789.0123456789.0123456789.0123456789.
 + GLSQ regression done: total CPU=0.00 Elapsed=52.96
++ Output dataset /data/nil-external/ccp/freund/ub55/out/glms/176845/RESULTS/Stern/baseline_ListLength_EVENTS_censored_shifted_1/stats_var_176845_1_R_REML.func.gii
++ Output dataset /data/nil-external/ccp/freund/ub55/out/glms/176845/RESULTS/Stern/baseline_ListLength_EVENTS_censored_shifted_1/errts_176845_1_R_REML.func.gii
++ Output dataset /data/nil-external/ccp/freund/ub55/out/glms/176845/RESULTS/Stern/baseline_ListLength_EVENTS_censored_shifted_1/wherr_176845_1_R_REML.func.gii
++ Output dataset /data/nil-external/ccp/freund/ub55/out/glms/176845/RESULTS/Stern/baseline_ListLength_EVENTS_censored_shifted_1/STATS_176845_1_R_REML.func.gii
 + unloading input dataset and REML matrices
++ 3dREMLfit is all done! total CPU=0.00 Elapsed=59.75
