++ 3dREMLfit: AFNI version=AFNI_18.3.16 (Dec 11 2018) [64-bit]
++ Authored by: RWCox
++ GOFORIT ==> Matrix de-singularization is engaged!
++ Number of OpenMP threads = 15
++ No mask ==> computing for all 10242 voxels
++ -----  matrix condition (538x122):  5.9663  ++ VERY GOOD ++
++ Loading input dataset into memory
 + masked off 888 voxels for being all zero; 9354 left in mask
++ starting REML setup calculations; total CPU=0.00 Elapsed=0.85
 + X matrix: 12.807% of elements are nonzero
 + starting 15 OpenMP threads for REML setup
 + REML setup finished: matrix rows=538 cols=122; 109*1 cases; total CPU=0.00 Elapsed=14.15
 +  average case bandwidth = 13.07
++ REML voxel loop: [15 threads]0123456789.0123456789.0123456789.0123456789.01234567
 + ARMA voxel parameters estimated: total CPU=0.00 Elapsed=52.34
++ GLSQ loop:0123456789.0123456789.0123456789.0123456789.0123456789.
 + GLSQ regression done: total CPU=0.00 Elapsed=70.03
[7m** ERROR:[0m output dataset name 'stats_var_DMCC1624043_2_L_REML.func.gii' conflicts with existing file
[7m** ERROR:[0m dataset NOT written to disk!
[7m** ERROR:[0m output dataset name 'errts_DMCC1624043_2_L_REML.func.gii' conflicts with existing file
[7m** ERROR:[0m dataset NOT written to disk!
++ Output dataset /data/nil-external/ccp/freund/ub55/out/glms/DMCC1624043/RESULTS/Stroop/baseline_fix-LSA_EVENTS_censored_2/wherr_DMCC1624043_2_L_REML.func.gii
++ Output datase++ Output dataset /data/nil-external/ccp/freund/ub55/out/glms/DMCC1624043/RESULTS/Stroop/baseline_fix-LSA_EVENTS_censored_2/STATS_DMCC1624043_2_L_REML.func.gii
 + unloading input dataset and REML matrices
++ 3dREMLfit is all done! total CPU=0.00 Elapsed=81.50
