++ 3dREMLfit: AFNI version=AFNI_18.3.16 (Dec 11 2018) [64-bit]
++ Authored by: RWCox
++ GOFORIT ==> Matrix de-singularization is engaged!
++ Number of OpenMP threads = 15
++ No mask ==> computing for all 10242 voxels
++ -----  matrix condition (645x103):  6.29564  ++ VERY GOOD ++
++ Loading input dataset into memory
 + masked off 888 voxels for being all zero; 9354 left in mask
++ starting REML setup calculations; total CPU=0.00 Elapsed=1.61
 + X matrix: 15.683% of elements are nonzero
 + starting 15 OpenMP threads for REML setup
 + REML setup finished: matrix rows=645 cols=103; 109*1 cases; total CPU=0.00 Elapsed=11.02
 +  average case bandwidth = 13.07
++ REML voxel loop: [15 threads]0123456789.0123456789.0123456789.0123456789.01234567
 + ARMA voxel parameters estimated: total CPU=0.00 Elapsed=37.53
++ GLSQ loop:0123456789.0123456789.0123456789.0123456789.0123456789.
 + GLSQ regression done: total CPU=0.00 Elapsed=46.78
++ Output dataset /data/nil-external/ccp/freund/ub55/out/glms/165032/RESULTS/Cuedts/baseline_CongruencySwitch_EVENTS_censored_shifted_1/stats_var_165032_1_R_REML.func.gii
++ Output dataset /data/nil-external/ccp/freund/ub55/out/glms/165032/RESULTS/Cuedts/baseline_CongruencySwitch_EVENTS_censored_shifted_1/errts_165032_1_R_REML.func.gii
++ Output dataset /data/nil-external/ccp/freund/ub55/out/glms/165032/RESULTS/Cuedts/baseline_CongruencySwitch_EVENTS_censored_shifted_1/wherr_165032_1_R_REML.func.gii
++ Output dataset /data/nil-external/ccp/freund/ub55/out/glms/165032/RESULTS/Cuedts/baseline_CongruencySwitch_EVENTS_censored_shifted_1/STATS_165032_1_R_REML.func.gii
 + unloading input dataset and REML matrices
++ 3dREMLfit is all done! total CPU=0.00 Elapsed=51.38
