++ 3dREMLfit: AFNI version=AFNI_18.3.16 (Dec 11 2018) [64-bit]
++ Authored by: RWCox
++ GOFORIT ==> Matrix de-singularization is engaged!
++ Number of OpenMP threads = 15
++ No mask ==> computing for all 10242 voxels
++ -----  matrix condition (540x122):  5.02919  ++ VERY GOOD ++
++ Loading input dataset into memory
 + masked off 888 voxels for being all zero; 9354 left in mask
++ starting REML setup calculations; total CPU=0.00 Elapsed=0.89
 + X matrix: 12.810% of elements are nonzero
 + starting 15 OpenMP threads for REML setup
 + REML setup finished: matrix rows=540 cols=122; 109*1 cases; total CPU=0.00 Elapsed=5.71
 +  average case bandwidth = 13.12
++ REML voxel loop: [15 threads]0123456789.0123456789.0123456789.0123456789.01234567
 + ARMA voxel parameters estimated: total CPU=0.00 Elapsed=20.30
++ GLSQ loop:0123456789.0123456789.0123456789.0123456789.0123456789.
 + GLSQ regression done: total CPU=0.00 Elapsed=68.45
[7m** ERROR:[0m output dataset name 'stats_var_877168_2_L_REML.func.gii' conflicts with existing file
[7m** ERROR:[0m dataset NOT written to disk!
[7++ Output dataset /data/nil-external/ccp/freund/ub55/out/glms/877168/RESULTS/Stroop/baseline_fix-LSA_EVENTS_censored_2/errts_877168_2_L_REML.fun++ Out[7m** ERROR:[0m output dataset name 'wherr_877168_2_L_REML.func.gii' conflicts with existing file
[7m** ERROR:[0m dataset NOT written to dis++ Output dataset /data/nil-external/ccp/freund/ub55/out/glms/877168/RESULTS/Stroop/baseline_fix-LSA_EVENTS_censored_2/STATS_877168_2_L_REML.func.gii
 + unloading input dataset and REML matrices
++ 3dREMLfit is all done! total CPU=0.00 Elapsed=72.32
