++ 3dREMLfit: AFNI version=AFNI_18.3.16 (Dec 11 2018) [64-bit]
++ Authored by: RWCox
++ GOFORIT ==> Matrix de-singularization is engaged!
++ Number of OpenMP threads = 15
++ No mask ==> computing for all 10242 voxels
++ -----  matrix condition (608x128):  6.22153  ++ VERY GOOD ++
++ Loading input dataset into memory
 + masked off 888 voxels for being all zero; 9354 left in mask
++ starting REML setup calculations; total CPU=0.00 Elapsed=1.07
 + X matrix: 12.478% of elements are nonzero
 + starting 15 OpenMP threads for REML setup
 + REML setup finished: matrix rows=608 cols=128; 109*1 cases; total CPU=0.00 Elapsed=13.89
 +  average case bandwidth = 13.15
++ REML voxel loop: [15 threads]0123456789.0123456789.0123456789.0123456789.01234567
 + ARMA voxel parameters estimated: total CPU=0.00 Elapsed=39.27
++ GLSQ loop:0123456789.0123456789.0123456789.0123456789.0123456789.
 + GLSQ regression done: total CPU=0.00 Elapsed=50.14
++ Output dataset /data/nil-external/ccp/freund/ub55/out/glms/158136/RESULTS/Axcpt/baseline_Cues_EVENTS_censored_shifted_2/stats_var_158136_2_L_REML.func.gii
++ Output dataset /data/nil-external/ccp/freund/ub55/out/glms/158136/RESULTS/Axcpt/baseline_Cues_EVENTS_censored_shifted_2/errts_158136_2_L_REML.func.gii
++ Output dataset /data/nil-external/ccp/freund/ub55/out/glms/158136/RESULTS/Axcpt/baseline_Cues_EVENTS_censored_shifted_2/wherr_158136_2_L_REML.func.gii
++ Output dataset /data/nil-external/ccp/freund/ub55/out/glms/158136/RESULTS/Axcpt/baseline_Cues_EVENTS_censored_shifted_2/STATS_158136_2_L_REML.func.gii
 + unloading input dataset and REML matrices
++ 3dREMLfit is all done! total CPU=0.00 Elapsed=56.88
