++ 3dREMLfit: AFNI version=AFNI_18.3.16 (Dec 11 2018) [64-bit]
++ Authored by: RWCox
++ GOFORIT ==> Matrix de-singularization is engaged!
++ Number of OpenMP threads = 15
++ No mask ==> computing for all 10242 voxels
[7m** ERROR:[0m matrix column #22 is all zero!?
[7m** ERROR:[0m matrix column #23 is all zero!?
[7m** ERROR:[0m matrix column #27 is all zero!?
[7m** ERROR:[0m matrix column #28 is all zero!?
[7m** ERROR:[0m matrix column #33 is all zero!?
[7m** ERROR:[0m matrix column #35 is all zero!?
[7m** ERROR:[0m matrix column #36 is all zero!?
[7m** ERROR:[0m matrix column #40 is all zero!?
[7m** ERROR:[0m matrix column #41 is all zero!?
[7m** ERROR:[0m matrix column #45 is all zero!?
[7m** ERROR:[0m matrix column #46 is all zero!?
[7m** ERROR:[0m matrix column #49 is all zero!?
[7m*+ WARNING:[0m You said to GOFORIT, so here we GO!
 +          Note that a bunch of further WARNINGs will be generated below.
++ Denominator DOF increased from 479 to 491 to allow for all zero columns
++ -----  matrix condition (537x58):  3.79397  ++ VERY GOOD ++
[7m*+ WARNING:[0m !! in  matrix:
 * Largest singular value=2.03417
 * 12 singular values are less than cutoff=2.03417e-07
 * Implies strong collinearity in the matrix columns! 
++  matrix singular values:
             0             0             0             0             0
             0   7.28231e-09   1.14837e-08   1.32517e-08   1.68983e-08
   2.03619e-08   2.34456e-08      0.141318      0.182162      0.231835
      0.276542       0.35786      0.490253      0.546899      0.720949
       0.74515      0.761494      0.802184      0.841546      0.854042
       0.87263      0.887027      0.912423      0.921561      0.933742
      0.948553      0.958582      0.980115      0.988262      0.996253
      0.999657             1       1.00004       1.00007       1.00013
       1.00033       1.00322       1.00632       1.01047        1.0219
       1.03145       1.05053       1.06241       1.08176       1.11755
        1.1223       1.14153       1.14715       1.19606       1.28361
       1.47081       1.87204       2.03417
[7m*+ WARNING:[0m -GOFORIT ==> Charging ahead into battle!
 +                   ==> Check results carefully!
++ Editing GLT matrices for all zero X matrix columns
 + Removed 12 all zero rows from GLT matrix 'Full'; numerator DOF changes from 46 to 34
 + GLT matrix 'blackPINK' is all zero!
 + GLT matrix 'blackYELLOW' is all zero!
 + GLT matrix 'blueWHITE' is all zero!
 + GLT matrix 'greenBLACK' is all zero!
 + GLT matrix 'pinkGREEN' is all zero!
 + GLT matrix 'pinkYELLOW' is all zero!
 + GLT matrix 'purpleBLUE' is all zero!
 + GLT matrix 'redBLUE' is all zero!
 + GLT matrix 'redPURPLE' is all zero!
 + GLT matrix 'whitePURPLE' is all zero!
 + GLT matrix 'whiteRED' is all zero!
 + GLT matrix 'yellowGREEN' is all zero!
++ Loading input dataset into memory
 + masked off 881 voxels for being all zero; 9361 left in mask
++ starting REML setup calculations; total CPU=0.00 Elapsed=4.19
 + X matrix: 26.909% of elements are nonzero
[7m*+ WARNING:[0m -----
[7m*+ WARNING:[0m QR decomposition of [R]^(-1/2) [X] had 12 collinearity problems
[7m*+ WARNING:[0m -----
 + starting 15 OpenMP threads for REML setup
 + REML setup finished: matrix rows=537 cols=58; 109*1 cases; total CPU=0.00 Elapsed=8.09
 +  average case bandwidth = 13.07
++ REML voxel loop: [15 threads]0123456789.0123456789.0123456789.0123456789.01234567
 + ARMA voxel parameters estimated: total CPU=0.00 Elapsed=38.78
++ GLSQ loop:[7m*+ WARNING:[0m GLT setup 58x1 matrix is all zero?
0123456789.0123456789.0123456789.0123456789.0123456789.
 + GLSQ regression done: total CPU=0.00 Elapsed=68.93
++ Output dataset /data/nil-external/ccp/freund/ub55/out/glms/DMCC5195268/RESULTS/Stroop/baseline_fix-item_EVENTS_censored_2/stats_var_DMCC5195268_2_R_REML.func.gii
++ Output dataset /data/nil-external/ccp/freund/ub55/out/glms/DMCC5195268/RESULTS/Stroop/baseline_fix-item_EVENTS_censored_2/errts_DMCC5195268_2_R_REML.func.gii
++ Output dataset /data/nil-external/ccp/freund/ub55/out/glms/DMCC5195268/RESULTS/Stroop/baseline_fix-item_EVENTS_censored_2/wherr_DMCC5195268_2_R_REML.func.gii
[7m*+ WARNING:[0m Zero-ed 112332 float errors in dataset /data/nil-external/ccp/freund/ub55/out/glms/DMCC5195268/RESULTS/Stroop/baseline_fix-item_EVENTS_censored_2/STATS_DMCC5195268_2_R_REML.func.gii
 +    Float errors include NaN and Infinity values
 +    ==> Check matrix setup! Check inputs! Check results!
++ Output dataset /data/nil-external/ccp/freund/ub55/out/glms/DMCC5195268/RESULTS/Stroop/baseline_fix-item_EVENTS_censored_2/STATS_DMCC5195268_2_R_REML.func.gii
 + unloading input dataset and REML matrices
++ 3dREMLfit is all done! total CPU=0.00 Elapsed=77.25
