++ 3dREMLfit: AFNI version=AFNI_18.3.16 (Dec 11 2018) [64-bit]
++ Authored by: RWCox
++ GOFORIT ==> Matrix de-singularization is engaged!
++ Number of OpenMP threads = 15
++ No mask ==> computing for all 10242 voxels
++ -----  matrix condition (604x128):  5.71647  ++ VERY GOOD ++
++ Loading input dataset into memory
 + masked off 881 voxels for being all zero; 9361 left in mask
++ starting REML setup calculations; total CPU=0.00 Elapsed=1.79
 + X matrix: 12.640% of elements are nonzero
 + starting 15 OpenMP threads for REML setup
 + REML setup finished: matrix rows=604 cols=128; 109*1 cases; total CPU=0.00 Elapsed=19.77
 +  average case bandwidth = 13.04
++ REML voxel loop: [15 threads]0123456789.0123456789.0123456789.0123456789.01234567
 + ARMA voxel parameters estimated: total CPU=0.00 Elapsed=54.12
++ GLSQ loop:0123456789.0123456789.0123456789.0123456789.0123456789.
 + GLSQ regression done: total CPU=0.00 Elapsed=68.29
++ Output dataset /data/nil-external/ccp/freund/ub55/out/glms/DMCC5065053/RESULTS/Axcpt/baseline_Cues_EVENTS_censored_shifted_1/stats_var_DMCC5065053_1_L_REML.func.gii
++ Output dataset /data/nil-external/ccp/freund/ub55/out/glms/DMCC5065053/RESULTS/Axcpt/baseline_Cues_EVENTS_censored_shifted_1/errts_DMCC5065053_1_L_REML.func.gii
++ Output dataset /data/nil-external/ccp/freund/ub55/out/glms/DMCC5065053/RESULTS/Axcpt/baseline_Cues_EVENTS_censored_shifted_1/wherr_DMCC5065053_1_L_REML.func.gii
++ Output dataset /data/nil-external/ccp/freund/ub55/out/glms/DMCC5065053/RESULTS/Axcpt/baseline_Cues_EVENTS_censored_shifted_1/STATS_DMCC5065053_1_L_REML.func.gii
 + unloading input dataset and REML matrices
++ 3dREMLfit is all done! total CPU=0.00 Elapsed=78.16
