++ 3dREMLfit: AFNI version=AFNI_18.3.16 (Dec 11 2018) [64-bit]
++ Authored by: RWCox
++ GOFORIT ==> Matrix de-singularization is engaged!
++ Number of OpenMP threads = 15
++ No mask ==> computing for all 10242 voxels
++ -----  matrix condition (572x127):  3.27999  ++ VERY GOOD ++
++ Loading input dataset into memory
 + masked off 881 voxels for being all zero; 9361 left in mask
++ starting REML setup calculations; total CPU=0.00 Elapsed=3.32
 + X matrix: 12.031% of elements are nonzero
 + starting 15 OpenMP threads for REML setup
 + REML setup finished: matrix rows=572 cols=127; 109*1 cases; total CPU=0.00 Elapsed=8.37
 +  average case bandwidth = 12.42
++ REML voxel loop: [15 threads]0123456789.0123456789.0123456789.0123456789.01234567
 + ARMA voxel parameters estimated: total CPU=0.00 Elapsed=19.60
++ GLSQ loop:0123456789.0123456789.0123456789.0123456789.0123456789.
 + GLSQ regression done: total CPU=0.00 Elapsed=29.40
++ Output dataset /data/nil-external/ccp/freund/ub55/out/glms/123117/RESULTS/Axcpt/baseline_Cues_EVENTS_censored_shifted_noblock_2/stats_var_123117_2_R_REML.func.gii
++ Output dataset /data/nil-external/ccp/freund/ub55/out/glms/123117/RESULTS/Axcpt/baseline_Cues_EVENTS_censored_shifted_noblock_2/errts_123117_2_R_REML.func.gii
++ Output dataset /data/nil-external/ccp/freund/ub55/out/glms/123117/RESULTS/Axcpt/baseline_Cues_EVENTS_censored_shifted_noblock_2/wherr_123117_2_R_REML.func.gii
++ Output dataset /data/nil-external/ccp/freund/ub55/out/glms/123117/RESULTS/Axcpt/baseline_Cues_EVENTS_censored_shifted_noblock_2/STATS_123117_2_R_REML.func.gii
 + unloading input dataset and REML matrices
++ 3dREMLfit is all done! total CPU=0.00 Elapsed=33.60
