*+ WARNING: '-stim_times 7' didn't read any good times from file '/data/nil-external/ccp/freund/ub55/out/glms/DMCC5065053/INPUT_DATA/Axcpt/baseline/DMCC5065053_Axcpt_baseline_H_ng_shifted.txt'
*+ WARNING: '-stim_times 12' didn't read any good times from file '/data/nil-external/ccp/freund/ub55/out/glms/DMCC5065053/INPUT_DATA/Axcpt/baseline/DMCC5065053_Axcpt_baseline_U_ng_shifted.txt'
*+ WARNING: -stim_times 7 has all times equal to '*' ?!?!
*+ WARNING: !! '-stim_times 7' file '/data/nil-external/ccp/freund/ub55/out/glms/DMCC5065053/INPUT_DATA/Axcpt/baseline/DMCC5065053_Axcpt_baseline_H_ng_shifted.txt' has no good stimulus time values
*+ WARNING: -stim_times 12 has all times equal to '*' ?!?!
*+ WARNING: !! '-stim_times 12' file '/data/nil-external/ccp/freund/ub55/out/glms/DMCC5065053/INPUT_DATA/Axcpt/baseline/DMCC5065053_Axcpt_baseline_U_ng_shifted.txt' has no good stimulus time values
*+ WARNING: -------------------------------------------------
*+ WARNING: Problems with the X matrix columns, listed below:
*+ WARNING: !! * Column 94 [H_ng#0] is all zeros
*+ WARNING: !! * Column 95 [H_ng#1] is all zeros
*+ WARNING: !! * Column 96 [H_ng#2] is all zeros
*+ WARNING: !! * Column 97 [H_ng#3] is all zeros
*+ WARNING: !! * Column 98 [H_ng#4] is all zeros
*+ WARNING: !! * Column 99 [H_ng#5] is all zeros
*+ WARNING: !! * Column 100 [H_ng#6] is all zeros
*+ WARNING: !! * Column 101 [H_ng#7] is all zeros
*+ WARNING: !! * Column 102 [H_ng#8] is all zeros
*+ WARNING: !! * Column 103 [H_ng#9] is all zeros
*+ WARNING: !! * Column 104 [H_ng#10] is all zeros
*+ WARNING: !! * Column 105 [H_ng#11] is all zeros
*+ WARNING: !! * Column 106 [H_ng#12] is all zeros
*+ WARNING: !! * Column 107 [H_ng#13] is all zeros
*+ WARNING: !! * Column 108 [H_ng#14] is all zeros
*+ WARNING: !! * Column 109 [H_ng#15] is all zeros
*+ WARNING: !! * Column 110 [H_ng#16] is all zeros
*+ WARNING: !! * Column 179 [U_ng#0] is all zeros
*+ WARNING: !! * Column 180 [U_ng#1] is all zeros
*+ WARNING: !! * Column 181 [U_ng#2] is all zeros
*+ WARNING: !! * Column 182 [U_ng#3] is all zeros
*+ WARNING: !! * Column 183 [U_ng#4] is all zeros
*+ WARNING: !! * Column 184 [U_ng#5] is all zeros
*+ WARNING: !! * Column 185 [U_ng#6] is all zeros
*+ WARNING: !! * Column 186 [U_ng#7] is all zeros
*+ WARNING: !! * Column 187 [U_ng#8] is all zeros
*+ WARNING: !! * Column 188 [U_ng#9] is all zeros
*+ WARNING: !! * Column 189 [U_ng#10] is all zeros
*+ WARNING: !! * Column 190 [U_ng#11] is all zeros
*+ WARNING: !! * Column 191 [U_ng#12] is all zeros
*+ WARNING: !! * Column 192 [U_ng#13] is all zeros
*+ WARNING: !! * Column 193 [U_ng#14] is all zeros
*+ WARNING: !! * Column 194 [U_ng#15] is all zeros
*+ WARNING: !! * Column 195 [U_ng#16] is all zeros
*+ WARNING: -------------------------------------------------
*+ WARNING: !! in Signal+Baseline matrix:
 * Largest singular value=2.3672
 * 34 singular values are less than cutoff=2.3672e-07
 * Implies strong collinearity in the matrix columns! 
*+ WARNING: !! in Signal-only matrix:
 * Largest singular value=1.87925
 * 34 singular values are less than cutoff=1.87925e-07
 * Implies strong collinearity in the matrix columns! 
