*+ WARNING: '-stim_times 9' didn't read any good times from file '/data/nil-external/ccp/freund/ub55/out/glms/393550/INPUT_DATA/Axcpt/baseline/393550_Axcpt_baseline_N_ng_shifted.txt'
*+ WARNING: '-stim_times 12' didn't read any good times from file '/data/nil-external/ccp/freund/ub55/out/glms/393550/INPUT_DATA/Axcpt/baseline/393550_Axcpt_baseline_U_ng_shifted.txt'
*+ WARNING: -stim_times 9 has all times equal to '*' ?!?!
*+ WARNING: !! '-stim_times 9' file '/data/nil-external/ccp/freund/ub55/out/glms/393550/INPUT_DATA/Axcpt/baseline/393550_Axcpt_baseline_N_ng_shifted.txt' has no good stimulus time values
*+ WARNING: -stim_times 12 has all times equal to '*' ?!?!
*+ WARNING: !! '-stim_times 12' file '/data/nil-external/ccp/freund/ub55/out/glms/393550/INPUT_DATA/Axcpt/baseline/393550_Axcpt_baseline_U_ng_shifted.txt' has no good stimulus time values
*+ WARNING: -------------------------------------------------
*+ WARNING: Problems with the X matrix columns, listed below:
*+ WARNING: !! * Column 128 [N_ng#0] is all zeros
*+ WARNING: !! * Column 129 [N_ng#1] is all zeros
*+ WARNING: !! * Column 130 [N_ng#2] is all zeros
*+ WARNING: !! * Column 131 [N_ng#3] is all zeros
*+ WARNING: !! * Column 132 [N_ng#4] is all zeros
*+ WARNING: !! * Column 133 [N_ng#5] is all zeros
*+ WARNING: !! * Column 134 [N_ng#6] is all zeros
*+ WARNING: !! * Column 135 [N_ng#7] is all zeros
*+ WARNING: !! * Column 136 [N_ng#8] is all zeros
*+ WARNING: !! * Column 137 [N_ng#9] is all zeros
*+ WARNING: !! * Column 138 [N_ng#10] is all zeros
*+ WARNING: !! * Column 139 [N_ng#11] is all zeros
*+ WARNING: !! * Column 140 [N_ng#12] is all zeros
*+ WARNING: !! * Column 141 [N_ng#13] is all zeros
*+ WARNING: !! * Column 142 [N_ng#14] is all zeros
*+ WARNING: !! * Column 143 [N_ng#15] is all zeros
*+ WARNING: !! * Column 144 [N_ng#16] is all zeros
*+ WARNING: !! * Column 179 [U_ng#0] is all zeros
*+ WARNING: !! * Column 180 [U_ng#1] is all zeros
*+ WARNING: !! * Column 181 [U_ng#2] is all zeros
*+ WARNING: !! * Column 182 [U_ng#3] is all zeros
*+ WARNING: !! * Column 183 [U_ng#4] is all zeros
*+ WARNING: !! * Column 184 [U_ng#5] is all zeros
*+ WARNING: !! * Column 185 [U_ng#6] is all zeros
*+ WARNING: !! * Column 186 [U_ng#7] is all zeros
*+ WARNING: !! * Column 187 [U_ng#8] is all zeros
*+ WARNING: !! * Column 188 [U_ng#9] is all zeros
*+ WARNING: !! * Column 189 [U_ng#10] is all zeros
*+ WARNING: !! * Column 190 [U_ng#11] is all zeros
*+ WARNING: !! * Column 191 [U_ng#12] is all zeros
*+ WARNING: !! * Column 192 [U_ng#13] is all zeros
*+ WARNING: !! * Column 193 [U_ng#14] is all zeros
*+ WARNING: !! * Column 194 [U_ng#15] is all zeros
*+ WARNING: !! * Column 195 [U_ng#16] is all zeros
*+ WARNING: !! * Columns 295 [M_X#14] and 315 [P_X#0] are (nearly?) collinear!
*+ WARNING: !! * Columns 296 [M_X#15] and 316 [P_X#1] are (nearly?) collinear!
*+ WARNING: !! * Columns 297 [M_X#16] and 317 [P_X#2] are (nearly?) collinear!
*+ WARNING: -------------------------------------------------
*+ WARNING: !! in Signal+Baseline matrix:
 * Largest singular value=2.11964
 * 37 singular values are less than cutoff=2.11964e-07
 * Implies strong collinearity in the matrix columns! 
*+ WARNING: !! in Signal-only matrix:
 * Largest singular value=1.87732
 * 37 singular values are less than cutoff=1.87732e-07
 * Implies strong collinearity in the matrix columns! 
