++ 3dREMLfit: AFNI version=AFNI_18.3.16 (Dec 11 2018) [64-bit]
++ Authored by: RWCox
++ GOFORIT ==> Matrix de-singularization is engaged!
++ Number of OpenMP threads = 15
++ No mask ==> computing for all 10242 voxels
++ -----  matrix condition (539x122):  5.3397  ++ VERY GOOD ++
++ Loading input dataset into memory
 + masked off 888 voxels for being all zero; 9354 left in mask
++ starting REML setup calculations; total CPU=0.00 Elapsed=0.66
 + X matrix: 12.808% of elements are nonzero
 + starting 15 OpenMP threads for REML setup
 + REML setup finished: matrix rows=539 cols=122; 109*1 cases; total CPU=0.00 Elapsed=4.98
 +  average case bandwidth = 13.10
++ REML voxel loop: [15 threads]0123456789.0123456789.0123456789.0123456789.01234567
 + ARMA voxel parameters estimated: total CPU=0.00 Elapsed=17.51
++ GLSQ loop:0123456789.0123456789.0123456789.0123456789.0123456789.
 + GLSQ regression done: total CPU=0.00 Elapsed=26.88
[7m** ERROR:[0m output dataset name 'stats_var_DMCC9441378_1_R_REML.func.gii' conflicts with existing file
[7m** ERROR:[0m dataset NOT written to disk!
[7m** E++ Output dataset /data/nil-external/ccp/freund/ub55/out/glms/DMCC9441378/RESULTS/Stroop/baseline_fix-LSA_EVENTS_censored_1/errts_DMCC9441378_1_++ Output dataset /data/nil-external/ccp/freund/ub55/out/glms/DMCC9441378/RESULTS/Stroop/baseline_fix-LSA_EVENTS_censored_1/wherr_DMCC9441378_1_R_REML.func.gii
++ Outpu++ Output dataset /data/nil-external/ccp/freund/ub55/out/glms/DMCC9441378/RESULTS/Stroop/baseline_fix-LSA_EVENTS_censored_1/STATS_DMCC9441378_1_R_REML.f + unloa + unloading input dataset and REML m++ 3dREM++ 3dREMLfit is all done! total CPU=0.00 Elapsed=29.69
