++ 3dREMLfit: AFNI version=AFNI_18.3.16 (Dec 11 2018) [64-bit]
++ Authored by: RWCox
++ GOFORIT ==> Matrix de-singularization is engaged!
++ Number of OpenMP threads = 15
++ No mask ==> computing for all 10242 voxels
++ -----  matrix condition (648x103):  4.16578  ++ VERY GOOD ++
++ Loading input dataset into memory
 + masked off 881 voxels for being all zero; 9361 left in mask
++ starting REML setup calculations; total CPU=0.00 Elapsed=4.48
 + X matrix: 15.849% of elements are nonzero
 + starting 15 OpenMP threads for REML setup
 + REML setup finished: matrix rows=648 cols=103; 109*1 cases; total CPU=0.00 Elapsed=18.07
 +  average case bandwidth = 13.12
++ REML voxel loop: [15 threads]0123456789.0123456789.0123456789.0123456789.01234567
 + ARMA voxel parameters estimated: total CPU=0.00 Elapsed=53.13
++ GLSQ loop:0123456789.0123456789.0123456789.0123456789.0123456789.
 + GLSQ regression done: total CPU=0.00 Elapsed=65.66
++ Output dataset /data/nil-external/ccp/freund/ub55/out/glms/877168/RESULTS/Cuedts/baseline_CongruencySwitch_EVENTS_censored_shifted_2/stats_var_877168_2_R_REML.func.gii
++ Output dataset /data/nil-external/ccp/freund/ub55/out/glms/877168/RESULTS/Cuedts/baseline_CongruencySwitch_EVENTS_censored_shifted_2/errts_877168_2_R_REML.func.gii
++ Output dataset /data/nil-external/ccp/freund/ub55/out/glms/877168/RESULTS/Cuedts/baseline_CongruencySwitch_EVENTS_censored_shifted_2/wherr_877168_2_R_REML.func.gii
++ Output dataset /data/nil-external/ccp/freund/ub55/out/glms/877168/RESULTS/Cuedts/baseline_CongruencySwitch_EVENTS_censored_shifted_2/STATS_877168_2_R_REML.func.gii
 + unloading input dataset and REML matrices
++ 3dREMLfit is all done! total CPU=0.00 Elapsed=74.61
