++ 3dREMLfit: AFNI version=AFNI_18.3.16 (Dec 11 2018) [64-bit]
++ Authored by: RWCox
++ GOFORIT ==> Matrix de-singularization is engaged!
++ Number of OpenMP threads = 15
++ No mask ==> computing for all 10242 voxels
++ -----  matrix condition (610x128):  5.31505  ++ VERY GOOD ++
++ Loading input dataset into memory
 + masked off 881 voxels for being all zero; 9361 left in mask
++ starting REML setup calculations; total CPU=0.00 Elapsed=5.25
 + X matrix: 12.512% of elements are nonzero
 + starting 15 OpenMP threads for REML setup
 + REML setup finished: matrix rows=610 cols=128; 109*1 cases; total CPU=0.00 Elapsed=20.64
 +  average case bandwidth = 13.15
++ REML voxel loop: [15 threads]0123456789.0123456789.0123456789.0123456789.01234567
 + ARMA voxel parameters estimated: total CPU=0.00 Elapsed=42.10
++ GLSQ loop:0123456789.0123456789.0123456789.0123456789.0123456789.
 + GLSQ regression done: total CPU=0.00 Elapsed=51.00
++ Output dataset /data/nil-external/ccp/freund/ub55/out/glms/601127/RESULTS/Axcpt/baseline_Cues_EVENTS_censored_shifted_1/stats_var_601127_1_R_REML.func.gii
++ Output dataset /data/nil-external/ccp/freund/ub55/out/glms/601127/RESULTS/Axcpt/baseline_Cues_EVENTS_censored_shifted_1/errts_601127_1_R_REML.func.gii
++ Output dataset /data/nil-external/ccp/freund/ub55/out/glms/601127/RESULTS/Axcpt/baseline_Cues_EVENTS_censored_shifted_1/wherr_601127_1_R_REML.func.gii
++ Output dataset /data/nil-external/ccp/freund/ub55/out/glms/601127/RESULTS/Axcpt/baseline_Cues_EVENTS_censored_shifted_1/STATS_601127_1_R_REML.func.gii
 + unloading input dataset and REML matrices
++ 3dREMLfit is all done! total CPU=0.00 Elapsed=58.06
