++ 3dREMLfit: AFNI version=AFNI_18.3.16 (Dec 11 2018) [64-bit]
++ Authored by: RWCox
++ GOFORIT ==> Matrix de-singularization is engaged!
++ Number of OpenMP threads = 15
++ No mask ==> computing for all 10242 voxels
++ -----  matrix condition (650x179):  6.10611  ++ VERY GOOD ++
++ Loading input dataset into memory
 + masked off 881 voxels for being all zero; 9361 left in mask
++ starting REML setup calculations; total CPU=0.00 Elapsed=1.55
 + X matrix: 9.266% of elements are nonzero
 + starting 15 OpenMP threads for REML setup
 + REML setup finished: matrix rows=650 cols=179; 109*1 cases; total CPU=0.00 Elapsed=6.98
 +  average case bandwidth = 13.16
++ REML voxel loop: [15 threads]0123456789.0123456789.0123456789.0123456789.01234567
 + ARMA voxel parameters estimated: total CPU=0.00 Elapsed=15.31
++ GLSQ loop:0123456789.0123456789.0123456789.0123456789.0123456789.
 + GLSQ regression done: total CPU=0.00 Elapsed=28.10
++ Output dataset /data/nil-external/ccp/freund/ub55/out/glms/107321/RESULTS/Cuedts/baseline_cueletnum_EVENTS_censored_shifted_1/stats_var_107321_1_R_REML.func.gii
++ Output dataset /data/nil-external/ccp/freund/ub55/out/glms/107321/RESULTS/Cuedts/baseline_cueletnum_EVENTS_censored_shifted_1/errts_107321_1_R_REML.func.gii
++ Output dataset /data/nil-external/ccp/freund/ub55/out/glms/107321/RESULTS/Cuedts/baseline_cueletnum_EVENTS_censored_shifted_1/wherr_107321_1_R_REML.func.gii
++ Output dataset /data/nil-external/ccp/freund/ub55/out/glms/107321/RESULTS/Cuedts/baseline_cueletnum_EVENTS_censored_shifted_1/STATS_107321_1_R_REML.func.gii
 + unloading input dataset and REML matrices
++ 3dREMLfit is all done! total CPU=0.00 Elapsed=31.90
