*+ WARNING: '-stim_times 5' didn't read any good times from file '/data/nil-external/ccp/freund/ub55/out/glms/DMCC5775387/INPUT_DATA/Axcpt/baseline/DMCC5775387_Axcpt_baseline_D_ng_shifted.txt'
*+ WARNING: '-stim_times 6' didn't read any good times from file '/data/nil-external/ccp/freund/ub55/out/glms/DMCC5775387/INPUT_DATA/Axcpt/baseline/DMCC5775387_Axcpt_baseline_F_ng_shifted.txt'
*+ WARNING: '-stim_times 10' didn't read any good times from file '/data/nil-external/ccp/freund/ub55/out/glms/DMCC5775387/INPUT_DATA/Axcpt/baseline/DMCC5775387_Axcpt_baseline_P_ng_shifted.txt'
*+ WARNING: -stim_times 5 has all times equal to '*' ?!?!
*+ WARNING: !! '-stim_times 5' file '/data/nil-external/ccp/freund/ub55/out/glms/DMCC5775387/INPUT_DATA/Axcpt/baseline/DMCC5775387_Axcpt_baseline_D_ng_shifted.txt' has no good stimulus time values
*+ WARNING: -stim_times 6 has all times equal to '*' ?!?!
*+ WARNING: !! '-stim_times 6' file '/data/nil-external/ccp/freund/ub55/out/glms/DMCC5775387/INPUT_DATA/Axcpt/baseline/DMCC5775387_Axcpt_baseline_F_ng_shifted.txt' has no good stimulus time values
*+ WARNING: -stim_times 10 has all times equal to '*' ?!?!
*+ WARNING: !! '-stim_times 10' file '/data/nil-external/ccp/freund/ub55/out/glms/DMCC5775387/INPUT_DATA/Axcpt/baseline/DMCC5775387_Axcpt_baseline_P_ng_shifted.txt' has no good stimulus time values
*+ WARNING: -------------------------------------------------
*+ WARNING: Problems with the X matrix columns, listed below:
*+ WARNING: !! * Column 60 [D_ng#0] is all zeros
*+ WARNING: !! * Column 61 [D_ng#1] is all zeros
*+ WARNING: !! * Column 62 [D_ng#2] is all zeros
*+ WARNING: !! * Column 63 [D_ng#3] is all zeros
*+ WARNING: !! * Column 64 [D_ng#4] is all zeros
*+ WARNING: !! * Column 65 [D_ng#5] is all zeros
*+ WARNING: !! * Column 66 [D_ng#6] is all zeros
*+ WARNING: !! * Column 67 [D_ng#7] is all zeros
*+ WARNING: !! * Column 68 [D_ng#8] is all zeros
*+ WARNING: !! * Column 69 [D_ng#9] is all zeros
*+ WARNING: !! * Column 70 [D_ng#10] is all zeros
*+ WARNING: !! * Column 71 [D_ng#11] is all zeros
*+ WARNING: !! * Column 72 [D_ng#12] is all zeros
*+ WARNING: !! * Column 73 [D_ng#13] is all zeros
*+ WARNING: !! * Column 74 [D_ng#14] is all zeros
*+ WARNING: !! * Column 75 [D_ng#15] is all zeros
*+ WARNING: !! * Column 76 [D_ng#16] is all zeros
*+ WARNING: !! * Column 77 [F_ng#0] is all zeros
*+ WARNING: !! * Column 78 [F_ng#1] is all zeros
*+ WARNING: !! * Column 79 [F_ng#2] is all zeros
*+ WARNING: !! * Column 80 [F_ng#3] is all zeros
*+ WARNING: !! * Column 81 [F_ng#4] is all zeros
*+ WARNING: !! * Column 82 [F_ng#5] is all zeros
*+ WARNING: !! * Column 83 [F_ng#6] is all zeros
*+ WARNING: !! * Column 84 [F_ng#7] is all zeros
*+ WARNING: !! * Column 85 [F_ng#8] is all zeros
*+ WARNING: !! * Column 86 [F_ng#9] is all zeros
*+ WARNING: !! * Column 87 [F_ng#10] is all zeros
*+ WARNING: !! * Column 88 [F_ng#11] is all zeros
*+ WARNING: !! * Column 89 [F_ng#12] is all zeros
*+ WARNING: !! * Column 90 [F_ng#13] is all zeros
*+ WARNING: !! * Column 91 [F_ng#14] is all zeros
*+ WARNING: !! * Column 92 [F_ng#15] is all zeros
*+ WARNING: !! * Column 93 [F_ng#16] is all zeros
*+ WARNING: !! * Column 145 [P_ng#0] is all zeros
*+ WARNING: !! * Column 146 [P_ng#1] is all zeros
*+ WARNING: !! * Column 147 [P_ng#2] is all zeros
*+ WARNING: !! * Column 148 [P_ng#3] is all zeros
*+ WARNING: !! * Column 149 [P_ng#4] is all zeros
*+ WARNING: !! * Column 150 [P_ng#5] is all zeros
*+ WARNING: !! * Column 151 [P_ng#6] is all zeros
*+ WARNING: !! * Column 152 [P_ng#7] is all zeros
*+ WARNING: !! * Column 153 [P_ng#8] is all zeros
*+ WARNING: !! * Column 154 [P_ng#9] is all zeros
*+ WARNING: !! * Column 155 [P_ng#10] is all zeros
*+ WARNING: !! * Column 156 [P_ng#11] is all zeros
*+ WARNING: !! * Column 157 [P_ng#12] is all zeros
*+ WARNING: !! * Column 158 [P_ng#13] is all zeros
*+ WARNING: !! * Column 159 [P_ng#14] is all zeros
*+ WARNING: !! * Column 160 [P_ng#15] is all zeros
*+ WARNING: !! * Column 161 [P_ng#16] is all zeros
*+ WARNING: -------------------------------------------------
*+ WARNING: !! in Signal+Baseline matrix:
 * Largest singular value=2.11338
 * 51 singular values are less than cutoff=2.11338e-07
 * Implies strong collinearity in the matrix columns! 
*+ WARNING: !! in Signal-only matrix:
 * Largest singular value=1.88002
 * 51 singular values are less than cutoff=1.88002e-07
 * Implies strong collinearity in the matrix columns! 
