++ 3dREMLfit: AFNI version=AFNI_18.3.16 (Dec 11 2018) [64-bit]
++ Authored by: RWCox
++ GOFORIT ==> Matrix de-singularization is engaged!
++ Number of OpenMP threads = 15
++ No mask ==> computing for all 10242 voxels
++ -----  matrix condition (1300x642):  6.79345  ++ VERY GOOD ++
++ Loading input dataset into memory
 + masked off 881 voxels for being all zero; 9361 left in mask
++ starting REML setup calculations; total CPU=0.00 Elapsed=8.13
 + X matrix: 2.501% of elements are nonzero
 + starting 15 OpenMP threads for REML setup
 + REML setup finished: matrix rows=1300 cols=642; 109*1 cases; total CPU=0.00 Elapsed=619.06
 +  average case bandwidth = 13.16
++ REML voxel loop: [15 threads]0123456789.0123456789.0123456789.0123456789.01234567
 + ARMA voxel parameters estimated: total CPU=0.00 Elapsed=684.80
++ GLSQ loop:0123456789.0123456789.0123456789.0123456789.0123456789.
 + GLSQ regression done: total CPU=0.00 Elapsed=1540.50
++ Output dataset /data/nil-external/ccp/freund/ub55/out/glms/849971/RESULTS/Cuedts/baseline_aggressive1_EVENTS_censored_shifted/stats_var_849971_R_REML.func.gii
++ Output dataset /data/nil-external/ccp/freund/ub55/out/glms/849971/RESULTS/Cuedts/baseline_aggressive1_EVENTS_censored_shifted/errts_849971_R_REML.func.gii
++ Output dataset /data/nil-external/ccp/freund/ub55/out/glms/849971/RESULTS/Cuedts/baseline_aggressive1_EVENTS_censored_shifted/wherr_849971_R_REML.func.gii
++ Output dataset /data/nil-external/ccp/freund/ub55/out/glms/849971/RESULTS/Cuedts/baseline_aggressive1_EVENTS_censored_shifted/STATS_849971_R_REML.func.gii
 + unloading input dataset and REML matrices
++ 3dREMLfit is all done! total CPU=0.00 Elapsed=1547.91
