++ 3dREMLfit: AFNI version=AFNI_18.3.16 (Dec 11 2018) [64-bit]
++ Authored by: RWCox
++ GOFORIT ==> Matrix de-singularization is engaged!
++ Number of OpenMP threads = 15
++ No mask ==> computing for all 10242 voxels
++ -----  matrix condition (536x122):  6.31593  ++ VERY GOOD ++
++ Loading input dataset into memory
 + masked off 881 voxels for being all zero; 9361 left in mask
++ starting REML setup calculations; total CPU=0.00 Elapsed=0.66
 + X matrix: 12.803% of elements are nonzero
 + starting 15 OpenMP threads for REML setup
 + REML setup finished: matrix rows=536 cols=122; 109*1 cases; total CPU=0.00 Elapsed=5.01
 +  average case bandwidth = 13.03
++ REML voxel loop: [15 threads]0123456789.0123456789.0123456789.0123456789.01234567
 + ARMA voxel parameters estimated: total CPU=0.00 Elapsed=16.70
++ GLSQ loop:0123456789.0123456789.0123456789.0123456789.0123456789.
 + GLSQ regression done: total CPU=0.00 Elapsed=24.32
[7m** ERROR:[0m output dataset name 'stats_var_DMCC8050964_2_R_REML.func.gii' conflicts with existing file
[7m** ERROR:[0m dataset NOT written to disk!
[7m** E++ Output dataset /data/nil-external/ccp/freund/ub55/out/glms/DMCC8050964/RESULTS/Stroop/baseline_fix-LSA_EVENTS_censored_2/errts_DMCC8050964_2_++ Output dataset /data/nil-external/ccp/freund/ub55/out/glms/DMCC8050964/RESULTS/Stroop/baseline_fix-LSA_EVENTS_censored_2/wherr_DMCC8050964_2_R_REML.func.gii
++ Outpu++ Output dataset /data/nil-external/ccp/freund/ub55/out/glms/DMCC8050964/RESULTS/Stroop/baseline_fix-LSA_EVENTS_censored_2/STATS_DMCC8050964_2_R_REML.func.gii
 + unloading input dataset and REML matrices
++ 3dREMLfit is all done! total CPU=0.00 Elapsed=26.69
