++ 3dREMLfit: AFNI version=AFNI_18.3.16 (Dec 11 2018) [64-bit]
++ Authored by: RWCox
++ GOFORIT ==> Matrix de-singularization is engaged!
++ Number of OpenMP threads = 15
++ No mask ==> computing for all 10242 voxels
++ -----  matrix condition (1300x642):  6.86671  ++ VERY GOOD ++
++ Loading input dataset into memory
 + masked off 881 voxels for being all zero; 9361 left in mask
++ starting REML setup calculations; total CPU=0.00 Elapsed=10.50
 + X matrix: 2.508% of elements are nonzero  + starting 15 OpenMP threads for REML setup  + REML setup finished: matrix rows=1300 cols=642; 109*1 cases; total CPU=0.00 Elapsed=641.89
 +  average case bandwidth = 13.16
++ REML voxel loop: [15 threads]023456789.0123456789.0123456789.0123456789.01234567
 + ARMA voxel parameters estimated: total CPU=0.00 Elapsed=703.22
++ GLSQ loop:00123456789.0123456789.0123456789.0123456789.0123456789.
 + GLSQ regression done: total CPU=0.00 Elapsed=1605.11
++ Output dataset /data/nil-external/ccp/freund/ub55/out/glms/DMCC6627478/RESULTS/Cuedts/baseline_aggressive1_EVENTS_censored_shifted/stats_var_DMCC6627478_R_REML.func.gii
++ Output dataset /data/nil-external/ccp/freund/ub55/out/glms/DMCC6627478/RESULTS/Cuedts/baseline_aggressive1_EVENTS_censored_shifted/errts_DMCC6627478_R_REML.func.gii
++ Output dataset /data/nil-external/ccp/freund/ub55/out/glms/DMCC6627478/RESULTS/Cuedts/baseline_aggressive1_EVENTS_censored_shifted/wherr_DMCC6627478_R_REML.func.gii
++ Output dataset /data/nil-external/ccp/freund/ub55/out/glms/DMCC6627478/RESULTS/Cuedts/baseline_aggressive1_EVENTS_censored_shifted/STATS_DMCC6627478_R_REML.func.gii
 + unloading input dataset and REML matrices
++ 3dREMLfit is all done! total CPU=0.00 Elapsed=1612.64
