++ 3dREMLfit: AFNI version=AFNI_18.3.16 (Dec 11 2018) [64-bit]
++ Authored by: RWCox
++ GOFORIT ==> Matrix de-singularization is engaged!
++ Number of OpenMP threads = 15
++ No mask ==> computing for all 10242 voxels
++ -----  matrix condition (649x13):  6.13339  ++ VERY GOOD ++
[7m*+ WARNING:[0m -matrix file is missing Stim attributes:
 + can only use symbolic name 'Col' in GLTs (cf. '-help')
[7m*+ WARNING:[0m  ==> bucket dataset output is disabled
[7m*+ WARNING:[0m  ==> -nobout is disabled
++ Loading input dataset into memory
 + masked off 888 voxels for being all zero; 9354 left in mask
++ starting REML setup calculations; total CPU=0.00 Elapsed=0.95
 + X matrix: 100.000% of elements are nonzero
 + starting 15 OpenMP threads for REML setup
 + REML setup finished: matrix rows=649 cols=13; 109*1 cases; total CPU=0.00 Elapsed=1.25
 +  average case bandwidth = 13.14
++ REML voxel loop: [15 threads]0123456789.0123456789.0123456789.0123456789.01234567
 + ARMA voxel parameters estimated: total CPU=0.00 Elapsed=20.35
++ GLSQ loop:0123456789.0123456789.0123456789.0123456789.0123456789.
 + GLSQ regression done: total CPU=0.00 Elapsed=21.84
++ Output dataset /data/nil-external/ccp/freund/ub55/out/glms/102008/RESULTS/Cuedts/baseline_null_1/stats_var_102008_1_R_REML.func.gii
++ Output dataset /data/nil-external/ccp/freund/ub55/out/glms/102008/RESULTS/Cuedts/baseline_null_1/errts_102008_1_L_REML.func.gii
++ Output dataset /data/nil-external/ccp/freund/ub55/out/glms/102008/RESULTS/Cuedts/baseline_null_1/wherr_102008_1_R_REML.func.gii
 + unloading input dataset and REML matrices
++ 3dREMLfit is all done! total CPU=0.00 Elapsed=31.33
