++ 3dREMLfit: AFNI version=AFNI_18.3.16 (Dec 11 2018) [64-bit]
++ Authored by: RWCox
++ GOFORIT ==> Matrix de-singularization is engaged!
++ Number of OpenMP threads = 15
++ No mask ==> computing for all 10242 voxels
++ -----  matrix condition (600x151):  4.42204  ++ VERY GOOD ++
++ Loading input dataset into memory
 + masked off 888 voxels for being all zero; 9354 left in mask
++ starting REML setup calculations; total CPU=0.00 Elapsed=1.93
 + X matrix: 10.169% of elements are nonzero
 + starting 15 OpenMP threads for REML setup
 + REML setup finished: matrix rows=600 cols=151; 109*1 cases; total CPU=0.00 Elapsed=6.11
 +  average case bandwidth = 13.14
++ REML voxel loop: [15 threads]0123456789.0123456789.0123456789.0123456789.01234567
 + ARMA voxel parameters estimated: total CPU=0.00 Elapsed=14.22
++ GLSQ loop:0123456789.0123456789.0123456789.0123456789.0123456789.
 + GLSQ regression done: total CPU=0.00 Elapsed=27.86
++ Output dataset /data/nil-external/ccp/freund/ub55/out/glms/346945/RESULTS/Stern/baseline_ListLength_EVENTS_censored_shifted_noblock_2/stats_var_346945_2_L_REML.func.gii
++ Output dataset /data/nil-external/ccp/freund/ub55/out/glms/346945/RESULTS/Stern/baseline_ListLength_EVENTS_censored_shifted_noblock_2/errts_346945_2_L_REML.func.gii
++ Output dataset /data/nil-external/ccp/freund/ub55/out/glms/346945/RESULTS/Stern/baseline_ListLength_EVENTS_censored_shifted_noblock_2/wherr_346945_2_L_REML.func.gii
++ Output dataset /data/nil-external/ccp/freund/ub55/out/glms/346945/RESULTS/Stern/baseline_ListLength_EVENTS_censored_shifted_noblock_2/STATS_346945_2_L_REML.func.gii
 + unloading input dataset and REML matrices
++ 3dREMLfit is all done! total CPU=0.00 Elapsed=31.81
