++ 3dREMLfit: AFNI version=AFNI_18.3.16 (Dec 11 2018) [64-bit]
++ Authored by: RWCox
++ GOFORIT ==> Matrix de-singularization is engaged!
++ Number of OpenMP threads = 15
++ No mask ==> computing for all 10242 voxels
++ -----  matrix condition (650x103):  4.15157  ++ VERY GOOD ++
++ Loading input dataset into memory
 + masked off 888 voxels for being all zero; 9354 left in mask
++ starting REML setup calculations; total CPU=0.00 Elapsed=0.99
 + X matrix: 15.734% of elements are nonzero
 + starting 15 OpenMP threads for REML setup
 + REML setup finished: matrix rows=650 cols=103; 109*1 cases; total CPU=0.00 Elapsed=11.67
 +  average case bandwidth = 13.16
++ REML voxel loop: [15 threads]0123456789.0123456789.0123456789.012356789.01234567

 + ARMA voxel parameters estimated: total CPU=0.00 Elapsed=37.97
++ GLSQ loop0123456789.0123456789.0123456789.0123456789.0123456789.
 + GLSQ regression done: total CPU=0.00 Elapsed=47.02
++ Output dataset /data/nil-external/ccp/freund/ub55/out/glms/346945/RESULTS/Cuedts/baseline_CongruencySwitch_EVENTS_censored_shifted_2/stats_var_346945_2_R_REML.nii.gz
+++ Output dataset /data/nil-external/ccp/freund/ub55/out/glms/346945/RESULTS/Cuedts/baseline_CongruencySwitch_EVENTS_censored_shifted_2/errts_346945_2_L_REML.nii.gz+++ Output dataset /data/nil-external/ccp/freund/ub55/out/glms/346945/RESULTS/Cuedts/baseline_CongruencySwitch_EVENTS_censored_shifted_2/wherr_346945_2_L_REML.nii.gz+++ Output dataset /data/nil-external/ccp/freund/ub55/out/glms/346945/RESULTS/Cuedts/baseline_CongruencySwitch_EVENTS_censored_shifted_2/STATS_346945_2_L_REML.nii.gz
 + unloading input dataset and REML matrices
++ 3dREMLfit is all done! total CPU=0.00 Elapsed=64.42
