++ 3dREMLfit: AFNI version=AFNI_18.3.16 (Dec 11 2018) [64-bit]
++ Authored by: RWCox
++ GOFORIT ==> Matrix de-singularization is engaged!
++ Number of OpenMP threads = 15
++ No mask ==> computing for all 10242 voxels
++ -----  matrix condition (532x78):  4.65999  ++ VERY GOOD ++
++ Loading input dataset into memory
 + masked off 888 voxels for being all zero; 9354 left in mask
++ starting REML setup calculations; total CPU=0.00 Elapsed=0.97
 + X matrix: 23.364% of elements are nonzero
 + starting 15 OpenMP threads for REML setup
 + REML setup finished: matrix rows=532 cols=78; 109*1 cases; total CPU=0.00 Elapsed=4.36
 +  average case bandwidth = 12.94
++ REML voxel loop: [15 threads]0123456789.0123456789.0123456789.0123456789.01234567
 + ARMA voxel parameters estimated: total CPU=0.00 Elapsed=27.75
++ GLSQ loop:0123456789.0123456789.0123456789.0123456789.0123456789.
 + GLSQ regression done: total CPU=0.00 Elapsed=43.19
++ Output dataset /data/nil-external/ccp/freund/ub55/out/glms/161832/RESULTS/Stroop/baseline_Congruency_EVENTS_censored_shifted_1/stats_var_161832_1_R_REML.func.gii
++ Output dataset /data/nil-external/ccp/freund/ub55/out/glms/161832/RESULTS/Stroop/baseline_Congruency_EVENTS_censored_shifted_1/errts_161832_1_L_REML.func.gii
++ Output dataset /data/nil-external/ccp/freund/ub55/out/glms/161832/RESULTS/Stroop/baseline_Congruency_EVENTS_censored_shifted_1/wherr_161832_1_L_REML.func.gii
++ Output dataset /data/nil-external/ccp/freund/ub55/out/glms/161832/RESULTS/Stroop/baseline_Congruency_EVENTS_censored_shifted_1/STATS_161832_1_L_REML.func.gii
 + unloading input dataset and REML matrices
++ 3dREMLfit is all done! total CPU=0.00 Elapsed=47.31
