** ERROR: matrix column #60 is all zero!?
** ERROR: matrix column #61 is all zero!?
** ERROR: matrix column #62 is all zero!?
** ERROR: matrix column #63 is all zero!?
** ERROR: matrix column #64 is all zero!?
** ERROR: matrix column #65 is all zero!?
** ERROR: matrix column #66 is all zero!?
** ERROR: matrix column #67 is all zero!?
** ERROR: matrix column #68 is all zero!?
** ERROR: matrix column #69 is all zero!?
** ERROR: matrix column #70 is all zero!?
** ERROR: matrix column #71 is all zero!?
** ERROR: matrix column #72 is all zero!?
** ERROR: matrix column #73 is all zero!?
** ERROR: matrix column #74 is all zero!?
** ERROR: matrix column #75 is all zero!?
** ERROR: matrix column #76 is all zero!?
** ERROR: matrix column #94 is all zero!?
** ERROR: matrix column #95 is all zero!?
** ERROR: matrix column #96 is all zero!?
** ERROR: matrix column #97 is all zero!?
** ERROR: matrix column #98 is all zero!?
** ERROR: matrix column #99 is all zero!?
** ERROR: matrix column #100 is all zero!?
** ERROR: matrix column #101 is all zero!?
** ERROR: matrix column #102 is all zero!?
** ERROR: matrix column #103 is all zero!?
** ERROR: matrix column #104 is all zero!?
** ERROR: matrix column #105 is all zero!?
** ERROR: matrix column #106 is all zero!?
** ERROR: matrix column #107 is all zero!?
** ERROR: matrix column #108 is all zero!?
** ERROR: matrix column #109 is all zero!?
** ERROR: matrix column #110 is all zero!?
** ERROR: matrix column #145 is all zero!?
** ERROR: matrix column #146 is all zero!?
** ERROR: matrix column #147 is all zero!?
** ERROR: matrix column #148 is all zero!?
** ERROR: matrix column #149 is all zero!?
** ERROR: matrix column #150 is all zero!?
** ERROR: matrix column #151 is all zero!?
** ERROR: matrix column #152 is all zero!?
** ERROR: matrix column #153 is all zero!?
** ERROR: matrix column #154 is all zero!?
** ERROR: matrix column #155 is all zero!?
** ERROR: matrix column #156 is all zero!?
** ERROR: matrix column #157 is all zero!?
** ERROR: matrix column #158 is all zero!?
** ERROR: matrix column #159 is all zero!?
** ERROR: matrix column #160 is all zero!?
** ERROR: matrix column #161 is all zero!?
*+ WARNING: You said to GOFORIT, so here we GO!
*+ WARNING: !! in  matrix:
 * Largest singular value=2.19322
 * 51 singular values are less than cutoff=2.19322e-07
 * Implies strong collinearity in the matrix columns! 
*+ WARNING: -GOFORIT ==> Charging ahead into battle!
*+ WARNING: -----
*+ WARNING: QR decomposition of [R]^(-1/2) [X] had 51 collinearity problems
*+ WARNING: -----
*+ WARNING: QR decomposition of GLT setup 542x17 matrix had 17 collinearity problems
