++ 3dREMLfit: AFNI version=AFNI_18.3.16 (Dec 11 2018) [64-bit]
++ Authored by: RWCox
++ GOFORIT ==> Matrix de-singularization is engaged!
++ Number of OpenMP threads = 15
++ No mask ==> computing for all 10242 voxels
++ -----  matrix condition (539x78):  6.01862  ++ VERY GOOD ++
++ Loading input dataset into memory
 + masked off 881 voxels for being all zero; 9361 left in mask
++ starting REML setup calculations; total CPU=0.00 Elapsed=4.98
 + X matrix: 23.405% of elements are nonzero
 + starting 15 OpenMP threads for REML setup
 + REML setup finished: matrix rows=539 cols=78; 109*1 cases; total CPU=0.00 Elapsed=10.89
 +  average case bandwidth = 13.10
++ REML voxel loop: [15 threads]0123456789.0123456789.0123456789.0123456789.01234567
 + ARMA voxel parameters estimated: total CPU=0.00 Elapsed=46.84
++ GLSQ loop0012345679901234567899.0123456789.013356789900123466789.
 + GLSQ regression done: total CPU=0.00 Elapsed=63.08
++ Output dataset /data/nil-external/ccp/freund/ub55/out/glms/765864/RESULTS/Stroop/baseline_Congruency_EVENTS_censored_shifted_1/stats_var_765864_1_R_REML.func.gii+++ Output dataset /data/nil-external/ccp/freund/ub55/out/glms/765864/RESULTS/Stroop/baseline_Congruency_EVENTS_censored_shifted_1/errts_765864_1_R_REML.func.gii+++ Output dataset /data/nil-external/ccp/freund/ub55/out/glms/765864/RESULTS/Stroop/baseline_Congruency_EVENTS_censored_shifted_1/wherr_765864_1_R_REML.func.gii
++ Output dataset /data/nil-external/ccp/freund/ub55/out/glms/765864/RESULTS/Stroop/baseline_Congruency_EVENTS_censored_shifted_1/STATS_765864_1_R_REML.func.gii
 + unloading input dataset and REML matrices
++ 3dREMLfit is all done! total CPU=0.00 Elapsed=67.74
