** ERROR: matrix column #21 is all zero!?
** ERROR: matrix column #25 is all zero!?
** ERROR: matrix column #26 is all zero!?
** ERROR: matrix column #30 is all zero!?
** ERROR: matrix column #31 is all zero!?
** ERROR: matrix column #32 is all zero!?
** ERROR: matrix column #38 is all zero!?
** ERROR: matrix column #39 is all zero!?
** ERROR: matrix column #43 is all zero!?
** ERROR: matrix column #44 is all zero!?
** ERROR: matrix column #48 is all zero!?
** ERROR: matrix column #50 is all zero!?
*+ WARNING: You said to GOFORIT, so here we GO!
*+ WARNING: !! in  matrix:
 * Largest singular value=1.92527
 * 12 singular values are less than cutoff=1.92527e-07
 * Implies strong collinearity in the matrix columns! 
*+ WARNING: -GOFORIT ==> Charging ahead into battle!
*+ WARNING: -----
*+ WARNING: QR decomposition of [R]^(-1/2) [X] had 12 collinearity problems
*+ WARNING: -----
*+ WARNING: GLT setup 58x1 matrix is all zero?
*+ WARNING: Zero-ed 112248 float errors in dataset /data/nil-external/ccp/freund/ub55/out/glms/204319/RESULTS/Stroop/baseline_fix-item_EVENTS_censored_1/STATS_204319_1_L_REML.func.gii
