++ 3dREMLfit: AFNI version=AFNI_18.3.16 (Dec 11 2018) [64-bit]
++ Authored by: RWCox
++ GOFORIT ==> Matrix de-singularization is engaged!
++ Number of OpenMP threads = 15
++ No mask ==> computing for all 10242 voxels
[7m** ERROR:[0m matrix column #21 is all zero!?
[7m** ERROR:[0m matrix column #25 is all zero!?
[7m** ERROR:[0m matrix column #26 is all zero!?
[7m** ERROR:[0m matrix column #30 is all zero!?
[7m** ERROR:[0m matrix column #31 is all zero!?
[7m** ERROR:[0m matrix column #32 is all zero!?
[7m** ERROR:[0m matrix column #38 is all zero!?
[7m** ERROR:[0m matrix column #39 is all zero!?
[7m** ERROR:[0m matrix column #43 is all zero!?
[7m** ERROR:[0m matrix column #44 is all zero!?
[7m** ERROR:[0m matrix column #48 is all zero!?
[7m** ERROR:[0m matrix column #50 is all zero!?
[7m*+ WARNING:[0m You said to GOFORIT, so here we GO!
 +          Note that a bunch of further WARNINGs will be generated below.
++ Denominator DOF increased from 482 to 494 to allow for all zero columns
++ -----  matrix condition (540x58):  5.36731  ++ VERY GOOD ++
[7m*+ WARNING:[0m !! in  matrix:
 * Largest singular value=2.33677
 * 12 singular values are less than cutoff=2.33677e-07
 * Implies strong collinearity in the matrix columns! 
++  matrix singular values:
             0             0             0             0             0
   3.82792e-09   7.75224e-09   1.02772e-08   1.08277e-08   1.26675e-08
   1.70365e-08   2.18632e-08     0.0811152     0.0908046      0.135506
      0.188895       0.22122      0.260951      0.298602      0.472912
      0.733121      0.816604      0.821014      0.844813      0.851398
      0.879043      0.886268      0.899384      0.920828      0.937627
      0.954948      0.966732      0.975209      0.983039      0.995943
      0.999976      0.999998             1       1.00003       1.00007
       1.00019       1.00035       1.00066       1.00231       1.00434
       1.01198       1.04727       1.06258       1.06313       1.09132
       1.10453       1.12668       1.14977       1.17331       1.23716
        1.4389       1.87025       2.33677
[7m*+ WARNING:[0m -GOFORIT ==> Charging ahead into battle!
 +                   ==> Check results carefully!
++ Editing GLT matrices for all zero X matrix columns
 + Removed 12 all zero rows from GLT matrix 'Full'; numerator DOF changes from 46 to 34
 + GLT matrix 'blackGREEN' is all zero!
 + GLT matrix 'bluePURPLE' is all zero!
 + GLT matrix 'blueRED' is all zero!
 + GLT matrix 'greenPINK' is all zero!
 + GLT matrix 'greenYELLOW' is all zero!
 + GLT matrix 'pinkBLACK' is all zero!
 + GLT matrix 'purpleRED' is all zero!
 + GLT matrix 'purpleWHITE' is all zero!
 + GLT matrix 'redWHITE' is all zero!
 + GLT matrix 'whiteBLUE' is all zero!
 + GLT matrix 'yellowBLACK' is all zero!
 + GLT matrix 'yellowPINK' is all zero!
++ Loading input dataset into memory
 + masked off 881 voxels for being all zero; 9361 left in mask
++ starting REML setup calculations; total CPU=0.00 Elapsed=4.88
 + X matrix: 26.871% of elements are nonzero
[7m*+ WARNING:[0m -----
[7m*+ WARNING:[0m QR decomposition of [R]^(-1/2) [X] had 12 collinearity problems
[7m*+ WARNING:[0m -----
 + starting 15 OpenMP threads for REML setup
 + REML setup finished: matrix rows=540 cols=58; 109*1 cases; total CPU=0.00 Elapsed=8.78
 +  average case bandwidth = 13.12
++ REML voxel loop: [15 threads]0123456789.0123456789.0123456789.0123456789.01234567
 + ARMA voxel parameters estimated: total CPU=0.00 Elapsed=38.72
++ GLSQ loop:[7m*+ WARNING:[0m GLT setup 58x1 matrix is all zero?
0123456789.0123456789.0123456789.0123456789.0123456789.
 + GLSQ regression done: total CPU=0.00 Elapsed=69.87
++ Output dataset /data/nil-external/ccp/freund/ub55/out/glms/DMCC5195268/RESULTS/Stroop/baseline_fix-item_EVENTS_censored_1/stats_var_DMCC5195268_1_R_REML.func.gii
++ Output dataset /data/nil-external/ccp/freund/ub55/out/glms/DMCC5195268/RESULTS/Stroop/baseline_fix-item_EVENTS_censored_1/errts_DMCC5195268_1_R_REML.func.gii
++ Output dataset /data/nil-external/ccp/freund/ub55/out/glms/DMCC5195268/RESULTS/Stroop/baseline_fix-item_EVENTS_censored_1/wherr_DMCC5195268_1_R_REML.func.gii
[7m*+ WARNING:[0m Zero-ed 112332 float errors in dataset /data/nil-external/ccp/freund/ub55/out/glms/DMCC5195268/RESULTS/Stroop/baseline_fix-item_EVENTS_censored_1/STATS_DMCC5195268_1_R_REML.func.gii
 +    Float errors include NaN and Infinity values
 +    ==> Check matrix setup! Check inputs! Check results!
++ Output dataset /data/nil-external/ccp/freund/ub55/out/glms/DMCC5195268/RESULTS/Stroop/baseline_fix-item_EVENTS_censored_1/STATS_DMCC5195268_1_R_REML.func.gii
 + unloading input dataset and REML matrices
++ 3dREMLfit is all done! total CPU=0.00 Elapsed=77.97
