*+ WARNING: '-stim_times 5' didn't read any good times from file '/data/nil-external/ccp/freund/ub55/out/glms/DMCC6627478/INPUT_DATA/Axcpt/baseline/DMCC6627478_Axcpt_baseline_D_ng_shifted.txt'
*+ WARNING: '-stim_times 8' didn't read any good times from file '/data/nil-external/ccp/freund/ub55/out/glms/DMCC6627478/INPUT_DATA/Axcpt/baseline/DMCC6627478_Axcpt_baseline_M_ng_shifted.txt'
*+ WARNING: '-stim_times 10' didn't read any good times from file '/data/nil-external/ccp/freund/ub55/out/glms/DMCC6627478/INPUT_DATA/Axcpt/baseline/DMCC6627478_Axcpt_baseline_P_ng_shifted.txt'
*+ WARNING: '-stim_times 12' didn't read any good times from file '/data/nil-external/ccp/freund/ub55/out/glms/DMCC6627478/INPUT_DATA/Axcpt/baseline/DMCC6627478_Axcpt_baseline_U_ng_shifted.txt'
*+ WARNING: -stim_times 5 has all times equal to '*' ?!?!
*+ WARNING: !! '-stim_times 5' file '/data/nil-external/ccp/freund/ub55/out/glms/DMCC6627478/INPUT_DATA/Axcpt/baseline/DMCC6627478_Axcpt_baseline_D_ng_shifted.txt' has no good stimulus time values
*+ WARNING: -stim_times 8 has all times equal to '*' ?!?!
*+ WARNING: !! '-stim_times 8' file '/data/nil-external/ccp/freund/ub55/out/glms/DMCC6627478/INPUT_DATA/Axcpt/baseline/DMCC6627478_Axcpt_baseline_M_ng_shifted.txt' has no good stimulus time values
*+ WARNING: -stim_times 10 has all times equal to '*' ?!?!
*+ WARNING: !! '-stim_times 10' file '/data/nil-external/ccp/freund/ub55/out/glms/DMCC6627478/INPUT_DATA/Axcpt/baseline/DMCC6627478_Axcpt_baseline_P_ng_shifted.txt' has no good stimulus time values
*+ WARNING: -stim_times 12 has all times equal to '*' ?!?!
*+ WARNING: !! '-stim_times 12' file '/data/nil-external/ccp/freund/ub55/out/glms/DMCC6627478/INPUT_DATA/Axcpt/baseline/DMCC6627478_Axcpt_baseline_U_ng_shifted.txt' has no good stimulus time values
*+ WARNING: -------------------------------------------------
*+ WARNING: Problems with the X matrix columns, listed below:
*+ WARNING: !! * Column 60 [D_ng#0] is all zeros
*+ WARNING: !! * Column 61 [D_ng#1] is all zeros
*+ WARNING: !! * Column 62 [D_ng#2] is all zeros
*+ WARNING: !! * Column 63 [D_ng#3] is all zeros
*+ WARNING: !! * Column 64 [D_ng#4] is all zeros
*+ WARNING: !! * Column 65 [D_ng#5] is all zeros
*+ WARNING: !! * Column 66 [D_ng#6] is all zeros
*+ WARNING: !! * Column 67 [D_ng#7] is all zeros
*+ WARNING: !! * Column 68 [D_ng#8] is all zeros
*+ WARNING: !! * Column 69 [D_ng#9] is all zeros
*+ WARNING: !! * Column 70 [D_ng#10] is all zeros
*+ WARNING: !! * Column 71 [D_ng#11] is all zeros
*+ WARNING: !! * Column 72 [D_ng#12] is all zeros
*+ WARNING: !! * Column 73 [D_ng#13] is all zeros
*+ WARNING: !! * Column 74 [D_ng#14] is all zeros
*+ WARNING: !! * Column 75 [D_ng#15] is all zeros
*+ WARNING: !! * Column 76 [D_ng#16] is all zeros
*+ WARNING: !! * Column 111 [M_ng#0] is all zeros
*+ WARNING: !! * Column 112 [M_ng#1] is all zeros
*+ WARNING: !! * Column 113 [M_ng#2] is all zeros
*+ WARNING: !! * Column 114 [M_ng#3] is all zeros
*+ WARNING: !! * Column 115 [M_ng#4] is all zeros
*+ WARNING: !! * Column 116 [M_ng#5] is all zeros
*+ WARNING: !! * Column 117 [M_ng#6] is all zeros
*+ WARNING: !! * Column 118 [M_ng#7] is all zeros
*+ WARNING: !! * Column 119 [M_ng#8] is all zeros
*+ WARNING: !! * Column 120 [M_ng#9] is all zeros
*+ WARNING: !! * Column 121 [M_ng#10] is all zeros
*+ WARNING: !! * Column 122 [M_ng#11] is all zeros
*+ WARNING: !! * Column 123 [M_ng#12] is all zeros
*+ WARNING: !! * Column 124 [M_ng#13] is all zeros
*+ WARNING: !! * Column 125 [M_ng#14] is all zeros
*+ WARNING: !! * Column 126 [M_ng#15] is all zeros
*+ WARNING: !! * Column 127 [M_ng#16] is all zeros
*+ WARNING: !! * Column 145 [P_ng#0] is all zeros
*+ WARNING: !! * Column 146 [P_ng#1] is all zeros
*+ WARNING: !! * Column 147 [P_ng#2] is all zeros
*+ WARNING: !! * Column 148 [P_ng#3] is all zeros
*+ WARNING: !! * Column 149 [P_ng#4] is all zeros
*+ WARNING: !! * Column 150 [P_ng#5] is all zeros
*+ WARNING: !! * Column 151 [P_ng#6] is all zeros
*+ WARNING: !! * Column 152 [P_ng#7] is all zeros
*+ WARNING: !! * Column 153 [P_ng#8] is all zeros
*+ WARNING: !! * Column 154 [P_ng#9] is all zeros
*+ WARNING: !! * Column 155 [P_ng#10] is all zeros
*+ WARNING: !! * Column 156 [P_ng#11] is all zeros
*+ WARNING: !! * Column 157 [P_ng#12] is all zeros
*+ WARNING: !! * Column 158 [P_ng#13] is all zeros
*+ WARNING: !! * Column 159 [P_ng#14] is all zeros
*+ WARNING: !! * Column 160 [P_ng#15] is all zeros
*+ WARNING: !! * Column 161 [P_ng#16] is all zeros
*+ WARNING: !! * Column 179 [U_ng#0] is all zeros
*+ WARNING: !! * Column 180 [U_ng#1] is all zeros
*+ WARNING: !! * Column 181 [U_ng#2] is all zeros
*+ WARNING: !! * Column 182 [U_ng#3] is all zeros
*+ WARNING: !! * Column 183 [U_ng#4] is all zeros
*+ WARNING: !! * Column 184 [U_ng#5] is all zeros
*+ WARNING: !! * Column 185 [U_ng#6] is all zeros
*+ WARNING: !! * Column 186 [U_ng#7] is all zeros
*+ WARNING: !! * Column 187 [U_ng#8] is all zeros
*+ WARNING: !! * Column 188 [U_ng#9] is all zeros
*+ WARNING: !! * Column 189 [U_ng#10] is all zeros
*+ WARNING: !! * Column 190 [U_ng#11] is all zeros
*+ WARNING: !! * Column 191 [U_ng#12] is all zeros
*+ WARNING: !! * Column 192 [U_ng#13] is all zeros
*+ WARNING: !! * Column 193 [U_ng#14] is all zeros
*+ WARNING: !! * Column 194 [U_ng#15] is all zeros
*+ WARNING: !! * Column 195 [U_ng#16] is all zeros
*+ WARNING: -------------------------------------------------
*+ WARNING: !! in Signal+Baseline matrix:
 * Largest singular value=2.11061
 * 68 singular values are less than cutoff=2.11061e-07
 * Implies strong collinearity in the matrix columns! 
*+ WARNING: !! in Signal-only matrix:
 * Largest singular value=1.87747
 * 68 singular values are less than cutoff=1.87747e-07
 * Implies strong collinearity in the matrix columns! 
