** ERROR: matrix column #60 is all zero!?
** ERROR: matrix column #61 is all zero!?
** ERROR: matrix column #62 is all zero!?
** ERROR: matrix column #63 is all zero!?
** ERROR: matrix column #64 is all zero!?
** ERROR: matrix column #65 is all zero!?
** ERROR: matrix column #66 is all zero!?
** ERROR: matrix column #67 is all zero!?
** ERROR: matrix column #68 is all zero!?
** ERROR: matrix column #69 is all zero!?
** ERROR: matrix column #70 is all zero!?
** ERROR: matrix column #71 is all zero!?
** ERROR: matrix column #72 is all zero!?
** ERROR: matrix column #73 is all zero!?
** ERROR: matrix column #74 is all zero!?
** ERROR: matrix column #75 is all zero!?
** ERROR: matrix column #76 is all zero!?
** ERROR: matrix column #111 is all zero!?
** ERROR: matrix column #112 is all zero!?
** ERROR: matrix column #113 is all zero!?
** ERROR: matrix column #114 is all zero!?
** ERROR: matrix column #115 is all zero!?
** ERROR: matrix column #116 is all zero!?
** ERROR: matrix column #117 is all zero!?
** ERROR: matrix column #118 is all zero!?
** ERROR: matrix column #119 is all zero!?
** ERROR: matrix column #120 is all zero!?
** ERROR: matrix column #121 is all zero!?
** ERROR: matrix column #122 is all zero!?
** ERROR: matrix column #123 is all zero!?
** ERROR: matrix column #124 is all zero!?
** ERROR: matrix column #125 is all zero!?
** ERROR: matrix column #126 is all zero!?
** ERROR: matrix column #127 is all zero!?
** ERROR: matrix column #145 is all zero!?
** ERROR: matrix column #146 is all zero!?
** ERROR: matrix column #147 is all zero!?
** ERROR: matrix column #148 is all zero!?
** ERROR: matrix column #149 is all zero!?
** ERROR: matrix column #150 is all zero!?
** ERROR: matrix column #151 is all zero!?
** ERROR: matrix column #152 is all zero!?
** ERROR: matrix column #153 is all zero!?
** ERROR: matrix column #154 is all zero!?
** ERROR: matrix column #155 is all zero!?
** ERROR: matrix column #156 is all zero!?
** ERROR: matrix column #157 is all zero!?
** ERROR: matrix column #158 is all zero!?
** ERROR: matrix column #159 is all zero!?
** ERROR: matrix column #160 is all zero!?
** ERROR: matrix column #161 is all zero!?
** ERROR: matrix column #179 is all zero!?
** ERROR: matrix column #180 is all zero!?
** ERROR: matrix column #181 is all zero!?
** ERROR: matrix column #182 is all zero!?
** ERROR: matrix column #183 is all zero!?
** ERROR: matrix column #184 is all zero!?
** ERROR: matrix column #185 is all zero!?
** ERROR: matrix column #186 is all zero!?
** ERROR: matrix column #187 is all zero!?
** ERROR: matrix column #188 is all zero!?
** ERROR: matrix column #189 is all zero!?
** ERROR: matrix column #190 is all zero!?
** ERROR: matrix column #191 is all zero!?
** ERROR: matrix column #192 is all zero!?
** ERROR: matrix column #193 is all zero!?
** ERROR: matrix column #194 is all zero!?
** ERROR: matrix column #195 is all zero!?
*+ WARNING: You said to GOFORIT, so here we GO!
*+ WARNING: !! in  matrix:
 * Largest singular value=2.11061
 * 68 singular values are less than cutoff=2.11061e-07
 * Implies strong collinearity in the matrix columns! 
*+ WARNING: -GOFORIT ==> Charging ahead into battle!
*+ WARNING: -----
*+ WARNING: QR decomposition of [R]^(-1/2) [X] had 68 collinearity problems
*+ WARNING: -----
*+ WARNING: QR decomposition of GLT setup 542x17 matrix had 17 collinearity problems
