++ 3dREMLfit: AFNI version=AFNI_18.3.16 (Dec 11 2018) [64-bit]
++ Authored by: RWCox
++ GOFORIT ==> Matrix de-singularization is engaged!
++ Number of OpenMP threads = 15
++ No mask ==> computing for all 10242 voxels
[7m** ERROR:[0m matrix column #21 is all zero!?
[7m** ERROR:[0m matrix column #25 is all zero!?
[7m** ERROR:[0m matrix column #26 is all zero!?
[7m** ERROR:[0m matrix column #30 is all zero!?
[7m** ERROR:[0m matrix column #31 is all zero!?
[7m** ERROR:[0m matrix column #32 is all zero!?
[7m** ERROR:[0m matrix column #38 is all zero!?
[7m** ERROR:[0m matrix column #39 is all zero!?
[7m** ERROR:[0m matrix column #43 is all zero!?
[7m** ERROR:[0m matrix column #44 is all zero!?
[7m** ERROR:[0m matrix column #48 is all zero!?
[7m** ERROR:[0m matrix column #50 is all zero!?
[7m*+ WARNING:[0m You said to GOFORIT, so here we GO!
 +          Note that a bunch of further WARNINGs will be generated below.
++ Denominator DOF increased from 482 to 494 to allow for all zero columns
++ -----  matrix condition (540x58):  3.93749  ++ VERY GOOD ++
[7m*+ WARNING:[0m !! in  matrix:
 * Largest singular value=1.89005
 * 12 singular values are less than cutoff=1.89005e-07
 * Implies strong collinearity in the matrix columns! 
++  matrix singular values:
             0             0             0             0             0
    3.8701e-09   7.57374e-09   1.32745e-08   1.38331e-08   1.64432e-08
   1.91337e-08   2.39285e-08      0.121909      0.148907      0.222487
      0.236896       0.34558      0.431857      0.685129      0.692893
       0.71965      0.803521      0.844365      0.860207      0.867149
      0.872753       0.89688      0.911694      0.916909      0.936568
      0.951307      0.962407      0.985527      0.996556      0.999661
      0.999788      0.999996             1       1.00015       1.00055
       1.00136       1.00267       1.00625       1.01196       1.02482
       1.03678       1.06522       1.07328       1.08783        1.0929
       1.11736         1.141       1.17801       1.19811       1.29355
       1.52591       1.88167       1.89005
[7m*+ WARNING:[0m -GOFORIT ==> Charging ahead into battle!
 +                   ==> Check results carefully!
++ Editing GLT matrices for all zero X matrix columns
 + Removed 12 all zero rows from GLT matrix 'Full'; numerator DOF changes from 46 to 34
 + GLT matrix 'blackGREEN' is all zero!
 + GLT matrix 'bluePURPLE' is all zero!
 + GLT matrix 'blueRED' is all zero!
 + GLT matrix 'greenPINK' is all zero!
 + GLT matrix 'greenYELLOW' is all zero!
 + GLT matrix 'pinkBLACK' is all zero!
 + GLT matrix 'purpleRED' is all zero!
 + GLT matrix 'purpleWHITE' is all zero!
 + GLT matrix 'redWHITE' is all zero!
 + GLT matrix 'whiteBLUE' is all zero!
 + GLT matrix 'yellowBLACK' is all zero!
 + GLT matrix 'yellowPINK' is all zero!
++ Loading input dataset into memory
 + masked off 881 voxels for being all zero; 9361 left in mask
++ starting REML setup calculations; total CPU=0.00 Elapsed=0.81
 + X matrix: 26.791% of elements are nonzero
[7m*+ WARNING:[0m -----
[7m*+ WARNING:[0m QR decomposition of [R]^(-1/2) [X] had 12 collinearity problems
[7m*+ WARNING:[0m -----
 + starting 15 OpenMP threads for REML setup
 + REML setup finished: matrix rows=540 cols=58; 109*1 cases; total CPU=0.00 Elapsed=2.89
 +  average case bandwidth = 13.12
++ REML voxel loop: [15 threads]0123456789.0123456789.0123456789.0123456789.01234567
 + ARMA voxel parameters estimated: total CPU=0.00 Elapsed=23.90
++ GLSQ loop:[7m*+ WARNING:[0m GLT setup 58x1 matrix is all zero?
0123456789.0123456789.0123456789.0123456789.0123456789.
 + GLSQ regression done: total CPU=0.00 Elapsed=52.02
++ Output dataset /data/nil-external/ccp/freund/ub55/out/glms/130114/RESULTS/Stroop/baseline_fix-item_EVENTS_censored_1/stats_var_130114_1_L_REML.func.gii
++ Output dataset /data/nil-external/ccp/freund/ub55/out/glms/130114/RESULTS/Stroop/baseline_fix-item_EVENTS_censored_1/errts_130114_1_L_REML.func.gii
++ Output dataset /data/nil-external/ccp/freund/ub55/out/glms/130114/RESULTS/Stroop/baseline_fix-item_EVENTS_censored_1/wherr_130114_1_L_REML.func.gii
[7m*+ WARNING:[0m Zero-ed 112248 float errors in dataset /data/nil-external/ccp/freund/ub55/out/glms/130114/RESULTS/Stroop/baseline_fix-item_EVENTS_censored_1/STATS_130114_1_L_REML.func.gii
 +    Float errors include NaN and Infinity values
 +    ==> Check matrix setup! Check inputs! Check results!
++ Output dataset /data/nil-external/ccp/freund/ub55/out/glms/130114/RESULTS/Stroop/baseline_fix-item_EVENTS_censored_1/STATS_130114_1_L_REML.func.gii
 + unloading input dataset and REML matrices
++ 3dREMLfit is all done! total CPU=0.00 Elapsed=58.84
