*+ WARNING: '-stim_times 5' didn't read any good times from file '/data/nil-external/ccp/freund/ub55/out/glms/DMCC8214059/INPUT_DATA/Axcpt/baseline/DMCC8214059_Axcpt_baseline_D_ng_shifted.txt'
*+ WARNING: '-stim_times 8' didn't read any good times from file '/data/nil-external/ccp/freund/ub55/out/glms/DMCC8214059/INPUT_DATA/Axcpt/baseline/DMCC8214059_Axcpt_baseline_M_ng_shifted.txt'
*+ WARNING: '-stim_times 9' didn't read any good times from file '/data/nil-external/ccp/freund/ub55/out/glms/DMCC8214059/INPUT_DATA/Axcpt/baseline/DMCC8214059_Axcpt_baseline_N_ng_shifted.txt'
*+ WARNING: -stim_times 5 has all times equal to '*' ?!?!
*+ WARNING: !! '-stim_times 5' file '/data/nil-external/ccp/freund/ub55/out/glms/DMCC8214059/INPUT_DATA/Axcpt/baseline/DMCC8214059_Axcpt_baseline_D_ng_shifted.txt' has no good stimulus time values
*+ WARNING: -stim_times 8 has all times equal to '*' ?!?!
*+ WARNING: !! '-stim_times 8' file '/data/nil-external/ccp/freund/ub55/out/glms/DMCC8214059/INPUT_DATA/Axcpt/baseline/DMCC8214059_Axcpt_baseline_M_ng_shifted.txt' has no good stimulus time values
*+ WARNING: -stim_times 9 has all times equal to '*' ?!?!
*+ WARNING: !! '-stim_times 9' file '/data/nil-external/ccp/freund/ub55/out/glms/DMCC8214059/INPUT_DATA/Axcpt/baseline/DMCC8214059_Axcpt_baseline_N_ng_shifted.txt' has no good stimulus time values
*+ WARNING: -------------------------------------------------
*+ WARNING: Problems with the X matrix columns, listed below:
*+ WARNING: !! * Column 60 [D_ng#0] is all zeros
*+ WARNING: !! * Column 61 [D_ng#1] is all zeros
*+ WARNING: !! * Column 62 [D_ng#2] is all zeros
*+ WARNING: !! * Column 63 [D_ng#3] is all zeros
*+ WARNING: !! * Column 64 [D_ng#4] is all zeros
*+ WARNING: !! * Column 65 [D_ng#5] is all zeros
*+ WARNING: !! * Column 66 [D_ng#6] is all zeros
*+ WARNING: !! * Column 67 [D_ng#7] is all zeros
*+ WARNING: !! * Column 68 [D_ng#8] is all zeros
*+ WARNING: !! * Column 69 [D_ng#9] is all zeros
*+ WARNING: !! * Column 70 [D_ng#10] is all zeros
*+ WARNING: !! * Column 71 [D_ng#11] is all zeros
*+ WARNING: !! * Column 72 [D_ng#12] is all zeros
*+ WARNING: !! * Column 73 [D_ng#13] is all zeros
*+ WARNING: !! * Column 74 [D_ng#14] is all zeros
*+ WARNING: !! * Column 75 [D_ng#15] is all zeros
*+ WARNING: !! * Column 76 [D_ng#16] is all zeros
*+ WARNING: !! * Column 111 [M_ng#0] is all zeros
*+ WARNING: !! * Column 112 [M_ng#1] is all zeros
*+ WARNING: !! * Column 113 [M_ng#2] is all zeros
*+ WARNING: !! * Column 114 [M_ng#3] is all zeros
*+ WARNING: !! * Column 115 [M_ng#4] is all zeros
*+ WARNING: !! * Column 116 [M_ng#5] is all zeros
*+ WARNING: !! * Column 117 [M_ng#6] is all zeros
*+ WARNING: !! * Column 118 [M_ng#7] is all zeros
*+ WARNING: !! * Column 119 [M_ng#8] is all zeros
*+ WARNING: !! * Column 120 [M_ng#9] is all zeros
*+ WARNING: !! * Column 121 [M_ng#10] is all zeros
*+ WARNING: !! * Column 122 [M_ng#11] is all zeros
*+ WARNING: !! * Column 123 [M_ng#12] is all zeros
*+ WARNING: !! * Column 124 [M_ng#13] is all zeros
*+ WARNING: !! * Column 125 [M_ng#14] is all zeros
*+ WARNING: !! * Column 126 [M_ng#15] is all zeros
*+ WARNING: !! * Column 127 [M_ng#16] is all zeros
*+ WARNING: !! * Column 128 [N_ng#0] is all zeros
*+ WARNING: !! * Column 129 [N_ng#1] is all zeros
*+ WARNING: !! * Column 130 [N_ng#2] is all zeros
*+ WARNING: !! * Column 131 [N_ng#3] is all zeros
*+ WARNING: !! * Column 132 [N_ng#4] is all zeros
*+ WARNING: !! * Column 133 [N_ng#5] is all zeros
*+ WARNING: !! * Column 134 [N_ng#6] is all zeros
*+ WARNING: !! * Column 135 [N_ng#7] is all zeros
*+ WARNING: !! * Column 136 [N_ng#8] is all zeros
*+ WARNING: !! * Column 137 [N_ng#9] is all zeros
*+ WARNING: !! * Column 138 [N_ng#10] is all zeros
*+ WARNING: !! * Column 139 [N_ng#11] is all zeros
*+ WARNING: !! * Column 140 [N_ng#12] is all zeros
*+ WARNING: !! * Column 141 [N_ng#13] is all zeros
*+ WARNING: !! * Column 142 [N_ng#14] is all zeros
*+ WARNING: !! * Column 143 [N_ng#15] is all zeros
*+ WARNING: !! * Column 144 [N_ng#16] is all zeros
*+ WARNING: !! * Columns 213 [C_X#0] and 362 [U_X#13] are (nearly?) collinear!
*+ WARNING: !! * Columns 214 [C_X#1] and 363 [U_X#14] are (nearly?) collinear!
*+ WARNING: !! * Columns 215 [C_X#2] and 364 [U_X#15] are (nearly?) collinear!
*+ WARNING: !! * Columns 216 [C_X#3] and 365 [U_X#16] are (nearly?) collinear!
*+ WARNING: !! * Columns 281 [M_X#0] and 322 [P_X#7] are (nearly?) collinear!
*+ WARNING: !! * Columns 282 [M_X#1] and 323 [P_X#8] are (nearly?) collinear!
*+ WARNING: !! * Columns 283 [M_X#2] and 324 [P_X#9] are (nearly?) collinear!
*+ WARNING: !! * Columns 284 [M_X#3] and 325 [P_X#10] are (nearly?) collinear!
*+ WARNING: !! * Columns 285 [M_X#4] and 326 [P_X#11] are (nearly?) collinear!
*+ WARNING: !! * Columns 286 [M_X#5] and 327 [P_X#12] are (nearly?) collinear!
*+ WARNING: !! * Columns 287 [M_X#6] and 328 [P_X#13] are (nearly?) collinear!
*+ WARNING: !! * Columns 288 [M_X#7] and 329 [P_X#14] are (nearly?) collinear!
*+ WARNING: !! * Columns 289 [M_X#8] and 330 [P_X#15] are (nearly?) collinear!
*+ WARNING: !! * Columns 290 [M_X#9] and 331 [P_X#16] are (nearly?) collinear!
*+ WARNING: -------------------------------------------------
*+ WARNING: !! in Signal+Baseline matrix:
 * Largest singular value=2.13718
 * 68 singular values are less than cutoff=2.13718e-07
 * Implies strong collinearity in the matrix columns! 
*+ WARNING: !! in Signal-only matrix:
 * Largest singular value=1.87885
 * 68 singular values are less than cutoff=1.87885e-07
 * Implies strong collinearity in the matrix columns! 
