** ERROR: matrix column #60 is all zero!?
** ERROR: matrix column #61 is all zero!?
** ERROR: matrix column #62 is all zero!?
** ERROR: matrix column #63 is all zero!?
** ERROR: matrix column #64 is all zero!?
** ERROR: matrix column #65 is all zero!?
** ERROR: matrix column #66 is all zero!?
** ERROR: matrix column #67 is all zero!?
** ERROR: matrix column #68 is all zero!?
** ERROR: matrix column #69 is all zero!?
** ERROR: matrix column #70 is all zero!?
** ERROR: matrix column #71 is all zero!?
** ERROR: matrix column #72 is all zero!?
** ERROR: matrix column #73 is all zero!?
** ERROR: matrix column #74 is all zero!?
** ERROR: matrix column #75 is all zero!?
** ERROR: matrix column #76 is all zero!?
** ERROR: matrix column #111 is all zero!?
** ERROR: matrix column #112 is all zero!?
** ERROR: matrix column #113 is all zero!?
** ERROR: matrix column #114 is all zero!?
** ERROR: matrix column #115 is all zero!?
** ERROR: matrix column #116 is all zero!?
** ERROR: matrix column #117 is all zero!?
** ERROR: matrix column #118 is all zero!?
** ERROR: matrix column #119 is all zero!?
** ERROR: matrix column #120 is all zero!?
** ERROR: matrix column #121 is all zero!?
** ERROR: matrix column #122 is all zero!?
** ERROR: matrix column #123 is all zero!?
** ERROR: matrix column #124 is all zero!?
** ERROR: matrix column #125 is all zero!?
** ERROR: matrix column #126 is all zero!?
** ERROR: matrix column #127 is all zero!?
** ERROR: matrix column #128 is all zero!?
** ERROR: matrix column #129 is all zero!?
** ERROR: matrix column #130 is all zero!?
** ERROR: matrix column #131 is all zero!?
** ERROR: matrix column #132 is all zero!?
** ERROR: matrix column #133 is all zero!?
** ERROR: matrix column #134 is all zero!?
** ERROR: matrix column #135 is all zero!?
** ERROR: matrix column #136 is all zero!?
** ERROR: matrix column #137 is all zero!?
** ERROR: matrix column #138 is all zero!?
** ERROR: matrix column #139 is all zero!?
** ERROR: matrix column #140 is all zero!?
** ERROR: matrix column #141 is all zero!?
** ERROR: matrix column #142 is all zero!?
** ERROR: matrix column #143 is all zero!?
** ERROR: matrix column #144 is all zero!?
*+ WARNING: You said to GOFORIT, so here we GO!
*+ WARNING: !! in  matrix:
 * Largest singular value=2.13718
 * 68 singular values are less than cutoff=2.13718e-07
 * Implies strong collinearity in the matrix columns! 
*+ WARNING: -GOFORIT ==> Charging ahead into battle!
*+ WARNING: -----
*+ WARNING: QR decomposition of [R]^(-1/2) [X] had 68 collinearity problems
*+ WARNING: -----
*+ WARNING: QR decomposition of GLT setup 542x473 matrix had 8 collinearity problems
*+ WARNING: QR decomposition of GLT setup 542x473 matrix had 13 collinearity problems
*+ WARNING: QR decomposition of GLT setup 542x473 matrix had 15 collinearity problems
*+ WARNING: QR decomposition of GLT setup 542x17 matrix had 17 collinearity problems
