** ERROR: matrix column #142 is all zero!?
** ERROR: matrix column #145 is all zero!?
** ERROR: matrix column #146 is all zero!?
** ERROR: matrix column #147 is all zero!?
** ERROR: matrix column #148 is all zero!?
** ERROR: matrix column #149 is all zero!?
** ERROR: matrix column #150 is all zero!?
** ERROR: matrix column #151 is all zero!?
** ERROR: matrix column #152 is all zero!?
** ERROR: matrix column #153 is all zero!?
** ERROR: matrix column #154 is all zero!?
** ERROR: matrix column #155 is all zero!?
** ERROR: matrix column #156 is all zero!?
** ERROR: matrix column #157 is all zero!?
** ERROR: matrix column #158 is all zero!?
** ERROR: matrix column #159 is all zero!?
** ERROR: matrix column #160 is all zero!?
** ERROR: matrix column #161 is all zero!?
** ERROR: matrix column #225 is all zero!?
** ERROR: matrix column #226 is all zero!?
*+ WARNING: You said to GOFORIT, so here we GO!
*+ WARNING: !! in  matrix:
 * Largest singular value=2.12452
 * 39 singular values are less than cutoff=2.12452e-07
 * Implies strong collinearity in the matrix columns! 
*+ WARNING: -GOFORIT ==> Charging ahead into battle!
*+ WARNING: -----
*+ WARNING: QR decomposition of [R]^(-1/2) [X] had 40 collinearity problems
*+ WARNING: -----
*+ WARNING: QR decomposition of GLT setup 542x504 matrix had 10 collinearity problems
*+ WARNING: QR decomposition of GLT setup 542x504 matrix had 13 collinearity problems
*+ WARNING: QR decomposition of GLT setup 542x504 matrix had 14 collinearity problems
*+ WARNING: QR decomposition of GLT setup 542x504 matrix had 16 collinearity problems
*+ WARNING: QR decomposition of GLT setup 542x17 matrix had 17 collinearity problems
