++ 3dREMLfit: AFNI version=AFNI_18.3.16 (Dec 11 2018) [64-bit]
++ Authored by: RWCox
++ GOFORIT ==> Matrix de-singularization is engaged!
++ Number of OpenMP threads = 15
++ No mask ==> computing for all 10242 voxels
++ -----  matrix condition (650x103):  5.7993  ++ VERY GOOD ++
++ Loading input dataset into memory
 + masked off 888 voxels for being all zero; 9354 left in mask
++ starting REML setup calculations; total CPU=0.00 Elapsed=1.10
 + X matrix: 15.848% of elements are nonzero
 + starting 15 OpenMP threads for REML setup
 + REML setup finished: matrix rows=650 cols=103; 109*1 cases; total CPU=0.00 Elapsed=10.05
 +  average case bandwidth = 13.16
++ REML voxel loop: [15 threads]0123456789.0123456789.0123456789.0123456789.01234567
 + ARMA voxel parameters estimated: total CPU=0.00 Elapsed=37.97
++ GLSQ loop00123456789.0123456789.0123456789.01235678990123456789.
 + GLSQ regression done: total CPU=0.00 Elapsed=63.32
++ Output dataset /data/nil-external/ccp/freund/ub55/out/glms/672756/RESULTS/Cuedts/baseline_CongruencySwitch_EVENTS_censored_shifted_1/stats_var_672756_1_R_REML.func.gii
++ Output dataset /data/nil-external/ccp/freund/ub55/out/glms/672756/RESULTS/Cuedts/baseline_CongruencySwitch_EVENTS_censored_shifted_1/errts_672756_1_R_REML.func.gii
+++ Output dataset /data/nil-external/ccp/freund/ub55/out/glms/672756/RESULTS/Cuedts/baseline_CongruencySwitch_EVENTS_censored_shifted_1/wherr_672756_1_L_REML.func.gii+++ Output dataset /data/nil-external/ccp/freund/ub55/out/glms/672756/RESULTS/Cuedts/baseline_CongruencySwitch_EVENTS_censored_shifted_1/STATS_672756_1_L_REML.func.gii
 + unloading input dataset and REML matrices
++ 3dREMLfit is all done! total CPU=0.00 Elapsed=68.90
