++ 3dREMLfit: AFNI version=AFNI_18.3.16 (Dec 11 2018) [64-bit]
++ Authored by: RWCox
++ GOFORIT ==> Matrix de-singularization is engaged!
++ Number of OpenMP threads = 15
++ No mask ==> computing for all 10242 voxels
++ -----  matrix condition (540x78):  4.96967  ++ VERY GOOD ++
++ Loading input dataset into memory
 + masked off 881 voxels for being all zero; 9361 left in mask
++ starting REML setup calculations; total CPU=0.00 Elapsed=5.47
 + X matrix: 23.421% of elements are nonzero
 + starting 15 OpenMP threads for REML setup
 + REML setup finished: matrix rows=540 cols=78; 109*1 cases; total CPU=0.00 Elapsed=12.18
 +  average case bandwidth = 13.12
++ REML voxel loop: [15 threads]0123456789.0123456789.0123456789.0123456789.01234567
 + ARMA voxel parameters estimated: total CPU=0.00 Elapsed=53.59
++ GLSQ loop00123456789.0123456789.02345678990123455678901234567789.
 + GLSQ regression done: total CPU=0.00 Elapsed=81.07
++ Output dataset /data/nil-external/ccp/freund/ub55/out/glms/432332/RESULTS/Stroop/baseline_Congruency_EVENTS_censored_shifted_noblock_1/stats_var_432332_1_R_REML.func.gii+++ Output dataset /data/nil-external/ccp/freund/ub55/out/glms/432332/RESULTS/Stroop/baseline_Congruency_EVENTS_censored_shifted_noblock_1/errts_432332_1_R_REML.func.gii++ Output dataset /data/nil-external/ccp/freund/ub55/out/glms/432332/RESULTS/Stroop/baseline_Congruency_EVENTS_censored_shifted_noblock_1/wherr_432332_1_L_REML.func.gii
++ Output dataset /data/nil-external/ccp/freund/ub55/out/glms/432332/RESULTS/Stroop/baseline_Congruency_EVENTS_censored_shifted_noblock_1/STATS_432332_1_L_REML.func.gii
 + unloading input dataset and REML matrices
++ 3dREMLfit is all done! total CPU=0.00 Elapsed=89.04

