++ 3dREMLfit: AFNI version=AFNI_18.3.16 (Dec 11 2018) [64-bit]
++ Authored by: RWCox
++ GOFORIT ==> Matrix de-singularization is engaged!
++ Number of OpenMP threads = 15
++ No mask ==> computing for all 10242 voxels
++ -----  matrix condition (647x179):  6.14525  ++ VERY GOOD ++
++ Loading input dataset into memory
 + masked off 881 voxels for being all zero; 9361 left in mask
++ starting REML setup calculations; total CPU=0.00 Elapsed=1.73
 + X matrix: 9.102% of elements are nonzero
 + starting 15 OpenMP threads for REML setup
 + REML setup finished: matrix rows=647 cols=179; 109*1 cases; total CPU=0.00 Elapsed=7.53
 +  average case bandwidth = 13.10
++ REML voxel loop: [15 threads]0123456789.0123456789.0123456789.0123456789.01234567
 + ARMA voxel parameters estimated: total CPU=0.00 Elapsed=14.99
++ GLSQ loop:0123456789.0123456789.0123456789.0123456789.0123456789.
 + GLSQ regression done: total CPU=0.00 Elapsed=29.13
++ Output dataset /data/nil-external/ccp/freund/ub55/out/glms/173738/RESULTS/Cuedts/baseline_cueletnum_EVENTS_censored_shifted_1/stats_var_173738_1_R_REML.func.gii
++ Output dataset /data/nil-external/ccp/freund/ub55/out/glms/173738/RESULTS/Cuedts/baseline_cueletnum_EVENTS_censored_shifted_1/errts_173738_1_R_REML.func.gii
++ Output dataset /data/nil-external/ccp/freund/ub55/out/glms/173738/RESULTS/Cuedts/baseline_cueletnum_EVENTS_censored_shifted_1/wherr_173738_1_R_REML.func.gii
++ Output dataset /data/nil-external/ccp/freund/ub55/out/glms/173738/RESULTS/Cuedts/baseline_cueletnum_EVENTS_censored_shifted_1/STATS_173738_1_R_REML.func.gii
 + unloading input dataset and REML matrices
++ 3dREMLfit is all done! total CPU=0.00 Elapsed=33.46
