++ 3dREMLfit: AFNI version=AFNI_18.3.16 (Dec 11 2018) [64-bit]
++ Authored by: RWCox
++ GOFORIT ==> Matrix de-singularization is engaged!
++ Number of OpenMP threads = 15
++ No mask ==> computing for all 10242 voxels
++ -----  matrix condition (1199x263):  5.78209  ++ VERY GOOD ++
++ Loading input dataset into memory
 + masked off 888 voxels for being all zero; 9354 left in mask
++ starting REML setup calculations; total CPU=0.00 Elapsed=5.93
 + X matrix: 6.172% of elements are nonzero
 + starting 15 OpenMP threads for REML setup
 + REML setup finished: matrix rows=1199 cols=263; 109*1 cases; total CPU=0.00 Elapsed=64.11
 +  average case bandwidth = 13.13
++ REML voxel loop: [15 threads]0123456789.0123456789.0123456789.0123456789.01234567
 + ARMA voxel parameters estimated: total CPU=0.00 Elapsed=97.64
++ GLSQ loop:0123456789.0123456789.0123456789.0123456789.0123456789.
 + GLSQ regression done: total CPU=0.00 Elapsed=246.84
++ Output dataset /data/nil-external/ccp/freund/ub55/out/glms/DMCC8214059/RESULTS/Stern/baseline_aggressive1_EVENTS_censored_shifted/stats_var_DMCC8214059_R_REML.func.gii
++ Output dataset /data/nil-external/ccp/freund/ub55/out/glms/DMCC8214059/RESULTS/Stern/baseline_aggressive1_EVENTS_censored_shifted/errts_DMCC8214059_R_REML.func.gii
++ Output dataset /data/nil-external/ccp/freund/ub55/out/glms/DMCC8214059/RESULTS/Stern/baseline_aggressive1_EVENTS_censored_shifted/wherr_DMCC8214059_R_REML.func.gii
++ Output dataset /data/nil-external/ccp/freund/ub55/out/glms/DMCC8214059/RESULTS/Stern/baseline_aggressive1_EVENTS_censored_shifted/STATS_DMCC8214059_R_REML.func.gii
 + unloading input dataset and REML matrices
++ 3dREMLfit is all done! total CPU=0.00 Elapsed=264.00
