++ 3dREMLfit: AFNI version=AFNI_18.3.16 (Dec 11 2018) [64-bit]
++ Authored by: RWCox
++ GOFORIT ==> Matrix de-singularization is engaged!
++ Number of OpenMP threads = 15
++ No mask ==> computing for all 10242 voxels
++ -----  matrix condition (610x128):  5.6247  ++ VERY GOOD ++
++ Loading input dataset into memory
 + masked off 881 voxels for being all zero; 9361 left in mask
++ starting REML setup calculations; total CPU=0.00 Elapsed=1.56
 + X matrix: 12.686% of elements are nonzero
 + starting 15 OpenMP threads for REML setup
 + REML setup finished: matrix rows=610 cols=128; 109*1 cases; total CPU=0.00 Elapsed=14.44
 +  average case bandwidth = 13.15
++ REML voxel loop: [15 threads]0123456789.0123456789.0123456789.0123456789.01234567
 + ARMA voxel parameters estimated: total CPU=0.00 Elapsed=39.26
++ GLSQ loop:0123456789.0123456789.0123456789.0123456789.0123456789.
 + GLSQ regression done: total CPU=0.00 Elapsed=48.13
++ Output dataset /data/nil-external/ccp/freund/ub55/out/glms/DMCC0472647/RESULTS/Axcpt/baseline_Cues_EVENTS_censored_shifted_1/stats_var_DMCC0472647_1_R_REML.nii.gz
++ Output dataset /data/nil-external/ccp/freund/ub55/out/glms/DMCC0472647/RESULTS/Axcpt/baseline_Cues_EVENTS_censored_shifted_1/errts_DMCC0472647_1_L_REML.nii.gz
++ Output dataset /data/nil-external/ccp/freund/ub55/out/glms/DMCC0472647/RESULTS/Axcpt/baseline_Cues_EVENTS_censored_shifted_1/wherr_DMCC0472647_1_L_REML.nii.gz
++ Output dataset /data/nil-external/ccp/freund/ub55/out/glms/DMCC0472647/RESULTS/Axcpt/baseline_Cues_EVENTS_censored_shifted_1/STATS_DMCC0472647_1_L_REML.nii.gz
 + unloading input dataset and REML matrices
++ 3dREMLfit is all done! total CPU=0.00 Elapsed=66.61
